Preparing WMT data in ../models/tmp_015
Creating vocabulary ../models/tmp_015/vocab1000.sym from data ../models/tmp_015/pmb_2016-12-14_silver_plus_artificial.train.sym
  processing line 100000
  processing line 200000
  processing line 300000
  processing line 400000
  processing line 500000
  processing line 600000
  processing line 700000
  processing line 800000
  processing line 900000
  processing line 1000000
  processing line 1100000
  processing line 1200000
  processing line 1300000
  processing line 1400000
  processing line 1500000
  processing line 1600000
  processing line 1700000
  processing line 1800000
  processing line 1900000
  processing line 2000000
  processing line 2100000
  processing line 2200000
Creating vocabulary ../models/tmp_015/vocab1000.word from data ../models/tmp_015/pmb_2016-12-14_silver_plus_artificial.train.word
  processing line 100000
  processing line 200000
  processing line 300000
  processing line 400000
  processing line 500000
  processing line 600000
  processing line 700000
  processing line 800000
  processing line 900000
  processing line 1000000
  processing line 1100000
  processing line 1200000
  processing line 1300000
  processing line 1400000
  processing line 1500000
  processing line 1600000
  processing line 1700000
  processing line 1800000
  processing line 1900000
  processing line 2000000
  processing line 2100000
  processing line 2200000
Tokenizing data in ../models/tmp_015/pmb_2016-12-14_silver_plus_artificial.train.sym
  tokenizing line 100000
  tokenizing line 200000
  tokenizing line 300000
  tokenizing line 400000
  tokenizing line 500000
  tokenizing line 600000
  tokenizing line 700000
  tokenizing line 800000
  tokenizing line 900000
  tokenizing line 1000000
  tokenizing line 1100000
  tokenizing line 1200000
  tokenizing line 1300000
  tokenizing line 1400000
  tokenizing line 1500000
  tokenizing line 1600000
  tokenizing line 1700000
  tokenizing line 1800000
  tokenizing line 1900000
  tokenizing line 2000000
  tokenizing line 2100000
  tokenizing line 2200000
Tokenizing data in ../models/tmp_015/pmb_2016-12-14_silver_plus_artificial.train.word
  tokenizing line 100000
  tokenizing line 200000
  tokenizing line 300000
  tokenizing line 400000
  tokenizing line 500000
  tokenizing line 600000
  tokenizing line 700000
  tokenizing line 800000
  tokenizing line 900000
  tokenizing line 1000000
  tokenizing line 1100000
  tokenizing line 1200000
  tokenizing line 1300000
  tokenizing line 1400000
  tokenizing line 1500000
  tokenizing line 1600000
  tokenizing line 1700000
  tokenizing line 1800000
  tokenizing line 1900000
  tokenizing line 2000000
  tokenizing line 2100000
  tokenizing line 2200000
Tokenizing data in ../models/tmp_015/pmb_2016-12-14_silver_plus_artificial.dev.sym
  tokenizing line 100000
  tokenizing line 200000
  tokenizing line 300000
  tokenizing line 400000
  tokenizing line 500000
Tokenizing data in ../models/tmp_015/pmb_2016-12-14_silver_plus_artificial.dev.word
  tokenizing line 100000
  tokenizing line 200000
  tokenizing line 300000
  tokenizing line 400000
  tokenizing line 500000
wrd_train: ../models/tmp_015/pmb_2016-12-14_silver_plus_artificial.train.ids1000.word
sym_train: ../models/tmp_015/pmb_2016-12-14_silver_plus_artificial.train.ids1000.sym
wrd_dev: ../models/tmp_015/pmb_2016-12-14_silver_plus_artificial.dev.ids1000.word
sym_dev: ../models/tmp_015/pmb_2016-12-14_silver_plus_artificial.dev.ids1000.sym

Creating 3 layers of 1024 units.
Created model with fresh parameters.
Reading development and training data (limit: 0).
  reading data line 100000
  reading data line 200000
  reading data line 300000
  reading data line 400000
  reading data line 500000
  reading data line 100000
  reading data line 200000
  reading data line 300000
  reading data line 400000
  reading data line 500000
  reading data line 600000
  reading data line 700000
  reading data line 800000
  reading data line 900000
  reading data line 1000000
  reading data line 1100000
  reading data line 1200000
  reading data line 1300000
  reading data line 1400000
  reading data line 1500000
  reading data line 1600000
  reading data line 1700000
  reading data line 1800000
  reading data line 1900000
  reading data line 2000000
  reading data line 2100000
  reading data line 2200000
Reading completed. Now estimating buckets and sizes.
_buckets[(13, 27), (36, 35), (75, 8), (85, 70)] 
train_bucket_sizes: [1461581, 654706, 124490, 831] 
train_total_size: 2241608.0
global step 400 learning rate 0.3000 step-time 1.78 perplexity 20.45
  eval: bucket 0 perplexity 5.40
  eval: bucket 1 perplexity 7.46
  eval: bucket 2 perplexity 8.74
  eval: bucket 3 perplexity 25.54
max_preplexity_count: 0 
 prexs: [5.3959539002452725, 7.458233501758814, 8.740086726947036, 25.53711916108435]
global step 800 learning rate 0.3000 step-time 1.75 perplexity 5.95
  eval: bucket 0 perplexity 4.57
  eval: bucket 1 perplexity 8.07
  eval: bucket 2 perplexity 9.50
  eval: bucket 3 perplexity 30.25
max_preplexity_count: 0 
 prexs: [4.572628463987645, 8.069502645077804, 9.503474665158315, 30.249794565609]
global step 1200 learning rate 0.3000 step-time 1.72 perplexity 4.35
  eval: bucket 0 perplexity 5.74
  eval: bucket 1 perplexity 4.54
  eval: bucket 2 perplexity 6.17
  eval: bucket 3 perplexity 30.88
max_preplexity_count: 0 
 prexs: [5.7411302978560075, 4.5402675623178, 6.1748017108857365, 30.883499189356748]
global step 1600 learning rate 0.3000 step-time 1.74 perplexity 3.54
  eval: bucket 0 perplexity 3.11
  eval: bucket 1 perplexity 4.28
  eval: bucket 2 perplexity 6.85
  eval: bucket 3 perplexity 24.84
max_preplexity_count: 0 
 prexs: [3.11241398580897, 4.281705047989297, 6.85297493864122, 24.83938447434044]
global step 2000 learning rate 0.3000 step-time 1.74 perplexity 3.26
  eval: bucket 0 perplexity 3.36
  eval: bucket 1 perplexity 5.11
  eval: bucket 2 perplexity 7.02
  eval: bucket 3 perplexity 18.62
max_preplexity_count: 0 
 prexs: [3.35900609898422, 5.110826469743434, 7.0191182498444995, 18.620994921486336]
global step 2400 learning rate 0.3000 step-time 1.70 perplexity 2.67
  eval: bucket 0 perplexity 1.78
  eval: bucket 1 perplexity 3.04
  eval: bucket 2 perplexity 4.25
  eval: bucket 3 perplexity 20.18
max_preplexity_count: 0 
 prexs: [1.7826625695851477, 3.042606075412833, 4.248372906691581, 20.18131478967347]
global step 2800 learning rate 0.3000 step-time 1.74 perplexity 2.35
  eval: bucket 0 perplexity 2.35
  eval: bucket 1 perplexity 2.93
  eval: bucket 2 perplexity 4.12
  eval: bucket 3 perplexity 18.65
max_preplexity_count: 0 
 prexs: [2.3526693736283937, 2.9313898040582393, 4.116952031799302, 18.650132533358757]
global step 3200 learning rate 0.3000 step-time 1.75 perplexity 2.16
  eval: bucket 0 perplexity 1.44
  eval: bucket 1 perplexity 2.76
  eval: bucket 2 perplexity 2.64
  eval: bucket 3 perplexity 23.46
max_preplexity_count: 0 
 prexs: [1.4405369041122973, 2.760234533138431, 2.6362340719704442, 23.45984802646648]
global step 3600 learning rate 0.3000 step-time 1.71 perplexity 1.98
  eval: bucket 0 perplexity 1.24
  eval: bucket 1 perplexity 1.75
  eval: bucket 2 perplexity 2.22
  eval: bucket 3 perplexity 19.77
max_preplexity_count: 0 
 prexs: [1.2436680437276648, 1.7468709542828096, 2.2181779438642995, 19.766399805768877]
global step 4000 learning rate 0.3000 step-time 1.74 perplexity 1.96
  eval: bucket 0 perplexity 1.45
  eval: bucket 1 perplexity 3.02
  eval: bucket 2 perplexity 2.36
  eval: bucket 3 perplexity 97.82
max_preplexity_count: 0 
 prexs: [1.4496379998001334, 3.0204747859965093, 2.362679473770532, 97.8238125769018]
global step 4400 learning rate 0.3000 step-time 1.73 perplexity 1.77
  eval: bucket 0 perplexity 1.31
  eval: bucket 1 perplexity 2.42
  eval: bucket 2 perplexity 2.05
  eval: bucket 3 perplexity 22.52
max_preplexity_count: 0 
 prexs: [1.307893626788323, 2.4168121744521014, 2.0512416670881444, 22.516508529427234]
global step 4800 learning rate 0.3000 step-time 1.70 perplexity 1.62
  eval: bucket 0 perplexity 1.31
  eval: bucket 1 perplexity 1.82
  eval: bucket 2 perplexity 2.10
  eval: bucket 3 perplexity 14.36
max_preplexity_count: 0 
 prexs: [1.3132487534718846, 1.817703581506268, 2.1023846988702464, 14.355902839012488]
global step 5200 learning rate 0.3000 step-time 1.73 perplexity 1.57
  eval: bucket 0 perplexity 1.16
  eval: bucket 1 perplexity 1.85
  eval: bucket 2 perplexity 1.93
  eval: bucket 3 perplexity 17.16
max_preplexity_count: 0 
 prexs: [1.1562090677495993, 1.8534569100936578, 1.930186931090653, 17.156403121343967]
global step 5600 learning rate 0.3000 step-time 1.71 perplexity 1.51
  eval: bucket 0 perplexity 1.15
  eval: bucket 1 perplexity 1.41
  eval: bucket 2 perplexity 2.00
  eval: bucket 3 perplexity 16.76
max_preplexity_count: 0 
 prexs: [1.1549427170961928, 1.4129541869086952, 2.004366392715822, 16.759219207582007]
global step 6000 learning rate 0.3000 step-time 1.71 perplexity 1.41
  eval: bucket 0 perplexity 1.28
  eval: bucket 1 perplexity 1.71
  eval: bucket 2 perplexity 1.68
  eval: bucket 3 perplexity 25.36
max_preplexity_count: 0 
 prexs: [1.2827305045715458, 1.7053756393007136, 1.6844732501554578, 25.358990349003932]
global step 6400 learning rate 0.3000 step-time 1.86 perplexity 1.38
  eval: bucket 0 perplexity 1.52
  eval: bucket 1 perplexity 1.54
  eval: bucket 2 perplexity 1.55
  eval: bucket 3 perplexity 16.73
max_preplexity_count: 0 
 prexs: [1.5203608781105178, 1.5376082795316977, 1.5492529857232122, 16.727012810928123]
global step 6800 learning rate 0.3000 step-time 1.71 perplexity 1.35
  eval: bucket 0 perplexity 1.10
  eval: bucket 1 perplexity 1.91
  eval: bucket 2 perplexity 1.34
  eval: bucket 3 perplexity 18.96
max_preplexity_count: 0 
 prexs: [1.0969286709934145, 1.908582831045095, 1.3440131401102344, 18.959765995465133]
global step 7200 learning rate 0.3000 step-time 1.69 perplexity 1.35
  eval: bucket 0 perplexity 1.13
  eval: bucket 1 perplexity 1.28
  eval: bucket 2 perplexity 1.37
  eval: bucket 3 perplexity 17.15
max_preplexity_count: 0 
 prexs: [1.1257627648678994, 1.2838855395100992, 1.3651863231267372, 17.146588956855485]
global step 7600 learning rate 0.3000 step-time 1.74 perplexity 1.31
  eval: bucket 0 perplexity 1.35
  eval: bucket 1 perplexity 1.75
  eval: bucket 2 perplexity 1.46
  eval: bucket 3 perplexity 17.92
max_preplexity_count: 0 
 prexs: [1.3546145167605612, 1.7479364432939033, 1.4606568369012163, 17.92306393194603]
global step 8000 learning rate 0.3000 step-time 1.72 perplexity 1.28
  eval: bucket 0 perplexity 1.30
  eval: bucket 1 perplexity 1.64
  eval: bucket 2 perplexity 1.14
  eval: bucket 3 perplexity 19.04
max_preplexity_count: 0 
 prexs: [1.3016259806974633, 1.6375419534275168, 1.1391526502976144, 19.043600065219135]
global step 8400 learning rate 0.3000 step-time 1.72 perplexity 1.25
  eval: bucket 0 perplexity 1.51
  eval: bucket 1 perplexity 1.48
  eval: bucket 2 perplexity 1.13
  eval: bucket 3 perplexity 13.76
max_preplexity_count: 0 
 prexs: [1.5089099956083425, 1.4846961181943539, 1.132208209546716, 13.760948405438658]
global step 8800 learning rate 0.3000 step-time 1.70 perplexity 1.23
  eval: bucket 0 perplexity 1.08
  eval: bucket 1 perplexity 1.32
  eval: bucket 2 perplexity 1.18
  eval: bucket 3 perplexity 20.68
max_preplexity_count: 0 
 prexs: [1.0828838109241965, 1.317960578775666, 1.1838978707546959, 20.68467723776173]
global step 9200 learning rate 0.3000 step-time 1.74 perplexity 1.26
  eval: bucket 0 perplexity 1.13
  eval: bucket 1 perplexity 1.68
  eval: bucket 2 perplexity 1.11
  eval: bucket 3 perplexity 19.22
max_preplexity_count: 0 
 prexs: [1.128790293384315, 1.6804694489925234, 1.1117660028375704, 19.224547219939282]
global step 9600 learning rate 0.3000 step-time 1.68 perplexity 1.22
  eval: bucket 0 perplexity 1.33
  eval: bucket 1 perplexity 1.43
  eval: bucket 2 perplexity 1.07
  eval: bucket 3 perplexity 19.43
max_preplexity_count: 0 
 prexs: [1.3277658938451826, 1.4341330730671682, 1.0657705840406777, 19.433730845065394]
global step 10000 learning rate 0.3000 step-time 1.70 perplexity 1.20
  eval: bucket 0 perplexity 1.11
  eval: bucket 1 perplexity 1.29
  eval: bucket 2 perplexity 1.12
  eval: bucket 3 perplexity 18.02
max_preplexity_count: 0 
 prexs: [1.114445603231364, 1.2911428220530745, 1.1230858671335053, 18.023989231058163]
global step 10400 learning rate 0.3000 step-time 1.76 perplexity 1.19
  eval: bucket 0 perplexity 1.10
  eval: bucket 1 perplexity 1.13
  eval: bucket 2 perplexity 1.08
  eval: bucket 3 perplexity 23.09
max_preplexity_count: 0 
 prexs: [1.0969069071614994, 1.1276185700585875, 1.0769655420072741, 23.08617759705178]
global step 10800 learning rate 0.3000 step-time 1.72 perplexity 1.18
  eval: bucket 0 perplexity 1.01
  eval: bucket 1 perplexity 1.36
  eval: bucket 2 perplexity 1.13
  eval: bucket 3 perplexity 22.58
max_preplexity_count: 0 
 prexs: [1.0149251432243325, 1.3637027112657125, 1.127527141187276, 22.577241953244908]
global step 11200 learning rate 0.3000 step-time 1.76 perplexity 1.17
  eval: bucket 0 perplexity 1.07
  eval: bucket 1 perplexity 1.20
  eval: bucket 2 perplexity 1.12
  eval: bucket 3 perplexity 20.56
max_preplexity_count: 0 
 prexs: [1.0741430352919992, 1.2029886106575964, 1.1239162523979331, 20.56470505745886]
global step 11600 learning rate 0.3000 step-time 1.72 perplexity 1.17
  eval: bucket 0 perplexity 1.12
  eval: bucket 1 perplexity 1.11
  eval: bucket 2 perplexity 1.05
  eval: bucket 3 perplexity 23.79
max_preplexity_count: 0 
 prexs: [1.1165568378438373, 1.10822200344821, 1.052088670225174, 23.786902015140438]
global step 12000 learning rate 0.3000 step-time 1.72 perplexity 1.15
  eval: bucket 0 perplexity 1.04
  eval: bucket 1 perplexity 1.20
  eval: bucket 2 perplexity 1.04
  eval: bucket 3 perplexity 26.62
max_preplexity_count: 0 
 prexs: [1.0352807055227033, 1.2043562394187584, 1.0385586899662316, 26.61553570345058]
global step 12400 learning rate 0.3000 step-time 1.73 perplexity 1.15
  eval: bucket 0 perplexity 1.13
  eval: bucket 1 perplexity 1.22
  eval: bucket 2 perplexity 1.10
  eval: bucket 3 perplexity 21.45
max_preplexity_count: 0 
 prexs: [1.1302848308037665, 1.2155787387998152, 1.0961795261102891, 21.454208568171115]
global step 12800 learning rate 0.3000 step-time 1.73 perplexity 1.15
  eval: bucket 0 perplexity 1.29
  eval: bucket 1 perplexity 1.22
  eval: bucket 2 perplexity 1.10
  eval: bucket 3 perplexity 27.00
max_preplexity_count: 0 
 prexs: [1.2894550419604227, 1.219838009686644, 1.1002518087649258, 27.00136634907911]
global step 13200 learning rate 0.3000 step-time 1.74 perplexity 1.15
  eval: bucket 0 perplexity 1.11
  eval: bucket 1 perplexity 1.39
  eval: bucket 2 perplexity 1.02
  eval: bucket 3 perplexity 25.01
max_preplexity_count: 0 
 prexs: [1.105717564635905, 1.3863863695153356, 1.01783820842495, 25.00928367003462]
global step 13600 learning rate 0.3000 step-time 1.74 perplexity 1.14
  eval: bucket 0 perplexity 1.05
  eval: bucket 1 perplexity 1.32
  eval: bucket 2 perplexity 1.11
  eval: bucket 3 perplexity 22.30
max_preplexity_count: 0 
 prexs: [1.0542628527322226, 1.3229398819602403, 1.1057856228130847, 22.303082197130497]
global step 14000 learning rate 0.3000 step-time 1.78 perplexity 1.17
  eval: bucket 0 perplexity 1.14
  eval: bucket 1 perplexity 1.31
  eval: bucket 2 perplexity 1.06
  eval: bucket 3 perplexity 5.24
max_preplexity_count: 0 
 prexs: [1.1387532717474997, 1.3051828897596487, 1.0569328307745887, 5.23810465258963]
global step 14400 learning rate 0.2970 step-time 1.73 perplexity 1.16
  eval: bucket 0 perplexity 1.03
  eval: bucket 1 perplexity 1.17
  eval: bucket 2 perplexity 1.03
  eval: bucket 3 perplexity 5.44
max_preplexity_count: 0 
 prexs: [1.0289685441653391, 1.1653220062496024, 1.0317168297367005, 5.437796472101537]
global step 14800 learning rate 0.2970 step-time 1.77 perplexity 1.12
  eval: bucket 0 perplexity 1.05
  eval: bucket 1 perplexity 1.24
  eval: bucket 2 perplexity 1.12
  eval: bucket 3 perplexity 6.31
max_preplexity_count: 0 
 prexs: [1.0454336815680054, 1.2425537633803538, 1.1153486087036886, 6.3068933277367165]
global step 15200 learning rate 0.2970 step-time 1.71 perplexity 1.12
  eval: bucket 0 perplexity 1.08
  eval: bucket 1 perplexity 1.40
  eval: bucket 2 perplexity 1.03
  eval: bucket 3 perplexity 7.60
max_preplexity_count: 0 
 prexs: [1.082519306526011, 1.399931876617183, 1.034770228531622, 7.602310072192907]
global step 15600 learning rate 0.2970 step-time 1.72 perplexity 1.11
  eval: bucket 0 perplexity 1.08
  eval: bucket 1 perplexity 1.18
  eval: bucket 2 perplexity 1.06
  eval: bucket 3 perplexity 6.79
max_preplexity_count: 0 
 prexs: [1.0840762402308823, 1.1798502353802294, 1.0577316610550316, 6.78530927452049]
global step 16000 learning rate 0.2970 step-time 1.71 perplexity 1.12
  eval: bucket 0 perplexity 1.01
  eval: bucket 1 perplexity 1.19
  eval: bucket 2 perplexity 1.05
  eval: bucket 3 perplexity 6.46
max_preplexity_count: 0 
 prexs: [1.0126503363460215, 1.1869266831888865, 1.0473184645367357, 6.4563954196094775]
global step 16400 learning rate 0.2970 step-time 1.76 perplexity 1.11
  eval: bucket 0 perplexity 1.01
  eval: bucket 1 perplexity 1.24
  eval: bucket 2 perplexity 1.05
  eval: bucket 3 perplexity 9.18
max_preplexity_count: 0 
 prexs: [1.0076836051822606, 1.2372547031540144, 1.0540190225555286, 9.178699855962488]
global step 16800 learning rate 0.2970 step-time 1.72 perplexity 1.11
  eval: bucket 0 perplexity 1.06
  eval: bucket 1 perplexity 1.03
  eval: bucket 2 perplexity 1.04
  eval: bucket 3 perplexity 7.51
max_preplexity_count: 0 
 prexs: [1.0633357255435953, 1.033893216493907, 1.037721222054158, 7.510181777856163]
global step 17200 learning rate 0.2970 step-time 1.76 perplexity 1.11
  eval: bucket 0 perplexity 1.16
  eval: bucket 1 perplexity 1.04
  eval: bucket 2 perplexity 1.04
  eval: bucket 3 perplexity 6.02
max_preplexity_count: 0 
 prexs: [1.1564312035190671, 1.043126260869727, 1.0438253672658546, 6.018464916921253]
global step 17600 learning rate 0.2970 step-time 1.74 perplexity 1.11
  eval: bucket 0 perplexity 1.23
  eval: bucket 1 perplexity 1.17
  eval: bucket 2 perplexity 1.01
  eval: bucket 3 perplexity 9.80
max_preplexity_count: 0 
 prexs: [1.2255959438173083, 1.1746701410549711, 1.0123327515187346, 9.798426329191036]
global step 18000 learning rate 0.2970 step-time 1.71 perplexity 1.10
  eval: bucket 0 perplexity 1.02
  eval: bucket 1 perplexity 1.11
  eval: bucket 2 perplexity 1.19
  eval: bucket 3 perplexity 8.63
max_preplexity_count: 0 
 prexs: [1.0233254914224372, 1.1080386659523151, 1.1920408863530714, 8.628644902229937]
global step 18400 learning rate 0.2970 step-time 1.70 perplexity 1.10
  eval: bucket 0 perplexity 1.22
  eval: bucket 1 perplexity 1.43
  eval: bucket 2 perplexity 1.13
  eval: bucket 3 perplexity 9.73
max_preplexity_count: 0 
 prexs: [1.2213269234236888, 1.4283330659626634, 1.1264730987008456, 9.730977280232088]
global step 18800 learning rate 0.2970 step-time 1.78 perplexity 1.11
  eval: bucket 0 perplexity 1.00
  eval: bucket 1 perplexity 1.23
  eval: bucket 2 perplexity 1.02
  eval: bucket 3 perplexity 9.25
max_preplexity_count: 0 
 prexs: [1.0024807147407586, 1.2270245434385758, 1.0187160168684002, 9.250025448586744]
global step 19200 learning rate 0.2940 step-time 1.79 perplexity 1.11
  eval: bucket 0 perplexity 1.09
  eval: bucket 1 perplexity 1.11
  eval: bucket 2 perplexity 1.05
  eval: bucket 3 perplexity 8.06
max_preplexity_count: 0 
 prexs: [1.0879363734565195, 1.1104116801659505, 1.0483637274479516, 8.064844257522653]
global step 19600 learning rate 0.2940 step-time 1.76 perplexity 1.12
  eval: bucket 0 perplexity 1.07
  eval: bucket 1 perplexity 1.08
  eval: bucket 2 perplexity 1.04
  eval: bucket 3 perplexity 3.78
max_preplexity_count: 0 
 prexs: [1.0659141440495916, 1.079600944257811, 1.0415565020227249, 3.7829740919949693]
global step 20000 learning rate 0.2911 step-time 1.73 perplexity 1.10
  eval: bucket 0 perplexity 1.01
  eval: bucket 1 perplexity 1.20
  eval: bucket 2 perplexity 1.01
  eval: bucket 3 perplexity 3.45
max_preplexity_count: 0 
 prexs: [1.0136864651153443, 1.1970639759630617, 1.0110744174519364, 3.446236455005731]
global step 20400 learning rate 0.2911 step-time 1.76 perplexity 1.11
  eval: bucket 0 perplexity 1.12
  eval: bucket 1 perplexity 1.14
  eval: bucket 2 perplexity 1.02
  eval: bucket 3 perplexity 3.51
max_preplexity_count: 0 
 prexs: [1.123710166250777, 1.1403872775095187, 1.0151678430422046, 3.5083627781280953]
global step 20800 learning rate 0.2911 step-time 1.77 perplexity 1.08
  eval: bucket 0 perplexity 1.08
  eval: bucket 1 perplexity 1.18
  eval: bucket 2 perplexity 1.01
  eval: bucket 3 perplexity 3.77
max_preplexity_count: 0 
 prexs: [1.0802801950639689, 1.183746798990732, 1.0141295824070231, 3.7680194931020212]
global step 21200 learning rate 0.2911 step-time 1.76 perplexity 1.09
  eval: bucket 0 perplexity 1.01
  eval: bucket 1 perplexity 1.05
  eval: bucket 2 perplexity 1.01
  eval: bucket 3 perplexity 3.89
max_preplexity_count: 0 
 prexs: [1.0086729690916019, 1.0519526545527211, 1.0052163941456445, 3.8867057420921225]
global step 21600 learning rate 0.2911 step-time 1.74 perplexity 1.09
  eval: bucket 0 perplexity 1.14
  eval: bucket 1 perplexity 1.13
  eval: bucket 2 perplexity 1.02
  eval: bucket 3 perplexity 3.87
max_preplexity_count: 0 
 prexs: [1.136970981246582, 1.1340954513138228, 1.015252155988223, 3.867385739217225]
global step 22000 learning rate 0.2911 step-time 1.74 perplexity 1.09
  eval: bucket 0 perplexity 1.01
  eval: bucket 1 perplexity 1.11
  eval: bucket 2 perplexity 1.02
  eval: bucket 3 perplexity 4.28
max_preplexity_count: 0 
 prexs: [1.009948063753705, 1.1123123379790938, 1.0164617761017514, 4.279346541104498]
global step 22400 learning rate 0.2911 step-time 1.75 perplexity 1.09
  eval: bucket 0 perplexity 1.00
  eval: bucket 1 perplexity 1.21
  eval: bucket 2 perplexity 1.02
  eval: bucket 3 perplexity 4.37
max_preplexity_count: 0 
 prexs: [1.0049709870114343, 1.2146066301427976, 1.0230714923160251, 4.374768838784176]
global step 22800 learning rate 0.2882 step-time 1.74 perplexity 1.08
  eval: bucket 0 perplexity 1.02
  eval: bucket 1 perplexity 1.37
  eval: bucket 2 perplexity 1.06
  eval: bucket 3 perplexity 4.52
max_preplexity_count: 0 
 prexs: [1.0158175173888322, 1.3690149598449988, 1.0638826234179637, 4.520647833986414]
global step 23200 learning rate 0.2882 step-time 1.76 perplexity 1.09
  eval: bucket 0 perplexity 1.03
  eval: bucket 1 perplexity 1.26
  eval: bucket 2 perplexity 1.05
  eval: bucket 3 perplexity 4.82
max_preplexity_count: 0 
 prexs: [1.0305278251364192, 1.258676836373722, 1.0489658448164607, 4.824991187973397]
global step 23600 learning rate 0.2882 step-time 1.77 perplexity 1.09
  eval: bucket 0 perplexity 1.12
  eval: bucket 1 perplexity 1.12
  eval: bucket 2 perplexity 1.01
  eval: bucket 3 perplexity 2.89
max_preplexity_count: 0 
 prexs: [1.1196992269400248, 1.1179847741998714, 1.0136555775334957, 2.894868375549367]
global step 24000 learning rate 0.2882 step-time 1.76 perplexity 1.08
  eval: bucket 0 perplexity 1.01
  eval: bucket 1 perplexity 1.20
  eval: bucket 2 perplexity 1.02
  eval: bucket 3 perplexity 4.84
max_preplexity_count: 0 
 prexs: [1.0141319615594018, 1.1987511064507623, 1.0153047853991326, 4.83636906303868]
global step 24400 learning rate 0.2882 step-time 1.77 perplexity 1.08
  eval: bucket 0 perplexity 1.01
  eval: bucket 1 perplexity 1.23
  eval: bucket 2 perplexity 1.01
  eval: bucket 3 perplexity 3.94
max_preplexity_count: 0 
 prexs: [1.0089985669114956, 1.226410077642647, 1.0133748097430346, 3.944818345295875]
global step 24800 learning rate 0.2882 step-time 1.76 perplexity 1.08
  eval: bucket 0 perplexity 1.00
  eval: bucket 1 perplexity 1.13
  eval: bucket 2 perplexity 1.01
  eval: bucket 3 perplexity 2.37
max_preplexity_count: 0 
 prexs: [1.0048114839387112, 1.1264824567993688, 1.014549839178176, 2.366182032643445]
global step 25200 learning rate 0.2882 step-time 1.71 perplexity 1.08
  eval: bucket 0 perplexity 1.01
  eval: bucket 1 perplexity 1.30
  eval: bucket 2 perplexity 1.11
  eval: bucket 3 perplexity 2.61
max_preplexity_count: 0 
 prexs: [1.0131097510949023, 1.295685010865106, 1.1076662224736342, 2.610846446018492]
global step 25600 learning rate 0.2882 step-time 1.74 perplexity 1.07
  eval: bucket 0 perplexity 1.18
  eval: bucket 1 perplexity 1.06
  eval: bucket 2 perplexity 1.03
  eval: bucket 3 perplexity 2.46
max_preplexity_count: 0 
 prexs: [1.1764823911169955, 1.0587001830532194, 1.0261991597163982, 2.462823257957364]
global step 26000 learning rate 0.2882 step-time 1.73 perplexity 1.08
  eval: bucket 0 perplexity 1.02
  eval: bucket 1 perplexity 1.12
  eval: bucket 2 perplexity 1.02
  eval: bucket 3 perplexity 2.26
max_preplexity_count: 0 
 prexs: [1.0155480952467666, 1.1222117052737692, 1.0152290853854116, 2.2607544026207798]
global step 26400 learning rate 0.2882 step-time 1.73 perplexity 1.08
  eval: bucket 0 perplexity 1.02
  eval: bucket 1 perplexity 1.10
  eval: bucket 2 perplexity 1.05
  eval: bucket 3 perplexity 2.10
max_preplexity_count: 0 
 prexs: [1.0222688289857524, 1.0981214870798668, 1.0531261749717653, 2.1014218974993804]
global step 26800 learning rate 0.2882 step-time 1.74 perplexity 1.06
  eval: bucket 0 perplexity 1.07
  eval: bucket 1 perplexity 1.13
  eval: bucket 2 perplexity 1.04
  eval: bucket 3 perplexity 2.06
max_preplexity_count: 0 
 prexs: [1.0693993570836062, 1.1322403327996469, 1.0431394731770751, 2.0566668148192684]
global step 27200 learning rate 0.2882 step-time 1.72 perplexity 1.07
  eval: bucket 0 perplexity 1.12
  eval: bucket 1 perplexity 1.08
  eval: bucket 2 perplexity 1.02
  eval: bucket 3 perplexity 1.91
max_preplexity_count: 0 
 prexs: [1.1244042594388695, 1.0759667503352541, 1.0172821950957711, 1.913587786474118]
global step 27600 learning rate 0.2882 step-time 1.71 perplexity 1.07
  eval: bucket 0 perplexity 1.01
  eval: bucket 1 perplexity 1.28
  eval: bucket 2 perplexity 1.09
  eval: bucket 3 perplexity 1.77
max_preplexity_count: 0 
 prexs: [1.013101188578352, 1.279082028755679, 1.0903325413154286, 1.7689300043205407]
global step 28000 learning rate 0.2882 step-time 1.74 perplexity 1.07
  eval: bucket 0 perplexity 1.01
  eval: bucket 1 perplexity 1.18
  eval: bucket 2 perplexity 1.11
  eval: bucket 3 perplexity 1.75
max_preplexity_count: 0 
 prexs: [1.0053543933787905, 1.1755805590012898, 1.1114525820190129, 1.751812566700745]
global step 28400 learning rate 0.2882 step-time 1.78 perplexity 1.07
  eval: bucket 0 perplexity 1.03
  eval: bucket 1 perplexity 1.17
  eval: bucket 2 perplexity 1.01
  eval: bucket 3 perplexity 2.01
max_preplexity_count: 0 
 prexs: [1.0349570962131633, 1.1686300919592574, 1.013125361951812, 2.010766177799763]
global step 28800 learning rate 0.2853 step-time 1.75 perplexity 1.06
  eval: bucket 0 perplexity 1.03
  eval: bucket 1 perplexity 1.10
  eval: bucket 2 perplexity 1.01
  eval: bucket 3 perplexity 1.86
max_preplexity_count: 0 
 prexs: [1.0319548701928667, 1.1013442269047289, 1.006068885373485, 1.8629928925965695]
global step 29200 learning rate 0.2853 step-time 1.73 perplexity 1.06
  eval: bucket 0 perplexity 1.10
  eval: bucket 1 perplexity 1.18
  eval: bucket 2 perplexity 1.03
  eval: bucket 3 perplexity 2.19
max_preplexity_count: 0 
 prexs: [1.1043539151086772, 1.1813710337773593, 1.031788543220096, 2.1864784738991183]
global step 29600 learning rate 0.2853 step-time 1.77 perplexity 1.06
  eval: bucket 0 perplexity 1.01
  eval: bucket 1 perplexity 1.06
  eval: bucket 2 perplexity 1.02
  eval: bucket 3 perplexity 4.18
max_preplexity_count: 0 
 prexs: [1.0081984536352804, 1.0556013665002075, 1.0205001176417494, 4.18188080572932]
global step 30000 learning rate 0.2853 step-time 1.73 perplexity 1.07
  eval: bucket 0 perplexity 1.10
  eval: bucket 1 perplexity 1.10
  eval: bucket 2 perplexity 1.01
  eval: bucket 3 perplexity 2.15
max_preplexity_count: 0 
 prexs: [1.0976364964365908, 1.095443184286687, 1.0092954524665882, 2.14527629202285]
global step 30400 learning rate 0.2824 step-time 1.80 perplexity 1.07
  eval: bucket 0 perplexity 1.02
  eval: bucket 1 perplexity 1.06
  eval: bucket 2 perplexity 1.01
  eval: bucket 3 perplexity 2.09
max_preplexity_count: 0 
 prexs: [1.0174858970666838, 1.0555063831317326, 1.0062242875951435, 2.091519010269556]
global step 30800 learning rate 0.2824 step-time 1.77 perplexity 1.06
  eval: bucket 0 perplexity 1.01
  eval: bucket 1 perplexity 1.07
  eval: bucket 2 perplexity 1.00
  eval: bucket 3 perplexity 1.40
max_preplexity_count: 0 
 prexs: [1.007632145028307, 1.0744046848731372, 1.003927993424695, 1.3977516396977043]
global step 31200 learning rate 0.2824 step-time 1.74 perplexity 1.06
  eval: bucket 0 perplexity 1.04
  eval: bucket 1 perplexity 1.07
  eval: bucket 2 perplexity 1.04
  eval: bucket 3 perplexity 1.71
max_preplexity_count: 0 
 prexs: [1.0418551340669686, 1.0711368055073214, 1.0361218315274394, 1.7055572945034285]
global step 31600 learning rate 0.2824 step-time 1.76 perplexity 1.07
  eval: bucket 0 perplexity 1.01
  eval: bucket 1 perplexity 1.03
  eval: bucket 2 perplexity 1.01
  eval: bucket 3 perplexity 1.31
max_preplexity_count: 0 
 prexs: [1.0069935029182753, 1.0308380105001977, 1.009549772494637, 1.3117759611417428]
global step 32000 learning rate 0.2796 step-time 1.72 perplexity 1.06
  eval: bucket 0 perplexity 1.06
  eval: bucket 1 perplexity 1.15
  eval: bucket 2 perplexity 1.04
  eval: bucket 3 perplexity 1.60
max_preplexity_count: 0 
 prexs: [1.0552016171839373, 1.1462114609872296, 1.0410358722805242, 1.5983956366945136]
global step 32400 learning rate 0.2796 step-time 1.75 perplexity 1.06
  eval: bucket 0 perplexity 1.02
  eval: bucket 1 perplexity 1.32
  eval: bucket 2 perplexity 1.02
  eval: bucket 3 perplexity 2.42
max_preplexity_count: 0 
 prexs: [1.0239210726172092, 1.3178669033926, 1.0242910640893292, 2.415989914463931]
global step 32800 learning rate 0.2796 step-time 1.73 perplexity 1.06
  eval: bucket 0 perplexity 1.07
  eval: bucket 1 perplexity 1.01
  eval: bucket 2 perplexity 1.01
  eval: bucket 3 perplexity 1.23
max_preplexity_count: 0 
 prexs: [1.0740494364079043, 1.0136992847105586, 1.0052375103916678, 1.231686532272166]
global step 33200 learning rate 0.2796 step-time 1.74 perplexity 1.06
  eval: bucket 0 perplexity 1.02
  eval: bucket 1 perplexity 1.12
  eval: bucket 2 perplexity 1.00
  eval: bucket 3 perplexity 1.74
max_preplexity_count: 0 
 prexs: [1.0228788142534178, 1.1194323517050784, 1.003391222377376, 1.737499932184172]
global step 33600 learning rate 0.2796 step-time 1.78 perplexity 1.07
  eval: bucket 0 perplexity 1.00
  eval: bucket 1 perplexity 1.14
  eval: bucket 2 perplexity 1.01
  eval: bucket 3 perplexity 1.26
max_preplexity_count: 0 
 prexs: [1.0015806306879838, 1.136193194369374, 1.0066865571369246, 1.257290781449521]
global step 34000 learning rate 0.2768 step-time 1.71 perplexity 1.05
  eval: bucket 0 perplexity 1.00
  eval: bucket 1 perplexity 1.14
  eval: bucket 2 perplexity 1.05
  eval: bucket 3 perplexity 1.17
max_preplexity_count: 0 
 prexs: [1.0029821061990531, 1.1373694127051739, 1.0544219297846495, 1.1698012438152046]
global step 34400 learning rate 0.2768 step-time 1.75 perplexity 1.06
  eval: bucket 0 perplexity 1.26
  eval: bucket 1 perplexity 1.08
  eval: bucket 2 perplexity 1.01
  eval: bucket 3 perplexity 1.14
max_preplexity_count: 0 
 prexs: [1.2559363460636463, 1.081511810685735, 1.0098680219946987, 1.138554042161288]
global step 34800 learning rate 0.2768 step-time 1.74 perplexity 1.06
  eval: bucket 0 perplexity 1.59
  eval: bucket 1 perplexity 1.09
  eval: bucket 2 perplexity 1.01
  eval: bucket 3 perplexity 1.17
max_preplexity_count: 0 
 prexs: [1.5893769758925265, 1.0934380137427626, 1.0064232403719036, 1.1676349258399268]
global step 35200 learning rate 0.2768 step-time 1.73 perplexity 1.06
  eval: bucket 0 perplexity 1.01
  eval: bucket 1 perplexity 1.16
  eval: bucket 2 perplexity 1.01
  eval: bucket 3 perplexity 1.20
max_preplexity_count: 0 
 prexs: [1.0136747870479876, 1.1637292811880235, 1.0129815577415393, 1.1968776227730191]
global step 35600 learning rate 0.2741 step-time 1.72 perplexity 1.05
  eval: bucket 0 perplexity 1.05
  eval: bucket 1 perplexity 1.06
  eval: bucket 2 perplexity 1.06
  eval: bucket 3 perplexity 1.14
max_preplexity_count: 0 
 prexs: [1.04890166277003, 1.0597076156301355, 1.0597767977072716, 1.1354919084888546]
global step 36000 learning rate 0.2741 step-time 1.73 perplexity 1.05
  eval: bucket 0 perplexity 1.01
  eval: bucket 1 perplexity 1.02
  eval: bucket 2 perplexity 1.00
  eval: bucket 3 perplexity 1.46
max_preplexity_count: 0 
 prexs: [1.0054119874099088, 1.0236865003410853, 1.00440184783767, 1.4562825306394505]
global step 36400 learning rate 0.2741 step-time 1.71 perplexity 1.05
  eval: bucket 0 perplexity 1.12
  eval: bucket 1 perplexity 1.01
  eval: bucket 2 perplexity 1.01
  eval: bucket 3 perplexity 1.69
max_preplexity_count: 0 
 prexs: [1.1165528780084244, 1.012922191470175, 1.0060042816392227, 1.6884443216105387]
global step 36800 learning rate 0.2741 step-time 1.72 perplexity 1.05
  eval: bucket 0 perplexity 1.00
  eval: bucket 1 perplexity 1.03
  eval: bucket 2 perplexity 1.00
  eval: bucket 3 perplexity 1.29
max_preplexity_count: 0 
 prexs: [1.003833868644977, 1.0346222217586813, 1.0025600741124867, 1.294717308846872]
global step 37200 learning rate 0.2713 step-time 1.77 perplexity 1.05
  eval: bucket 0 perplexity 1.02
  eval: bucket 1 perplexity 1.16
  eval: bucket 2 perplexity 1.01
  eval: bucket 3 perplexity 1.22
max_preplexity_count: 0 
 prexs: [1.0209947972436628, 1.1552399718285746, 1.0050484901150536, 1.22469675774775]
global step 37600 learning rate 0.2686 step-time 1.75 perplexity 1.05
  eval: bucket 0 perplexity 1.01
  eval: bucket 1 perplexity 1.18
  eval: bucket 2 perplexity 1.03
  eval: bucket 3 perplexity 1.22
max_preplexity_count: 0 
 prexs: [1.005549382767928, 1.1792175544118446, 1.0257522522913125, 1.217201416978122]
global step 38000 learning rate 0.2659 step-time 1.73 perplexity 1.05
  eval: bucket 0 perplexity 1.04
  eval: bucket 1 perplexity 1.03
  eval: bucket 2 perplexity 1.00
  eval: bucket 3 perplexity 1.88
max_preplexity_count: 0 
 prexs: [1.0367289483062003, 1.0263646697832767, 1.0018444028418763, 1.8756079252487736]
global step 38400 learning rate 0.2659 step-time 1.79 perplexity 1.06
  eval: bucket 0 perplexity 1.00
  eval: bucket 1 perplexity 1.08
  eval: bucket 2 perplexity 1.02
  eval: bucket 3 perplexity 1.24
max_preplexity_count: 0 
 prexs: [1.0016186118913453, 1.079485717022404, 1.0218212693214075, 1.2382827638804081]
global step 38800 learning rate 0.2633 step-time 1.78 perplexity 1.05
  eval: bucket 0 perplexity 1.00
  eval: bucket 1 perplexity 1.04
  eval: bucket 2 perplexity 1.07
  eval: bucket 3 perplexity 1.87
max_preplexity_count: 0 
 prexs: [1.00165955650363, 1.0380577221544112, 1.0710923226162146, 1.873046106523292]
global step 39200 learning rate 0.2633 step-time 1.74 perplexity 1.05
  eval: bucket 0 perplexity 1.14
  eval: bucket 1 perplexity 1.11
  eval: bucket 2 perplexity 1.05
  eval: bucket 3 perplexity 1.45
max_preplexity_count: 0 
 prexs: [1.1385257605617745, 1.1131871570980916, 1.0490797292581264, 1.4520137100725419]
global step 39600 learning rate 0.2633 step-time 1.76 perplexity 1.05
  eval: bucket 0 perplexity 1.02
  eval: bucket 1 perplexity 1.21
  eval: bucket 2 perplexity 1.02
  eval: bucket 3 perplexity 1.23
max_preplexity_count: 0 
 prexs: [1.0204124247356032, 1.2133336675793465, 1.017847989272505, 1.2259694019693659]
global step 40000 learning rate 0.2633 step-time 1.74 perplexity 1.05
  eval: bucket 0 perplexity 1.00
  eval: bucket 1 perplexity 1.24
  eval: bucket 2 perplexity 1.00
  eval: bucket 3 perplexity 1.22
max_preplexity_count: 0 
 prexs: [1.0009212557871394, 1.244339012477957, 1.0038203370928274, 1.221333984729572]
global step 40400 learning rate 0.2633 step-time 1.78 perplexity 1.05
  eval: bucket 0 perplexity 1.01
  eval: bucket 1 perplexity 1.19
  eval: bucket 2 perplexity 1.00
  eval: bucket 3 perplexity 1.23
max_preplexity_count: 0 
 prexs: [1.0149839472318039, 1.190267667950507, 1.0041961611594836, 1.2336143004546256]
global step 40800 learning rate 0.2633 step-time 1.76 perplexity 1.05
  eval: bucket 0 perplexity 1.01
  eval: bucket 1 perplexity 1.21
  eval: bucket 2 perplexity 1.03
  eval: bucket 3 perplexity 1.27
max_preplexity_count: 0 
 prexs: [1.0066413096509914, 1.2059385269788632, 1.0259562992453988, 1.268797187821318]
global step 41200 learning rate 0.2606 step-time 1.75 perplexity 1.05
  eval: bucket 0 perplexity 1.09
  eval: bucket 1 perplexity 1.02
  eval: bucket 2 perplexity 1.01
  eval: bucket 3 perplexity 1.47
max_preplexity_count: 0 
 prexs: [1.0889298388300133, 1.0151327854632246, 1.0083865613660374, 1.4748114704184014]
global step 41600 learning rate 0.2606 step-time 1.74 perplexity 1.04
  eval: bucket 0 perplexity 1.01
  eval: bucket 1 perplexity 1.05
  eval: bucket 2 perplexity 1.00
  eval: bucket 3 perplexity 1.28
max_preplexity_count: 0 
 prexs: [1.0081135406684734, 1.0546515990821934, 1.0032890647533048, 1.2764225425650444]
global step 42000 learning rate 0.2606 step-time 1.74 perplexity 1.05
  eval: bucket 0 perplexity 1.09
  eval: bucket 1 perplexity 1.07
  eval: bucket 2 perplexity 1.01
  eval: bucket 3 perplexity 1.57
max_preplexity_count: 0 
 prexs: [1.0884562550233907, 1.072110105436167, 1.005676188813044, 1.5695439515752931]
global step 42400 learning rate 0.2606 step-time 1.75 perplexity 1.05
  eval: bucket 0 perplexity 1.02
  eval: bucket 1 perplexity 1.10
  eval: bucket 2 perplexity 1.00
  eval: bucket 3 perplexity 1.83
max_preplexity_count: 0 
 prexs: [1.0225157722884954, 1.0964999793408263, 1.0014297987737923, 1.8299618772717023]
