Preparing data in ../../../../models/tmp_017
Creating vocabulary ../../../../models/tmp_017/vocab1000.sym from data ../../../../models/tmp_017/combined_dataset_pmb_2016-12-14.train.sym
  processing line 100000
  processing line 200000
  processing line 300000
  processing line 400000
  processing line 500000
  processing line 600000
  processing line 700000
  processing line 800000
  processing line 900000
  processing line 1000000
  processing line 1100000
  processing line 1200000
  processing line 1300000
  processing line 1400000
  processing line 1500000
  processing line 1600000
  processing line 1700000
  processing line 1800000
  processing line 1900000
  processing line 2000000
  processing line 2100000
  processing line 2200000
Creating vocabulary ../../../../models/tmp_017/vocab1000.word from data ../../../../models/tmp_017/combined_dataset_pmb_2016-12-14.train.word
  processing line 100000
  processing line 200000
  processing line 300000
  processing line 400000
  processing line 500000
  processing line 600000
  processing line 700000
  processing line 800000
  processing line 900000
  processing line 1000000
  processing line 1100000
  processing line 1200000
  processing line 1300000
  processing line 1400000
  processing line 1500000
  processing line 1600000
  processing line 1700000
  processing line 1800000
  processing line 1900000
  processing line 2000000
  processing line 2100000
  processing line 2200000
Tokenizing data in ../../../../models/tmp_017/combined_dataset_pmb_2016-12-14.train.sym
  tokenizing line 100000
  tokenizing line 200000
  tokenizing line 300000
  tokenizing line 400000
  tokenizing line 500000
  tokenizing line 600000
  tokenizing line 700000
  tokenizing line 800000
  tokenizing line 900000
  tokenizing line 1000000
  tokenizing line 1100000
  tokenizing line 1200000
  tokenizing line 1300000
  tokenizing line 1400000
  tokenizing line 1500000
  tokenizing line 1600000
  tokenizing line 1700000
  tokenizing line 1800000
  tokenizing line 1900000
  tokenizing line 2000000
  tokenizing line 2100000
  tokenizing line 2200000
Tokenizing data in ../../../../models/tmp_017/combined_dataset_pmb_2016-12-14.train.word
  tokenizing line 100000
  tokenizing line 200000
  tokenizing line 300000
  tokenizing line 400000
  tokenizing line 500000
  tokenizing line 600000
  tokenizing line 700000
  tokenizing line 800000
  tokenizing line 900000
  tokenizing line 1000000
  tokenizing line 1100000
  tokenizing line 1200000
  tokenizing line 1300000
  tokenizing line 1400000
  tokenizing line 1500000
  tokenizing line 1600000
  tokenizing line 1700000
  tokenizing line 1800000
  tokenizing line 1900000
  tokenizing line 2000000
  tokenizing line 2100000
  tokenizing line 2200000
Tokenizing data in ../../../../models/tmp_017/combined_dataset_pmb_2016-12-14.dev.sym
  tokenizing line 100000
  tokenizing line 200000
  tokenizing line 300000
  tokenizing line 400000
  tokenizing line 500000
Tokenizing data in ../../../../models/tmp_017/combined_dataset_pmb_2016-12-14.dev.word
  tokenizing line 100000
  tokenizing line 200000
  tokenizing line 300000
  tokenizing line 400000
  tokenizing line 500000
wrd_train: ../../../../models/tmp_017/combined_dataset_pmb_2016-12-14.train.ids1000.word
sym_train: ../../../../models/tmp_017/combined_dataset_pmb_2016-12-14.train.ids1000.sym
wrd_dev: ../../../../models/tmp_017/combined_dataset_pmb_2016-12-14.dev.ids1000.word
sym_dev: ../../../../models/tmp_017/combined_dataset_pmb_2016-12-14.dev.ids1000.sym

Creating 3 layers of 1024 units.
Created model with fresh parameters.
Reading development and training data (limit: 0).
  reading data line 100000
  reading data line 200000
  reading data line 300000
  reading data line 400000
  reading data line 500000
  reading data line 100000
  reading data line 200000
  reading data line 300000
  reading data line 400000
  reading data line 500000
  reading data line 600000
  reading data line 700000
  reading data line 800000
  reading data line 900000
  reading data line 1000000
  reading data line 1100000
  reading data line 1200000
  reading data line 1300000
  reading data line 1400000
  reading data line 1500000
  reading data line 1600000
  reading data line 1700000
  reading data line 1800000
  reading data line 1900000
  reading data line 2000000
  reading data line 2100000
  reading data line 2200000
Reading completed. Now estimating buckets and sizes.
_buckets[(13, 27), (36, 35), (75, 8), (85, 70)] 
train_bucket_sizes: [1411244, 679914, 149480, 1512] 
train_total_size: 2242150.0
global step 400 learning rate 0.3000 step-time 1.76 perplexity 17.07
  eval: bucket 0 perplexity 7.76
  eval: bucket 1 perplexity 11.26
  eval: bucket 2 perplexity 15.78
  eval: bucket 3 perplexity 18.90
max_preplexity_count: 0 
 prexs: [7.762267107693948, 11.26235372771323, 15.78431165980075, 18.89756412460679]
global step 800 learning rate 0.3000 step-time 1.78 perplexity 6.22
  eval: bucket 0 perplexity 6.48
  eval: bucket 1 perplexity 5.21
  eval: bucket 2 perplexity 6.52
  eval: bucket 3 perplexity 25.48
max_preplexity_count: 0 
 prexs: [6.483953330381887, 5.213705824217235, 6.521742668276266, 25.475097745389178]
global step 1200 learning rate 0.3000 step-time 1.78 perplexity 4.46
  eval: bucket 0 perplexity 4.94
  eval: bucket 1 perplexity 4.65
  eval: bucket 2 perplexity 7.05
  eval: bucket 3 perplexity 26.57
max_preplexity_count: 0 
 prexs: [4.9382574192839925, 4.6516240883974636, 7.0452018872811735, 26.56666844035149]
global step 1600 learning rate 0.3000 step-time 1.77 perplexity 3.87
  eval: bucket 0 perplexity 3.26
  eval: bucket 1 perplexity 6.32
  eval: bucket 2 perplexity 33.69
  eval: bucket 3 perplexity 26.34
max_preplexity_count: 0 
 prexs: [3.260954905121516, 6.322956516687105, 33.68885570324856, 26.339275283491396]
global step 2000 learning rate 0.3000 step-time 1.74 perplexity 3.31
  eval: bucket 0 perplexity 3.68
  eval: bucket 1 perplexity 2.81
  eval: bucket 2 perplexity 5.31
  eval: bucket 3 perplexity 17.85
max_preplexity_count: 0 
 prexs: [3.682497724284355, 2.8108102203039764, 5.306495958683907, 17.85328642821268]
global step 2400 learning rate 0.3000 step-time 1.78 perplexity 2.92
  eval: bucket 0 perplexity 5.43
  eval: bucket 1 perplexity 4.59
  eval: bucket 2 perplexity 3.98
  eval: bucket 3 perplexity 20.45
max_preplexity_count: 0 
 prexs: [5.434499895963432, 4.593359674267789, 3.980450888896934, 20.44529710893714]
global step 2800 learning rate 0.3000 step-time 1.75 perplexity 2.48
  eval: bucket 0 perplexity 1.69
  eval: bucket 1 perplexity 2.98
  eval: bucket 2 perplexity 3.40
  eval: bucket 3 perplexity 18.17
max_preplexity_count: 0 
 prexs: [1.6911350375046983, 2.9810405006183327, 3.4010161155887593, 18.173137529048084]
global step 3200 learning rate 0.3000 step-time 1.78 perplexity 2.20
  eval: bucket 0 perplexity 1.37
  eval: bucket 1 perplexity 2.56
  eval: bucket 2 perplexity 4.00
  eval: bucket 3 perplexity 22.35
max_preplexity_count: 0 
 prexs: [1.3739856286441645, 2.5617414952014466, 3.9978877077080006, 22.34730884090792]
global step 3600 learning rate 0.3000 step-time 1.73 perplexity 2.05
  eval: bucket 0 perplexity 1.35
  eval: bucket 1 perplexity 2.76
  eval: bucket 2 perplexity 3.74
  eval: bucket 3 perplexity 14.01
max_preplexity_count: 0 
 prexs: [1.3458267182036863, 2.7550579123787053, 3.738870800588237, 14.009760921392822]
global step 4000 learning rate 0.3000 step-time 1.76 perplexity 1.88
  eval: bucket 0 perplexity 1.35
  eval: bucket 1 perplexity 2.13
  eval: bucket 2 perplexity 3.22
  eval: bucket 3 perplexity 15.24
max_preplexity_count: 0 
 prexs: [1.3507720072446265, 2.1349556186679832, 3.221080412215174, 15.235224722436921]
global step 4400 learning rate 0.3000 step-time 1.78 perplexity 1.75
  eval: bucket 0 perplexity 1.60
  eval: bucket 1 perplexity 2.06
  eval: bucket 2 perplexity 2.19
  eval: bucket 3 perplexity 13.34
max_preplexity_count: 0 
 prexs: [1.601912361669005, 2.063729376165802, 2.185361880090616, 13.338528904129252]
global step 4800 learning rate 0.3000 step-time 1.76 perplexity 1.66
  eval: bucket 0 perplexity 1.34
  eval: bucket 1 perplexity 2.06
  eval: bucket 2 perplexity 2.76
  eval: bucket 3 perplexity 11.21
max_preplexity_count: 0 
 prexs: [1.3419682219718916, 2.056530625288351, 2.759914390339022, 11.212138161495329]
global step 5200 learning rate 0.3000 step-time 1.76 perplexity 1.62
  eval: bucket 0 perplexity 1.54
  eval: bucket 1 perplexity 1.47
  eval: bucket 2 perplexity 1.74
  eval: bucket 3 perplexity 15.08
max_preplexity_count: 0 
 prexs: [1.5414820966074294, 1.4736482788046827, 1.744691903589477, 15.078590792256275]
global step 5600 learning rate 0.3000 step-time 1.75 perplexity 1.52
  eval: bucket 0 perplexity 1.14
  eval: bucket 1 perplexity 2.21
  eval: bucket 2 perplexity 1.54
  eval: bucket 3 perplexity 9.78
max_preplexity_count: 0 
 prexs: [1.1380825081880848, 2.211778266231729, 1.5424105887038528, 9.782677151652065]
global step 6000 learning rate 0.3000 step-time 1.78 perplexity 1.43
  eval: bucket 0 perplexity 1.07
  eval: bucket 1 perplexity 1.42
  eval: bucket 2 perplexity 1.91
  eval: bucket 3 perplexity 12.38
max_preplexity_count: 0 
 prexs: [1.0736183514527051, 1.4209076938561944, 1.9098395006941897, 12.381600124907774]
global step 6400 learning rate 0.3000 step-time 1.75 perplexity 1.42
  eval: bucket 0 perplexity 1.29
  eval: bucket 1 perplexity 1.81
  eval: bucket 2 perplexity 1.39
  eval: bucket 3 perplexity 13.16
max_preplexity_count: 0 
 prexs: [1.2890009324876872, 1.8068351069141153, 1.388763502232278, 13.162916835591131]
global step 6800 learning rate 0.3000 step-time 1.76 perplexity 1.38
  eval: bucket 0 perplexity 1.08
  eval: bucket 1 perplexity 1.46
  eval: bucket 2 perplexity 1.48
  eval: bucket 3 perplexity 14.99
max_preplexity_count: 0 
 prexs: [1.0826456018843165, 1.4556573923890612, 1.47724318412455, 14.988825465807823]
global step 7200 learning rate 0.3000 step-time 1.78 perplexity 1.33
  eval: bucket 0 perplexity 1.12
  eval: bucket 1 perplexity 1.58
  eval: bucket 2 perplexity 1.32
  eval: bucket 3 perplexity 15.22
max_preplexity_count: 0 
 prexs: [1.1170736336535843, 1.5758132041139974, 1.320664083482066, 15.2225784618899]
global step 7600 learning rate 0.3000 step-time 1.75 perplexity 1.32
  eval: bucket 0 perplexity 1.29
  eval: bucket 1 perplexity 1.81
  eval: bucket 2 perplexity 1.41
  eval: bucket 3 perplexity 14.21
max_preplexity_count: 0 
 prexs: [1.2881970374410534, 1.8084453372009668, 1.4097260742969033, 14.212158000339109]
global step 8000 learning rate 0.3000 step-time 1.74 perplexity 1.27
  eval: bucket 0 perplexity 1.19
  eval: bucket 1 perplexity 1.69
  eval: bucket 2 perplexity 1.15
  eval: bucket 3 perplexity 21.33
max_preplexity_count: 0 
 prexs: [1.190065135833784, 1.6869287731539793, 1.1523431355693137, 21.330332469898323]
global step 8400 learning rate 0.3000 step-time 1.78 perplexity 1.30
  eval: bucket 0 perplexity 1.12
  eval: bucket 1 perplexity 1.44
  eval: bucket 2 perplexity 1.19
  eval: bucket 3 perplexity 18.55
max_preplexity_count: 0 
 prexs: [1.1168340945079023, 1.4360463014765161, 1.1912395209721205, 18.548111096032326]
global step 8800 learning rate 0.3000 step-time 1.79 perplexity 1.28
  eval: bucket 0 perplexity 1.23
  eval: bucket 1 perplexity 1.16
  eval: bucket 2 perplexity 1.19
  eval: bucket 3 perplexity 19.48
max_preplexity_count: 0 
 prexs: [1.2282413675267785, 1.1580696775698318, 1.1914833006140455, 19.475861278045265]
global step 9200 learning rate 0.3000 step-time 1.76 perplexity 1.24
  eval: bucket 0 perplexity 1.07
  eval: bucket 1 perplexity 1.21
  eval: bucket 2 perplexity 1.12
  eval: bucket 3 perplexity 15.02
max_preplexity_count: 0 
 prexs: [1.0715766822369825, 1.2073466059763387, 1.1198792789508571, 15.023056838326514]
global step 9600 learning rate 0.3000 step-time 1.83 perplexity 1.24
  eval: bucket 0 perplexity 1.16
  eval: bucket 1 perplexity 1.58
  eval: bucket 2 perplexity 1.08
  eval: bucket 3 perplexity 12.22
max_preplexity_count: 0 
 prexs: [1.1573786713797718, 1.5791192858741363, 1.0809099006918497, 12.223837367911297]
global step 10000 learning rate 0.3000 step-time 1.81 perplexity 1.22
  eval: bucket 0 perplexity 1.01
  eval: bucket 1 perplexity 1.39
  eval: bucket 2 perplexity 1.13
  eval: bucket 3 perplexity 9.53
max_preplexity_count: 0 
 prexs: [1.013415487427299, 1.3930045753425404, 1.1338574828909391, 9.534430551796966]
global step 10400 learning rate 0.3000 step-time 1.79 perplexity 1.20
  eval: bucket 0 perplexity 1.65
  eval: bucket 1 perplexity 1.60
  eval: bucket 2 perplexity 1.08
  eval: bucket 3 perplexity 8.92
max_preplexity_count: 0 
 prexs: [1.6532696392534103, 1.5988017367033631, 1.079342725592637, 8.915640403629158]
global step 10800 learning rate 0.3000 step-time 1.76 perplexity 1.20
  eval: bucket 0 perplexity 1.12
  eval: bucket 1 perplexity 1.51
  eval: bucket 2 perplexity 1.08
  eval: bucket 3 perplexity 12.20
max_preplexity_count: 0 
 prexs: [1.1192971116087294, 1.5110817620250638, 1.0807006531844452, 12.203017230877027]
global step 11200 learning rate 0.3000 step-time 1.76 perplexity 1.19
  eval: bucket 0 perplexity 1.04
  eval: bucket 1 perplexity 1.16
  eval: bucket 2 perplexity 1.12
  eval: bucket 3 perplexity 11.80
max_preplexity_count: 0 
 prexs: [1.0418747654263807, 1.1581565159508267, 1.1162548658286504, 11.800107646588058]
global step 11600 learning rate 0.3000 step-time 1.81 perplexity 1.18
  eval: bucket 0 perplexity 1.29
  eval: bucket 1 perplexity 1.25
  eval: bucket 2 perplexity 1.08
  eval: bucket 3 perplexity 12.83
max_preplexity_count: 0 
 prexs: [1.293230110654295, 1.24571977349152, 1.082926080593745, 12.827739737273047]
global step 12000 learning rate 0.3000 step-time 1.76 perplexity 1.17
  eval: bucket 0 perplexity 1.01
  eval: bucket 1 perplexity 1.45
  eval: bucket 2 perplexity 1.07
  eval: bucket 3 perplexity 15.79
max_preplexity_count: 0 
 prexs: [1.0109807233188608, 1.4512956361151967, 1.0663663359130358, 15.793534372386565]
global step 12400 learning rate 0.3000 step-time 1.85 perplexity 1.17
  eval: bucket 0 perplexity 1.03
  eval: bucket 1 perplexity 1.35
  eval: bucket 2 perplexity 1.07
  eval: bucket 3 perplexity 14.51
max_preplexity_count: 0 
 prexs: [1.028777622196103, 1.3537149536018942, 1.0680349083756486, 14.513999667956991]
global step 12800 learning rate 0.3000 step-time 1.75 perplexity 1.15
  eval: bucket 0 perplexity 1.03
  eval: bucket 1 perplexity 1.42
  eval: bucket 2 perplexity 1.17
  eval: bucket 3 perplexity 14.79
max_preplexity_count: 0 
 prexs: [1.0324605967023321, 1.4154522960327693, 1.1665583823305818, 14.785724679267021]
global step 13200 learning rate 0.3000 step-time 1.77 perplexity 1.16
  eval: bucket 0 perplexity 1.01
  eval: bucket 1 perplexity 1.12
  eval: bucket 2 perplexity 1.09
  eval: bucket 3 perplexity 19.11
max_preplexity_count: 0 
 prexs: [1.008252624515338, 1.1186913171519834, 1.0908829004302456, 19.106993256422708]
global step 13600 learning rate 0.3000 step-time 1.82 perplexity 1.16
  eval: bucket 0 perplexity 1.03
  eval: bucket 1 perplexity 1.31
  eval: bucket 2 perplexity 1.02
  eval: bucket 3 perplexity 16.51
max_preplexity_count: 0 
 prexs: [1.029696913668436, 1.3109747404496344, 1.0209875401876132, 16.514515970043178]
global step 14000 learning rate 0.3000 step-time 1.78 perplexity 1.14
  eval: bucket 0 perplexity 1.02
  eval: bucket 1 perplexity 1.15
  eval: bucket 2 perplexity 1.09
  eval: bucket 3 perplexity 15.17
max_preplexity_count: 0 
 prexs: [1.0196626840956895, 1.153785821982994, 1.090196950440915, 15.172666233384449]
global step 14400 learning rate 0.3000 step-time 1.78 perplexity 1.14
  eval: bucket 0 perplexity 1.08
  eval: bucket 1 perplexity 1.36
  eval: bucket 2 perplexity 1.06
  eval: bucket 3 perplexity 12.58
max_preplexity_count: 0 
 prexs: [1.08189399950234, 1.358361443798767, 1.0643744363906287, 12.580870528383794]
global step 14800 learning rate 0.3000 step-time 1.82 perplexity 1.14
  eval: bucket 0 perplexity 1.04
  eval: bucket 1 perplexity 1.04
  eval: bucket 2 perplexity 1.13
  eval: bucket 3 perplexity 8.26
max_preplexity_count: 0 
 prexs: [1.03917112905911, 1.0374327063044422, 1.1312039573431203, 8.257380028586665]
global step 15200 learning rate 0.3000 step-time 1.85 perplexity 1.14
  eval: bucket 0 perplexity 1.03
  eval: bucket 1 perplexity 1.28
  eval: bucket 2 perplexity 1.03
  eval: bucket 3 perplexity 7.46
max_preplexity_count: 0 
 prexs: [1.0285489434587087, 1.2807511931462654, 1.0301612701395084, 7.457708956682512]
global step 15600 learning rate 0.3000 step-time 1.86 perplexity 1.12
  eval: bucket 0 perplexity 1.02
  eval: bucket 1 perplexity 1.58
  eval: bucket 2 perplexity 1.02
  eval: bucket 3 perplexity 5.71
max_preplexity_count: 0 
 prexs: [1.019942319630807, 1.5760036501529662, 1.023564432730276, 5.713707914840962]
global step 16000 learning rate 0.3000 step-time 1.84 perplexity 1.12
  eval: bucket 0 perplexity 1.68
  eval: bucket 1 perplexity 1.17
  eval: bucket 2 perplexity 1.03
  eval: bucket 3 perplexity 7.09
max_preplexity_count: 0 
 prexs: [1.6837868382333139, 1.1744793109999472, 1.0320514789201225, 7.090592068508352]
global step 16400 learning rate 0.3000 step-time 1.87 perplexity 1.12
  eval: bucket 0 perplexity 1.10
  eval: bucket 1 perplexity 1.08
  eval: bucket 2 perplexity 1.02
  eval: bucket 3 perplexity 6.79
max_preplexity_count: 0 
 prexs: [1.0952489533400163, 1.0775925607951324, 1.024642200968591, 6.7899570257673085]
global step 16800 learning rate 0.3000 step-time 1.87 perplexity 1.12
  eval: bucket 0 perplexity 1.39
  eval: bucket 1 perplexity 1.22
  eval: bucket 2 perplexity 1.05
  eval: bucket 3 perplexity 6.87
max_preplexity_count: 0 
 prexs: [1.3928870104711348, 1.222192200863677, 1.0508299922425142, 6.869377417042932]
global step 17200 learning rate 0.3000 step-time 1.87 perplexity 1.12
  eval: bucket 0 perplexity 1.18
  eval: bucket 1 perplexity 1.17
  eval: bucket 2 perplexity 1.02
  eval: bucket 3 perplexity 9.16
max_preplexity_count: 0 
 prexs: [1.184029306875081, 1.1690283993387425, 1.022270978744094, 9.161294744985174]
global step 17600 learning rate 0.3000 step-time 1.87 perplexity 1.10
  eval: bucket 0 perplexity 1.04
  eval: bucket 1 perplexity 1.12
  eval: bucket 2 perplexity 1.09
  eval: bucket 3 perplexity 5.80
max_preplexity_count: 0 
 prexs: [1.0443109893072215, 1.1177198731963234, 1.0870361802016522, 5.801866433188362]
global step 18000 learning rate 0.3000 step-time 1.89 perplexity 1.12
  eval: bucket 0 perplexity 1.01
  eval: bucket 1 perplexity 1.19
  eval: bucket 2 perplexity 1.05
  eval: bucket 3 perplexity 9.73
max_preplexity_count: 0 
 prexs: [1.0121667874866558, 1.19270275184811, 1.045464978591659, 9.734966256289962]
global step 18400 learning rate 0.3000 step-time 1.81 perplexity 1.11
  eval: bucket 0 perplexity 1.37
  eval: bucket 1 perplexity 1.30
  eval: bucket 2 perplexity 1.09
  eval: bucket 3 perplexity 5.93
max_preplexity_count: 0 
 prexs: [1.367833091357497, 1.2987851270047823, 1.0891525110306595, 5.927956422398759]
global step 18800 learning rate 0.3000 step-time 1.91 perplexity 1.11
  eval: bucket 0 perplexity 1.01
  eval: bucket 1 perplexity 1.09
  eval: bucket 2 perplexity 1.08
  eval: bucket 3 perplexity 8.33
max_preplexity_count: 0 
 prexs: [1.0145146687738553, 1.0930159388885228, 1.0767534238963328, 8.332781351135926]
global step 19200 learning rate 0.3000 step-time 1.87 perplexity 1.10
  eval: bucket 0 perplexity 1.11
  eval: bucket 1 perplexity 1.03
  eval: bucket 2 perplexity 1.01
  eval: bucket 3 perplexity 7.19
max_preplexity_count: 0 
 prexs: [1.1062915562619104, 1.0346447116576238, 1.0106034490704086, 7.194903558214838]
global step 19600 learning rate 0.3000 step-time 1.89 perplexity 1.12
  eval: bucket 0 perplexity 1.08
  eval: bucket 1 perplexity 1.17
  eval: bucket 2 perplexity 1.02
  eval: bucket 3 perplexity 6.97
max_preplexity_count: 0 
 prexs: [1.0793124569454635, 1.1688966602050967, 1.0161495400195186, 6.967771906391346]
global step 20000 learning rate 0.2970 step-time 1.91 perplexity 1.11
  eval: bucket 0 perplexity 1.01
  eval: bucket 1 perplexity 1.19
  eval: bucket 2 perplexity 1.02
  eval: bucket 3 perplexity 8.86
max_preplexity_count: 0 
 prexs: [1.0085334083456459, 1.193308508875694, 1.0212715490253788, 8.86317269749793]
global step 20400 learning rate 0.2970 step-time 1.91 perplexity 1.09
  eval: bucket 0 perplexity 1.01
  eval: bucket 1 perplexity 1.14
  eval: bucket 2 perplexity 1.01
  eval: bucket 3 perplexity 8.11
max_preplexity_count: 0 
 prexs: [1.0088688511107728, 1.1357895052021039, 1.0073369223692281, 8.106259858446078]
global step 20800 learning rate 0.2970 step-time 1.88 perplexity 1.10
  eval: bucket 0 perplexity 1.20
  eval: bucket 1 perplexity 1.09
  eval: bucket 2 perplexity 1.01
  eval: bucket 3 perplexity 5.12
max_preplexity_count: 0 
 prexs: [1.1951219811437077, 1.0945252649501753, 1.0147706781795975, 5.119413246110111]
global step 21200 learning rate 0.2970 step-time 1.93 perplexity 1.09
  eval: bucket 0 perplexity 1.09
  eval: bucket 1 perplexity 1.11
  eval: bucket 2 perplexity 1.19
  eval: bucket 3 perplexity 5.01
max_preplexity_count: 0 
 prexs: [1.0935187672912199, 1.1066382082922532, 1.1857284032466118, 5.0071882682688456]
global step 21600 learning rate 0.2970 step-time 1.94 perplexity 1.09
  eval: bucket 0 perplexity 1.14
  eval: bucket 1 perplexity 1.19
  eval: bucket 2 perplexity 1.07
  eval: bucket 3 perplexity 4.74
max_preplexity_count: 0 
 prexs: [1.1350931537136957, 1.1887888951439227, 1.0710823792588122, 4.740387887424888]
global step 22000 learning rate 0.2970 step-time 1.96 perplexity 1.10
  eval: bucket 0 perplexity 1.01
  eval: bucket 1 perplexity 1.31
  eval: bucket 2 perplexity 1.05
  eval: bucket 3 perplexity 3.50
max_preplexity_count: 0 
 prexs: [1.0136369602852693, 1.3057570261318243, 1.0463192863019575, 3.4992175847336635]
global step 22400 learning rate 0.2940 step-time 2.08 perplexity 1.10
  eval: bucket 0 perplexity 1.06
  eval: bucket 1 perplexity 1.36
  eval: bucket 2 perplexity 1.01
  eval: bucket 3 perplexity 3.65
max_preplexity_count: 0 
 prexs: [1.0600567698844001, 1.3554824004853925, 1.0083730820777603, 3.654644453485145]
global step 22800 learning rate 0.2911 step-time 2.10 perplexity 1.09
  eval: bucket 0 perplexity 1.07
  eval: bucket 1 perplexity 1.17
  eval: bucket 2 perplexity 1.01
  eval: bucket 3 perplexity 3.03
max_preplexity_count: 0 
 prexs: [1.0721328231016327, 1.1733444054602256, 1.0095427829494217, 3.0256451110980667]
global step 23200 learning rate 0.2911 step-time 2.09 perplexity 1.09
  eval: bucket 0 perplexity 1.03
  eval: bucket 1 perplexity 1.20
  eval: bucket 2 perplexity 1.01
  eval: bucket 3 perplexity 4.19
max_preplexity_count: 0 
 prexs: [1.028442877543686, 1.1958223533386971, 1.0143330923665441, 4.187223354420338]
global step 23600 learning rate 0.2911 step-time 2.10 perplexity 1.09
  eval: bucket 0 perplexity 1.07
  eval: bucket 1 perplexity 1.27
  eval: bucket 2 perplexity 1.04
  eval: bucket 3 perplexity 4.06
max_preplexity_count: 0 
 prexs: [1.0749467799499417, 1.268656266213504, 1.0375035571006312, 4.062519123960378]
global step 24000 learning rate 0.2911 step-time 2.10 perplexity 1.08
  eval: bucket 0 perplexity 1.03
  eval: bucket 1 perplexity 1.17
  eval: bucket 2 perplexity 1.01
  eval: bucket 3 perplexity 2.93
max_preplexity_count: 0 
 prexs: [1.0270330144401498, 1.174971947902654, 1.0129979157045543, 2.928628711697086]
global step 24400 learning rate 0.2911 step-time 2.07 perplexity 1.08
  eval: bucket 0 perplexity 1.00
  eval: bucket 1 perplexity 1.06
  eval: bucket 2 perplexity 1.03
  eval: bucket 3 perplexity 2.89
max_preplexity_count: 0 
 prexs: [1.0047967325066578, 1.0622574265373297, 1.0314321062922789, 2.8885600167843615]
global step 24800 learning rate 0.2911 step-time 2.09 perplexity 1.07
  eval: bucket 0 perplexity 1.01
  eval: bucket 1 perplexity 1.15
  eval: bucket 2 perplexity 1.02
  eval: bucket 3 perplexity 2.37
max_preplexity_count: 0 
 prexs: [1.0090756179934177, 1.1494592670099562, 1.0209780943012001, 2.3680170507476106]
global step 25200 learning rate 0.2911 step-time 2.15 perplexity 1.09
  eval: bucket 0 perplexity 1.01
  eval: bucket 1 perplexity 1.12
  eval: bucket 2 perplexity 1.02
  eval: bucket 3 perplexity 2.90
max_preplexity_count: 0 
 prexs: [1.0061479550875445, 1.1190147246641187, 1.0219323171254122, 2.901230629955264]
global step 25600 learning rate 0.2882 step-time 2.18 perplexity 1.08
  eval: bucket 0 perplexity 1.03
  eval: bucket 1 perplexity 1.08
  eval: bucket 2 perplexity 1.06
  eval: bucket 3 perplexity 2.79
max_preplexity_count: 0 
 prexs: [1.0328940753849676, 1.0759567857761931, 1.0566455433394246, 2.7867455592857815]
global step 26000 learning rate 0.2882 step-time 2.24 perplexity 1.08
  eval: bucket 0 perplexity 1.01
  eval: bucket 1 perplexity 1.28
  eval: bucket 2 perplexity 1.10
  eval: bucket 3 perplexity 3.26
max_preplexity_count: 0 
 prexs: [1.0079600146770666, 1.2821429738862111, 1.096069168644742, 3.261304397618218]
global step 26400 learning rate 0.2882 step-time 2.19 perplexity 1.07
  eval: bucket 0 perplexity 1.02
  eval: bucket 1 perplexity 1.16
  eval: bucket 2 perplexity 1.04
  eval: bucket 3 perplexity 2.47
max_preplexity_count: 0 
 prexs: [1.0173893404355128, 1.159329557994569, 1.0445309735185129, 2.469716725245996]
global step 26800 learning rate 0.2882 step-time 2.23 perplexity 1.08
  eval: bucket 0 perplexity 1.00
  eval: bucket 1 perplexity 1.20
  eval: bucket 2 perplexity 1.06
  eval: bucket 3 perplexity 2.09
max_preplexity_count: 0 
 prexs: [1.0038761477404603, 1.1952159079461384, 1.0623163036477172, 2.089234415281314]
