I tensorflow/stream_executor/dso_loader.cc:108] successfully opened CUDA library libcublas.so.7.5.18 locally
I tensorflow/stream_executor/dso_loader.cc:108] successfully opened CUDA library libcudnn.so.5.0.5 locally
I tensorflow/stream_executor/dso_loader.cc:108] successfully opened CUDA library libcufft.so.7.5.18 locally
I tensorflow/stream_executor/dso_loader.cc:108] successfully opened CUDA library libcuda.so.1 locally
I tensorflow/stream_executor/dso_loader.cc:108] successfully opened CUDA library libcurand.so.7.5.18 locally
I tensorflow/core/common_runtime/gpu/gpu_init.cc:102] Found device 0 with properties: 
name: Tesla K40m
major: 3 minor: 5 memoryClockRate (GHz) 0.745
pciBusID 0000:82:00.0
Total memory: 11.25GiB
Free memory: 11.12GiB
I tensorflow/core/common_runtime/gpu/gpu_init.cc:126] DMA: 0 
I tensorflow/core/common_runtime/gpu/gpu_init.cc:136] 0:   Y 
I tensorflow/core/common_runtime/gpu/gpu_device.cc:838] Creating TensorFlow device (/gpu:0) -> (device: 0, name: Tesla K40m, pci bus id: 0000:82:00.0)
Preparing WMT data in ../models/tmp_013
wrd_train: ../models/tmp_013/2m_numtimegpoevetamdacdlc-text_0.1_0.1_all-ws-train-gb.ids1000.word
sym_train: ../models/tmp_013/2m_numtimegpoevetamdacdlc-text_0.1_0.1_all-ws-train-gb.ids1000.sym
wrd_dev: ../models/tmp_013/500k_numtimegpoevetamdacdlc-text_0.1_0.1_all-ws-dev-gb.ids1000.word
sym_dev: ../models/tmp_013/500k_numtimegpoevetamdacdlc-text_0.1_0.1_all-ws-dev-gb.ids1000.sym

Creating 3 layers of 1024 units.
Created model with fresh parameters.
Reading development and training data (limit: 0).
  reading data line 100000
  reading data line 200000
  reading data line 300000
  reading data line 400000
  reading data line 500000
  reading data line 100000
  reading data line 200000
  reading data line 300000
  reading data line 400000
  reading data line 500000
  reading data line 600000
  reading data line 700000
  reading data line 800000
  reading data line 900000
  reading data line 1000000
  reading data line 1100000
  reading data line 1200000
  reading data line 1300000
  reading data line 1400000
  reading data line 1500000
  reading data line 1600000
  reading data line 1700000
  reading data line 1800000
  reading data line 1900000
  reading data line 2000000
I tensorflow/core/common_runtime/gpu/pool_allocator.cc:244] PoolAllocator: After 8635 get requests, put_count=3674 evicted_count=1000 eviction_rate=0.272183 and unsatisfied allocation rate=0.701911
I tensorflow/core/common_runtime/gpu/pool_allocator.cc:256] Raising pool_size_limit_ from 100 to 110
I tensorflow/core/common_runtime/gpu/pool_allocator.cc:244] PoolAllocator: After 0 get requests, put_count=5011 evicted_count=5000 eviction_rate=0.997805 and unsatisfied allocation rate=0
I tensorflow/core/common_runtime/gpu/pool_allocator.cc:244] PoolAllocator: After 0 get requests, put_count=4013 evicted_count=4000 eviction_rate=0.996761 and unsatisfied allocation rate=0
I tensorflow/core/common_runtime/gpu/pool_allocator.cc:244] PoolAllocator: After 0 get requests, put_count=3016 evicted_count=3000 eviction_rate=0.994695 and unsatisfied allocation rate=0
I tensorflow/core/common_runtime/gpu/pool_allocator.cc:244] PoolAllocator: After 0 get requests, put_count=1019 evicted_count=1000 eviction_rate=0.981354 and unsatisfied allocation rate=0
I tensorflow/core/common_runtime/gpu/pool_allocator.cc:244] PoolAllocator: After 0 get requests, put_count=5021 evicted_count=5000 eviction_rate=0.995818 and unsatisfied allocation rate=0
I tensorflow/core/common_runtime/gpu/pool_allocator.cc:244] PoolAllocator: After 0 get requests, put_count=3025 evicted_count=3000 eviction_rate=0.991736 and unsatisfied allocation rate=0
I tensorflow/core/common_runtime/gpu/pool_allocator.cc:244] PoolAllocator: After 0 get requests, put_count=2030 evicted_count=2000 eviction_rate=0.985222 and unsatisfied allocation rate=0
I tensorflow/core/common_runtime/gpu/pool_allocator.cc:244] PoolAllocator: After 0 get requests, put_count=1037 evicted_count=1000 eviction_rate=0.96432 and unsatisfied allocation rate=0
I tensorflow/core/common_runtime/gpu/pool_allocator.cc:244] PoolAllocator: After 0 get requests, put_count=1044 evicted_count=1000 eviction_rate=0.957854 and unsatisfied allocation rate=0
I tensorflow/core/common_runtime/gpu/pool_allocator.cc:244] PoolAllocator: After 0 get requests, put_count=1054 evicted_count=1000 eviction_rate=0.948767 and unsatisfied allocation rate=0
I tensorflow/core/common_runtime/gpu/pool_allocator.cc:244] PoolAllocator: After 8635 get requests, put_count=9288 evicted_count=6000 eviction_rate=0.645995 and unsatisfied allocation rate=0.626057
I tensorflow/core/common_runtime/gpu/pool_allocator.cc:256] Raising pool_size_limit_ from 655 to 720
I tensorflow/core/common_runtime/gpu/pool_allocator.cc:244] PoolAllocator: After 0 get requests, put_count=1079 evicted_count=1000 eviction_rate=0.926784 and unsatisfied allocation rate=0
I tensorflow/core/common_runtime/gpu/pool_allocator.cc:244] PoolAllocator: After 0 get requests, put_count=1095 evicted_count=1000 eviction_rate=0.913242 and unsatisfied allocation rate=0
I tensorflow/core/common_runtime/gpu/pool_allocator.cc:244] PoolAllocator: After 0 get requests, put_count=1115 evicted_count=1000 eviction_rate=0.896861 and unsatisfied allocation rate=0
I tensorflow/core/common_runtime/gpu/pool_allocator.cc:244] PoolAllocator: After 0 get requests, put_count=2140 evicted_count=2000 eviction_rate=0.934579 and unsatisfied allocation rate=0
I tensorflow/core/common_runtime/gpu/pool_allocator.cc:244] PoolAllocator: After 0 get requests, put_count=3169 evicted_count=3000 eviction_rate=0.946671 and unsatisfied allocation rate=0
I tensorflow/core/common_runtime/gpu/pool_allocator.cc:244] PoolAllocator: After 0 get requests, put_count=1225 evicted_count=1000 eviction_rate=0.816327 and unsatisfied allocation rate=0
I tensorflow/core/common_runtime/gpu/pool_allocator.cc:244] PoolAllocator: After 0 get requests, put_count=1299 evicted_count=1000 eviction_rate=0.769823 and unsatisfied allocation rate=0
I tensorflow/core/common_runtime/gpu/pool_allocator.cc:244] PoolAllocator: After 43175 get requests, put_count=43554 evicted_count=1000 eviction_rate=0.02296 and unsatisfied allocation rate=0.0266589
I tensorflow/core/common_runtime/gpu/pool_allocator.cc:256] Raising pool_size_limit_ from 5835 to 6418
Reading completed. Now estimating buckets and sizes.
_buckets[(9, 32), (21, 38), (33, 30), (72, 8), (80, 70)] 
train_bucket_sizes: [439556, 1293171, 120470, 144940, 1863] 
train_total_size: 2000000.0
global step 400 learning rate 0.3000 step-time 0.69 perplexity 16.44
  eval: bucket 0 perplexity 6.14
  eval: bucket 1 perplexity 8.48
  eval: bucket 2 perplexity 6.92
  eval: bucket 3 perplexity 9.20
  eval: bucket 4 perplexity 20.61
max_preplexity_count: 0 
 prexs: [6.142833756289756, 8.483713848820027, 6.924164170137539, 9.201537627939175, 20.60959197996604]
global step 800 learning rate 0.3000 step-time 0.68 perplexity 5.17
  eval: bucket 0 perplexity 3.12
  eval: bucket 1 perplexity 4.31
  eval: bucket 2 perplexity 4.86
  eval: bucket 3 perplexity 7.16
  eval: bucket 4 perplexity 16.96
max_preplexity_count: 0 
 prexs: [3.1241382567492684, 4.3059771451933555, 4.858033081680543, 7.16079675897033, 16.960050615717538]
global step 1200 learning rate 0.3000 step-time 0.66 perplexity 3.88
  eval: bucket 0 perplexity 2.12
  eval: bucket 1 perplexity 3.16
  eval: bucket 2 perplexity 4.58
  eval: bucket 3 perplexity 7.20
  eval: bucket 4 perplexity 21.92
max_preplexity_count: 0 
 prexs: [2.1238498163208357, 3.1609811898781124, 4.583721596499721, 7.196034952592585, 21.922911603278834]
I tensorflow/core/common_runtime/gpu/pool_allocator.cc:244] PoolAllocator: After 9967488 get requests, put_count=9961148 evicted_count=10000 eviction_rate=0.0010039 and unsatisfied allocation rate=0.00169782
I tensorflow/core/common_runtime/gpu/pool_allocator.cc:244] PoolAllocator: After 10352761 get requests, put_count=10348388 evicted_count=20000 eviction_rate=0.00193267 and unsatisfied allocation rate=0.00241056
global step 1600 learning rate 0.3000 step-time 0.68 perplexity 3.35
  eval: bucket 0 perplexity 2.13
  eval: bucket 1 perplexity 3.14
  eval: bucket 2 perplexity 4.99
  eval: bucket 3 perplexity 4.70
  eval: bucket 4 perplexity 14.23
max_preplexity_count: 0 
 prexs: [2.134756731069534, 3.1449930395775514, 4.991233444840381, 4.7007781633239025, 14.229035680822637]
global step 2000 learning rate 0.3000 step-time 0.67 perplexity 2.81
  eval: bucket 0 perplexity 1.69
  eval: bucket 1 perplexity 2.48
  eval: bucket 2 perplexity 3.18
  eval: bucket 3 perplexity 4.16
  eval: bucket 4 perplexity 14.34
max_preplexity_count: 0 
 prexs: [1.6875428358034934, 2.475164068229223, 3.1787500737375938, 4.158161492267486, 14.344694405885758]
I tensorflow/core/common_runtime/gpu/pool_allocator.cc:244] PoolAllocator: After 3375433 get requests, put_count=3371671 evicted_count=1000 eviction_rate=0.000296589 and unsatisfied allocation rate=0.00164068
global step 2400 learning rate 0.3000 step-time 0.67 perplexity 2.47
  eval: bucket 0 perplexity 1.48
  eval: bucket 1 perplexity 2.42
  eval: bucket 2 perplexity 2.98
  eval: bucket 3 perplexity 4.40
  eval: bucket 4 perplexity 12.54
max_preplexity_count: 0 
 prexs: [1.4836718348156395, 2.4159156094287533, 2.9751773761010125, 4.399938261791154, 12.539670832538706]
global step 2800 learning rate 0.3000 step-time 0.67 perplexity 2.21
  eval: bucket 0 perplexity 1.48
  eval: bucket 1 perplexity 1.90
  eval: bucket 2 perplexity 4.05
  eval: bucket 3 perplexity 2.79
  eval: bucket 4 perplexity 12.22
max_preplexity_count: 0 
 prexs: [1.4786322619829033, 1.9033111871307686, 4.0520757800568115, 2.7869774486920647, 12.22080969178611]
I tensorflow/core/common_runtime/gpu/pool_allocator.cc:244] PoolAllocator: After 8318088 get requests, put_count=8316165 evicted_count=2000 eviction_rate=0.000240495 and unsatisfied allocation rate=0.000574291
global step 3200 learning rate 0.3000 step-time 0.66 perplexity 1.96
  eval: bucket 0 perplexity 1.42
  eval: bucket 1 perplexity 1.76
  eval: bucket 2 perplexity 3.28
  eval: bucket 3 perplexity 2.25
  eval: bucket 4 perplexity 12.71
max_preplexity_count: 0 
 prexs: [1.4228291447033514, 1.758369508161354, 3.2813231058567163, 2.2524623538461634, 12.709649369969624]
global step 3600 learning rate 0.3000 step-time 0.66 perplexity 1.77
  eval: bucket 0 perplexity 1.33
  eval: bucket 1 perplexity 1.71
  eval: bucket 2 perplexity 3.54
  eval: bucket 3 perplexity 2.58
  eval: bucket 4 perplexity 14.73
max_preplexity_count: 0 
 prexs: [1.3281635182574216, 1.7142879912490523, 3.537151553415599, 2.583558849928084, 14.727167653429598]
I tensorflow/core/common_runtime/gpu/pool_allocator.cc:244] PoolAllocator: After 14063999 get requests, put_count=14062685 evicted_count=12000 eviction_rate=0.000853322 and unsatisfied allocation rate=0.00100739
global step 4000 learning rate 0.3000 step-time 0.66 perplexity 1.64
  eval: bucket 0 perplexity 1.53
  eval: bucket 1 perplexity 1.46
  eval: bucket 2 perplexity 1.81
  eval: bucket 3 perplexity 2.15
  eval: bucket 4 perplexity 12.68
max_preplexity_count: 0 
 prexs: [1.5339546111395694, 1.4609571879112733, 1.8076124067014034, 2.145273223182693, 12.68383393658256]
global step 4400 learning rate 0.3000 step-time 0.66 perplexity 1.55
  eval: bucket 0 perplexity 1.37
  eval: bucket 1 perplexity 1.23
  eval: bucket 2 perplexity 2.61
  eval: bucket 3 perplexity 2.00
  eval: bucket 4 perplexity 13.99
max_preplexity_count: 0 
 prexs: [1.365208090162029, 1.2307061268047519, 2.6114422218889946, 2.0032752160619296, 13.988680174676988]
I tensorflow/core/common_runtime/gpu/pool_allocator.cc:244] PoolAllocator: After 19968848 get requests, put_count=19968088 evicted_count=22000 eviction_rate=0.00110176 and unsatisfied allocation rate=0.00118254
global step 4800 learning rate 0.3000 step-time 0.67 perplexity 1.51
  eval: bucket 0 perplexity 1.22
  eval: bucket 1 perplexity 1.37
  eval: bucket 2 perplexity 1.68
  eval: bucket 3 perplexity 1.52
  eval: bucket 4 perplexity 7.69
max_preplexity_count: 0 
 prexs: [1.2206137780860185, 1.3679772833570278, 1.6781332516642353, 1.5163407461634675, 7.690645577273931]
global step 5200 learning rate 0.3000 step-time 0.66 perplexity 1.38
  eval: bucket 0 perplexity 1.11
  eval: bucket 1 perplexity 1.25
  eval: bucket 2 perplexity 2.16
  eval: bucket 3 perplexity 1.50
  eval: bucket 4 perplexity 12.10
max_preplexity_count: 0 
 prexs: [1.110414981182333, 1.2537341118551664, 2.157938604307721, 1.4973284698766254, 12.10048581327383]
global step 5600 learning rate 0.3000 step-time 0.67 perplexity 1.37
  eval: bucket 0 perplexity 1.12
  eval: bucket 1 perplexity 1.44
  eval: bucket 2 perplexity 2.68
  eval: bucket 3 perplexity 1.40
  eval: bucket 4 perplexity 9.41
max_preplexity_count: 0 
 prexs: [1.1241572937771989, 1.4365742630531564, 2.682414078201776, 1.40350124728039, 9.413733358134634]
global step 6000 learning rate 0.3000 step-time 0.66 perplexity 1.34
  eval: bucket 0 perplexity 1.75
  eval: bucket 1 perplexity 1.37
  eval: bucket 2 perplexity 2.11
  eval: bucket 3 perplexity 1.55
  eval: bucket 4 perplexity 9.40
max_preplexity_count: 0 
 prexs: [1.746246960750152, 1.37487010256039, 2.1137061761373457, 1.554591257420232, 9.395882564843607]
global step 6400 learning rate 0.3000 step-time 0.66 perplexity 1.28
  eval: bucket 0 perplexity 1.20
  eval: bucket 1 perplexity 1.50
  eval: bucket 2 perplexity 1.94
  eval: bucket 3 perplexity 1.27
  eval: bucket 4 perplexity 14.41
max_preplexity_count: 0 
 prexs: [1.1999027906844189, 1.5043038034483769, 1.9387027696290708, 1.26912026628519, 14.40674465840557]
global step 6800 learning rate 0.3000 step-time 0.66 perplexity 1.28
  eval: bucket 0 perplexity 1.08
  eval: bucket 1 perplexity 1.20
  eval: bucket 2 perplexity 1.70
  eval: bucket 3 perplexity 1.13
  eval: bucket 4 perplexity 7.96
max_preplexity_count: 0 
 prexs: [1.0789743164138426, 1.199286234084529, 1.7010171515194226, 1.1328354695041674, 7.9591254379968674]
global step 7200 learning rate 0.3000 step-time 0.67 perplexity 1.22
  eval: bucket 0 perplexity 1.06
  eval: bucket 1 perplexity 1.11
  eval: bucket 2 perplexity 1.63
  eval: bucket 3 perplexity 1.09
  eval: bucket 4 perplexity 7.39
max_preplexity_count: 0 
 prexs: [1.0645040159383827, 1.1090595196072406, 1.627082754339786, 1.088780461470204, 7.393976369985053]
global step 7600 learning rate 0.3000 step-time 0.67 perplexity 1.21
  eval: bucket 0 perplexity 1.02
  eval: bucket 1 perplexity 1.08
  eval: bucket 2 perplexity 2.76
  eval: bucket 3 perplexity 1.09
  eval: bucket 4 perplexity 9.23
max_preplexity_count: 0 
 prexs: [1.0165354019273114, 1.0779099174126137, 2.755050030106067, 1.0939861665422177, 9.229487544241014]
I tensorflow/core/common_runtime/gpu/pool_allocator.cc:244] PoolAllocator: After 47335392 get requests, put_count=47334871 evicted_count=32000 eviction_rate=0.000676034 and unsatisfied allocation rate=0.000705075
global step 8000 learning rate 0.3000 step-time 0.66 perplexity 1.20
  eval: bucket 0 perplexity 1.05
  eval: bucket 1 perplexity 1.09
  eval: bucket 2 perplexity 2.13
  eval: bucket 3 perplexity 1.18
  eval: bucket 4 perplexity 7.22
max_preplexity_count: 0 
 prexs: [1.0493185859665484, 1.0949610244627614, 2.1297656770405613, 1.1789034492062094, 7.2229344572542535]
I tensorflow/core/common_runtime/gpu/pool_allocator.cc:244] PoolAllocator: After 49529201 get requests, put_count=49529371 evicted_count=42000 eviction_rate=0.000847982 and unsatisfied allocation rate=0.000861795
global step 8400 learning rate 0.3000 step-time 0.66 perplexity 1.21
  eval: bucket 0 perplexity 1.12
  eval: bucket 1 perplexity 1.13
  eval: bucket 2 perplexity 2.26
  eval: bucket 3 perplexity 1.18
  eval: bucket 4 perplexity 5.65
max_preplexity_count: 0 
 prexs: [1.1234306334114366, 1.1322285648530452, 2.26367163107138, 1.1834281191562945, 5.653925660205715]
global step 8800 learning rate 0.3000 step-time 0.66 perplexity 1.17
  eval: bucket 0 perplexity 1.12
  eval: bucket 1 perplexity 1.26
  eval: bucket 2 perplexity 1.76
  eval: bucket 3 perplexity 1.05
  eval: bucket 4 perplexity 5.86
max_preplexity_count: 0 
 prexs: [1.12149465830044, 1.258620589146993, 1.7550809141184684, 1.0469436185175163, 5.863928719851809]
global step 9200 learning rate 0.3000 step-time 0.66 perplexity 1.14
  eval: bucket 0 perplexity 1.02
  eval: bucket 1 perplexity 1.19
  eval: bucket 2 perplexity 1.42
  eval: bucket 3 perplexity 1.05
  eval: bucket 4 perplexity 6.83
max_preplexity_count: 0 
 prexs: [1.0157826029278525, 1.1931268294760833, 1.4245805580917432, 1.0549961241216415, 6.825128325137295]
global step 9600 learning rate 0.3000 step-time 0.66 perplexity 1.18
  eval: bucket 0 perplexity 1.13
  eval: bucket 1 perplexity 1.08
  eval: bucket 2 perplexity 1.40
  eval: bucket 3 perplexity 1.05
  eval: bucket 4 perplexity 5.19
max_preplexity_count: 0 
 prexs: [1.134625014309977, 1.083891421978476, 1.4008876186776174, 1.0517034700579524, 5.185234228112952]
global step 10000 learning rate 0.3000 step-time 0.67 perplexity 1.15
  eval: bucket 0 perplexity 1.02
  eval: bucket 1 perplexity 1.08
  eval: bucket 2 perplexity 1.49
  eval: bucket 3 perplexity 1.05
  eval: bucket 4 perplexity 5.11
max_preplexity_count: 0 
 prexs: [1.0187866084514419, 1.0776283532905697, 1.48703927175805, 1.0499259765630984, 5.111075662337199]
global step 10400 learning rate 0.3000 step-time 0.66 perplexity 1.14
  eval: bucket 0 perplexity 1.01
  eval: bucket 1 perplexity 1.02
  eval: bucket 2 perplexity 1.69
  eval: bucket 3 perplexity 1.02
  eval: bucket 4 perplexity 5.99
max_preplexity_count: 0 
 prexs: [1.0075693124921556, 1.0245409672095642, 1.6914405883986676, 1.0231319498699114, 5.98969214615257]
global step 10800 learning rate 0.3000 step-time 0.67 perplexity 1.14
  eval: bucket 0 perplexity 1.02
  eval: bucket 1 perplexity 1.05
  eval: bucket 2 perplexity 1.81
  eval: bucket 3 perplexity 1.14
  eval: bucket 4 perplexity 6.64
max_preplexity_count: 0 
 prexs: [1.0246951625476375, 1.0476960012086012, 1.8143810157833427, 1.1402353863527699, 6.641770012879159]
global step 11200 learning rate 0.3000 step-time 0.66 perplexity 1.14
  eval: bucket 0 perplexity 1.02
  eval: bucket 1 perplexity 1.27
  eval: bucket 2 perplexity 1.79
  eval: bucket 3 perplexity 1.05
  eval: bucket 4 perplexity 5.52
max_preplexity_count: 0 
 prexs: [1.0169516473434133, 1.2654750503815464, 1.7884251450793451, 1.04522826455837, 5.517968896571946]
I tensorflow/core/common_runtime/gpu/pool_allocator.cc:244] PoolAllocator: After 73557089 get requests, put_count=73557513 evicted_count=52000 eviction_rate=0.00070693 and unsatisfied allocation rate=0.00071278
global step 11600 learning rate 0.3000 step-time 0.66 perplexity 1.17
  eval: bucket 0 perplexity 1.46
  eval: bucket 1 perplexity 1.03
  eval: bucket 2 perplexity 2.05
  eval: bucket 3 perplexity 1.03
  eval: bucket 4 perplexity 5.49
max_preplexity_count: 0 
 prexs: [1.464949059357246, 1.0341412168777517, 2.049065553240528, 1.030014494330053, 5.489142341088966]
global step 12000 learning rate 0.2970 step-time 0.66 perplexity 1.11
  eval: bucket 0 perplexity 1.04
  eval: bucket 1 perplexity 1.14
  eval: bucket 2 perplexity 1.67
  eval: bucket 3 perplexity 1.09
  eval: bucket 4 perplexity 7.98
max_preplexity_count: 0 
 prexs: [1.0417878942246794, 1.1363768723409604, 1.6657266856255066, 1.0877006997660525, 7.983111159618198]
global step 12400 learning rate 0.2970 step-time 0.67 perplexity 1.14
  eval: bucket 0 perplexity 1.10
  eval: bucket 1 perplexity 1.18
  eval: bucket 2 perplexity 1.44
  eval: bucket 3 perplexity 1.06
  eval: bucket 4 perplexity 5.01
max_preplexity_count: 0 
 prexs: [1.1035327128359713, 1.1797945220676411, 1.4415036129155527, 1.0555290792704433, 5.009682154435128]
global step 12800 learning rate 0.2970 step-time 0.67 perplexity 1.11
  eval: bucket 0 perplexity 1.01
  eval: bucket 1 perplexity 1.14
  eval: bucket 2 perplexity 1.29
  eval: bucket 3 perplexity 1.02
  eval: bucket 4 perplexity 4.96
max_preplexity_count: 0 
 prexs: [1.0100102102772641, 1.1440436512097405, 1.2896779095677284, 1.0150128825873836, 4.95506705182291]
global step 13200 learning rate 0.2970 step-time 0.67 perplexity 1.12
  eval: bucket 0 perplexity 1.62
  eval: bucket 1 perplexity 1.13
  eval: bucket 2 perplexity 1.70
  eval: bucket 3 perplexity 1.02
  eval: bucket 4 perplexity 5.46
max_preplexity_count: 0 
 prexs: [1.6217310574967865, 1.1278840187385721, 1.6951051427848203, 1.0182093265373169, 5.463430905716058]
global step 13600 learning rate 0.2970 step-time 0.67 perplexity 1.11
  eval: bucket 0 perplexity 1.03
  eval: bucket 1 perplexity 1.22
  eval: bucket 2 perplexity 1.55
  eval: bucket 3 perplexity 1.04
  eval: bucket 4 perplexity 4.53
max_preplexity_count: 0 
 prexs: [1.0324027204745572, 1.2202496610044435, 1.545302348298426, 1.0353936326203188, 4.5330488079454065]
global step 14000 learning rate 0.2970 step-time 0.66 perplexity 1.10
  eval: bucket 0 perplexity 1.07
  eval: bucket 1 perplexity 1.05
  eval: bucket 2 perplexity 1.86
  eval: bucket 3 perplexity 1.03
  eval: bucket 4 perplexity 3.71
max_preplexity_count: 0 
 prexs: [1.070933072413701, 1.0481404019305476, 1.8614009939803617, 1.0297556260146128, 3.70640324862324]
I tensorflow/core/common_runtime/gpu/pool_allocator.cc:244] PoolAllocator: After 97687247 get requests, put_count=97688131 evicted_count=62000 eviction_rate=0.000634673 and unsatisfied allocation rate=0.000634371
global step 14400 learning rate 0.2970 step-time 0.66 perplexity 1.10
  eval: bucket 0 perplexity 1.01
  eval: bucket 1 perplexity 1.22
  eval: bucket 2 perplexity 1.43
  eval: bucket 3 perplexity 1.01
  eval: bucket 4 perplexity 4.65
max_preplexity_count: 0 
 prexs: [1.013299917997167, 1.2198145252250754, 1.429972306746397, 1.0130603168863488, 4.651844791320609]
global step 14800 learning rate 0.2970 step-time 0.67 perplexity 1.10
  eval: bucket 0 perplexity 1.03
  eval: bucket 1 perplexity 1.07
  eval: bucket 2 perplexity 1.48
  eval: bucket 3 perplexity 1.01
  eval: bucket 4 perplexity 3.70
max_preplexity_count: 0 
 prexs: [1.028621969510906, 1.0691227482230976, 1.478608862763432, 1.0124125426476802, 3.701999860891434]
global step 15200 learning rate 0.2970 step-time 0.67 perplexity 1.10
  eval: bucket 0 perplexity 1.21
  eval: bucket 1 perplexity 1.03
  eval: bucket 2 perplexity 1.59
  eval: bucket 3 perplexity 1.01
  eval: bucket 4 perplexity 6.36
max_preplexity_count: 0 
 prexs: [1.211268205427472, 1.030710288570905, 1.58764452084532, 1.0075363771100125, 6.35688176523049]
global step 15600 learning rate 0.2970 step-time 0.67 perplexity 1.09
  eval: bucket 0 perplexity 1.00
  eval: bucket 1 perplexity 1.04
  eval: bucket 2 perplexity 1.15
  eval: bucket 3 perplexity 1.00
  eval: bucket 4 perplexity 3.27
max_preplexity_count: 0 
 prexs: [1.002675846204268, 1.0373353310713445, 1.1467171028241379, 1.0043469742014484, 3.2732554991785183]
I tensorflow/core/common_runtime/gpu/pool_allocator.cc:244] PoolAllocator: After 110068025 get requests, put_count=110069442 evicted_count=72000 eviction_rate=0.000654133 and unsatisfied allocation rate=0.000649026
global step 16000 learning rate 0.2970 step-time 0.67 perplexity 1.09
  eval: bucket 0 perplexity 1.01
  eval: bucket 1 perplexity 1.10
  eval: bucket 2 perplexity 1.56
  eval: bucket 3 perplexity 1.01
  eval: bucket 4 perplexity 3.40
max_preplexity_count: 0 
 prexs: [1.0097482641852178, 1.1004300371701408, 1.5644022547108032, 1.0093715043844778, 3.3955014358514592]
global step 16400 learning rate 0.2970 step-time 0.66 perplexity 1.09
  eval: bucket 0 perplexity 1.01
  eval: bucket 1 perplexity 1.03
  eval: bucket 2 perplexity 1.46
  eval: bucket 3 perplexity 1.01
  eval: bucket 4 perplexity 4.03
max_preplexity_count: 0 
 prexs: [1.0070054374182371, 1.0265975324378478, 1.464755183082993, 1.0130842222717211, 4.032089488895084]
global step 16800 learning rate 0.2970 step-time 0.67 perplexity 1.10
  eval: bucket 0 perplexity 1.01
  eval: bucket 1 perplexity 1.01
  eval: bucket 2 perplexity 1.38
  eval: bucket 3 perplexity 1.02
  eval: bucket 4 perplexity 2.99
max_preplexity_count: 0 
 prexs: [1.009672539325045, 1.0091700303170592, 1.3808120128743835, 1.0165094809993718, 2.992373699120781]
global step 17200 learning rate 0.2940 step-time 0.66 perplexity 1.08
  eval: bucket 0 perplexity 1.01
  eval: bucket 1 perplexity 1.13
  eval: bucket 2 perplexity 1.48
  eval: bucket 3 perplexity 1.01
  eval: bucket 4 perplexity 3.96
max_preplexity_count: 0 
 prexs: [1.0087777279542296, 1.1273812803149463, 1.4757563627523709, 1.0092001326927567, 3.9637676537021713]
global step 17600 learning rate 0.2940 step-time 0.67 perplexity 1.08
  eval: bucket 0 perplexity 1.39
  eval: bucket 1 perplexity 1.03
  eval: bucket 2 perplexity 1.40
  eval: bucket 3 perplexity 1.00
  eval: bucket 4 perplexity 4.02
max_preplexity_count: 0 
 prexs: [1.3902572665659698, 1.0273458257733759, 1.4024493429947924, 1.003449675860021, 4.022234511729944]
global step 18000 learning rate 0.2940 step-time 0.67 perplexity 1.07
  eval: bucket 0 perplexity 1.02
  eval: bucket 1 perplexity 1.06
  eval: bucket 2 perplexity 1.38
  eval: bucket 3 perplexity 1.07
  eval: bucket 4 perplexity 3.27
max_preplexity_count: 0 
 prexs: [1.0159180349001262, 1.0601244700822914, 1.3820968221329497, 1.067092561882442, 3.2656982110093487]
global step 18400 learning rate 0.2940 step-time 0.67 perplexity 1.08
  eval: bucket 0 perplexity 1.01
  eval: bucket 1 perplexity 1.06
  eval: bucket 2 perplexity 1.13
  eval: bucket 3 perplexity 1.16
  eval: bucket 4 perplexity 2.88
max_preplexity_count: 0 
 prexs: [1.0075934580325858, 1.057799803852103, 1.1314361170446694, 1.1559890761683924, 2.8825461338903824]
I tensorflow/core/common_runtime/gpu/pool_allocator.cc:244] PoolAllocator: After 134168486 get requests, put_count=134170272 evicted_count=82000 eviction_rate=0.000611164 and unsatisfied allocation rate=0.000604225
global step 18800 learning rate 0.2940 step-time 0.66 perplexity 1.08
  eval: bucket 0 perplexity 1.01
  eval: bucket 1 perplexity 1.06
  eval: bucket 2 perplexity 1.48
  eval: bucket 3 perplexity 1.13
  eval: bucket 4 perplexity 2.80
max_preplexity_count: 0 
 prexs: [1.0089516007018096, 1.061512397495896, 1.476087312650743, 1.1272291898014974, 2.800374639803032]
global step 19200 learning rate 0.2911 step-time 0.66 perplexity 1.07
  eval: bucket 0 perplexity 1.24
  eval: bucket 1 perplexity 1.03
  eval: bucket 2 perplexity 1.33
  eval: bucket 3 perplexity 1.04
  eval: bucket 4 perplexity 3.35
max_preplexity_count: 0 
 prexs: [1.2402072358987932, 1.0270281248287416, 1.328941499762326, 1.043848430525602, 3.346843248373483]
global step 19600 learning rate 0.2911 step-time 0.66 perplexity 1.06
  eval: bucket 0 perplexity 1.03
  eval: bucket 1 perplexity 1.01
  eval: bucket 2 perplexity 1.14
  eval: bucket 3 perplexity 1.04
  eval: bucket 4 perplexity 2.71
max_preplexity_count: 0 
 prexs: [1.032632829209174, 1.0108377836635212, 1.1397803777459288, 1.0384490269925553, 2.706500710931813]
global step 20000 learning rate 0.2911 step-time 0.67 perplexity 1.07
  eval: bucket 0 perplexity 1.07
  eval: bucket 1 perplexity 1.02
  eval: bucket 2 perplexity 1.25
  eval: bucket 3 perplexity 1.06
  eval: bucket 4 perplexity 3.58
max_preplexity_count: 0 
 prexs: [1.0723272210077364, 1.019080255201323, 1.2518015577351858, 1.063942359524759, 3.5789346904872175]
I tensorflow/core/common_runtime/gpu/pool_allocator.cc:244] PoolAllocator: After 145260273 get requests, put_count=145262554 evicted_count=92000 eviction_rate=0.000633336 and unsatisfied allocation rate=0.000623522
global step 20400 learning rate 0.2911 step-time 0.66 perplexity 1.08
  eval: bucket 0 perplexity 1.04
  eval: bucket 1 perplexity 1.03
  eval: bucket 2 perplexity 1.31
  eval: bucket 3 perplexity 1.03
  eval: bucket 4 perplexity 2.71
max_preplexity_count: 0 
 prexs: [1.035805599449097, 1.029541027929848, 1.314004292339796, 1.0266259517531227, 2.711842603087733]
global step 20800 learning rate 0.2882 step-time 0.66 perplexity 1.07
  eval: bucket 0 perplexity 1.28
  eval: bucket 1 perplexity 1.04
  eval: bucket 2 perplexity 1.26
  eval: bucket 3 perplexity 1.05
  eval: bucket 4 perplexity 2.62
max_preplexity_count: 0 
 prexs: [1.2829582510563788, 1.0371415623456668, 1.2609679265719913, 1.0536056992388252, 2.6151698377220214]
global step 21200 learning rate 0.2882 step-time 0.67 perplexity 1.07
  eval: bucket 0 perplexity 1.00
  eval: bucket 1 perplexity 1.02
  eval: bucket 2 perplexity 1.11
  eval: bucket 3 perplexity 1.10
  eval: bucket 4 perplexity 2.54
max_preplexity_count: 0 
 prexs: [1.001042965883889, 1.0238518397247447, 1.1112991048924614, 1.1025656506312682, 2.5412205228574396]
global step 21600 learning rate 0.2882 step-time 0.67 perplexity 1.07
  eval: bucket 0 perplexity 1.01
  eval: bucket 1 perplexity 1.07
  eval: bucket 2 perplexity 1.35
  eval: bucket 3 perplexity 1.01
  eval: bucket 4 perplexity 2.69
max_preplexity_count: 0 
 prexs: [1.0147014383955488, 1.06758079197778, 1.3498032284342012, 1.0107909662448804, 2.6901790463213042]
global step 22000 learning rate 0.2882 step-time 0.66 perplexity 1.07
  eval: bucket 0 perplexity 1.01
  eval: bucket 1 perplexity 1.12
  eval: bucket 2 perplexity 1.34
  eval: bucket 3 perplexity 1.01
  eval: bucket 4 perplexity 3.02
max_preplexity_count: 0 
 prexs: [1.0126797437025248, 1.1247936779003833, 1.3389741539347397, 1.0077708133154069, 3.0234630326830154]
global step 22400 learning rate 0.2882 step-time 0.66 perplexity 1.07
  eval: bucket 0 perplexity 1.00
  eval: bucket 1 perplexity 1.04
  eval: bucket 2 perplexity 1.21
  eval: bucket 3 perplexity 1.01
  eval: bucket 4 perplexity 2.24
max_preplexity_count: 0 
 prexs: [1.002430988350682, 1.0428961681734363, 1.2124138307228567, 1.0117559624454795, 2.2363444510082644]
global step 22800 learning rate 0.2882 step-time 0.66 perplexity 1.06
  eval: bucket 0 perplexity 1.02
  eval: bucket 1 perplexity 1.00
  eval: bucket 2 perplexity 1.11
  eval: bucket 3 perplexity 1.08
  eval: bucket 4 perplexity 2.98
max_preplexity_count: 0 
 prexs: [1.0213831382695062, 1.0029928460698945, 1.1136678171568712, 1.0845459628251302, 2.9779166793837915]
global step 23200 learning rate 0.2882 step-time 0.66 perplexity 1.06
  eval: bucket 0 perplexity 1.05
  eval: bucket 1 perplexity 1.05
  eval: bucket 2 perplexity 1.42
  eval: bucket 3 perplexity 1.00
  eval: bucket 4 perplexity 2.47
max_preplexity_count: 0 
 prexs: [1.053972219394772, 1.0478835909198296, 1.4153437191845666, 1.0036088851815388, 2.467890714067466]
I tensorflow/core/common_runtime/gpu/pool_allocator.cc:244] PoolAllocator: After 171481538 get requests, put_count=171479444 evicted_count=102000 eviction_rate=0.000594823 and unsatisfied allocation rate=0.000612008
global step 23600 learning rate 0.2882 step-time 0.67 perplexity 1.07
  eval: bucket 0 perplexity 1.00
  eval: bucket 1 perplexity 1.12
  eval: bucket 2 perplexity 1.32
  eval: bucket 3 perplexity 1.03
  eval: bucket 4 perplexity 2.71
max_preplexity_count: 0 
 prexs: [1.0024757405903084, 1.1158456238525487, 1.3215768945288628, 1.0330330606689895, 2.7118380772158885]
global step 24000 learning rate 0.2853 step-time 0.67 perplexity 1.07
  eval: bucket 0 perplexity 1.03
  eval: bucket 1 perplexity 1.02
  eval: bucket 2 perplexity 1.25
  eval: bucket 3 perplexity 1.00
  eval: bucket 4 perplexity 1.89
max_preplexity_count: 0 
 prexs: [1.0284075253078575, 1.0173498505609004, 1.2524222881160587, 1.0035287079528137, 1.8880452509548338]
global step 24400 learning rate 0.2853 step-time 0.66 perplexity 1.06
  eval: bucket 0 perplexity 1.01
  eval: bucket 1 perplexity 1.04
  eval: bucket 2 perplexity 1.20
  eval: bucket 3 perplexity 1.01
  eval: bucket 4 perplexity 2.53
max_preplexity_count: 0 
 prexs: [1.0090907766764539, 1.0409115497463142, 1.199709345275666, 1.0085268588376874, 2.5268480278544674]
I tensorflow/core/common_runtime/gpu/pool_allocator.cc:244] PoolAllocator: After 180810425 get requests, put_count=180808904 evicted_count=112000 eviction_rate=0.000619439 and unsatisfied allocation rate=0.000632569
global step 24800 learning rate 0.2853 step-time 0.67 perplexity 1.06
  eval: bucket 0 perplexity 1.01
  eval: bucket 1 perplexity 1.03
  eval: bucket 2 perplexity 1.12
  eval: bucket 3 perplexity 1.02
  eval: bucket 4 perplexity 1.97
max_preplexity_count: 0 
 prexs: [1.0051739743518342, 1.0317813708787125, 1.1180322874513167, 1.0223282907975346, 1.966886668769318]
global step 25200 learning rate 0.2853 step-time 0.67 perplexity 1.07
  eval: bucket 0 perplexity 1.02
  eval: bucket 1 perplexity 1.04
  eval: bucket 2 perplexity 1.37
  eval: bucket 3 perplexity 1.03
  eval: bucket 4 perplexity 2.37
max_preplexity_count: 0 
 prexs: [1.0171865047069144, 1.043464925696901, 1.3740572894475058, 1.026451207026882, 2.3731958039814933]
global step 25600 learning rate 0.2824 step-time 0.66 perplexity 1.06
  eval: bucket 0 perplexity 1.00
  eval: bucket 1 perplexity 1.02
  eval: bucket 2 perplexity 1.15
  eval: bucket 3 perplexity 1.02
  eval: bucket 4 perplexity 2.01
max_preplexity_count: 0 
 prexs: [1.0035722485894254, 1.0188660960146794, 1.1539120580478623, 1.0177210882286445, 2.013756284338294]
global step 26000 learning rate 0.2824 step-time 0.66 perplexity 1.05
  eval: bucket 0 perplexity 1.02
  eval: bucket 1 perplexity 1.02
  eval: bucket 2 perplexity 1.41
  eval: bucket 3 perplexity 1.06
  eval: bucket 4 perplexity 2.62
max_preplexity_count: 0 
 prexs: [1.0194521129118634, 1.0204023797638972, 1.4093606916173125, 1.0551616560823878, 2.6201446783959095]
global step 26400 learning rate 0.2824 step-time 0.66 perplexity 1.05
  eval: bucket 0 perplexity 1.01
  eval: bucket 1 perplexity 1.05
  eval: bucket 2 perplexity 1.26
  eval: bucket 3 perplexity 1.07
  eval: bucket 4 perplexity 2.37
max_preplexity_count: 0 
 prexs: [1.0087280419751385, 1.0460500033893014, 1.262162326105856, 1.068807317762045, 2.367868994465215]
global step 26800 learning rate 0.2824 step-time 0.66 perplexity 1.06
  eval: bucket 0 perplexity 1.00
  eval: bucket 1 perplexity 1.03
  eval: bucket 2 perplexity 1.11
  eval: bucket 3 perplexity 1.04
  eval: bucket 4 perplexity 2.09
max_preplexity_count: 0 
 prexs: [1.0009645771361682, 1.0277425378792802, 1.1098022110609926, 1.0436554824554727, 2.0912522457933806]
global step 27200 learning rate 0.2824 step-time 0.66 perplexity 1.06
  eval: bucket 0 perplexity 1.02
  eval: bucket 1 perplexity 1.01
  eval: bucket 2 perplexity 1.33
  eval: bucket 3 perplexity 1.01
  eval: bucket 4 perplexity 2.25
max_preplexity_count: 0 
 prexs: [1.0209665090893312, 1.0118405480101835, 1.3320960171664256, 1.0052957737025046, 2.24514650135861]
global step 27600 learning rate 0.2796 step-time 0.66 perplexity 1.05
  eval: bucket 0 perplexity 1.00
  eval: bucket 1 perplexity 1.01
  eval: bucket 2 perplexity 1.25
  eval: bucket 3 perplexity 1.04
  eval: bucket 4 perplexity 2.69
max_preplexity_count: 0 
 prexs: [1.004362087572251, 1.0105758215276515, 1.248382255670419, 1.0393635113659436, 2.69281724824278]
I tensorflow/core/common_runtime/gpu/pool_allocator.cc:244] PoolAllocator: After 206594038 get requests, put_count=206592893 evicted_count=122000 eviction_rate=0.000590533 and unsatisfied allocation rate=0.000600206
global step 28000 learning rate 0.2796 step-time 0.67 perplexity 1.06
  eval: bucket 0 perplexity 1.02
  eval: bucket 1 perplexity 1.04
  eval: bucket 2 perplexity 1.13
  eval: bucket 3 perplexity 1.01
  eval: bucket 4 perplexity 2.71
max_preplexity_count: 0 
 prexs: [1.016869807070855, 1.0422340559031544, 1.1296436650191428, 1.0089878665685434, 2.71425532089772]
global step 28400 learning rate 0.2768 step-time 0.66 perplexity 1.06
  eval: bucket 0 perplexity 1.00
  eval: bucket 1 perplexity 1.09
  eval: bucket 2 perplexity 1.21
  eval: bucket 3 perplexity 1.03
  eval: bucket 4 perplexity 2.27
max_preplexity_count: 0 
 prexs: [1.0028482555829457, 1.0853156203251255, 1.2139603222204673, 1.02593429631342, 2.2748401478904334]
global step 28800 learning rate 0.2768 step-time 0.66 perplexity 1.05
  eval: bucket 0 perplexity 1.00
  eval: bucket 1 perplexity 1.19
  eval: bucket 2 perplexity 1.21
  eval: bucket 3 perplexity 1.00
  eval: bucket 4 perplexity 2.57
max_preplexity_count: 0 
 prexs: [1.0024973454485056, 1.1883427901987733, 1.2114421048924482, 1.0030548488289353, 2.5716219406440564]
global step 29200 learning rate 0.2768 step-time 0.67 perplexity 1.05
  eval: bucket 0 perplexity 1.00
  eval: bucket 1 perplexity 1.03
  eval: bucket 2 perplexity 1.20
  eval: bucket 3 perplexity 1.00
  eval: bucket 4 perplexity 3.06
max_preplexity_count: 0 
 prexs: [1.0038997522592616, 1.0270434307674214, 1.2034174393984314, 1.0039809137979512, 3.06378171130648]
global step 29600 learning rate 0.2768 step-time 0.67 perplexity 1.05
  eval: bucket 0 perplexity 1.00
  eval: bucket 1 perplexity 1.06
  eval: bucket 2 perplexity 1.09
  eval: bucket 3 perplexity 1.09
  eval: bucket 4 perplexity 2.57
max_preplexity_count: 0 
 prexs: [1.0011331717147005, 1.0638740469327572, 1.0871822158938322, 1.0942912376605685, 2.5738160150902742]
global step 30000 learning rate 0.2768 step-time 0.66 perplexity 1.05
  eval: bucket 0 perplexity 1.00
  eval: bucket 1 perplexity 1.01
  eval: bucket 2 perplexity 1.23
  eval: bucket 3 perplexity 1.01
  eval: bucket 4 perplexity 2.62
max_preplexity_count: 0 
 prexs: [1.0012488517667182, 1.0115479492033503, 1.2266024364095716, 1.0059389269491164, 2.622785328358987]
global step 30400 learning rate 0.2768 step-time 0.66 perplexity 1.05
  eval: bucket 0 perplexity 1.04
  eval: bucket 1 perplexity 1.09
  eval: bucket 2 perplexity 1.14
  eval: bucket 3 perplexity 1.01
  eval: bucket 4 perplexity 2.51
max_preplexity_count: 0 
 prexs: [1.0429375607541262, 1.0891458893588386, 1.1377160716270116, 1.0109918449588315, 2.5077660761192195]
global step 30800 learning rate 0.2741 step-time 0.66 perplexity 1.05
  eval: bucket 0 perplexity 1.01
  eval: bucket 1 perplexity 1.02
  eval: bucket 2 perplexity 1.17
  eval: bucket 3 perplexity 1.00
  eval: bucket 4 perplexity 2.52
max_preplexity_count: 0 
 prexs: [1.0079506085870766, 1.0232576367876365, 1.1740639082340534, 1.0024979308462287, 2.5206998615626417]
global step 31200 learning rate 0.2741 step-time 0.66 perplexity 1.05
  eval: bucket 0 perplexity 1.01
  eval: bucket 1 perplexity 1.06
  eval: bucket 2 perplexity 1.23
  eval: bucket 3 perplexity 1.01
  eval: bucket 4 perplexity 2.42
max_preplexity_count: 0 
 prexs: [1.0098698005061328, 1.0630164583893733, 1.229463318889416, 1.0051338301417476, 2.4223856723821613]
global step 31600 learning rate 0.2741 step-time 0.66 perplexity 1.04
  eval: bucket 0 perplexity 1.00
  eval: bucket 1 perplexity 1.00
  eval: bucket 2 perplexity 1.20
  eval: bucket 3 perplexity 1.01
  eval: bucket 4 perplexity 2.51
max_preplexity_count: 0 
 prexs: [1.0037191238481864, 1.004635978069662, 1.1983208156534175, 1.0114013301870273, 2.5096932436699473]
I tensorflow/core/common_runtime/gpu/pool_allocator.cc:244] PoolAllocator: After 239013734 get requests, put_count=239012889 evicted_count=132000 eviction_rate=0.000552271 and unsatisfied allocation rate=0.000559378
global step 32000 learning rate 0.2741 step-time 0.67 perplexity 1.05
  eval: bucket 0 perplexity 1.00
  eval: bucket 1 perplexity 1.05
  eval: bucket 2 perplexity 1.16
  eval: bucket 3 perplexity 1.01
  eval: bucket 4 perplexity 2.10
max_preplexity_count: 0 
 prexs: [1.0031736128527542, 1.0476788321765567, 1.1557940301619962, 1.0109034260286807, 2.102434072335897]
global step 32400 learning rate 0.2741 step-time 0.67 perplexity 1.05
  eval: bucket 0 perplexity 1.00
  eval: bucket 1 perplexity 1.02
  eval: bucket 2 perplexity 1.10
  eval: bucket 3 perplexity 1.00
  eval: bucket 4 perplexity 2.06
max_preplexity_count: 0 
 prexs: [1.0012734729545196, 1.0161145649374714, 1.1024619853064275, 1.0022491923463521, 2.0573467941217767]
global step 32800 learning rate 0.2713 step-time 0.67 perplexity 1.04
  eval: bucket 0 perplexity 1.00
  eval: bucket 1 perplexity 1.01
  eval: bucket 2 perplexity 1.25
  eval: bucket 3 perplexity 1.01
  eval: bucket 4 perplexity 2.54
max_preplexity_count: 0 
 prexs: [1.0021159820160848, 1.010884783069442, 1.2548269485964245, 1.006515960478734, 2.5435044825479896]
global step 33200 learning rate 0.2713 step-time 0.66 perplexity 1.05
  eval: bucket 0 perplexity 1.00
  eval: bucket 1 perplexity 1.07
  eval: bucket 2 perplexity 1.23
  eval: bucket 3 perplexity 1.02
  eval: bucket 4 perplexity 2.39
max_preplexity_count: 0 
 prexs: [1.0023973688268955, 1.0698841388436944, 1.227394394898527, 1.0233993608819236, 2.3873610527172873]
global step 33600 learning rate 0.2686 step-time 0.67 perplexity 1.05
  eval: bucket 0 perplexity 1.00
  eval: bucket 1 perplexity 1.00
  eval: bucket 2 perplexity 1.11
  eval: bucket 3 perplexity 1.00
  eval: bucket 4 perplexity 2.17
max_preplexity_count: 0 
 prexs: [1.0020312323078664, 1.0030837281026008, 1.1119215409988743, 1.0030499402571638, 2.1694360084754822]
global step 34000 learning rate 0.2686 step-time 0.66 perplexity 1.05
  eval: bucket 0 perplexity 1.02
  eval: bucket 1 perplexity 1.04
  eval: bucket 2 perplexity 1.17
  eval: bucket 3 perplexity 1.00
  eval: bucket 4 perplexity 2.45
max_preplexity_count: 0 
 prexs: [1.0201601709851587, 1.0448148504010848, 1.1710211359247698, 1.0011190788050406, 2.452637527063367]
global step 34400 learning rate 0.2686 step-time 0.67 perplexity 1.05
  eval: bucket 0 perplexity 1.00
  eval: bucket 1 perplexity 1.06
  eval: bucket 2 perplexity 1.08
  eval: bucket 3 perplexity 1.06
  eval: bucket 4 perplexity 2.17
max_preplexity_count: 0 
 prexs: [1.0035675131989545, 1.0641338650506913, 1.076404744976724, 1.059066715819501, 2.173020811418547]
global step 34800 learning rate 0.2686 step-time 0.67 perplexity 1.04
  eval: bucket 0 perplexity 1.05
  eval: bucket 1 perplexity 1.13
  eval: bucket 2 perplexity 1.18
  eval: bucket 3 perplexity 1.00
  eval: bucket 4 perplexity 1.75
max_preplexity_count: 0 
 prexs: [1.0483882969798264, 1.128257022886411, 1.1817172104070575, 1.0009099103400945, 1.7519983329084567]
I tensorflow/core/common_runtime/gpu/pool_allocator.cc:244] PoolAllocator: After 265062366 get requests, put_count=265061800 evicted_count=142000 eviction_rate=0.000535724 and unsatisfied allocation rate=0.00054108
global step 35200 learning rate 0.2686 step-time 0.67 perplexity 1.04
  eval: bucket 0 perplexity 1.00
  eval: bucket 1 perplexity 1.02
  eval: bucket 2 perplexity 1.18
  eval: bucket 3 perplexity 1.00
  eval: bucket 4 perplexity 2.10
max_preplexity_count: 0 
 prexs: [1.000580626061138, 1.0162474668107768, 1.1817988835794684, 1.0021101139520414, 2.0959756365916555]
global step 35600 learning rate 0.2686 step-time 0.67 perplexity 1.04
  eval: bucket 0 perplexity 1.00
  eval: bucket 1 perplexity 1.09
  eval: bucket 2 perplexity 1.23
  eval: bucket 3 perplexity 1.00
  eval: bucket 4 perplexity 2.00
max_preplexity_count: 0 
 prexs: [1.0004916782441287, 1.092785092114695, 1.2296994919271087, 1.0009845556452757, 1.995541665383261]
I tensorflow/core/common_runtime/gpu/pool_allocator.cc:244] PoolAllocator: After 271399252 get requests, put_count=271399304 evicted_count=152000 eviction_rate=0.00056006 and unsatisfied allocation rate=0.000563016
global step 36000 learning rate 0.2686 step-time 0.66 perplexity 1.05
  eval: bucket 0 perplexity 1.00
  eval: bucket 1 perplexity 1.02
  eval: bucket 2 perplexity 1.29
  eval: bucket 3 perplexity 1.00
  eval: bucket 4 perplexity 2.04
max_preplexity_count: 0 
 prexs: [1.0010939950098592, 1.0205308146005394, 1.2943356765196468, 1.0009434643614639, 2.035329001607758]
global step 36400 learning rate 0.2659 step-time 0.67 perplexity 1.04
  eval: bucket 0 perplexity 1.00
  eval: bucket 1 perplexity 1.10
  eval: bucket 2 perplexity 1.14
  eval: bucket 3 perplexity 1.00
  eval: bucket 4 perplexity 1.91
max_preplexity_count: 0 
 prexs: [1.004652932480345, 1.1003590374830508, 1.1413902429145457, 1.0018928853725388, 1.9106964173851742]
I tensorflow/core/common_runtime/gpu/pool_allocator.cc:244] PoolAllocator: After 278162515 get requests, put_count=278163145 evicted_count=162000 eviction_rate=0.000582392 and unsatisfied allocation rate=0.000583199
global step 36800 learning rate 0.2659 step-time 0.65 perplexity 1.04
  eval: bucket 0 perplexity 1.35
  eval: bucket 1 perplexity 1.03
  eval: bucket 2 perplexity 1.28
  eval: bucket 3 perplexity 1.00
  eval: bucket 4 perplexity 1.63
max_preplexity_count: 0 
 prexs: [1.346364924938988, 1.0257871349360526, 1.2813008162361044, 1.0007788283822707, 1.6295580562981058]
global step 37200 learning rate 0.2659 step-time 0.66 perplexity 1.04
  eval: bucket 0 perplexity 1.03
  eval: bucket 1 perplexity 1.02
  eval: bucket 2 perplexity 1.13
  eval: bucket 3 perplexity 1.05
  eval: bucket 4 perplexity 1.69
max_preplexity_count: 0 
 prexs: [1.0291780444771403, 1.024719728992269, 1.1298321009456376, 1.0516418432850543, 1.6897867770900108]
global step 37600 learning rate 0.2659 step-time 0.66 perplexity 1.05
  eval: bucket 0 perplexity 1.00
  eval: bucket 1 perplexity 1.03
  eval: bucket 2 perplexity 1.11
  eval: bucket 3 perplexity 1.00
  eval: bucket 4 perplexity 1.71
max_preplexity_count: 0 
 prexs: [1.0005633880194322, 1.0295084472388492, 1.1117496103033504, 1.0012179102725784, 1.7057689619593652]
global step 38000 learning rate 0.2633 step-time 0.66 perplexity 1.04
  eval: bucket 0 perplexity 1.02
  eval: bucket 1 perplexity 1.03
  eval: bucket 2 perplexity 1.08
  eval: bucket 3 perplexity 1.00
  eval: bucket 4 perplexity 1.75
max_preplexity_count: 0 
 prexs: [1.01608762515984, 1.0259643369114397, 1.0829644063051282, 1.0010386064870476, 1.74740122205147]
global step 38400 learning rate 0.2633 step-time 0.67 perplexity 1.04
  eval: bucket 0 perplexity 1.00
  eval: bucket 1 perplexity 1.04
  eval: bucket 2 perplexity 1.14
  eval: bucket 3 perplexity 1.00
  eval: bucket 4 perplexity 1.78
max_preplexity_count: 0 
 prexs: [1.001900629195346, 1.0388339777864246, 1.141159977283193, 1.0021267704773233, 1.776195220277361]
global step 38800 learning rate 0.2633 step-time 0.66 perplexity 1.04
  eval: bucket 0 perplexity 1.00
  eval: bucket 1 perplexity 1.05
  eval: bucket 2 perplexity 1.16
  eval: bucket 3 perplexity 1.02
  eval: bucket 4 perplexity 1.98
max_preplexity_count: 0 
 prexs: [1.0010342983849105, 1.0454856633384215, 1.1598041746150947, 1.0161958314739734, 1.9774112974077542]
I tensorflow/core/common_runtime/gpu/pool_allocator.cc:244] PoolAllocator: After 297576007 get requests, put_count=297576945 evicted_count=172000 eviction_rate=0.000578002 and unsatisfied allocation rate=0.000577721
I tensorflow/core/common_runtime/gpu/pool_allocator.cc:244] PoolAllocator: After 298420263 get requests, put_count=298421933 evicted_count=182000 eviction_rate=0.000609875 and unsatisfied allocation rate=0.000607144
global step 39200 learning rate 0.2633 step-time 0.67 perplexity 1.04
  eval: bucket 0 perplexity 1.00
  eval: bucket 1 perplexity 1.04
  eval: bucket 2 perplexity 1.18
  eval: bucket 3 perplexity 1.01
  eval: bucket 4 perplexity 1.56
max_preplexity_count: 0 
 prexs: [1.0036357782587024, 1.0401955078228051, 1.18452453747208, 1.009237166952154, 1.5601618852153478]
slurmstepd: *** JOB 10286523 ON pg-gpu01 CANCELLED AT 2016-12-13T20:37:55 ***
