Reading model parameters from ../../../../models/chkpnt_018/translate.ckpt-30000
~~~~~~~~~~~~~ ../../../../models/tmp_018/numtimegpoevetamdacdlcu-text_0.1_0.1_all-ws.test
../../../../models/tmp_018/numtimegpoevetamdacdlcu-text_0.1_0.1_all-ws.test.sym ../../../../models/tmp_018/numtimegpoevetamdacdlcu-text_0.1_0.1_all-ws.test.ids1000.sym ../../../../models/tmp_018/vocab1000.sym
../../../../models/tmp_018/numtimegpoevetamdacdlcu-text_0.1_0.1_all-ws.test.word ../../../../models/tmp_018/numtimegpoevetamdacdlcu-text_0.1_0.1_all-ws.test.ids1000.word ../../../../models/tmp_018/vocab1000.word
Started evaluating model on test data.
Started thread 0 with 1250 records.
Started thread 1 with 1250 records.
Started thread 2 with 1250 records.
Started thread 3 with 1250 records.
Started thread 4 with 1250 records.
Started thread 5 with 1250 records.
Started thread 6 with 1250 records.
Started thread 7 with 1250 records.
Started thread 8 with 1250 records.
Started thread 9 with 1250 records.
Started thread 10 with 1250 records.
Started thread 11 with 1250 records.
Started thread 12 with 1250 records.
Started thread 13 with 1250 records.
Started thread 14 with 1250 records.
Started thread 15 with 1250 records.
Started thread 16 with 1250 records.
Started thread 17 with 1250 records.
Started thread 18 with 1250 records.
Started thread 19 with 1250 records.
Started thread 20 with 1250 records.
Started thread 21 with 1250 records.
Started thread 22 with 1250 records.
Started thread 23 with 1250 records.
Started thread 24 with 1250 records.
Started thread 25 with 1250 records.
Started thread 26 with 1250 records.
Started thread 27 with 1250 records.
Started thread 28 with 1250 records.
Started thread 29 with 1250 records.
Started thread 30 with 1250 records.
Started thread 31 with 1250 records.
Started thread 32 with 1250 records.
Started thread 33 with 1250 records.
Started thread 34 with 1250 records.
Started thread 35 with 1250 records.
Started thread 36 with 1250 records.
Started thread 37 with 1250 records.
Started thread 38 with 1250 records.
Started thread 39 with 1250 records.
Evaluator 6 processed 1000 recs.
Evaluator 9 processed 1000 recs.
Evaluator 0 processed 1000 recs.
Evaluator 2 processed 1000 recs.
Evaluator 21 processed 1000 recs.
Evaluator 10 processed 1000 recs.
Evaluator 30 processed 1000 recs.
Evaluator 11 processed 1000 recs.
Evaluator 39 processed 1000 recs.
Evaluator 17 processed 1000 recs.
Evaluator 18 processed 1000 recs.
Evaluator 23 processed 1000 recs.
Evaluator 37 processed 1000 recs.
Evaluator 33 processed 1000 recs.
Evaluator 20 processed 1000 recs.
Evaluator 24 processed 1000 recs.
Evaluator 31 processed 1000 recs.
Evaluator 1 processed 1000 recs.
Evaluator 26 processed 1000 recs.
Evaluator 4 processed 1000 recs.
Evaluator 16 processed 1000 recs.
Evaluator 34 processed 1000 recs.
Evaluator 5 processed 1000 recs.
Evaluator 29 processed 1000 recs.
Evaluator 36 processed 1000 recs.
Evaluator 35 processed 1000 recs.
Evaluator 22 processed 1000 recs.
Evaluator 32 processed 1000 recs.
Evaluator 7 processed 1000 recs.
Evaluator 19 processed 1000 recs.
Evaluator 8 processed 1000 recs.
Evaluator 27 processed 1000 recs.
Evaluator 28 processed 1000 recs.
Evaluator 12 processed 1000 recs.
Evaluator 25 processed 1000 recs.
Evaluator 3 processed 1000 recs.
Evaluator 13 processed 1000 recs.
Evaluator 38 processed 1000 recs.
Evaluator 15 processed 1000 recs.
Evaluator 14 processed 1000 recs.
Evaluator: 6 finished. Result: 1095.0 correct out of 1250
Evaluator: 9 finished. Result: 1110.0 correct out of 1250
Evaluator: 21 finished. Result: 1124.0 correct out of 1250
Evaluator: 0 finished. Result: 1128.0 correct out of 1250
Evaluator: 2 finished. Result: 1116.0 correct out of 1250
Evaluator: 10 finished. Result: 1102.0 correct out of 1250
Evaluator: 11 finished. Result: 1132.0 correct out of 1250
Evaluator: 30 finished. Result: 1109.0 correct out of 1250
Evaluator: 39 finished. Result: 1113.0 correct out of 1250
Evaluator: 18 finished. Result: 1115.0 correct out of 1250
Evaluator: 17 finished. Result: 1105.0 correct out of 1250
Evaluator: 23 finished. Result: 1111.0 correct out of 1250
Evaluator: 33 finished. Result: 1108.0 correct out of 1250
Evaluator: 37 finished. Result: 1108.0 correct out of 1250
Evaluator: 20 finished. Result: 1122.0 correct out of 1250
Evaluator: 4 finished. Result: 1123.0 correct out of 1250
Evaluator: 26 finished. Result: 1090.0 correct out of 1250
Evaluator: 24 finished. Result: 1098.0 correct out of 1250
Evaluator: 31 finished. Result: 1107.0 correct out of 1250
Evaluator: 1 finished. Result: 1108.0 correct out of 1250
Evaluator: 16 finished. Result: 1114.0 correct out of 1250
Evaluator: 29 finished. Result: 1122.0 correct out of 1250
Evaluator: 5 finished. Result: 1131.0 correct out of 1250
Evaluator: 34 finished. Result: 1127.0 correct out of 1250
Evaluator: 22 finished. Result: 1109.0 correct out of 1250
Evaluator: 36 finished. Result: 1113.0 correct out of 1250
Evaluator: 35 finished. Result: 1096.0 correct out of 1250
Evaluator: 27 finished. Result: 1120.0 correct out of 1250
Evaluator: 19 finished. Result: 1128.0 correct out of 1250
Evaluator: 28 finished. Result: 1125.0 correct out of 1250
Evaluator: 7 finished. Result: 1123.0 correct out of 1250
Evaluator: 8 finished. Result: 1128.0 correct out of 1250
Evaluator: 32 finished. Result: 1119.0 correct out of 1250
Evaluator: 3 finished. Result: 1109.0 correct out of 1250
Evaluator: 15 finished. Result: 1111.0 correct out of 1250
Evaluator: 13 finished. Result: 1128.0 correct out of 1250
Evaluator: 38 finished. Result: 1116.0 correct out of 1250
Evaluator: 25 finished. Result: 1119.0 correct out of 1250
Evaluator: 14 finished. Result: 1097.0 correct out of 1250
Evaluator: 12 finished. Result: 1131.0 correct out of 1250
RESULT REPORT:\N - Result matrix: 
[[ 1128.  1250.]
 [ 1108.  1250.]
 [ 1116.  1250.]
 [ 1109.  1250.]
 [ 1123.  1250.]
 [ 1131.  1250.]
 [ 1095.  1250.]
 [ 1123.  1250.]
 [ 1128.  1250.]
 [ 1110.  1250.]
 [ 1102.  1250.]
 [ 1132.  1250.]
 [ 1131.  1250.]
 [ 1128.  1250.]
 [ 1097.  1250.]
 [ 1111.  1250.]
 [ 1114.  1250.]
 [ 1105.  1250.]
 [ 1115.  1250.]
 [ 1128.  1250.]
 [ 1122.  1250.]
 [ 1124.  1250.]
 [ 1109.  1250.]
 [ 1111.  1250.]
 [ 1098.  1250.]
 [ 1119.  1250.]
 [ 1090.  1250.]
 [ 1120.  1250.]
 [ 1125.  1250.]
 [ 1122.  1250.]
 [ 1109.  1250.]
 [ 1107.  1250.]
 [ 1119.  1250.]
 [ 1108.  1250.]
 [ 1127.  1250.]
 [ 1096.  1250.]
 [ 1113.  1250.]
 [ 1108.  1250.]
 [ 1116.  1250.]
 [ 1113.  1250.]]
 - Sum: [ 44590.  50000.]
 - Correct: 44590.0 out of 50000.0
 - Accuracy: 0.8918
ThdID: 0, ErrCnt: Counter({'23': 77, '25': 11, '31': 10, '55': 5, '44': 3, '30': 3, '52': 2, '60': 2, '49': 2, '87': 2, '62': 1, '63': 1, '68': 1, '97': 1, '65': 1})
ThdID: 0, TotCnt: Counter({'23': 245, '25': 204, '30': 157, '31': 141, '44': 86, '49': 51, '46': 51, '45': 48, '55': 27, '54': 26, '52': 26, '57': 25, '61': 15, '62': 13, '67': 13, '65': 13, '59': 12, '63': 11, '60': 10, '68': 10, '64': 8, '66': 8, '71': 8, '80': 5, '70': 4, '81': 3, '75': 3, '53': 3, '87': 2, '98': 2, '91': 2, '96': 2, '110': 2, '83': 1, '119': 1, '84': 1, '106': 1, '78': 1, '123': 1, '73': 1, '100': 1, '95': 1, '97': 1, '115': 1, '76': 1, '108': 1, '111': 1})
ThdID: 0, sumErrCnt: Counter({'23': 77, '25': 11, '31': 10, '55': 5, '44': 3, '30': 3, '52': 2, '60': 2, '49': 2, '87': 2, '62': 1, '63': 1, '68': 1, '97': 1, '65': 1})
ThdID: 0, sumTotCnt: Counter({'23': 245, '25': 204, '30': 157, '31': 141, '44': 86, '49': 51, '46': 51, '45': 48, '55': 27, '54': 26, '52': 26, '57': 25, '61': 15, '62': 13, '67': 13, '65': 13, '59': 12, '63': 11, '60': 10, '68': 10, '64': 8, '66': 8, '71': 8, '80': 5, '70': 4, '81': 3, '75': 3, '53': 3, '87': 2, '98': 2, '91': 2, '96': 2, '110': 2, '83': 1, '119': 1, '84': 1, '106': 1, '78': 1, '123': 1, '73': 1, '100': 1, '95': 1, '97': 1, '115': 1, '76': 1, '108': 1, '111': 1})
ThdID: 1, ErrCnt: Counter({'23': 86, '31': 15, '25': 8, '55': 7, '30': 5, '61': 3, '66': 3, '59': 2, '52': 2, '60': 2, '68': 2, '95': 2, '46': 1, '63': 1, '81': 1, '44': 1, '84': 1})
ThdID: 1, TotCnt: Counter({'23': 221, '25': 190, '30': 170, '31': 138, '46': 69, '44': 67, '45': 50, '49': 46, '68': 23, '55': 23, '52': 23, '66': 21, '54': 21, '57': 20, '62': 19, '61': 14, '60': 13, '65': 13, '67': 11, '59': 11, '64': 11, '63': 8, '81': 8, '71': 8, '70': 8, '80': 7, '53': 7, '95': 4, '84': 3, '111': 2, '83': 2, '78': 2, '108': 2, '91': 2, '107': 2, '110': 2, '87': 1, '85': 1, '96': 1, '98': 1, '100': 1, '101': 1, '97': 1, '105': 1, '75': 1})
ThdID: 1, sumErrCnt: Counter({'23': 163, '31': 25, '25': 19, '55': 12, '30': 8, '60': 4, '44': 4, '52': 4, '61': 3, '66': 3, '68': 3, '63': 2, '49': 2, '87': 2, '95': 2, '59': 2, '62': 1, '81': 1, '84': 1, '46': 1, '97': 1, '65': 1})
ThdID: 1, sumTotCnt: Counter({'23': 466, '25': 394, '30': 327, '31': 279, '44': 153, '46': 120, '45': 98, '49': 97, '55': 50, '52': 49, '54': 47, '57': 45, '68': 33, '62': 32, '61': 29, '66': 29, '65': 26, '67': 24, '60': 23, '59': 23, '63': 19, '64': 19, '71': 16, '80': 12, '70': 12, '81': 11, '53': 10, '95': 5, '110': 4, '84': 4, '75': 4, '91': 4, '83': 3, '87': 3, '96': 3, '98': 3, '78': 3, '108': 3, '111': 3, '100': 2, '107': 2, '97': 2, '119': 1, '85': 1, '105': 1, '123': 1, '73': 1, '101': 1, '106': 1, '115': 1, '76': 1})
ThdID: 2, ErrCnt: Counter({'23': 89, '25': 13, '31': 7, '55': 4, '65': 4, '62': 2, '44': 2, '76': 1, '59': 1, '96': 1, '30': 1, '61': 1, '87': 1, '60': 1, '46': 1, '67': 1, '49': 1, '81': 1, '97': 1, '78': 1})
ThdID: 2, TotCnt: Counter({'25': 243, '23': 238, '31': 134, '30': 133, '44': 73, '46': 50, '45': 50, '49': 43, '55': 34, '54': 27, '57': 22, '52': 22, '62': 18, '63': 15, '67': 13, '60': 12, '66': 11, '71': 11, '59': 11, '65': 11, '64': 10, '61': 9, '68': 9, '81': 7, '80': 6, '70': 4, '84': 3, '108': 3, '91': 3, '78': 3, '75': 3, '53': 3, '83': 2, '100': 2, '106': 2, '76': 2, '111': 2, '87': 1, '105': 1, '96': 1, '98': 1, '73': 1, '97': 1})
ThdID: 2, sumErrCnt: Counter({'23': 252, '25': 32, '31': 32, '55': 16, '30': 9, '44': 6, '60': 5, '65': 5, '61': 4, '52': 4, '62': 3, '66': 3, '68': 3, '87': 3, '49': 3, '59': 3, '63': 2, '81': 2, '46': 2, '95': 2, '97': 2, '67': 1, '84': 1, '78': 1, '76': 1, '96': 1})
ThdID: 2, sumTotCnt: Counter({'23': 704, '25': 637, '30': 460, '31': 413, '44': 226, '46': 170, '45': 148, '49': 140, '55': 84, '54': 74, '52': 71, '57': 67, '62': 50, '68': 42, '66': 40, '61': 38, '67': 37, '65': 37, '60': 35, '63': 34, '59': 34, '64': 29, '71': 27, '80': 18, '81': 18, '70': 16, '53': 13, '84': 7, '75': 7, '91': 7, '78': 6, '108': 6, '83': 5, '95': 5, '111': 5, '110': 4, '87': 4, '96': 4, '98': 4, '100': 4, '106': 3, '97': 3, '76': 3, '73': 2, '107': 2, '105': 2, '119': 1, '85': 1, '123': 1, '101': 1, '115': 1})
ThdID: 3, ErrCnt: Counter({'23': 94, '25': 11, '31': 10, '55': 5, '81': 3, '30': 2, '63': 2, '64': 2, '59': 1, '54': 1, '61': 1, '60': 1, '76': 1, '75': 1, '66': 1, '67': 1, '68': 1, '80': 1, '95': 1, '44': 1})
ThdID: 3, TotCnt: Counter({'23': 227, '25': 206, '30': 166, '31': 136, '44': 65, '45': 58, '46': 51, '49': 49, '55': 33, '54': 33, '57': 31, '52': 22, '63': 14, '64': 14, '59': 13, '61': 12, '66': 12, '62': 11, '80': 10, '67': 9, '68': 9, '81': 9, '60': 8, '65': 8, '71': 7, '70': 5, '83': 4, '91': 4, '53': 4, '75': 3, '109': 3, '76': 2, '95': 2, '98': 2, '111': 2, '84': 1, '106': 1, '100': 1, '107': 1, '108': 1, '123': 1})
ThdID: 3, sumErrCnt: Counter({'23': 346, '25': 43, '31': 42, '55': 21, '30': 11, '44': 7, '60': 6, '61': 5, '65': 5, '81': 5, '63': 4, '66': 4, '68': 4, '59': 4, '52': 4, '62': 3, '87': 3, '49': 3, '95': 3, '64': 2, '67': 2, '46': 2, '76': 2, '97': 2, '80': 1, '84': 1, '78': 1, '75': 1, '96': 1, '54': 1})
ThdID: 3, sumTotCnt: Counter({'23': 931, '25': 843, '30': 626, '31': 549, '44': 291, '46': 221, '45': 206, '49': 189, '55': 117, '54': 107, '57': 98, '52': 93, '62': 61, '66': 52, '68': 51, '61': 50, '63': 48, '59': 47, '67': 46, '65': 45, '60': 43, '64': 43, '71': 34, '80': 28, '81': 27, '70': 21, '53': 17, '91': 11, '75': 10, '83': 9, '84': 8, '95': 7, '108': 7, '111': 7, '78': 6, '98': 6, '100': 5, '76': 5, '110': 4, '87': 4, '106': 4, '96': 4, '107': 3, '97': 3, '109': 3, '105': 2, '123': 2, '73': 2, '119': 1, '85': 1, '101': 1, '115': 1})
ThdID: 4, ErrCnt: Counter({'23': 79, '31': 11, '25': 6, '55': 5, '59': 3, '63': 3, '85': 3, '115': 2, '52': 2, '57': 2, '44': 1, '30': 1, '62': 1, '60': 1, '87': 1, '91': 1, '75': 1, '64': 1, '66': 1, '68': 1, '45': 1})
ThdID: 4, TotCnt: Counter({'23': 242, '25': 214, '30': 147, '31': 147, '45': 71, '44': 59, '46': 54, '49': 34, '57': 30, '55': 24, '52': 24, '62': 17, '68': 17, '63': 15, '67': 15, '60': 15, '54': 15, '64': 14, '66': 12, '61': 11, '65': 9, '59': 9, '81': 5, '70': 5, '91': 5, '115': 4, '80': 4, '71': 4, '83': 3, '85': 3, '98': 3, '87': 2, '75': 2, '109': 2, '100': 2, '53': 2, '111': 2, '119': 1, '84': 1, '78': 1, '72': 1, '97': 1, '96': 1, '110': 1})
ThdID: 4, sumErrCnt: Counter({'23': 425, '31': 53, '25': 49, '55': 26, '30': 12, '44': 8, '60': 7, '63': 7, '59': 7, '52': 6, '61': 5, '65': 5, '66': 5, '68': 5, '81': 5, '62': 4, '87': 4, '64': 3, '85': 3, '49': 3, '95': 3, '67': 2, '46': 2, '76': 2, '75': 2, '97': 2, '115': 2, '57': 2, '80': 1, '84': 1, '45': 1, '96': 1, '91': 1, '78': 1, '54': 1})
ThdID: 4, sumTotCnt: Counter({'23': 1173, '25': 1057, '30': 773, '31': 696, '44': 350, '45': 277, '46': 275, '49': 223, '55': 141, '57': 128, '54': 122, '52': 117, '62': 78, '68': 68, '66': 64, '63': 63, '61': 61, '67': 61, '60': 58, '64': 57, '59': 56, '65': 54, '71': 38, '80': 32, '81': 32, '70': 26, '53': 19, '91': 16, '83': 12, '75': 12, '84': 9, '98': 9, '111': 9, '78': 7, '100': 7, '95': 7, '108': 7, '87': 6, '110': 5, '96': 5, '115': 5, '76': 5, '109': 5, '85': 4, '106': 4, '97': 4, '107': 3, '119': 2, '123': 2, '73': 2, '105': 2, '72': 1, '101': 1})
ThdID: 5, ErrCnt: Counter({'23': 79, '31': 9, '25': 7, '59': 5, '55': 5, '76': 2, '64': 2, '44': 2, '30': 1, '115': 1, '62': 1, '66': 1, '67': 1, '68': 1, '100': 1, '81': 1})
ThdID: 5, TotCnt: Counter({'23': 232, '25': 190, '30': 163, '31': 146, '44': 77, '46': 62, '45': 60, '49': 41, '55': 24, '52': 23, '57': 21, '54': 20, '64': 19, '61': 15, '62': 15, '63': 15, '59': 15, '68': 13, '66': 12, '60': 10, '67': 10, '71': 10, '65': 9, '80': 7, '81': 6, '70': 6, '96': 3, '75': 3, '53': 3, '76': 2, '115': 2, '111': 2, '83': 1, '85': 1, '78': 1, '123': 1, '73': 1, '91': 1, '103': 1, '100': 1, '101': 1, '95': 1, '107': 1, '105': 1, '108': 1, '109': 1})
ThdID: 5, sumErrCnt: Counter({'23': 504, '31': 62, '25': 56, '55': 31, '30': 13, '59': 12, '44': 10, '60': 7, '63': 7, '66': 6, '68': 6, '81': 6, '52': 6, '61': 5, '62': 5, '64': 5, '65': 5, '87': 4, '76': 4, '67': 3, '85': 3, '49': 3, '95': 3, '115': 3, '46': 2, '75': 2, '97': 2, '57': 2, '80': 1, '84': 1, '45': 1, '78': 1, '91': 1, '100': 1, '96': 1, '54': 1})
ThdID: 5, sumTotCnt: Counter({'23': 1405, '25': 1247, '30': 936, '31': 842, '44': 427, '46': 337, '45': 337, '49': 264, '55': 165, '57': 149, '54': 142, '52': 140, '62': 93, '68': 81, '63': 78, '61': 76, '64': 76, '66': 76, '67': 71, '59': 71, '60': 68, '65': 63, '71': 48, '80': 39, '81': 38, '70': 32, '53': 22, '91': 17, '75': 15, '83': 13, '111': 11, '84': 9, '98': 9, '95': 8, '78': 8, '100': 8, '96': 8, '108': 8, '115': 7, '76': 7, '87': 6, '109': 6, '110': 5, '85': 5, '106': 4, '107': 4, '97': 4, '105': 3, '123': 3, '73': 3, '119': 2, '101': 2, '72': 1, '103': 1})
ThdID: 6, ErrCnt: Counter({'23': 98, '25': 17, '31': 11, '30': 4, '91': 2, '59': 2, '55': 2, '54': 2, '62': 2, '63': 2, '65': 2, '68': 2, '81': 2, '60': 1, '52': 1, '115': 1, '76': 1, '67': 1, '97': 1, '85': 1})
ThdID: 6, TotCnt: Counter({'23': 258, '25': 220, '30': 148, '31': 143, '46': 69, '44': 63, '45': 55, '49': 32, '54': 26, '52': 26, '55': 19, '57': 19, '66': 17, '59': 14, '62': 13, '61': 12, '65': 12, '60': 11, '63': 11, '67': 11, '68': 11, '81': 8, '71': 7, '70': 6, '64': 5, '91': 5, '80': 4, '84': 3, '83': 2, '85': 2, '98': 2, '100': 2, '106': 2, '78': 2, '115': 2, '87': 1, '105': 1, '75': 1, '97': 1, '76': 1, '53': 1, '111': 1, '110': 1})
ThdID: 6, sumErrCnt: Counter({'23': 602, '25': 73, '31': 73, '55': 33, '30': 17, '59': 14, '44': 10, '63': 9, '60': 8, '68': 8, '81': 8, '62': 7, '65': 7, '52': 7, '66': 6, '61': 5, '64': 5, '76': 5, '67': 4, '87': 4, '85': 4, '115': 4, '49': 3, '91': 3, '95': 3, '97': 3, '54': 3, '46': 2, '75': 2, '57': 2, '80': 1, '84': 1, '45': 1, '96': 1, '100': 1, '78': 1})
ThdID: 6, sumTotCnt: Counter({'23': 1663, '25': 1467, '30': 1084, '31': 985, '44': 490, '46': 406, '45': 392, '49': 296, '55': 184, '54': 168, '57': 168, '52': 166, '62': 106, '66': 93, '68': 92, '63': 89, '61': 88, '59': 85, '67': 82, '64': 81, '60': 79, '65': 75, '71': 55, '81': 46, '80': 43, '70': 38, '53': 23, '91': 22, '75': 16, '83': 15, '84': 12, '111': 12, '98': 11, '78': 10, '100': 10, '115': 9, '96': 8, '95': 8, '76': 8, '108': 8, '87': 7, '85': 7, '110': 6, '106': 6, '109': 6, '97': 5, '107': 4, '105': 4, '123': 3, '73': 3, '119': 2, '101': 2, '72': 1, '103': 1})
ThdID: 7, ErrCnt: Counter({'23': 81, '31': 12, '25': 7, '55': 4, '63': 4, '64': 3, '66': 2, '67': 2, '59': 1, '57': 1, '46': 1, '54': 1, '30': 1, '76': 1, '65': 1, '68': 1, '95': 1, '44': 1, '97': 1, '85': 1})
ThdID: 7, TotCnt: Counter({'23': 235, '25': 178, '30': 176, '31': 159, '44': 66, '46': 60, '45': 59, '49': 54, '55': 26, '54': 24, '52': 23, '57': 20, '64': 19, '60': 14, '63': 13, '66': 13, '61': 12, '59': 12, '62': 10, '65': 10, '80': 9, '71': 9, '67': 8, '68': 7, '70': 4, '83': 2, '81': 2, '85': 2, '95': 2, '109': 2, '91': 2, '97': 2, '75': 2, '78': 1, '76': 1, '108': 1, '72': 1, '100': 1, '101': 1, '106': 1, '107': 1, '105': 1, '115': 1, '98': 1, '53': 1, '111': 1, '110': 1})
ThdID: 7, sumErrCnt: Counter({'23': 683, '31': 85, '25': 80, '55': 37, '30': 18, '59': 15, '63': 13, '44': 11, '68': 9, '60': 8, '64': 8, '65': 8, '66': 8, '81': 8, '62': 7, '52': 7, '67': 6, '76': 6, '61': 5, '85': 5, '87': 4, '95': 4, '97': 4, '115': 4, '54': 4, '49': 3, '46': 3, '91': 3, '57': 3, '75': 2, '80': 1, '84': 1, '45': 1, '78': 1, '100': 1, '96': 1})
ThdID: 7, sumTotCnt: Counter({'23': 1898, '25': 1645, '30': 1260, '31': 1144, '44': 556, '46': 466, '45': 451, '49': 350, '55': 210, '54': 192, '52': 189, '57': 188, '62': 116, '66': 106, '63': 102, '61': 100, '64': 100, '68': 99, '59': 97, '60': 93, '67': 90, '65': 85, '71': 64, '80': 52, '81': 48, '70': 42, '91': 24, '53': 24, '75': 18, '83': 17, '111': 13, '84': 12, '98': 12, '78': 11, '100': 11, '95': 10, '115': 10, '85': 9, '76': 9, '108': 9, '96': 8, '109': 8, '110': 7, '87': 7, '106': 7, '97': 7, '105': 5, '107': 5, '123': 3, '73': 3, '101': 3, '119': 2, '72': 2, '103': 1})
ThdID: 8, ErrCnt: Counter({'23': 78, '31': 13, '55': 7, '25': 5, '59': 2, '49': 2, '68': 2, '30': 1, '54': 1, '52': 1, '60': 1, '61': 1, '62': 1, '63': 1, '64': 1, '65': 1, '95': 1, '44': 1, '97': 1, '85': 1})
ThdID: 8, TotCnt: Counter({'23': 258, '25': 200, '30': 159, '31': 152, '44': 73, '46': 62, '45': 44, '49': 32, '54': 30, '55': 29, '57': 25, '52': 24, '59': 17, '63': 15, '65': 14, '60': 11, '61': 11, '62': 11, '67': 10, '68': 10, '64': 8, '71': 7, '70': 7, '66': 6, '80': 6, '84': 5, '81': 3, '97': 2, '105': 2, '76': 2, '83': 1, '87': 1, '85': 1, '96': 1, '78': 1, '98': 1, '108': 1, '73': 1, '91': 1, '103': 1, '101': 1, '95': 1, '115': 1, '53': 1, '111': 1})
ThdID: 8, sumErrCnt: Counter({'23': 761, '31': 98, '25': 85, '55': 44, '30': 19, '59': 17, '63': 14, '44': 12, '68': 11, '60': 9, '64': 9, '65': 9, '62': 8, '66': 8, '81': 8, '52': 8, '61': 6, '67': 6, '85': 6, '76': 6, '49': 5, '95': 5, '97': 5, '54': 5, '87': 4, '115': 4, '46': 3, '91': 3, '57': 3, '75': 2, '80': 1, '84': 1, '45': 1, '96': 1, '100': 1, '78': 1})
ThdID: 8, sumTotCnt: Counter({'23': 2156, '25': 1845, '30': 1419, '31': 1296, '44': 629, '46': 528, '45': 495, '49': 382, '55': 239, '54': 222, '57': 213, '52': 213, '62': 127, '63': 117, '59': 114, '66': 112, '61': 111, '68': 109, '64': 108, '60': 104, '67': 100, '65': 99, '71': 71, '80': 58, '81': 51, '70': 49, '91': 25, '53': 25, '83': 18, '75': 18, '84': 17, '111': 14, '98': 13, '78': 12, '100': 11, '95': 11, '115': 11, '76': 11, '85': 10, '108': 10, '96': 9, '97': 9, '87': 8, '109': 8, '110': 7, '106': 7, '105': 7, '107': 5, '73': 4, '101': 4, '123': 3, '119': 2, '72': 2, '103': 2})
ThdID: 9, ErrCnt: Counter({'23': 87, '55': 7, '31': 7, '25': 6, '59': 5, '64': 4, '81': 4, '30': 3, '54': 3, '49': 2, '52': 2, '60': 2, '65': 2, '44': 2, '75': 1, '62': 1, '67': 1, '68': 1})
ThdID: 9, TotCnt: Counter({'23': 234, '25': 189, '30': 165, '31': 136, '44': 69, '46': 58, '45': 54, '49': 50, '52': 38, '55': 32, '54': 29, '57': 25, '65': 19, '62': 16, '67': 13, '68': 13, '60': 12, '64': 12, '59': 11, '63': 9, '66': 9, '81': 9, '71': 9, '61': 6, '96': 6, '98': 4, '70': 4, '100': 3, '95': 3, '53': 3, '83': 1, '84': 1, '106': 1, '105': 1, '78': 1, '108': 1, '91': 1, '103': 1, '101': 1, '75': 1})
ThdID: 9, sumErrCnt: Counter({'23': 848, '31': 105, '25': 91, '55': 51, '30': 22, '59': 22, '63': 14, '44': 14, '64': 13, '68': 12, '81': 12, '60': 11, '65': 11, '52': 10, '62': 9, '66': 8, '54': 8, '67': 7, '49': 7, '61': 6, '85': 6, '76': 6, '95': 5, '97': 5, '87': 4, '115': 4, '46': 3, '75': 3, '91': 3, '57': 3, '80': 1, '84': 1, '45': 1, '78': 1, '100': 1, '96': 1})
ThdID: 9, sumTotCnt: Counter({'23': 2390, '25': 2034, '30': 1584, '31': 1432, '44': 698, '46': 586, '45': 549, '49': 432, '55': 271, '54': 251, '52': 251, '57': 238, '62': 143, '63': 126, '59': 125, '68': 122, '66': 121, '64': 120, '65': 118, '61': 117, '60': 116, '67': 113, '71': 80, '81': 60, '80': 58, '70': 53, '53': 28, '91': 26, '83': 19, '75': 19, '84': 18, '98': 17, '96': 15, '95': 14, '100': 14, '111': 14, '78': 13, '115': 11, '76': 11, '108': 11, '85': 10, '97': 9, '87': 8, '105': 8, '106': 8, '109': 8, '110': 7, '101': 5, '107': 5, '73': 4, '123': 3, '103': 3, '119': 2, '72': 2})
ThdID: 10, ErrCnt: Counter({'23': 90, '31': 12, '55': 11, '25': 9, '59': 5, '87': 3, '52': 2, '61': 2, '63': 2, '66': 2, '68': 2, '44': 2, '30': 1, '62': 1, '60': 1, '108': 1, '46': 1, '95': 1})
ThdID: 10, TotCnt: Counter({'23': 211, '25': 210, '31': 165, '30': 153, '44': 82, '45': 53, '49': 44, '46': 37, '54': 33, '55': 29, '52': 28, '57': 25, '59': 20, '60': 17, '61': 16, '63': 15, '66': 14, '62': 13, '67': 13, '64': 9, '68': 8, '70': 8, '65': 6, '80': 5, '71': 5, '83': 3, '81': 3, '87': 3, '84': 3, '96': 3, '95': 2, '78': 2, '108': 2, '91': 2, '106': 2, '105': 1, '98': 1, '101': 1, '97': 1, '53': 1, '110': 1})
ThdID: 10, sumErrCnt: Counter({'23': 938, '31': 117, '25': 100, '55': 62, '59': 27, '30': 23, '63': 16, '44': 16, '68': 14, '64': 13, '60': 12, '81': 12, '52': 12, '65': 11, '62': 10, '66': 10, '61': 8, '54': 8, '67': 7, '87': 7, '49': 7, '85': 6, '76': 6, '95': 6, '97': 5, '46': 4, '115': 4, '75': 3, '91': 3, '57': 3, '80': 1, '84': 1, '45': 1, '96': 1, '100': 1, '78': 1, '108': 1})
ThdID: 10, sumTotCnt: Counter({'23': 2601, '25': 2244, '30': 1737, '31': 1597, '44': 780, '46': 623, '45': 602, '49': 476, '55': 300, '54': 284, '52': 279, '57': 263, '62': 156, '59': 145, '63': 141, '66': 135, '60': 133, '61': 133, '68': 130, '64': 129, '67': 126, '65': 124, '71': 85, '80': 63, '81': 63, '70': 61, '53': 29, '91': 28, '83': 22, '84': 21, '75': 19, '96': 18, '98': 18, '95': 16, '78': 15, '100': 14, '111': 14, '108': 13, '87': 11, '115': 11, '76': 11, '85': 10, '106': 10, '97': 10, '105': 9, '110': 8, '109': 8, '101': 6, '107': 5, '73': 4, '123': 3, '103': 3, '119': 2, '72': 2})
ThdID: 11, ErrCnt: Counter({'23': 71, '31': 14, '25': 12, '55': 5, '30': 3, '63': 2, '44': 2, '59': 1, '57': 1, '52': 1, '76': 1, '62': 1, '65': 1, '66': 1, '67': 1, '81': 1})
ThdID: 11, TotCnt: Counter({'25': 222, '23': 219, '31': 157, '30': 143, '44': 72, '46': 68, '45': 57, '49': 36, '54': 29, '55': 25, '57': 23, '52': 22, '63': 18, '64': 16, '60': 15, '62': 14, '68': 14, '61': 11, '67': 11, '65': 11, '66': 10, '71': 9, '59': 8, '70': 7, '81': 6, '83': 4, '96': 3, '115': 2, '103': 2, '78': 2, '53': 2, '111': 2, '80': 1, '119': 1, '87': 1, '84': 1, '105': 1, '76': 1, '72': 1, '91': 1, '107': 1, '97': 1})
ThdID: 11, sumErrCnt: Counter({'23': 1009, '31': 131, '25': 112, '55': 67, '59': 28, '30': 26, '63': 18, '44': 18, '68': 14, '64': 13, '81': 13, '52': 13, '60': 12, '65': 12, '62': 11, '66': 11, '61': 8, '67': 8, '54': 8, '87': 7, '49': 7, '76': 7, '85': 6, '95': 6, '97': 5, '46': 4, '115': 4, '57': 4, '75': 3, '91': 3, '80': 1, '84': 1, '45': 1, '78': 1, '100': 1, '96': 1, '108': 1})
ThdID: 11, sumTotCnt: Counter({'23': 2820, '25': 2466, '30': 1880, '31': 1754, '44': 852, '46': 691, '45': 659, '49': 512, '55': 325, '54': 313, '52': 301, '57': 286, '62': 170, '63': 159, '59': 153, '60': 148, '64': 145, '66': 145, '61': 144, '68': 144, '67': 137, '65': 135, '71': 94, '81': 69, '70': 68, '80': 64, '53': 31, '91': 29, '83': 26, '84': 22, '96': 21, '75': 19, '98': 18, '78': 17, '95': 16, '111': 16, '100': 14, '115': 13, '108': 13, '87': 12, '76': 12, '97': 11, '85': 10, '105': 10, '106': 10, '110': 8, '109': 8, '101': 6, '107': 6, '103': 5, '73': 4, '119': 3, '123': 3, '72': 3})
ThdID: 12, ErrCnt: Counter({'23': 83, '31': 9, '59': 5, '25': 4, '55': 3, '91': 2, '57': 1, '75': 1, '52': 1, '76': 1, '62': 1, '63': 1, '64': 1, '65': 1, '66': 1, '81': 1, '44': 1, '68': 1, '85': 1})
ThdID: 12, TotCnt: Counter({'23': 249, '25': 188, '31': 153, '30': 144, '44': 69, '45': 56, '49': 42, '46': 35, '52': 31, '55': 29, '54': 24, '64': 20, '57': 19, '62': 17, '66': 16, '65': 15, '67': 15, '59': 15, '61': 13, '68': 13, '60': 11, '63': 10, '71': 8, '81': 7, '70': 7, '80': 5, '75': 5, '91': 5, '78': 4, '53': 4, '83': 2, '84': 2, '101': 2, '108': 2, '87': 1, '85': 1, '95': 1, '96': 1, '76': 1, '123': 1, '73': 1, '103': 1, '100': 1, '106': 1, '98': 1, '109': 1, '110': 1})
ThdID: 12, sumErrCnt: Counter({'23': 1092, '31': 140, '25': 116, '55': 70, '59': 33, '30': 26, '63': 19, '44': 19, '68': 15, '64': 14, '81': 14, '52': 14, '65': 13, '60': 12, '62': 12, '66': 12, '61': 8, '67': 8, '76': 8, '54': 8, '87': 7, '85': 7, '49': 7, '95': 6, '91': 5, '97': 5, '57': 5, '46': 4, '75': 4, '115': 4, '80': 1, '84': 1, '45': 1, '96': 1, '100': 1, '78': 1, '108': 1})
ThdID: 12, sumTotCnt: Counter({'23': 3069, '25': 2654, '30': 2024, '31': 1907, '44': 921, '46': 726, '45': 715, '49': 554, '55': 354, '54': 337, '52': 332, '57': 305, '62': 187, '63': 169, '59': 168, '64': 165, '66': 161, '60': 159, '61': 157, '68': 157, '67': 152, '65': 150, '71': 102, '81': 76, '70': 75, '80': 69, '53': 35, '91': 34, '83': 28, '84': 24, '75': 24, '96': 22, '78': 21, '98': 19, '95': 17, '111': 16, '100': 15, '108': 15, '87': 13, '115': 13, '76': 13, '85': 11, '106': 11, '97': 11, '105': 10, '110': 9, '109': 9, '101': 8, '103': 6, '107': 6, '73': 5, '123': 4, '119': 3, '72': 3})
ThdID: 13, ErrCnt: Counter({'23': 80, '25': 10, '59': 5, '30': 4, '31': 3, '44': 3, '55': 2, '65': 2, '68': 2, '52': 2, '87': 2, '57': 1, '54': 1, '60': 1, '75': 1, '64': 1, '66': 1, '95': 1})
ThdID: 13, TotCnt: Counter({'23': 248, '25': 233, '30': 139, '31': 135, '44': 77, '46': 53, '49': 48, '45': 43, '57': 27, '54': 24, '52': 24, '55': 21, '59': 19, '61': 16, '68': 15, '64': 14, '65': 14, '63': 13, '66': 12, '62': 11, '67': 11, '80': 7, '70': 7, '60': 6, '71': 5, '81': 4, '53': 4, '76': 3, '98': 2, '87': 2, '84': 2, '78': 2, '101': 2, '83': 1, '96': 1, '75': 1, '103': 1, '95': 1, '105': 1, '132': 1})
ThdID: 13, sumErrCnt: Counter({'23': 1172, '31': 143, '25': 126, '55': 72, '59': 38, '30': 30, '44': 22, '63': 19, '68': 17, '52': 16, '64': 15, '65': 15, '81': 14, '60': 13, '66': 13, '62': 12, '87': 9, '54': 9, '61': 8, '67': 8, '76': 8, '85': 7, '49': 7, '95': 7, '57': 6, '75': 5, '91': 5, '97': 5, '46': 4, '115': 4, '80': 1, '84': 1, '45': 1, '78': 1, '100': 1, '96': 1, '108': 1})
ThdID: 13, sumTotCnt: Counter({'23': 3317, '25': 2887, '30': 2163, '31': 2042, '44': 998, '46': 779, '45': 758, '49': 602, '55': 375, '54': 361, '52': 356, '57': 332, '62': 198, '59': 187, '63': 182, '64': 179, '61': 173, '66': 173, '68': 172, '60': 165, '65': 164, '67': 163, '71': 107, '70': 82, '81': 80, '80': 76, '53': 39, '91': 34, '83': 29, '84': 26, '75': 25, '78': 23, '96': 23, '98': 21, '95': 18, '76': 16, '111': 16, '87': 15, '100': 15, '108': 15, '115': 13, '85': 11, '105': 11, '106': 11, '97': 11, '101': 10, '110': 9, '109': 9, '103': 7, '107': 6, '73': 5, '123': 4, '119': 3, '72': 3, '132': 1})
ThdID: 14, ErrCnt: Counter({'23': 91, '31': 10, '55': 7, '25': 6, '30': 4, '52': 4, '44': 4, '59': 3, '62': 3, '68': 3, '85': 3, '57': 2, '63': 2, '64': 2, '81': 2, '95': 2, '54': 1, '60': 1, '65': 1, '67': 1, '100': 1})
ThdID: 14, TotCnt: Counter({'23': 247, '25': 192, '30': 149, '31': 123, '44': 83, '46': 63, '45': 55, '49': 39, '55': 33, '52': 32, '54': 26, '57': 22, '63': 17, '64': 17, '62': 14, '59': 14, '67': 13, '60': 12, '68': 12, '66': 10, '61': 9, '65': 8, '71': 8, '81': 7, '80': 6, '70': 5, '84': 4, '85': 4, '78': 3, '53': 3, '109': 2, '100': 2, '95': 2, '110': 2, '83': 1, '119': 1, '96': 1, '98': 1, '75': 1, '72': 1, '91': 1, '103': 1, '101': 1, '107': 1, '115': 1, '111': 1})
ThdID: 14, sumErrCnt: Counter({'23': 1263, '31': 153, '25': 132, '55': 79, '59': 41, '30': 34, '44': 26, '63': 21, '68': 20, '52': 20, '64': 17, '65': 16, '81': 16, '62': 15, '60': 14, '66': 13, '85': 10, '54': 10, '67': 9, '87': 9, '95': 9, '61': 8, '76': 8, '57': 8, '49': 7, '75': 5, '91': 5, '97': 5, '46': 4, '115': 4, '100': 2, '80': 1, '84': 1, '45': 1, '96': 1, '78': 1, '108': 1})
ThdID: 14, sumTotCnt: Counter({'23': 3564, '25': 3079, '30': 2312, '31': 2165, '44': 1081, '46': 842, '45': 813, '49': 641, '55': 408, '52': 388, '54': 387, '57': 354, '62': 212, '59': 201, '63': 199, '64': 196, '68': 184, '66': 183, '61': 182, '60': 177, '67': 176, '65': 172, '71': 115, '81': 87, '70': 87, '80': 82, '53': 42, '91': 35, '83': 30, '84': 30, '78': 26, '75': 26, '96': 24, '98': 22, '95': 20, '100': 17, '111': 17, '76': 16, '87': 15, '85': 15, '108': 15, '115': 14, '110': 11, '106': 11, '101': 11, '97': 11, '105': 11, '109': 11, '103': 8, '107': 7, '73': 5, '119': 4, '123': 4, '72': 4, '132': 1})
ThdID: 15, ErrCnt: Counter({'23': 89, '25': 11, '31': 7, '30': 4, '55': 4, '59': 3, '75': 3, '62': 2, '63': 2, '66': 2, '67': 2, '44': 2, '49': 1, '52': 1, '60': 1, '61': 1, '65': 1, '81': 1, '95': 1, '85': 1})
ThdID: 15, TotCnt: Counter({'23': 269, '25': 210, '30': 167, '31': 124, '44': 70, '46': 55, '45': 41, '49': 38, '52': 29, '55': 24, '54': 24, '57': 21, '63': 16, '65': 14, '59': 14, '67': 13, '68': 13, '62': 12, '71': 12, '61': 10, '80': 10, '64': 9, '66': 9, '60': 8, '81': 4, '70': 4, '108': 4, '53': 4, '75': 3, '83': 2, '84': 2, '85': 2, '91': 2, '100': 2, '95': 2, '115': 2, '103': 1, '107': 1, '78': 1, '111': 1, '110': 1})
ThdID: 15, sumErrCnt: Counter({'23': 1352, '31': 160, '25': 143, '55': 83, '59': 44, '30': 38, '44': 28, '63': 23, '52': 21, '68': 20, '62': 17, '64': 17, '65': 17, '81': 17, '60': 15, '66': 15, '67': 11, '85': 11, '95': 10, '54': 10, '61': 9, '87': 9, '49': 8, '76': 8, '75': 8, '57': 8, '91': 5, '97': 5, '46': 4, '115': 4, '100': 2, '80': 1, '84': 1, '45': 1, '78': 1, '96': 1, '108': 1})
ThdID: 15, sumTotCnt: Counter({'23': 3833, '25': 3289, '30': 2479, '31': 2289, '44': 1151, '46': 897, '45': 854, '49': 679, '55': 432, '52': 417, '54': 411, '57': 375, '62': 224, '63': 215, '59': 215, '64': 205, '68': 197, '61': 192, '66': 192, '67': 189, '65': 186, '60': 185, '71': 127, '80': 92, '81': 91, '70': 91, '53': 46, '91': 37, '83': 32, '84': 32, '75': 29, '78': 27, '96': 24, '95': 22, '98': 22, '100': 19, '108': 19, '111': 18, '85': 17, '76': 16, '115': 16, '87': 15, '110': 12, '105': 11, '101': 11, '106': 11, '97': 11, '109': 11, '103': 9, '107': 8, '73': 5, '119': 4, '123': 4, '72': 4, '132': 1})
ThdID: 16, ErrCnt: Counter({'23': 96, '31': 10, '25': 8, '55': 3, '59': 2, '52': 2, '67': 2, '45': 1, '46': 1, '49': 1, '108': 1, '76': 1, '62': 1, '63': 1, '64': 1, '65': 1, '30': 1, '80': 1, '95': 1, '44': 1})
ThdID: 16, TotCnt: Counter({'23': 245, '25': 206, '31': 162, '30': 155, '44': 93, '46': 53, '49': 46, '45': 41, '55': 22, '54': 19, '57': 17, '67': 16, '52': 16, '63': 14, '64': 13, '68': 13, '61': 12, '71': 12, '59': 12, '60': 10, '65': 10, '62': 9, '80': 9, '66': 7, '75': 4, '70': 4, '91': 4, '78': 4, '83': 3, '103': 2, '108': 2, '53': 2, '111': 2, '81': 1, '85': 1, '95': 1, '96': 1, '76': 1, '73': 1, '100': 1, '101': 1, '106': 1, '98': 1, '110': 1})
ThdID: 16, sumErrCnt: Counter({'23': 1448, '31': 170, '25': 151, '55': 86, '59': 46, '30': 39, '44': 29, '63': 24, '52': 23, '68': 20, '62': 18, '64': 18, '65': 18, '81': 17, '60': 15, '66': 15, '67': 13, '85': 11, '95': 11, '54': 10, '61': 9, '87': 9, '49': 9, '76': 9, '75': 8, '57': 8, '46': 5, '91': 5, '97': 5, '115': 4, '80': 2, '45': 2, '100': 2, '108': 2, '84': 1, '96': 1, '78': 1})
ThdID: 16, sumTotCnt: Counter({'23': 4078, '25': 3495, '30': 2634, '31': 2451, '44': 1244, '46': 950, '45': 895, '49': 725, '55': 454, '52': 433, '54': 430, '57': 392, '62': 233, '63': 229, '59': 227, '64': 218, '68': 210, '67': 205, '61': 204, '66': 199, '65': 196, '60': 195, '71': 139, '80': 101, '70': 95, '81': 92, '53': 48, '91': 41, '83': 35, '75': 33, '84': 32, '78': 31, '96': 25, '98': 23, '95': 23, '108': 21, '100': 20, '111': 20, '85': 18, '76': 17, '115': 16, '87': 15, '110': 13, '106': 12, '101': 12, '103': 11, '97': 11, '105': 11, '109': 11, '107': 8, '73': 6, '119': 4, '123': 4, '72': 4, '132': 1})
ThdID: 17, ErrCnt: Counter({'23': 104, '31': 7, '25': 5, '55': 5, '30': 4, '59': 2, '44': 2, '52': 2, '66': 2, '96': 2, '81': 1, '61': 1, '76': 1, '75': 1, '63': 1, '64': 1, '65': 1, '91': 1, '85': 1, '97': 1})
ThdID: 17, TotCnt: Counter({'23': 263, '25': 199, '31': 160, '30': 158, '44': 67, '45': 50, '46': 42, '49': 37, '52': 30, '55': 26, '54': 20, '71': 17, '57': 17, '64': 15, '67': 14, '59': 14, '66': 13, '68': 12, '60': 11, '61': 11, '63': 10, '62': 9, '70': 9, '65': 7, '81': 7, '53': 4, '76': 3, '111': 3, '110': 3, '80': 2, '84': 2, '75': 2, '95': 2, '107': 2, '96': 2, '119': 1, '85': 1, '105': 1, '109': 1, '73': 1, '91': 1, '97': 1})
ThdID: 17, sumErrCnt: Counter({'23': 1552, '31': 177, '25': 156, '55': 91, '59': 48, '30': 43, '44': 31, '63': 25, '52': 25, '68': 20, '64': 19, '65': 19, '62': 18, '81': 18, '66': 17, '60': 15, '67': 13, '85': 12, '95': 11, '61': 10, '76': 10, '54': 10, '87': 9, '49': 9, '75': 9, '57': 8, '91': 6, '97': 6, '46': 5, '115': 4, '96': 3, '80': 2, '45': 2, '100': 2, '108': 2, '84': 1, '78': 1})
ThdID: 17, sumTotCnt: Counter({'23': 4341, '25': 3694, '30': 2792, '31': 2611, '44': 1311, '46': 992, '45': 945, '49': 762, '55': 480, '52': 463, '54': 450, '57': 409, '62': 242, '59': 241, '63': 239, '64': 233, '68': 222, '67': 219, '61': 215, '66': 212, '60': 206, '65': 203, '71': 156, '70': 104, '80': 103, '81': 99, '53': 52, '91': 42, '83': 35, '75': 35, '84': 34, '78': 31, '96': 27, '95': 25, '98': 23, '111': 23, '108': 21, '100': 20, '76': 20, '85': 19, '110': 16, '115': 16, '87': 15, '105': 12, '101': 12, '106': 12, '97': 12, '109': 12, '103': 11, '107': 10, '73': 7, '119': 5, '123': 4, '72': 4, '132': 1})
ThdID: 18, ErrCnt: Counter({'23': 83, '25': 12, '31': 12, '30': 6, '55': 4, '59': 2, '54': 2, '44': 2, '61': 2, '52': 2, '65': 2, '60': 1, '46': 1, '63': 1, '64': 1, '67': 1, '96': 1})
ThdID: 18, TotCnt: Counter({'23': 232, '25': 197, '30': 175, '31': 147, '44': 80, '45': 63, '46': 49, '55': 29, '52': 29, '49': 28, '57': 25, '64': 17, '66': 15, '68': 15, '60': 14, '61': 14, '63': 14, '54': 14, '67': 12, '59': 12, '62': 11, '71': 11, '65': 10, '80': 7, '81': 5, '70': 5, '83': 4, '53': 4, '75': 3, '106': 2, '111': 2, '96': 1, '105': 1, '91': 1, '101': 1, '78': 1})
ThdID: 18, sumErrCnt: Counter({'23': 1635, '31': 189, '25': 168, '55': 95, '59': 50, '30': 49, '44': 33, '52': 27, '63': 26, '65': 21, '64': 20, '68': 20, '62': 18, '81': 18, '66': 17, '60': 16, '67': 14, '61': 12, '85': 12, '54': 12, '95': 11, '76': 10, '87': 9, '49': 9, '75': 9, '57': 8, '46': 6, '91': 6, '97': 6, '96': 4, '115': 4, '80': 2, '45': 2, '100': 2, '108': 2, '84': 1, '78': 1})
ThdID: 18, sumTotCnt: Counter({'23': 4573, '25': 3891, '30': 2967, '31': 2758, '44': 1391, '46': 1041, '45': 1008, '49': 790, '55': 509, '52': 492, '54': 464, '57': 434, '62': 253, '63': 253, '59': 253, '64': 250, '68': 237, '67': 231, '61': 229, '66': 227, '60': 220, '65': 213, '71': 167, '80': 110, '70': 109, '81': 104, '53': 56, '91': 43, '83': 39, '75': 38, '84': 34, '78': 32, '96': 28, '95': 25, '111': 25, '98': 23, '108': 21, '76': 20, '100': 20, '85': 19, '110': 16, '115': 16, '87': 15, '106': 14, '101': 13, '105': 13, '97': 12, '109': 12, '103': 11, '107': 10, '73': 7, '119': 5, '123': 4, '72': 4, '132': 1})
ThdID: 19, ErrCnt: Counter({'23': 71, '31': 15, '25': 7, '55': 4, '44': 3, '59': 2, '62': 2, '52': 2, '63': 2, '97': 2, '67': 2, '85': 2, '46': 1, '61': 1, '108': 1, '64': 1, '81': 1, '95': 1, '57': 1, '84': 1})
ThdID: 19, TotCnt: Counter({'23': 229, '25': 189, '30': 176, '31': 165, '44': 71, '45': 55, '46': 46, '49': 38, '54': 27, '55': 24, '62': 23, '57': 23, '60': 18, '52': 18, '67': 15, '66': 13, '68': 13, '59': 13, '63': 11, '65': 10, '61': 9, '64': 9, '71': 8, '70': 7, '53': 6, '80': 5, '81': 5, '84': 5, '91': 3, '95': 3, '85': 2, '108': 2, '100': 2, '97': 2, '83': 1, '98': 1, '103': 1, '78': 1, '75': 1})
ThdID: 19, sumErrCnt: Counter({'23': 1706, '31': 204, '25': 175, '55': 99, '59': 52, '30': 49, '44': 36, '52': 29, '63': 28, '64': 21, '65': 21, '62': 20, '68': 20, '81': 19, '66': 17, '60': 16, '67': 16, '85': 14, '61': 13, '95': 12, '54': 12, '76': 10, '87': 9, '49': 9, '75': 9, '57': 9, '97': 8, '46': 7, '91': 6, '96': 4, '115': 4, '108': 3, '80': 2, '84': 2, '45': 2, '100': 2, '78': 1})
ThdID: 19, sumTotCnt: Counter({'23': 4802, '25': 4080, '30': 3143, '31': 2923, '44': 1462, '46': 1087, '45': 1063, '49': 828, '55': 533, '52': 510, '54': 491, '57': 457, '62': 276, '59': 266, '63': 264, '64': 259, '68': 250, '67': 246, '66': 240, '60': 238, '61': 238, '65': 223, '71': 175, '70': 116, '80': 115, '81': 109, '53': 62, '91': 46, '83': 40, '84': 39, '75': 39, '78': 33, '95': 28, '96': 28, '111': 25, '98': 24, '108': 23, '100': 22, '85': 21, '76': 20, '110': 16, '115': 16, '87': 15, '106': 14, '97': 14, '105': 13, '101': 13, '103': 12, '109': 12, '107': 10, '73': 7, '119': 5, '123': 4, '72': 4, '132': 1})
ThdID: 20, ErrCnt: Counter({'23': 72, '31': 13, '25': 11, '55': 7, '59': 4, '44': 3, '65': 3, '30': 2, '52': 2, '64': 2, '66': 2, '45': 1, '61': 1, '60': 1, '76': 1, '67': 1, '68': 1, '80': 1})
ThdID: 20, TotCnt: Counter({'23': 221, '25': 216, '30': 166, '31': 153, '44': 60, '46': 58, '49': 47, '45': 47, '52': 34, '55': 24, '57': 23, '62': 19, '54': 19, '68': 16, '65': 15, '66': 14, '59': 14, '60': 13, '63': 13, '67': 12, '61': 11, '64': 9, '78': 5, '80': 4, '71': 4, '70': 4, '91': 4, '84': 3, '106': 3, '53': 3, '76': 2, '123': 2, '98': 2, '81': 1, '119': 1, '95': 1, '96': 1, '105': 1, '75': 1, '100': 1, '101': 1, '107': 1, '97': 1})
ThdID: 20, sumErrCnt: Counter({'23': 1778, '31': 217, '25': 186, '55': 106, '59': 56, '30': 51, '44': 39, '52': 31, '63': 28, '65': 24, '64': 23, '68': 21, '62': 20, '66': 19, '81': 19, '60': 17, '67': 17, '61': 14, '85': 14, '95': 12, '54': 12, '76': 11, '87': 9, '49': 9, '75': 9, '57': 9, '97': 8, '46': 7, '91': 6, '96': 4, '115': 4, '80': 3, '45': 3, '108': 3, '84': 2, '100': 2, '78': 1})
ThdID: 20, sumTotCnt: Counter({'23': 5023, '25': 4296, '30': 3309, '31': 3076, '44': 1522, '46': 1145, '45': 1110, '49': 875, '55': 557, '52': 544, '54': 510, '57': 480, '62': 295, '59': 280, '63': 277, '64': 268, '68': 266, '67': 258, '66': 254, '60': 251, '61': 249, '65': 238, '71': 179, '70': 120, '80': 119, '81': 110, '53': 65, '91': 50, '84': 42, '83': 40, '75': 40, '78': 38, '96': 29, '95': 29, '98': 26, '111': 25, '100': 23, '108': 23, '76': 22, '85': 21, '106': 17, '110': 16, '115': 16, '87': 15, '97': 15, '101': 14, '105': 14, '103': 12, '109': 12, '107': 11, '73': 7, '119': 6, '123': 6, '72': 4, '132': 1})
ThdID: 21, ErrCnt: Counter({'23': 80, '25': 10, '31': 10, '59': 3, '65': 3, '55': 2, '49': 2, '52': 2, '64': 2, '67': 2, '30': 1, '57': 1, '54': 1, '60': 1, '76': 1, '62': 1, '63': 1, '66': 1, '81': 1, '44': 1})
ThdID: 21, TotCnt: Counter({'23': 252, '25': 213, '30': 140, '31': 139, '44': 67, '46': 62, '45': 57, '49': 39, '52': 24, '55': 22, '57': 21, '54': 20, '64': 17, '59': 17, '60': 16, '63': 16, '71': 16, '66': 15, '67': 11, '61': 10, '68': 10, '70': 10, '65': 9, '62': 8, '81': 6, '80': 4, '84': 4, '91': 3, '78': 3, '53': 3, '105': 2, '75': 2, '106': 2, '83': 1, '95': 1, '96': 1, '76': 1, '109': 1, '72': 1, '101': 1, '97': 1, '115': 1, '108': 1})
ThdID: 21, sumErrCnt: Counter({'23': 1858, '31': 227, '25': 196, '55': 108, '59': 59, '30': 52, '44': 40, '52': 33, '63': 29, '65': 27, '64': 25, '62': 21, '68': 21, '66': 20, '81': 20, '67': 19, '60': 18, '61': 14, '85': 14, '54': 13, '76': 12, '95': 12, '49': 11, '57': 10, '87': 9, '75': 9, '97': 8, '46': 7, '91': 6, '96': 4, '115': 4, '80': 3, '45': 3, '108': 3, '84': 2, '100': 2, '78': 1})
ThdID: 21, sumTotCnt: Counter({'23': 5275, '25': 4509, '30': 3449, '31': 3215, '44': 1589, '46': 1207, '45': 1167, '49': 914, '55': 579, '52': 568, '54': 530, '57': 501, '62': 303, '59': 297, '63': 293, '64': 285, '68': 276, '66': 269, '67': 269, '60': 267, '61': 259, '65': 247, '71': 195, '70': 130, '80': 123, '81': 116, '53': 68, '91': 53, '84': 46, '75': 42, '83': 41, '78': 41, '95': 30, '96': 30, '98': 26, '111': 25, '108': 24, '100': 23, '76': 23, '85': 21, '106': 19, '115': 17, '110': 16, '105': 16, '97': 16, '87': 15, '101': 15, '109': 13, '103': 12, '107': 11, '73': 7, '119': 6, '123': 6, '72': 5, '132': 1})
ThdID: 22, ErrCnt: Counter({'23': 86, '31': 12, '25': 9, '59': 5, '55': 4, '52': 4, '44': 3, '61': 2, '67': 2, '30': 2, '63': 1, '64': 1, '49': 1, '68': 1, '81': 1, '46': 1, '75': 1, '91': 1, '97': 1, '54': 1, '57': 1, '108': 1})
ThdID: 22, TotCnt: Counter({'23': 221, '25': 211, '30': 163, '31': 161, '44': 76, '45': 59, '46': 51, '49': 43, '54': 28, '52': 26, '65': 23, '55': 20, '57': 18, '68': 14, '60': 13, '61': 13, '62': 12, '64': 12, '67': 11, '59': 11, '63': 10, '66': 10, '80': 8, '71': 8, '81': 3, '96': 3, '108': 3, '70': 3, '53': 3, '91': 2, '106': 2, '75': 2, '83': 1, '78': 1, '109': 1, '103': 1, '100': 1, '97': 1, '105': 1})
ThdID: 22, sumErrCnt: Counter({'23': 1944, '31': 239, '25': 205, '55': 112, '59': 64, '30': 54, '44': 43, '52': 37, '63': 30, '65': 27, '64': 26, '68': 22, '62': 21, '67': 21, '81': 21, '66': 20, '60': 18, '61': 16, '85': 14, '54': 14, '49': 12, '76': 12, '95': 12, '57': 11, '75': 10, '87': 9, '97': 9, '46': 8, '91': 7, '96': 4, '115': 4, '108': 4, '80': 3, '45': 3, '84': 2, '100': 2, '78': 1})
ThdID: 22, sumTotCnt: Counter({'23': 5496, '25': 4720, '30': 3612, '31': 3376, '44': 1665, '46': 1258, '45': 1226, '49': 957, '55': 599, '52': 594, '54': 558, '57': 519, '62': 315, '59': 308, '63': 303, '64': 297, '68': 290, '60': 280, '67': 280, '66': 279, '61': 272, '65': 270, '71': 203, '70': 133, '80': 131, '81': 119, '53': 71, '91': 55, '84': 46, '75': 44, '83': 42, '78': 42, '96': 33, '95': 30, '108': 27, '98': 26, '111': 25, '100': 24, '76': 23, '85': 21, '106': 21, '97': 17, '105': 17, '115': 17, '110': 16, '87': 15, '101': 15, '109': 14, '103': 13, '107': 11, '73': 7, '119': 6, '123': 6, '72': 5, '132': 1})
ThdID: 23, ErrCnt: Counter({'23': 89, '31': 10, '25': 8, '59': 8, '55': 4, '63': 3, '54': 2, '30': 2, '44': 2, '61': 2, '66': 2, '67': 2, '91': 2, '57': 2, '45': 1})
ThdID: 23, TotCnt: Counter({'23': 218, '25': 185, '31': 176, '30': 159, '45': 60, '44': 58, '46': 52, '49': 46, '54': 30, '52': 24, '55': 23, '59': 22, '57': 19, '61': 18, '63': 18, '66': 18, '68': 18, '64': 13, '60': 12, '67': 12, '62': 11, '65': 11, '71': 11, '91': 5, '80': 4, '81': 4, '78': 4, '70': 3, '95': 3, '83': 2, '84': 2, '53': 2, '119': 1, '76': 1, '75': 1, '72': 1, '101': 1, '108': 1, '111': 1})
ThdID: 23, sumErrCnt: Counter({'23': 2033, '31': 249, '25': 213, '55': 116, '59': 72, '30': 56, '44': 45, '52': 37, '63': 33, '65': 27, '64': 26, '67': 23, '66': 22, '68': 22, '62': 21, '81': 21, '60': 18, '61': 18, '54': 16, '85': 14, '57': 13, '49': 12, '76': 12, '95': 12, '75': 10, '87': 9, '91': 9, '97': 9, '46': 8, '45': 4, '96': 4, '115': 4, '108': 4, '80': 3, '84': 2, '100': 2, '78': 1})
ThdID: 23, sumTotCnt: Counter({'23': 5714, '25': 4905, '30': 3771, '31': 3552, '44': 1723, '46': 1310, '45': 1286, '49': 1003, '55': 622, '52': 618, '54': 588, '57': 538, '59': 330, '62': 326, '63': 321, '64': 310, '68': 308, '66': 297, '60': 292, '67': 292, '61': 290, '65': 281, '71': 214, '70': 136, '80': 135, '81': 123, '53': 73, '91': 60, '84': 48, '78': 46, '75': 45, '83': 44, '95': 33, '96': 33, '108': 28, '98': 26, '111': 26, '76': 24, '100': 24, '85': 21, '106': 21, '105': 17, '97': 17, '115': 17, '110': 16, '101': 16, '87': 15, '109': 14, '103': 13, '107': 11, '119': 7, '73': 7, '123': 6, '72': 6, '132': 1})
ThdID: 24, ErrCnt: Counter({'23': 86, '25': 13, '31': 9, '59': 8, '55': 6, '30': 4, '61': 2, '49': 2, '67': 2, '68': 2, '44': 2, '54': 2, '52': 2, '60': 1, '62': 1, '66': 1, '81': 1, '85': 1, '46': 1, '76': 1, '71': 1, '91': 1, '95': 1, '78': 1, '57': 1})
ThdID: 24, TotCnt: Counter({'23': 224, '25': 217, '30': 160, '31': 157, '44': 71, '46': 48, '49': 39, '45': 38, '54': 35, '55': 23, '52': 23, '57': 22, '61': 18, '62': 18, '65': 18, '59': 15, '68': 14, '71': 12, '60': 11, '64': 11, '66': 11, '67': 8, '81': 8, '63': 6, '80': 6, '70': 5, '96': 4, '78': 3, '101': 3, '53': 3, '83': 2, '76': 2, '91': 2, '87': 1, '84': 1, '85': 1, '95': 1, '105': 1, '75': 1, '123': 1, '106': 1, '107': 1, '97': 1, '115': 1, '98': 1, '109': 1})
ThdID: 24, sumErrCnt: Counter({'23': 2119, '31': 258, '25': 226, '55': 122, '59': 80, '30': 60, '44': 47, '52': 39, '63': 33, '65': 27, '64': 26, '67': 25, '68': 24, '66': 23, '62': 22, '81': 22, '61': 20, '60': 19, '54': 18, '85': 15, '49': 14, '57': 14, '76': 13, '95': 13, '75': 10, '91': 10, '87': 9, '46': 9, '97': 9, '45': 4, '96': 4, '115': 4, '108': 4, '80': 3, '84': 2, '100': 2, '78': 2, '71': 1})
ThdID: 24, sumTotCnt: Counter({'23': 5938, '25': 5122, '30': 3931, '31': 3709, '44': 1794, '46': 1358, '45': 1324, '49': 1042, '55': 645, '52': 641, '54': 623, '57': 560, '59': 345, '62': 344, '63': 327, '68': 322, '64': 321, '61': 308, '66': 308, '60': 303, '67': 300, '65': 299, '71': 226, '80': 141, '70': 141, '81': 131, '53': 76, '91': 62, '84': 49, '78': 49, '83': 46, '75': 46, '96': 37, '95': 34, '108': 28, '98': 27, '76': 26, '111': 26, '100': 24, '85': 22, '106': 22, '101': 19, '97': 18, '105': 18, '115': 18, '110': 16, '87': 16, '109': 15, '103': 13, '107': 12, '119': 7, '123': 7, '73': 7, '72': 6, '132': 1})
ThdID: 25, ErrCnt: Counter({'23': 84, '25': 8, '55': 7, '30': 4, '59': 3, '31': 3, '60': 3, '67': 3, '62': 2, '63': 2, '49': 2, '68': 2, '75': 1, '44': 1, '61': 1, '52': 1, '108': 1, '81': 1, '95': 1, '87': 1})
ThdID: 25, TotCnt: Counter({'23': 228, '25': 199, '30': 158, '31': 136, '44': 74, '45': 64, '46': 55, '49': 38, '55': 32, '52': 32, '57': 21, '63': 20, '62': 18, '54': 18, '67': 14, '71': 14, '59': 13, '61': 12, '68': 12, '65': 12, '60': 11, '64': 11, '66': 11, '80': 10, '81': 6, '78': 6, '70': 4, '83': 2, '87': 2, '84': 2, '95': 2, '106': 2, '96': 1, '98': 1, '75': 1, '123': 1, '73': 1, '101': 1, '97': 1, '115': 1, '108': 1, '53': 1, '109': 1})
ThdID: 25, sumErrCnt: Counter({'23': 2203, '31': 261, '25': 234, '55': 129, '59': 83, '30': 64, '44': 48, '52': 40, '63': 35, '67': 28, '65': 27, '64': 26, '68': 26, '62': 24, '66': 23, '81': 23, '60': 22, '61': 21, '54': 18, '49': 16, '85': 15, '95': 14, '57': 14, '76': 13, '75': 11, '87': 10, '91': 10, '46': 9, '97': 9, '108': 5, '45': 4, '96': 4, '115': 4, '80': 3, '84': 2, '78': 2, '100': 2, '71': 1})
ThdID: 25, sumTotCnt: Counter({'23': 6166, '25': 5321, '30': 4089, '31': 3845, '44': 1868, '46': 1413, '45': 1388, '49': 1080, '55': 677, '52': 673, '54': 641, '57': 581, '62': 362, '59': 358, '63': 347, '68': 334, '64': 332, '61': 320, '66': 319, '60': 314, '67': 314, '65': 311, '71': 240, '80': 151, '70': 145, '81': 137, '53': 77, '91': 62, '78': 55, '84': 51, '83': 48, '75': 47, '96': 38, '95': 36, '108': 29, '98': 28, '76': 26, '111': 26, '100': 24, '106': 24, '85': 22, '101': 20, '97': 19, '115': 19, '87': 18, '105': 18, '110': 16, '109': 16, '103': 13, '107': 12, '123': 8, '73': 8, '119': 7, '72': 6, '132': 1})
ThdID: 26, ErrCnt: Counter({'23': 93, '31': 14, '25': 10, '55': 9, '52': 8, '59': 4, '30': 3, '66': 2, '67': 2, '44': 2, '76': 2, '60': 1, '62': 1, '64': 1, '49': 1, '68': 1, '85': 1, '75': 1, '91': 1, '95': 1, '97': 1, '65': 1})
ThdID: 26, TotCnt: Counter({'23': 247, '25': 207, '31': 145, '30': 144, '44': 60, '45': 50, '49': 46, '46': 39, '52': 34, '55': 28, '54': 27, '57': 26, '66': 19, '64': 16, '63': 15, '65': 15, '67': 14, '59': 14, '68': 12, '71': 11, '60': 10, '61': 10, '62': 9, '80': 7, '81': 6, '70': 4, '84': 3, '75': 3, '91': 3, '53': 3, '83': 2, '78': 2, '76': 2, '109': 2, '73': 2, '95': 2, '119': 1, '85': 1, '96': 1, '103': 1, '101': 1, '107': 1, '97': 1, '105': 1, '115': 1, '108': 1, '111': 1})
ThdID: 26, sumErrCnt: Counter({'23': 2296, '31': 275, '25': 244, '55': 138, '59': 87, '30': 67, '44': 50, '52': 48, '63': 35, '67': 30, '65': 28, '64': 27, '68': 27, '62': 25, '66': 25, '60': 23, '81': 23, '61': 21, '54': 18, '49': 17, '85': 16, '76': 15, '95': 15, '57': 14, '75': 12, '91': 11, '87': 10, '97': 10, '46': 9, '108': 5, '45': 4, '96': 4, '115': 4, '80': 3, '84': 2, '100': 2, '78': 2, '71': 1})
ThdID: 26, sumTotCnt: Counter({'23': 6413, '25': 5528, '30': 4233, '31': 3990, '44': 1928, '46': 1452, '45': 1438, '49': 1126, '52': 707, '55': 705, '54': 668, '57': 607, '59': 372, '62': 371, '63': 362, '64': 348, '68': 346, '66': 338, '61': 330, '67': 328, '65': 326, '60': 324, '71': 251, '80': 158, '70': 149, '81': 143, '53': 80, '91': 65, '78': 57, '84': 54, '83': 50, '75': 50, '96': 39, '95': 38, '108': 30, '76': 28, '98': 28, '111': 27, '106': 24, '100': 24, '85': 23, '101': 21, '97': 20, '115': 20, '105': 19, '87': 18, '109': 18, '110': 16, '103': 14, '107': 13, '73': 10, '119': 8, '123': 8, '72': 6, '132': 1})
ThdID: 27, ErrCnt: Counter({'23': 80, '31': 13, '25': 10, '55': 7, '59': 2, '57': 2, '64': 2, '30': 1, '45': 1, '75': 1, '44': 1, '61': 1, '62': 1, '63': 1, '97': 1, '66': 1, '91': 1, '80': 1, '52': 1, '49': 1, '84': 1})
ThdID: 27, TotCnt: Counter({'23': 250, '25': 227, '30': 151, '31': 136, '44': 83, '46': 50, '49': 44, '45': 41, '52': 30, '57': 29, '55': 28, '65': 16, '63': 13, '67': 13, '59': 13, '60': 12, '54': 12, '61': 11, '64': 11, '68': 11, '62': 10, '66': 9, '71': 7, '81': 6, '84': 5, '91': 5, '75': 4, '53': 3, '80': 2, '123': 2, '70': 2, '109': 2, '83': 1, '85': 1, '96': 1, '78': 1, '98': 1, '108': 1, '100': 1, '101': 1, '106': 1, '97': 1, '105': 1, '76': 1})
ThdID: 27, sumErrCnt: Counter({'23': 2376, '31': 288, '25': 254, '55': 145, '59': 89, '30': 68, '44': 51, '52': 49, '63': 36, '67': 30, '64': 29, '65': 28, '68': 27, '62': 26, '66': 26, '60': 23, '81': 23, '61': 22, '49': 18, '54': 18, '85': 16, '57': 16, '76': 15, '95': 15, '75': 13, '91': 12, '97': 11, '87': 10, '46': 9, '45': 5, '108': 5, '80': 4, '96': 4, '115': 4, '84': 3, '78': 2, '100': 2, '71': 1})
ThdID: 27, sumTotCnt: Counter({'23': 6663, '25': 5755, '30': 4384, '31': 4126, '44': 2011, '46': 1502, '45': 1479, '49': 1170, '52': 737, '55': 733, '54': 680, '57': 636, '59': 385, '62': 381, '63': 375, '64': 359, '68': 357, '66': 347, '65': 342, '61': 341, '67': 341, '60': 336, '71': 258, '80': 160, '70': 151, '81': 149, '53': 83, '91': 70, '84': 59, '78': 58, '75': 54, '83': 51, '96': 40, '95': 38, '108': 31, '76': 29, '98': 29, '111': 27, '100': 25, '106': 25, '85': 24, '101': 22, '97': 21, '105': 20, '115': 20, '109': 20, '87': 18, '110': 16, '103': 14, '107': 13, '123': 10, '73': 10, '119': 8, '72': 6, '132': 1})
ThdID: 28, ErrCnt: Counter({'23': 90, '31': 6, '25': 4, '59': 3, '61': 3, '30': 2, '60': 2, '64': 2, '49': 2, '52': 2, '84': 2, '81': 1, '55': 1, '44': 1, '87': 1, '63': 1, '68': 1, '65': 1})
ThdID: 28, TotCnt: Counter({'23': 235, '25': 206, '30': 174, '31': 139, '44': 83, '45': 55, '49': 45, '46': 43, '54': 27, '55': 23, '57': 19, '60': 17, '61': 16, '59': 16, '52': 15, '63': 13, '64': 13, '68': 13, '66': 11, '62': 10, '80': 10, '71': 9, '65': 8, '67': 7, '81': 5, '70': 5, '84': 3, '123': 3, '91': 3, '100': 3, '78': 3, '53': 3, '83': 2, '98': 2, '87': 1, '85': 1, '96': 1, '105': 1, '75': 1, '73': 1, '101': 1, '95': 1, '107': 1, '97': 1, '115': 1})
ThdID: 28, sumErrCnt: Counter({'23': 2466, '31': 294, '25': 258, '55': 146, '59': 92, '30': 70, '44': 52, '52': 51, '63': 37, '64': 31, '67': 30, '65': 29, '68': 28, '62': 26, '66': 26, '60': 25, '61': 25, '81': 24, '49': 20, '54': 18, '85': 16, '57': 16, '76': 15, '95': 15, '75': 13, '91': 12, '87': 11, '97': 11, '46': 9, '84': 5, '45': 5, '108': 5, '80': 4, '96': 4, '115': 4, '100': 2, '78': 2, '71': 1})
ThdID: 28, sumTotCnt: Counter({'23': 6898, '25': 5961, '30': 4558, '31': 4265, '44': 2094, '46': 1545, '45': 1534, '49': 1215, '55': 756, '52': 752, '54': 707, '57': 655, '59': 401, '62': 391, '63': 388, '64': 372, '68': 370, '66': 358, '61': 357, '60': 353, '65': 350, '67': 348, '71': 267, '80': 170, '70': 156, '81': 154, '53': 86, '91': 73, '84': 62, '78': 61, '75': 55, '83': 53, '96': 41, '95': 39, '98': 31, '108': 31, '76': 29, '100': 28, '111': 27, '85': 25, '106': 25, '101': 23, '97': 22, '105': 21, '115': 21, '109': 20, '87': 19, '110': 16, '103': 14, '107': 14, '123': 13, '73': 11, '119': 8, '72': 6, '132': 1})
ThdID: 29, ErrCnt: Counter({'23': 79, '31': 15, '55': 8, '25': 7, '59': 5, '30': 3, '52': 2, '75': 1, '60': 1, '61': 1, '62': 1, '64': 1, '97': 1, '66': 1, '84': 1, '65': 1})
ThdID: 29, TotCnt: Counter({'23': 235, '31': 198, '25': 197, '30': 161, '44': 71, '49': 59, '46': 44, '45': 26, '54': 26, '52': 25, '55': 22, '57': 19, '65': 18, '66': 16, '62': 12, '64': 11, '68': 11, '59': 11, '60': 10, '67': 9, '71': 9, '61': 8, '63': 7, '70': 7, '80': 5, '91': 5, '84': 4, '78': 4, '81': 3, '96': 2, '76': 2, '109': 2, '95': 2, '75': 2, '83': 1, '87': 1, '108': 1, '103': 1, '97': 1, '105': 1, '53': 1})
ThdID: 29, sumErrCnt: Counter({'23': 2545, '31': 309, '25': 265, '55': 154, '59': 97, '30': 73, '52': 53, '44': 52, '63': 37, '64': 32, '65': 30, '67': 30, '68': 28, '62': 27, '66': 27, '60': 26, '61': 26, '81': 24, '49': 20, '54': 18, '85': 16, '57': 16, '76': 15, '95': 15, '75': 14, '91': 12, '97': 12, '87': 11, '46': 9, '84': 6, '45': 5, '108': 5, '80': 4, '96': 4, '115': 4, '78': 2, '100': 2, '71': 1})
ThdID: 29, sumTotCnt: Counter({'23': 7133, '25': 6158, '30': 4719, '31': 4463, '44': 2165, '46': 1589, '45': 1560, '49': 1274, '55': 778, '52': 777, '54': 733, '57': 674, '59': 412, '62': 403, '63': 395, '64': 383, '68': 381, '66': 374, '65': 368, '61': 365, '60': 363, '67': 357, '71': 276, '80': 175, '70': 163, '81': 157, '53': 87, '91': 78, '84': 66, '78': 65, '75': 57, '83': 54, '96': 43, '95': 41, '108': 32, '98': 31, '76': 31, '100': 28, '111': 27, '85': 25, '106': 25, '101': 23, '97': 23, '105': 22, '109': 22, '115': 21, '87': 20, '110': 16, '103': 15, '107': 14, '123': 13, '73': 11, '119': 8, '72': 6, '132': 1})
ThdID: 30, ErrCnt: Counter({'23': 89, '31': 16, '25': 6, '30': 4, '66': 4, '55': 3, '61': 3, '68': 3, '59': 2, '63': 2, '67': 2, '76': 1, '46': 1, '75': 1, '115': 1, '108': 1, '65': 1, '80': 1})
ThdID: 30, TotCnt: Counter({'23': 249, '30': 182, '25': 176, '31': 163, '44': 55, '45': 53, '49': 49, '46': 45, '55': 31, '52': 26, '60': 18, '67': 17, '54': 17, '68': 16, '57': 16, '62': 15, '64': 13, '61': 12, '66': 12, '71': 12, '59': 12, '65': 11, '81': 6, '63': 5, '98': 4, '53': 4, '80': 3, '106': 3, '83': 2, '87': 2, '84': 2, '78': 2, '108': 2, '109': 2, '91': 2, '96': 1, '73': 1, '70': 1, '101': 1, '95': 1, '107': 1, '105': 1, '115': 1, '76': 1, '75': 1, '110': 1})
ThdID: 30, sumErrCnt: Counter({'23': 2634, '31': 325, '25': 271, '55': 157, '59': 99, '30': 77, '52': 53, '44': 52, '63': 39, '64': 32, '67': 32, '65': 31, '66': 31, '68': 31, '61': 29, '62': 27, '60': 26, '81': 24, '49': 20, '54': 18, '85': 16, '76': 16, '57': 16, '75': 15, '95': 15, '91': 12, '97': 12, '87': 11, '46': 10, '84': 6, '108': 6, '80': 5, '45': 5, '115': 5, '96': 4, '100': 2, '78': 2, '71': 1})
ThdID: 30, sumTotCnt: Counter({'23': 7382, '25': 6334, '30': 4901, '31': 4626, '44': 2220, '46': 1634, '45': 1613, '49': 1323, '55': 809, '52': 803, '54': 750, '57': 690, '59': 424, '62': 418, '63': 400, '68': 397, '64': 396, '66': 386, '60': 381, '65': 379, '61': 377, '67': 374, '71': 288, '80': 178, '70': 164, '81': 163, '53': 91, '91': 80, '84': 68, '78': 67, '75': 58, '83': 56, '96': 44, '95': 42, '98': 35, '108': 34, '76': 32, '106': 28, '100': 28, '111': 27, '85': 25, '101': 24, '109': 24, '97': 23, '105': 23, '87': 22, '115': 22, '110': 17, '103': 15, '107': 15, '123': 13, '73': 12, '119': 8, '72': 6, '132': 1})
ThdID: 31, ErrCnt: Counter({'23': 91, '25': 17, '31': 10, '59': 5, '55': 4, '52': 2, '61': 2, '44': 2, '85': 2, '49': 1, '60': 1, '46': 1, '65': 1, '66': 1, '67': 1, '63': 1, '115': 1})
ThdID: 31, TotCnt: Counter({'23': 252, '25': 219, '31': 147, '30': 135, '44': 60, '45': 52, '46': 48, '49': 48, '52': 33, '57': 27, '54': 25, '55': 22, '59': 18, '63': 13, '65': 13, '66': 13, '71': 13, '61': 12, '62': 11, '64': 11, '60': 10, '67': 10, '68': 8, '70': 7, '80': 5, '75': 5, '96': 3, '109': 3, '91': 3, '53': 3, '81': 2, '119': 2, '84': 2, '85': 2, '78': 2, '111': 2, '83': 1, '98': 1, '100': 1, '101': 1, '95': 1, '107': 1, '97': 1, '115': 1, '108': 1})
ThdID: 31, sumErrCnt: Counter({'23': 2725, '31': 335, '25': 288, '55': 161, '59': 104, '30': 77, '52': 55, '44': 54, '63': 40, '67': 33, '64': 32, '65': 32, '66': 32, '61': 31, '68': 31, '60': 27, '62': 27, '81': 24, '49': 21, '85': 18, '54': 18, '76': 16, '57': 16, '75': 15, '95': 15, '91': 12, '97': 12, '87': 11, '46': 11, '84': 6, '115': 6, '108': 6, '80': 5, '45': 5, '96': 4, '78': 2, '100': 2, '71': 1})
ThdID: 31, sumTotCnt: Counter({'23': 7634, '25': 6553, '30': 5036, '31': 4773, '44': 2280, '46': 1682, '45': 1665, '49': 1371, '52': 836, '55': 831, '54': 775, '57': 717, '59': 442, '62': 429, '63': 413, '64': 407, '68': 405, '66': 399, '65': 392, '60': 391, '61': 389, '67': 384, '71': 301, '80': 183, '70': 171, '81': 165, '53': 94, '91': 83, '84': 70, '78': 69, '75': 63, '83': 57, '96': 47, '95': 43, '98': 36, '108': 35, '76': 32, '100': 29, '111': 29, '106': 28, '85': 27, '109': 27, '101': 25, '97': 24, '105': 23, '115': 23, '87': 22, '110': 17, '107': 16, '103': 15, '123': 13, '73': 12, '119': 10, '72': 6, '132': 1})
ThdID: 32, ErrCnt: Counter({'23': 83, '25': 9, '31': 8, '55': 6, '59': 5, '52': 3, '44': 2, '54': 2, '30': 2, '65': 2, '60': 1, '61': 1, '62': 1, '64': 1, '67': 1, '68': 1, '81': 1, '87': 1, '97': 1})
ThdID: 32, TotCnt: Counter({'23': 233, '25': 219, '30': 152, '31': 144, '44': 77, '46': 56, '49': 49, '45': 42, '55': 30, '54': 26, '52': 22, '57': 19, '66': 17, '60': 15, '64': 15, '62': 14, '65': 13, '59': 12, '71': 11, '61': 10, '67': 10, '68': 9, '63': 8, '80': 8, '81': 7, '70': 5, '53': 4, '108': 3, '83': 2, '84': 2, '97': 2, '105': 2, '75': 2, '87': 1, '96': 1, '78': 1, '76': 1, '109': 1, '95': 1, '115': 1, '110': 1, '123': 1, '111': 1})
ThdID: 32, sumErrCnt: Counter({'23': 2808, '31': 343, '25': 297, '55': 167, '59': 109, '30': 79, '52': 58, '44': 56, '63': 40, '65': 34, '67': 34, '64': 33, '61': 32, '66': 32, '68': 32, '60': 28, '62': 28, '81': 25, '49': 21, '54': 20, '85': 18, '76': 16, '57': 16, '75': 15, '95': 15, '97': 13, '87': 12, '91': 12, '46': 11, '84': 6, '115': 6, '108': 6, '80': 5, '45': 5, '96': 4, '100': 2, '78': 2, '71': 1})
ThdID: 32, sumTotCnt: Counter({'23': 7867, '25': 6772, '30': 5188, '31': 4917, '44': 2357, '46': 1738, '45': 1707, '49': 1420, '55': 861, '52': 858, '54': 801, '57': 736, '59': 454, '62': 443, '64': 422, '63': 421, '66': 416, '68': 414, '60': 406, '65': 405, '61': 399, '67': 394, '71': 312, '80': 191, '70': 176, '81': 172, '53': 98, '91': 83, '84': 72, '78': 70, '75': 65, '83': 59, '96': 48, '95': 44, '108': 38, '98': 36, '76': 33, '111': 30, '100': 29, '106': 28, '109': 28, '85': 27, '97': 26, '101': 25, '105': 25, '115': 24, '87': 23, '110': 18, '107': 16, '103': 15, '123': 14, '73': 12, '119': 10, '72': 6, '132': 1})
ThdID: 33, ErrCnt: Counter({'23': 97, '31': 11, '25': 6, '55': 4, '30': 2, '59': 2, '60': 2, '75': 2, '66': 2, '100': 2, '95': 2, '57': 1, '49': 1, '62': 1, '61': 1, '63': 1, '64': 1, '46': 1, '44': 1, '97': 1, '85': 1})
ThdID: 33, TotCnt: Counter({'23': 250, '25': 216, '30': 164, '31': 140, '44': 70, '46': 57, '49': 52, '45': 51, '52': 29, '55': 26, '54': 22, '57': 18, '63': 13, '65': 13, '60': 11, '64': 11, '66': 11, '67': 11, '62': 9, '71': 9, '59': 9, '68': 8, '80': 7, '61': 6, '70': 6, '75': 5, '91': 3, '100': 3, '115': 3, '81': 2, '84': 2, '95': 2, '78': 2, '119': 1, '85': 1, '96': 1, '98': 1, '103': 1, '101': 1, '106': 1, '97': 1, '111': 1})
ThdID: 33, sumErrCnt: Counter({'23': 2905, '31': 354, '25': 303, '55': 171, '59': 111, '30': 81, '52': 58, '44': 57, '63': 41, '64': 34, '65': 34, '66': 34, '67': 34, '61': 33, '68': 32, '60': 30, '62': 29, '81': 25, '49': 22, '54': 20, '85': 19, '75': 17, '95': 17, '57': 17, '76': 16, '97': 14, '87': 12, '46': 12, '91': 12, '84': 6, '115': 6, '108': 6, '80': 5, '45': 5, '100': 4, '96': 4, '78': 2, '71': 1})
ThdID: 33, sumTotCnt: Counter({'23': 8117, '25': 6988, '30': 5352, '31': 5057, '44': 2427, '46': 1795, '45': 1758, '49': 1472, '55': 887, '52': 887, '54': 823, '57': 754, '59': 463, '62': 452, '63': 434, '64': 433, '66': 427, '68': 422, '65': 418, '60': 417, '61': 405, '67': 405, '71': 321, '80': 198, '70': 182, '81': 174, '53': 98, '91': 86, '84': 74, '78': 72, '75': 70, '83': 59, '96': 49, '95': 46, '108': 38, '98': 37, '76': 33, '100': 32, '111': 31, '106': 29, '85': 28, '109': 28, '97': 27, '115': 27, '101': 26, '105': 25, '87': 23, '110': 18, '103': 16, '107': 16, '123': 14, '73': 12, '119': 11, '72': 6, '132': 1})
ThdID: 34, ErrCnt: Counter({'23': 94, '25': 12, '55': 6, '31': 4, '44': 2, '59': 1, '54': 1, '30': 1, '108': 1, '62': 1})
ThdID: 34, TotCnt: Counter({'23': 242, '25': 214, '30': 169, '31': 149, '44': 85, '46': 53, '45': 49, '49': 39, '52': 32, '55': 30, '54': 19, '57': 16, '66': 14, '68': 12, '63': 11, '64': 10, '67': 10, '59': 10, '65': 10, '71': 9, '62': 8, '61': 7, '60': 6, '81': 6, '70': 6, '105': 6, '84': 4, '83': 3, '91': 3, '96': 2, '78': 2, '108': 2, '109': 2, '75': 2, '80': 1, '87': 1, '100': 1, '95': 1, '115': 1, '132': 1, '53': 1, '111': 1})
ThdID: 34, sumErrCnt: Counter({'23': 2999, '31': 358, '25': 315, '55': 177, '59': 112, '30': 82, '44': 59, '52': 58, '63': 41, '64': 34, '65': 34, '66': 34, '67': 34, '61': 33, '68': 32, '60': 30, '62': 30, '81': 25, '49': 22, '54': 21, '85': 19, '75': 17, '95': 17, '57': 17, '76': 16, '97': 14, '87': 12, '46': 12, '91': 12, '108': 7, '84': 6, '115': 6, '80': 5, '45': 5, '96': 4, '100': 4, '78': 2, '71': 1})
ThdID: 34, sumTotCnt: Counter({'23': 8359, '25': 7202, '30': 5521, '31': 5206, '44': 2512, '46': 1848, '45': 1807, '49': 1511, '52': 919, '55': 917, '54': 842, '57': 770, '59': 473, '62': 460, '63': 445, '64': 443, '66': 441, '68': 434, '65': 428, '60': 423, '67': 415, '61': 412, '71': 330, '80': 199, '70': 188, '81': 180, '53': 99, '91': 89, '84': 78, '78': 74, '75': 72, '83': 62, '96': 51, '95': 47, '108': 40, '98': 37, '76': 33, '100': 33, '111': 32, '105': 31, '109': 30, '106': 29, '85': 28, '115': 28, '97': 27, '101': 26, '87': 24, '110': 18, '103': 16, '107': 16, '123': 14, '73': 12, '119': 11, '72': 6, '132': 2})
ThdID: 35, ErrCnt: Counter({'23': 93, '25': 15, '31': 9, '44': 5, '55': 5, '64': 4, '63': 3, '52': 3, '68': 2, '30': 2, '60': 1, '62': 1, '49': 1, '66': 1, '81': 1, '76': 1, '75': 1, '91': 1, '97': 1, '59': 1, '54': 1, '57': 1, '65': 1})
ThdID: 35, TotCnt: Counter({'23': 268, '25': 201, '30': 171, '31': 133, '44': 90, '46': 52, '45': 49, '49': 34, '54': 23, '57': 23, '52': 20, '55': 18, '62': 17, '68': 17, '61': 13, '67': 13, '65': 12, '59': 12, '63': 11, '60': 9, '66': 9, '80': 9, '64': 8, '70': 8, '78': 4, '53': 4, '83': 3, '81': 3, '76': 3, '71': 3, '91': 2, '84': 1, '85': 1, '95': 1, '75': 1, '106': 1, '107': 1, '97': 1, '110': 1})
ThdID: 35, sumErrCnt: Counter({'23': 3092, '31': 367, '25': 330, '55': 182, '59': 113, '30': 84, '44': 64, '52': 61, '63': 44, '64': 38, '65': 35, '66': 35, '67': 34, '68': 34, '61': 33, '60': 31, '62': 31, '81': 26, '49': 23, '54': 22, '85': 19, '75': 18, '57': 18, '76': 17, '95': 17, '97': 15, '91': 13, '87': 12, '46': 12, '108': 7, '84': 6, '115': 6, '80': 5, '45': 5, '100': 4, '96': 4, '78': 2, '71': 1})
ThdID: 35, sumTotCnt: Counter({'23': 8627, '25': 7403, '30': 5692, '31': 5339, '44': 2602, '46': 1900, '45': 1856, '49': 1545, '52': 939, '55': 935, '54': 865, '57': 793, '59': 485, '62': 477, '63': 456, '64': 451, '68': 451, '66': 450, '65': 440, '60': 432, '67': 428, '61': 425, '71': 333, '80': 208, '70': 196, '81': 183, '53': 103, '91': 91, '84': 79, '78': 78, '75': 73, '83': 65, '96': 51, '95': 48, '108': 40, '98': 37, '76': 36, '100': 33, '111': 32, '105': 31, '106': 30, '109': 30, '85': 29, '97': 28, '115': 28, '101': 26, '87': 24, '110': 19, '107': 17, '103': 16, '123': 14, '73': 12, '119': 11, '72': 6, '132': 2})
ThdID: 36, ErrCnt: Counter({'23': 80, '31': 12, '25': 6, '55': 5, '60': 3, '81': 3, '87': 3, '59': 3, '30': 3, '62': 2, '63': 2, '44': 2, '54': 2, '52': 2, '65': 1, '84': 1, '49': 1, '45': 1, '76': 1, '71': 1, '95': 1, '96': 1, '57': 1})
ThdID: 36, TotCnt: Counter({'23': 241, '25': 202, '30': 166, '31': 137, '44': 81, '46': 54, '49': 50, '45': 49, '55': 26, '54': 25, '52': 24, '57': 21, '65': 19, '68': 14, '60': 13, '63': 13, '66': 12, '62': 11, '67': 10, '64': 9, '71': 9, '59': 9, '61': 7, '80': 6, '96': 5, '81': 4, '87': 4, '84': 3, '78': 3, '70': 3, '95': 3, '75': 3, '83': 2, '109': 2, '53': 2, '119': 1, '105': 1, '76': 1, '108': 1, '91': 1, '115': 1, '110': 1, '111': 1})
ThdID: 36, sumErrCnt: Counter({'23': 3172, '31': 379, '25': 336, '55': 187, '59': 116, '30': 87, '44': 66, '52': 63, '63': 46, '64': 38, '65': 36, '66': 35, '60': 34, '67': 34, '68': 34, '61': 33, '62': 33, '81': 29, '49': 24, '54': 24, '85': 19, '57': 19, '76': 18, '75': 18, '95': 18, '87': 15, '97': 15, '91': 13, '46': 12, '84': 7, '108': 7, '45': 6, '115': 6, '80': 5, '96': 5, '100': 4, '71': 2, '78': 2})
ThdID: 36, sumTotCnt: Counter({'23': 8868, '25': 7605, '30': 5858, '31': 5476, '44': 2683, '46': 1954, '45': 1905, '49': 1595, '52': 963, '55': 961, '54': 890, '57': 814, '59': 494, '62': 488, '63': 469, '68': 465, '66': 462, '64': 460, '65': 459, '60': 445, '67': 438, '61': 432, '71': 342, '80': 214, '70': 199, '81': 187, '53': 105, '91': 92, '84': 82, '78': 81, '75': 76, '83': 67, '96': 56, '95': 51, '108': 41, '98': 37, '76': 37, '100': 33, '111': 33, '105': 32, '109': 32, '106': 30, '85': 29, '115': 29, '87': 28, '97': 28, '101': 26, '110': 20, '107': 17, '103': 16, '123': 14, '119': 12, '73': 12, '72': 6, '132': 2})
ThdID: 37, ErrCnt: Counter({'23': 96, '31': 11, '55': 8, '25': 7, '59': 3, '54': 2, '52': 2, '76': 1, '30': 1, '108': 1, '60': 1, '61': 1, '75': 1, '63': 1, '64': 1, '65': 1, '67': 1, '91': 1, '81': 1, '97': 1})
ThdID: 37, TotCnt: Counter({'23': 259, '25': 196, '30': 153, '31': 145, '45': 60, '46': 57, '44': 53, '49': 36, '54': 34, '52': 31, '55': 28, '57': 27, '62': 16, '64': 15, '67': 14, '68': 13, '65': 13, '61': 12, '63': 12, '59': 12, '81': 10, '60': 9, '66': 6, '80': 6, '71': 5, '84': 3, '70': 3, '91': 3, '101': 3, '83': 2, '119': 2, '53': 2, '96': 1, '140': 1, '76': 1, '75': 1, '109': 1, '103': 1, '97': 1, '105': 1, '115': 1, '108': 1})
ThdID: 37, sumErrCnt: Counter({'23': 3268, '31': 390, '25': 343, '55': 195, '59': 119, '30': 88, '44': 66, '52': 65, '63': 47, '64': 39, '65': 37, '60': 35, '66': 35, '67': 35, '61': 34, '68': 34, '62': 33, '81': 30, '54': 26, '49': 24, '85': 19, '76': 19, '75': 19, '57': 19, '95': 18, '97': 16, '87': 15, '91': 14, '46': 12, '108': 8, '84': 7, '45': 6, '115': 6, '80': 5, '96': 5, '100': 4, '78': 2, '71': 2})
ThdID: 37, sumTotCnt: Counter({'23': 9127, '25': 7801, '30': 6011, '31': 5621, '44': 2736, '46': 2011, '45': 1965, '49': 1631, '52': 994, '55': 989, '54': 924, '57': 841, '59': 506, '62': 504, '63': 481, '68': 478, '64': 475, '65': 472, '66': 468, '60': 454, '67': 452, '61': 444, '71': 347, '80': 220, '70': 202, '81': 197, '53': 107, '91': 95, '84': 85, '78': 81, '75': 77, '83': 69, '96': 57, '95': 51, '108': 42, '76': 38, '98': 37, '105': 33, '100': 33, '109': 33, '111': 33, '106': 30, '115': 30, '85': 29, '101': 29, '97': 29, '87': 28, '110': 20, '103': 17, '107': 17, '119': 14, '123': 14, '73': 12, '72': 6, '132': 2, '140': 1})
ThdID: 38, ErrCnt: Counter({'23': 78, '25': 13, '31': 8, '52': 4, '61': 3, '68': 3, '59': 3, '62': 2, '87': 2, '44': 2, '55': 2, '57': 2, '30': 2, '60': 1, '63': 1, '65': 1, '66': 1, '67': 1, '84': 1, '46': 1, '75': 1, '95': 1, '97': 1})
ThdID: 38, TotCnt: Counter({'23': 241, '25': 197, '30': 163, '31': 141, '44': 76, '45': 60, '46': 51, '49': 48, '54': 35, '55': 27, '52': 24, '57': 20, '68': 16, '62': 15, '63': 15, '61': 14, '64': 14, '59': 13, '65': 13, '67': 10, '66': 7, '60': 6, '71': 5, '80': 4, '70': 4, '78': 4, '81': 3, '84': 3, '91': 3, '100': 3, '106': 3, '87': 2, '53': 2, '95': 1, '96': 1, '75': 1, '109': 1, '73': 1, '97': 1, '115': 1, '111': 1})
ThdID: 38, sumErrCnt: Counter({'23': 3346, '31': 398, '25': 356, '55': 197, '59': 122, '30': 90, '52': 69, '44': 68, '63': 48, '64': 39, '65': 38, '61': 37, '68': 37, '60': 36, '66': 36, '67': 36, '62': 35, '81': 30, '54': 26, '49': 24, '57': 21, '75': 20, '85': 19, '76': 19, '95': 19, '87': 17, '97': 17, '91': 14, '46': 13, '84': 8, '108': 8, '45': 6, '115': 6, '80': 5, '96': 5, '100': 4, '71': 2, '78': 2})
ThdID: 38, sumTotCnt: Counter({'23': 9368, '25': 7998, '30': 6174, '31': 5762, '44': 2812, '46': 2062, '45': 2025, '49': 1679, '52': 1018, '55': 1016, '54': 959, '57': 861, '62': 519, '59': 519, '63': 496, '68': 494, '64': 489, '65': 485, '66': 475, '67': 462, '60': 460, '61': 458, '71': 352, '80': 224, '70': 206, '81': 200, '53': 109, '91': 98, '84': 88, '78': 85, '75': 78, '83': 69, '96': 58, '95': 52, '108': 42, '76': 38, '98': 37, '100': 36, '109': 34, '111': 34, '106': 33, '105': 33, '115': 31, '87': 30, '97': 30, '85': 29, '101': 29, '110': 20, '103': 17, '107': 17, '119': 14, '123': 14, '73': 13, '72': 6, '132': 2, '140': 1})
ThdID: 39, ErrCnt: Counter({'23': 89, '31': 12, '25': 11, '55': 4, '59': 3, '76': 2, '30': 2, '60': 2, '65': 2, '68': 2, '54': 1, '49': 1, '52': 1, '61': 1, '62': 1, '66': 1, '67': 1, '57': 1})
ThdID: 39, TotCnt: Counter({'23': 252, '25': 208, '31': 162, '30': 138, '44': 67, '45': 65, '49': 53, '46': 34, '57': 29, '55': 27, '54': 19, '52': 18, '65': 18, '66': 15, '59': 15, '61': 14, '63': 13, '67': 13, '62': 12, '68': 12, '60': 11, '64': 11, '80': 9, '71': 6, '70': 6, '84': 4, '53': 4, '81': 3, '76': 2, '83': 1, '87': 1, '105': 1, '75': 1, '106': 1, '107': 1, '96': 1, '115': 1, '110': 1, '111': 1})
ThdID: 39, sumErrCnt: Counter({'23': 3435, '31': 410, '25': 367, '55': 201, '59': 125, '30': 92, '52': 70, '44': 68, '63': 48, '65': 40, '64': 39, '68': 39, '60': 38, '61': 38, '66': 37, '67': 37, '62': 36, '81': 30, '54': 27, '49': 25, '57': 22, '76': 21, '75': 20, '85': 19, '95': 19, '87': 17, '97': 17, '91': 14, '46': 13, '84': 8, '108': 8, '45': 6, '115': 6, '80': 5, '96': 5, '100': 4, '78': 2, '71': 2})
ThdID: 39, sumTotCnt: Counter({'23': 9620, '25': 8206, '30': 6312, '31': 5924, '44': 2879, '46': 2096, '45': 2090, '49': 1732, '55': 1043, '52': 1036, '54': 978, '57': 890, '59': 534, '62': 531, '63': 509, '68': 506, '65': 503, '64': 500, '66': 490, '67': 475, '61': 472, '60': 471, '71': 358, '80': 233, '70': 212, '81': 203, '53': 113, '91': 98, '84': 92, '78': 85, '75': 79, '83': 70, '96': 59, '95': 52, '108': 42, '76': 40, '98': 37, '100': 36, '111': 35, '105': 34, '106': 34, '109': 34, '115': 32, '87': 31, '97': 30, '85': 29, '101': 29, '110': 21, '107': 18, '103': 17, '119': 14, '123': 14, '73': 13, '72': 6, '132': 2, '140': 1})
 - Calculated error matrix size: (40, 56).
 - Error matrix: [(0.01910828025477707, 0.2, 0.0, 0.07692307692307693, 0.09090909090909091, 0.0, 0.0, 0.0, 0.0, 0.1, 0.0, 0.0, 0.0, 0.0, 1.0, 0.0, -1, 0.05392156862745098, 0.0392156862745098, 0.0, 0.0, 0.03488372093023256, 0.0, -1, 0.0, -1, -1, 0.0, 0.0, 0.0, 0.0, -1, 0.0, 0.0, 0.0, -1, 0.0, -1, 0.0, -1, 1.0, 0.0, 0.0, 0.0, 0.0, 0.18518518518518517, 0.0, 0.0, 0.3142857142857143, 0.0, 0.0, 0.07692307692307693, -1, 0.0, 0.07092198581560284, 0.07692307692307693), (0.029411764705882353, 0.15384615384615385, 0.21428571428571427, 0.0, 0.125, 0.0, 0.0, 0.14285714285714285, 0.0, 0.08695652173913043, 0.0, 0.0, 0.125, -1, 0.0, 0.3333333333333333, 0.0, 0.042105263157894736, 0.0, 0.014492753623188406, 0.5, 0.014925373134328358, 0.0, 0.0, 0.0, -1, -1, 0.0, 0.0, -1, -1, -1, 0.0, 0.0, 0.0, -1, 0.0, 0.0, -1, 0.0, 0.0, 0.0, -1, 0.18181818181818182, -1, 0.30434782608695654, 0.0, 0.0, 0.3891402714932127, 0.0, 0.0, 0.08695652173913043, -1, 0.0, 0.10869565217391304, 0.0), (0.007518796992481203, 0.08333333333333333, 0.1111111111111111, 0.1111111111111111, 0.0, 0.0, -1, 0.0, 0.07692307692307693, 0.0, 0.0, 0.0, 0.14285714285714285, -1, 1.0, 0.0, -1, 0.053497942386831275, 0.023255813953488372, 0.02, -1, 0.0273972602739726, 0.0, 0.0, 1.0, -1, -1, 0.0, 0.0, -1, 0.0, -1, 0.0, 0.0, 0.0, -1, 0.0, -1, 0.0, -1, 1.0, 0.3333333333333333, -1, 0.09090909090909091, 0.5, 0.11764705882352941, 0.0, 0.0, 0.3739495798319328, 0.0, 0.0, 0.0, -1, 0.0, 0.05223880597014925, 0.36363636363636365), (0.012048192771084338, 0.125, 0.08333333333333333, 0.0, 0.14285714285714285, 0.14285714285714285, -1, 0.08333333333333333, 0.1111111111111111, 0.1111111111111111, 0.0, 0.1, 0.3333333333333333, -1, -1, 0.0, -1, 0.05339805825242718, 0.0, 0.0, 0.5, 0.015384615384615385, 0.0, -1, -1, -1, -1, 0.0, 0.3333333333333333, 0.0, -1, -1, 0.0, 0.0, 0.0, -1, 0.0, -1, 0.0, 0.0, -1, -1, -1, 0.07692307692307693, 0.5, 0.15151515151515152, 0.030303030303030304, 0.0, 0.41409691629955947, 0.0, 0.0, 0.0, 0.0, 0.0, 0.07352941176470588, 0.0), (0.006802721088435374, 0.06666666666666667, 0.0, 0.058823529411764705, 0.2, 0.07142857142857142, 0.0, 0.08333333333333333, 0.0, 0.058823529411764705, 0.0, 0.0, 0.0, 0.0, 0.5, 0.0, 1.0, 0.028037383177570093, 0.0, 0.0, -1, 0.01694915254237288, 0.014084507042253521, -1, 0.0, -1, -1, 0.0, 0.5, -1, -1, 0.0, 0.0, 0.0, 0.2, -1, 0.0, -1, -1, -1, 0.0, 0.0, 0.5, 0.3333333333333333, -1, 0.20833333333333334, 0.0, 0.06666666666666667, 0.32644628099173556, -1, 0.0, 0.08333333333333333, 0.0, 0.0, 0.07482993197278912, 0.0), (0.006134969325153374, 0.0, 0.0, 0.06666666666666667, 0.0, 0.10526315789473684, -1, 0.08333333333333333, 0.1, 0.07692307692307693, 0.0, 0.0, 0.16666666666666666, -1, -1, -1, 0.0, 0.03684210526315789, 0.0, 0.0, 0.0, 0.025974025974025976, 0.0, 0.0, 0.0, -1, -1, -1, 0.0, 0.0, 0.0, -1, 0.0, 0.0, 0.0, 0.0, 1.0, 0.0, -1, 0.0, -1, 0.0, 0.5, 0.3333333333333333, 1.0, 0.20833333333333334, 0.0, 0.0, 0.34051724137931033, 0.0, 0.0, 0.0, 0.0, 0.0, 0.06164383561643835, 0.0), (0.02702702702702703, 0.09090909090909091, 0.0, 0.15384615384615385, 0.18181818181818182, 0.0, 0.0, 0.0, 0.09090909090909091, 0.18181818181818182, 0.0, 0.0, 0.25, -1, 0.0, 0.0, 0.5, 0.07727272727272727, 0.0, 0.0, -1, 0.0, 0.0, 0.0, -1, -1, -1, 0.0, 0.0, -1, -1, -1, 0.0, 0.0, 0.4, -1, 0.0, -1, 0.0, -1, 1.0, 0.0, 0.5, 0.14285714285714285, 1.0, 0.10526315789473684, 0.07692307692307693, 0.0, 0.3798449612403101, -1, 0.0, 0.038461538461538464, -1, 0.0, 0.07692307692307693, 0.16666666666666666), (0.005681818181818182, 0.0, 0.0, 0.0, 0.3076923076923077, 0.15789473684210525, 0.0, 0.15384615384615385, 0.25, 0.14285714285714285, 0.0, 0.0, 0.0, -1, -1, -1, 0.5, 0.03932584269662921, 0.0, 0.016666666666666666, 0.5, 0.015151515151515152, 0.0, 0.0, -1, -1, -1, 0.0, 0.0, -1, -1, 0.0, 0.0, 0.0, 0.0, -1, 0.0, 0.0, 0.0, 0.0, 0.5, 0.0, 0.0, 0.08333333333333333, 1.0, 0.15384615384615385, 0.041666666666666664, 0.05, 0.3446808510638298, 0.0, 0.0, 0.0, 0.0, 0.0, 0.07547169811320754, 0.1), (0.006289308176100629, 0.09090909090909091, 0.09090909090909091, 0.09090909090909091, 0.06666666666666667, 0.125, -1, 0.0, 0.0, 0.2, 0.0, 0.0, 0.0, -1, 0.0, 0.0, 1.0, 0.025, 0.0625, 0.0, 1.0, 0.0136986301369863, 0.0, 0.0, 0.0, -1, -1, 0.0, -1, -1, 0.0, -1, 0.0, 0.0, 0.0, 0.0, -1, 0.0, -1, -1, 0.5, 0.0, 0.0, 0.11764705882352941, 0.0, 0.2413793103448276, 0.03333333333333333, 0.0, 0.3023255813953488, 0.0, 0.0, 0.041666666666666664, -1, 0.0, 0.08552631578947369, 0.07142857142857142), (0.01818181818181818, 0.16666666666666666, 0.0, 0.0625, 0.0, 0.3333333333333333, -1, 0.0, 0.07692307692307693, 0.07692307692307693, 0.0, -1, 0.4444444444444444, -1, -1, 0.0, -1, 0.031746031746031744, 0.04, 0.0, 0.0, 0.028985507246376812, 0.0, 0.0, 0.0, -1, -1, 0.0, 1.0, -1, -1, -1, 0.0, 0.0, 0.0, 0.0, 0.0, 0.0, 0.0, -1, -1, 0.0, -1, 0.45454545454545453, -1, 0.21875, 0.10344827586206896, 0.0, 0.3717948717948718, 0.0, 0.0, 0.05263157894736842, -1, -1, 0.051470588235294115, 0.10526315789473684), (0.006535947712418301, 0.058823529411764705, 0.125, 0.07692307692307693, 0.13333333333333333, 0.0, 0.0, 0.14285714285714285, 0.0, 0.25, 0.0, 0.0, 0.0, -1, 1.0, 0.0, -1, 0.04285714285714286, 0.0, 0.02702702702702703, 0.5, 0.024390243902439025, 0.0, 0.0, 0.0, -1, -1, 0.0, -1, -1, -1, -1, 0.0, 0.0, 0.0, -1, -1, 0.0, 0.0, -1, 0.0, 0.0, -1, 0.25, -1, 0.3793103448275862, 0.0, 0.0, 0.4265402843601896, 0.5, 0.0, 0.07142857142857142, -1, -1, 0.07272727272727272, 0.0), (0.02097902097902098, 0.0, 0.0, 0.07142857142857142, 0.1111111111111111, 0.0, -1, 0.1, 0.09090909090909091, 0.0, 0.0, 0.0, 0.16666666666666666, 0.0, 0.0, 0.0, -1, 0.05405405405405406, 0.0, 0.0, -1, 0.027777777777777776, 0.0, 0.0, 0.0, -1, -1, -1, -1, -1, -1, 0.0, 0.0, 0.0, 0.0, 0.0, -1, -1, -1, 0.0, 0.0, 0.0, 0.0, 0.125, 1.0, 0.2, 0.0, 0.043478260869565216, 0.3242009132420091, -1, 0.0, 0.045454545454545456, -1, 0.0, 0.08917197452229299, 0.09090909090909091), (0.0, 0.0, 0.0, 0.058823529411764705, 0.1, 0.05, 0.0, 0.0625, 0.0, 0.07692307692307693, 0.0, 0.0, 0.14285714285714285, -1, 0.0, 0.0, 1.0, 0.02127659574468085, 0.0, 0.0, 0.0, 0.014492753623188406, 0.0, -1, 0.0, -1, -1, 0.0, 0.2, 0.0, 0.0, -1, 0.0, 0.0, 0.4, 0.0, 0.0, 0.0, 0.0, -1, -1, 0.0, -1, 0.3333333333333333, 1.0, 0.10344827586206896, 0.0, 0.05263157894736842, 0.3333333333333333, 0.0, 0.0, 0.03225806451612903, 0.0, -1, 0.058823529411764705, 0.06666666666666667), (0.02877697841726619, 0.16666666666666666, 0.0, 0.0, 0.0, 0.07142857142857142, -1, 0.08333333333333333, 0.0, 0.13333333333333333, 0.0, 0.0, 0.0, -1, 1.0, 0.0, -1, 0.04291845493562232, 0.0, 0.0, 1.0, 0.03896103896103896, 0.0, 0.0, 0.0, -1, 0.0, 0.0, 1.0, -1, -1, -1, 0.0, 0.0, -1, 0.0, -1, 0.0, -1, -1, -1, 0.0, -1, 0.2631578947368421, 0.0, 0.09523809523809523, 0.041666666666666664, 0.037037037037037035, 0.3225806451612903, -1, 0.0, 0.08333333333333333, -1, -1, 0.022222222222222223, 0.14285714285714285), (0.026845637583892617, 0.08333333333333333, 0.0, 0.21428571428571427, 0.11764705882352941, 0.11764705882352941, 0.0, 0.0, 0.07692307692307693, 0.25, 0.0, 0.0, 0.2857142857142857, 0.0, -1, 0.0, 0.75, 0.03125, 0.0, 0.0, 1.0, 0.04819277108433735, 0.0, -1, 0.0, -1, -1, 0.0, 0.0, -1, -1, 0.0, 0.0, 0.0, 0.0, 0.0, 0.5, 0.0, -1, 0.0, -1, 0.0, 0.0, 0.21428571428571427, -1, 0.21212121212121213, 0.038461538461538464, 0.09090909090909091, 0.3684210526315789, -1, 0.0, 0.125, 0.0, 0.0, 0.08130081300813008, 0.125), (0.023952095808383235, 0.125, 0.1, 0.16666666666666666, 0.125, 0.0, 0.0, 0.2222222222222222, 0.15384615384615385, 0.0, 0.0, 0.0, 0.25, -1, -1, 0.0, 0.5, 0.05238095238095238, 0.02631578947368421, 0.0, 0.5, 0.02857142857142857, 0.0, -1, -1, -1, -1, -1, 1.0, -1, -1, -1, 0.0, 0.0, 0.0, 0.0, 0.0, -1, -1, 0.0, -1, 0.0, 0.0, 0.21428571428571427, -1, 0.16666666666666666, 0.0, 0.0, 0.3308550185873606, 0.0, 0.0, 0.034482758620689655, -1, 0.0, 0.056451612903225805, 0.07142857142857142), (0.0064516129032258064, 0.0, 0.0, 0.1111111111111111, 0.07142857142857142, 0.07692307692307693, 0.0, 0.0, 0.125, 0.0, 0.0, 0.1111111111111111, 0.0, -1, -1, -1, 0.0, 0.038834951456310676, 0.021739130434782608, 0.018867924528301886, 1.0, 0.010752688172043012, 0.024390243902439025, -1, 0.0, -1, -1, 0.0, 0.0, -1, 0.0, -1, 0.0, 0.0, 0.0, 0.0, 0.0, 0.0, 0.0, -1, -1, 0.0, -1, 0.16666666666666666, 1.0, 0.13636363636363635, 0.0, 0.0, 0.39183673469387753, 0.5, 0.0, 0.125, -1, 0.0, 0.06172839506172839, 0.1), (0.02531645569620253, 0.0, 0.09090909090909091, 0.0, 0.1, 0.06666666666666667, 0.0, 0.15384615384615385, 0.0, 0.0, -1, 0.0, 0.14285714285714285, 0.0, -1, 0.0, 1.0, 0.02512562814070352, 0.0, 0.0, 0.0, 0.029850746268656716, 0.0, 0.0, 1.0, -1, -1, -1, 0.5, -1, 0.0, -1, 0.0, 0.0, 1.0, -1, -1, -1, -1, 0.0, 1.0, -1, -1, 0.14285714285714285, 0.3333333333333333, 0.19230769230769232, 0.0, 0.0, 0.39543726235741444, -1, 0.0, 0.06666666666666667, 0.0, 0.0, 0.04375, 0.14285714285714285), (0.03428571428571429, 0.07142857142857142, 0.14285714285714285, 0.0, 0.07142857142857142, 0.058823529411764705, -1, 0.0, 0.08333333333333333, 0.0, 0.0, 0.0, 0.0, -1, -1, -1, -1, 0.06091370558375635, 0.0, 0.02040816326530612, -1, 0.025, 0.0, 0.0, 1.0, -1, -1, -1, 0.0, -1, -1, -1, 0.0, 0.0, 0.0, -1, -1, 0.0, 0.0, -1, -1, 0.0, -1, 0.16666666666666666, -1, 0.13793103448275862, 0.14285714285714285, 0.0, 0.3577586206896552, -1, 0.0, 0.06896551724137931, -1, 0.0, 0.08163265306122448, 0.2), (0.0, 0.0, 0.1111111111111111, 0.08695652173913043, 0.18181818181818182, 0.1111111111111111, -1, 0.0, 0.13333333333333333, 0.0, 0.0, 0.0, 0.2, -1, -1, 0.2, 1.0, 0.037037037037037035, 0.0, 0.021739130434782608, 0.3333333333333333, 0.04225352112676056, 0.0, -1, -1, -1, -1, 0.0, 0.0, -1, -1, -1, 0.0, 0.0, 0.0, 0.0, 0.0, -1, -1, -1, 1.0, 0.0, -1, 0.15384615384615385, -1, 0.16666666666666666, 0.0, 0.043478260869565216, 0.31004366812227074, 0.5, 0.0, 0.1111111111111111, -1, -1, 0.09090909090909091, 0.0), (0.012048192771084338, 0.07692307692307693, 0.09090909090909091, 0.0, 0.0, 0.2222222222222222, -1, 0.14285714285714285, 0.08333333333333333, 0.0625, -1, 0.25, 0.0, 0.0, -1, 0.0, -1, 0.05092592592592592, 0.0, 0.0, 0.0, 0.05, 0.02127659574468085, 0.0, 0.0, -1, -1, 0.0, 0.0, 0.0, -1, -1, 0.0, 0.0, 0.0, -1, 0.0, 0.0, 0.0, 0.0, 0.0, 0.0, -1, 0.2857142857142857, 0.5, 0.2916666666666667, 0.0, 0.0, 0.3257918552036199, -1, 0.0, 0.058823529411764705, -1, -1, 0.08496732026143791, 0.2), (0.007142857142857143, 0.0625, 0.0, 0.125, 0.0625, 0.11764705882352941, -1, 0.06666666666666667, 0.18181818181818182, 0.0, 0.0, 0.0, 0.16666666666666666, -1, -1, 0.0, -1, 0.046948356807511735, 0.05128205128205128, 0.0, 0.0, 0.014925373134328358, 0.0, 0.0, 0.0, -1, -1, -1, 0.0, -1, -1, 0.0, 0.0, 0.0, 0.0, -1, -1, 0.0, 0.0, -1, 0.0, 0.0, 0.0, 0.17647058823529413, 1.0, 0.09090909090909091, 0.05, 0.047619047619047616, 0.31746031746031744, 0.0, 0.0, 0.08333333333333333, 0.0, -1, 0.07194244604316546, 0.3333333333333333), (0.012269938650306749, 0.0, 0.15384615384615385, 0.0, 0.1, 0.08333333333333333, -1, 0.0, 0.18181818181818182, 0.07142857142857142, 0.0, 0.0, 0.3333333333333333, -1, -1, -1, -1, 0.04265402843601896, 0.023255813953488372, 0.0196078431372549, -1, 0.039473684210526314, 0.0, 0.0, 0.0, -1, -1, -1, 0.5, -1, -1, -1, 0.0, 0.0, 0.5, 0.0, 0.0, -1, 0.0, -1, 1.0, 0.0, -1, 0.45454545454545453, -1, 0.2, 0.03571428571428571, 0.05555555555555555, 0.3891402714932127, 0.3333333333333333, 0.0, 0.15384615384615385, 0.0, -1, 0.07453416149068323, 0.0), (0.012578616352201259, 0.0, 0.1111111111111111, 0.0, 0.16666666666666666, 0.0, -1, 0.1111111111111111, 0.16666666666666666, 0.0, 0.0, 0.0, 0.0, 0.0, -1, 0.0, -1, 0.043243243243243246, 0.0, 0.0, 0.0, 0.034482758620689655, 0.016666666666666666, -1, -1, -1, -1, -1, 0.0, -1, -1, 0.0, 0.0, 0.0, 0.4, -1, -1, 0.0, -1, -1, -1, 0.0, -1, 0.36363636363636365, 0.0, 0.17391304347826086, 0.06666666666666667, 0.10526315789473684, 0.40825688073394495, 0.0, 0.0, 0.0, -1, 0.0, 0.056818181818181816, 0.0), (0.025, 0.09090909090909091, 0.1111111111111111, 0.05555555555555555, 0.0, 0.0, -1, 0.09090909090909091, 0.25, 0.14285714285714285, 0.0, 0.0, 0.125, -1, 0.0, 0.0, 1.0, 0.059907834101382486, 0.05128205128205128, 0.020833333333333332, 1.0, 0.028169014084507043, 0.0, 0.0, 0.0, -1, -1, 0.0, 0.0, 0.0, -1, -1, 0.08333333333333333, 0.0, 0.5, -1, -1, 0.0, 0.0, 0.0, 0.0, 0.3333333333333333, 0.0, 0.5333333333333333, 0.5, 0.2608695652173913, 0.05714285714285714, 0.045454545454545456, 0.38392857142857145, -1, 0.0, 0.08695652173913043, 0.0, -1, 0.05732484076433121, 0.0), (0.02531645569620253, 0.2727272727272727, 0.08333333333333333, 0.1111111111111111, 0.1, 0.0, -1, 0.0, 0.21428571428571427, 0.16666666666666666, 0.0, 0.0, 0.16666666666666666, -1, 0.5, 0.0, -1, 0.04020100502512563, 0.05263157894736842, 0.0, 0.5, 0.013513513513513514, 0.0, -1, 0.0, -1, -1, 0.0, 1.0, 0.0, 0.0, -1, 0.0, 0.0, -1, -1, -1, 0.0, 0.0, -1, 0.0, 0.0, 0.0, 0.23076923076923078, -1, 0.21875, 0.0, 0.0, 0.3684210526315789, 1.0, 0.0, 0.03125, 0.0, -1, 0.022058823529411766, 0.0), (0.020833333333333332, 0.1, 0.0, 0.1111111111111111, 0.0, 0.0625, -1, 0.10526315789473684, 0.14285714285714285, 0.08333333333333333, 0.0, 0.0, 0.0, 0.0, -1, 0.0, 1.0, 0.04830917874396135, 0.021739130434782608, 0.0, 0.5, 0.03333333333333333, 0.0, 0.0, 0.0, -1, -1, -1, 0.3333333333333333, -1, 0.0, -1, 0.0, 0.0, 0.3333333333333333, 0.0, -1, 0.0, -1, 0.0, 1.0, 0.0, 0.0, 0.2857142857142857, 1.0, 0.32142857142857145, 0.0, 0.0, 0.3765182186234818, 0.0, 0.0, 0.23529411764705882, 0.0, 0.0, 0.09655172413793103, 0.06666666666666667), (0.006622516556291391, 0.0, 0.09090909090909091, 0.1, 0.07692307692307693, 0.18181818181818182, -1, 0.1111111111111111, 0.0, 0.0, 0.0, 0.5, 0.0, -1, -1, 0.2, 0.0, 0.04405286343612335, 0.022727272727272728, 0.0, -1, 0.012048192771084338, 0.024390243902439025, 0.0, 0.0, -1, -1, 0.0, 0.25, 0.0, -1, -1, 0.0, 0.0, 0.2, -1, 0.0, 0.0, 0.0, -1, 1.0, 0.0, -1, 0.15384615384615385, 0.0, 0.25, 0.0, 0.06896551724137931, 0.32, 0.0, 0.0, 0.03333333333333333, 0.0, -1, 0.09558823529411764, 0.0), (0.011494252873563218, 0.11764705882352941, 0.1875, 0.0, 0.07692307692307693, 0.15384615384615385, -1, 0.0, 0.0, 0.07692307692307693, 0.0, 0.0, 0.2, -1, 1.0, 0.6666666666666666, 0.0, 0.019417475728155338, 0.044444444444444446, 0.0, 0.0, 0.012048192771084338, 0.0, 0.0, 0.0, -1, -1, 0.0, 0.0, 0.0, 0.0, -1, 0.0, 0.0, 0.0, -1, 0.0, 0.0, -1, 0.0, 0.0, 0.0, 0.0, 0.1875, -1, 0.043478260869565216, 0.0, 0.0, 0.3829787234042553, -1, 0.0, 0.13333333333333333, -1, -1, 0.04316546762589928, 0.125), (0.018633540372670808, 0.1, 0.125, 0.08333333333333333, 0.0, 0.09090909090909091, -1, 0.0625, 0.0, 0.0, 0.0, 0.0, 0.0, -1, 0.0, 0.25, -1, 0.03553299492385787, 0.0, 0.0, 0.0, 0.0, 0.0, 0.0, 0.0, -1, -1, -1, 0.5, -1, -1, -1, 0.0, 0.0, 0.0, 0.0, -1, -1, -1, -1, 1.0, 0.0, -1, 0.45454545454545453, 0.0, 0.36363636363636365, 0.0, 0.0, 0.33617021276595743, 0.0, 0.0, 0.08, 0.0, -1, 0.07575757575757576, 0.05555555555555555), (0.02197802197802198, 0.0, 0.25, 0.0, 0.4, 0.0, 0.0, 0.3333333333333333, 0.11764705882352941, 0.1875, 0.0, 0.3333333333333333, 0.0, -1, 0.0, 0.0, -1, 0.03409090909090909, 0.0, 0.022222222222222223, 0.0, 0.0, 0.0, 0.0, 0.0, -1, -1, 0.0, 1.0, -1, 0.0, -1, 0.0, 0.0, 0.0, -1, -1, 0.0, 0.0, 0.0, -1, 0.0, 1.0, 0.16666666666666666, 1.0, 0.0967741935483871, 0.0, 0.0, 0.357429718875502, 0.5, 0.0, 0.0, 0.0, -1, 0.09815950920245399, 0.09090909090909091), (0.0, 0.1, 0.16666666666666666, 0.0, 0.07692307692307693, 0.0, -1, 0.07692307692307693, 0.1, 0.0, 0.0, 0.0, 0.0, 0.0, -1, 0.0, 1.0, 0.0776255707762557, 0.020833333333333332, 0.020833333333333332, 0.0, 0.03333333333333333, 0.0, -1, 0.0, -1, -1, 0.0, 0.0, -1, -1, -1, 0.0, 0.0, 0.0, -1, 0.0, 0.0, -1, 0.0, 0.0, 0.0, 1.0, 0.2777777777777778, -1, 0.18181818181818182, 0.0, 0.0, 0.3611111111111111, 0.0, 0.0, 0.06060606060606061, 0.0, 0.0, 0.06802721088435375, 0.07692307692307693), (0.013157894736842105, 0.06666666666666667, 0.1, 0.07142857142857142, 0.0, 0.06666666666666667, 0.0, 0.0, 0.1, 0.1111111111111111, 0.0, 0.0, 0.14285714285714285, -1, 1.0, 0.0, -1, 0.0410958904109589, 0.0, 0.0, 0.0, 0.025974025974025976, 0.0, 0.0, 0.0, -1, -1, -1, 0.0, 0.0, -1, -1, 0.0, 0.0, -1, -1, -1, -1, -1, -1, 0.5, 0.0, 0.0, 0.4166666666666667, 0.0, 0.2, 0.07692307692307693, 0.0, 0.3562231759656652, 0.0, 0.0, 0.13636363636363635, 0.0, 0.0, 0.05555555555555555, 0.15384615384615385), (0.012195121951219513, 0.18181818181818182, 0.16666666666666666, 0.1111111111111111, 0.07692307692307693, 0.09090909090909091, -1, 0.18181818181818182, 0.0, 0.0, -1, 0.0, 0.0, 0.0, -1, 0.0, 1.0, 0.027777777777777776, 0.019230769230769232, 0.017543859649122806, 1.0, 0.014285714285714285, 0.0, -1, 0.0, -1, -1, 0.0, 0.4, -1, -1, -1, 0.0, 0.0, 0.0, 0.0, 0.6666666666666666, 0.0, 0.0, -1, 1.0, 0.0, 0.0, 0.2222222222222222, -1, 0.15384615384615385, 0.0, 0.05555555555555555, 0.388, -1, -1, 0.0, -1, 0.0, 0.07857142857142857, 0.0), (0.005917159763313609, 0.0, 0.0, 0.125, 0.0, 0.0, -1, 0.0, 0.0, 0.0, 0.0, 0.0, 0.0, -1, 0.0, 0.0, -1, 0.056074766355140186, 0.0, 0.0, 0.0, 0.023529411764705882, 0.0, 0.0, 0.0, -1, 0.0, -1, 0.0, -1, -1, -1, 0.0, 0.0, 0.0, -1, 0.0, -1, -1, -1, -1, 0.0, 0.0, 0.1, -1, 0.2, 0.05263157894736842, 0.0, 0.3884297520661157, 0.5, 0.0, 0.0, 0.0, 0.0, 0.026845637583892617, 0.0), (0.011695906432748537, 0.1111111111111111, 0.0, 0.058823529411764705, 0.2727272727272727, 0.5, 0.0, 0.1111111111111111, 0.0, 0.11764705882352941, 0.0, 0.0, 0.3333333333333333, -1, -1, 0.0, 0.0, 0.07462686567164178, 0.029411764705882353, 0.0, 0.0, 0.05555555555555555, 0.0, -1, -1, -1, -1, -1, 1.0, -1, -1, -1, 0.0, 0.0, 0.5, -1, -1, -1, 0.0, 0.0, 1.0, 0.0, -1, 0.08333333333333333, 0.3333333333333333, 0.2777777777777778, 0.043478260869565216, 0.043478260869565216, 0.34701492537313433, -1, 0.0, 0.15, -1, -1, 0.06766917293233082, 0.08333333333333333), (0.018072289156626505, 0.23076923076923078, 0.0, 0.18181818181818182, 0.15384615384615385, 0.0, 0.0, 0.0, 0.0, 0.0, 0.0, 0.0, 0.75, 0.0, 0.75, 0.3333333333333333, -1, 0.0297029702970297, 0.02, 0.0, 0.3333333333333333, 0.024691358024691357, 0.02040816326530612, 0.0, 0.2, -1, -1, -1, 0.0, -1, -1, -1, 0.1111111111111111, 0.0, 0.0, -1, -1, -1, -1, -1, -1, 0.0, 0.0, 0.3333333333333333, 1.0, 0.19230769230769232, 0.08, 0.047619047619047616, 0.33195020746887965, 0.0, 0.0, 0.08333333333333333, 0.0, 0.0, 0.08759124087591241, 0.05263157894736842), (0.006535947712418301, 0.1111111111111111, 0.08333333333333333, 0.0, 0.08333333333333333, 0.06666666666666667, -1, 0.0, 0.07142857142857142, 0.0, 0.0, 0.0, 0.1, 0.0, -1, 0.0, -1, 0.03571428571428571, 0.0, 0.0, -1, 0.0, 0.0, 0.0, 0.0, 0.0, -1, -1, 1.0, -1, -1, -1, 0.0, 0.0, 0.3333333333333333, 0.0, -1, 0.0, -1, -1, 1.0, -1, 0.0, 0.25, 1.0, 0.2857142857142857, 0.058823529411764705, 0.0, 0.37065637065637064, 1.0, 0.0, 0.06451612903225806, 0.0, -1, 0.07586206896551724, 0.07692307692307693), (0.012269938650306749, 0.16666666666666666, 0.21428571428571427, 0.13333333333333333, 0.06666666666666667, 0.0, -1, 0.14285714285714285, 0.1, 0.1875, -1, 0.0, 0.0, -1, 1.0, 0.3333333333333333, -1, 0.06598984771573604, 0.0, 0.0196078431372549, 1.0, 0.02631578947368421, 0.0, -1, 0.0, -1, -1, -1, 1.0, -1, 0.0, -1, 0.0, 0.0, 0.0, -1, 0.0, -1, 0.0, -1, 1.0, 0.0, 0.0, 0.23076923076923078, -1, 0.07407407407407407, 0.0, 0.1, 0.3236514522821577, -1, 0.0, 0.16666666666666666, 0.0, 0.0, 0.05673758865248227, 0.07692307692307693), (0.014492753623188406, 0.18181818181818182, 0.07142857142857142, 0.08333333333333333, 0.0, 0.0, 0.0, 0.06666666666666667, 0.07692307692307693, 0.16666666666666666, 0.0, 0.0, 0.0, -1, 0.0, 0.0, -1, 0.052884615384615384, 0.018867924528301886, 0.0, -1, 0.0, 0.0, 0.0, 0.0, -1, -1, -1, 0.0, -1, -1, -1, 0.0, 0.0, -1, -1, -1, -1, 0.0, 0.0, -1, -1, 0.0, 0.2, 1.0, 0.14814814814814814, 0.05263157894736842, 0.034482758620689655, 0.3531746031746032, -1, 0.0, 0.05555555555555555, -1, 0.0, 0.07407407407407407, 0.1111111111111111)]
 - Error break down:
{0: '_PAD', 1: '_GO', 2: '_EOS', 3: '_UNK', 4: '~', 5: 'e', 6: 't', 7: 'n', 8: 'i', 9: 'r', 10: 's', 11: 'o', 12: 'a', 13: 'h', 14: 'd', 15: 'u', 16: 'l', 17: 'm', 18: 'c', 19: 'f', 20: 'y', 21: 'g', 22: 'p', 23: '#CON', 24: '-', 25: '#QUC', 26: 'v', 27: '1', 28: 'b', 29: 'w', 30: '#CLO', 31: '#UOM', 32: '.', 33: '2', 34: '0', 35: '3', 36: '5', 37: '4', 38: 'k', 39: '6', 40: 'x', 41: '7', 42: '8', 43: '9', 44: '#ORD', 45: '#MOR', 46: '#TOP', 47: ':', 48: 'q', 49: '#YOC', 50: '/', 51: 'z', 52: '#EXS', 53: '#AND', 54: '#ENS', 55: '#GPO', 56: "'", 57: '#ITJ', 58: 'j', 59: '#TTL', 60: '#ENT', 61: '#EPS', 62: '#ENG', 63: '#EPT', 64: '#EPG', 65: '#EFT', 66: '#EXT', 67: '#EFG', 68: '#EXG', 69: '#IST', 70: '#SUB', 71: '#SCO', 72: '#DEF', 73: '#NIL', 74: ',', 75: '#NOW', 76: '#PRO', 77: '#EXX', 78: '#DIS', 79: '\xc2\xb3', 80: '#DEC', 81: '#GRE', 82: '\xc2\xb2', 83: '#COO', 84: '#NOT', 85: '#HAS', 86: '\xc2\xb5', 87: '#PST', 88: 'X', 89: '#REL', 90: '#PER', 91: '#MOY', 92: '#ORG', 93: '\xcf\x89', 94: '#LOC', 95: '#DOM', 96: '#DOW', 97: '#FUT', 98: '#QUE', 99: '\xc2\xb0', 100: '#NEC', 101: '#POS', 102: '%', 103: '#PRX', 104: '#GEO', 105: '#XCL', 106: '#IMP', 107: '#DST', 108: '#REF', 109: '#HES', 110: '#ALT', 111: '#APP', 112: '\xe2\x80\x99', 113: '#QUA', 114: '#UNK', 115: '#EMP', 116: '?', 117: '\xe2\x80\x93', 118: '\xc3\xa9', 119: '#BUT', 120: '#INT', 121: '#ESP', 122: '#ESN', 123: '#PFT', 124: ')', 125: '(', 126: '\xe2\x81\xb4', 127: '\xe2\x82\x82', 128: '#GPE', 129: '#EVN', 130: ';', 131: '#ETP', 132: '#BOT', 133: '#EXC', 134: '!', 135: 'A', 136: '\xe2\x80\xb0', 137: '#TIM', 138: '\xc3\xa7', 139: '\xc2\xba', 140: '#EQA', 141: '\xce\xb3', 142: '\xc3\xa3', 143: '\xc3\xa5', 144: '\xc3\xb8', 145: 'I', 146: '\xe2\x82\x85', 147: '\xe2\x82\x81', 148: '#EVP', 149: '\xe2\x82\x80', 150: '$', 151: '#COM', 152: '\xe2\x99\xab', 153: '#ART', 154: '#PRI', 155: '\xe2\x99\xaa', 156: '#LES', 157: '\xe2\x80\x9c', 158: '#ETG', 159: '#ROL', 160: '\xc2\xae', 161: '#HAP', 162: '\xc3\xa1', 163: '#ACT', 164: ']', 165: '\xe2\x82\xac', 166: '+', 167: '>', 168: '\xc4\x9f', 169: '\xe2\x80\xa6', 170: '#EFS', 171: '#QUV', 172: '\xc3\xb6', 173: '\xc3\xbc', 174: '#SST', 175: '\xe2\x80\x98', 176: '\xc3\xa2', 177: '\xc3\xa0', 178: '#EXV', 179: '=', 180: '*', 181: '\xc3\xa4', 182: '#EMPTY', 183: '\xe2\x80\x94', 184: '\xc2\xa3', 185: '#EVE', 186: '_', 187: '#PRE', 188: '\xc3\xaf', 189: '\xc3\xad', 190: '#COL', 191: '\xc3\x9f', 192: '[', 193: '\xc3\xa8', 194: '#NAT', 195: '#URL', 196: '@', 197: '&', 198: '\xc3\xb3', 199: '\xc2\xa9', 200: '\xc3\xb4', 201: '#', 202: '\xe2\x80\x9d', 203: '\xe2\x84\xa2', 204: '#PRG', 205: '#NTH', 206: '\xc8\x83', 207: '\xc3\xba', 208: '\xc3\xb1', 209: '\xc2\xa5', 210: '\xc2\xad', 211: '\xc5\xa1', 212: '#FRC', 213: '\xe2\x80\x9e'}
   + Tag: #CLO has error rate: 0.0145754119138 (92 out of 6312)
   + Tag: #ENT has error rate: 0.0806794055202 (38 out of 471)
   + Tag: #EPS has error rate: 0.0805084745763 (38 out of 472)
   + Tag: #ENG has error rate: 0.0677966101695 (36 out of 531)
   + Tag: #EPT has error rate: 0.0943025540275 (48 out of 509)
   + Tag: #EPG has error rate: 0.078 (39 out of 500)
   + Tag: #ALT has error rate: 0.0 (0 out of 21)
   + Tag: #EXT has error rate: 0.0755102040816 (37 out of 490)
   + Tag: #EFG has error rate: 0.0778947368421 (37 out of 475)
   + Tag: #EXG has error rate: 0.0770750988142 (39 out of 506)
   + Tag: #COO has error rate: 0.0 (0 out of 70)
   + Tag: #DEC has error rate: 0.0214592274678 (5 out of 233)
   + Tag: #GRE has error rate: 0.147783251232 (30 out of 203)
   + Tag: #BUT has error rate: 0.0 (0 out of 14)
   + Tag: #PST has error rate: 0.548387096774 (17 out of 31)
   + Tag: #NOT has error rate: 0.0869565217391 (8 out of 92)
   + Tag: #HAS has error rate: 0.655172413793 (19 out of 29)
   + Tag: #QUC has error rate: 0.0447233731416 (367 out of 8206)
   + Tag: #YOC has error rate: 0.0144341801386 (25 out of 1732)
   + Tag: #TOP has error rate: 0.00620229007634 (13 out of 2096)
   + Tag: #DOM has error rate: 0.365384615385 (19 out of 52)
   + Tag: #ORD has error rate: 0.0236193122612 (68 out of 2879)
   + Tag: #MOR has error rate: 0.00287081339713 (6 out of 2090)
   + Tag: #XCL has error rate: 0.0 (0 out of 34)
   + Tag: #DOW has error rate: 0.0847457627119 (5 out of 59)
   + Tag: #EQA has error rate: 0.0 (0 out of 1)
   + Tag: #BOT has error rate: 0.0 (0 out of 2)
   + Tag: #QUE has error rate: 0.0 (0 out of 37)
   + Tag: #NOW has error rate: 0.253164556962 (20 out of 79)
   + Tag: #PFT has error rate: 0.0 (0 out of 14)
   + Tag: #NIL has error rate: 0.0 (0 out of 13)
   + Tag: #DEF has error rate: 0.0 (0 out of 6)
   + Tag: #SCO has error rate: 0.00558659217877 (2 out of 358)
   + Tag: #SUB has error rate: 0.0 (0 out of 212)
   + Tag: #MOY has error rate: 0.142857142857 (14 out of 98)
   + Tag: #PRX has error rate: 0.0 (0 out of 17)
   + Tag: #NEC has error rate: 0.111111111111 (4 out of 36)
   + Tag: #POS has error rate: 0.0 (0 out of 29)
   + Tag: #IMP has error rate: 0.0 (0 out of 34)
   + Tag: #DST has error rate: 0.0 (0 out of 18)
   + Tag: #FUT has error rate: 0.566666666667 (17 out of 30)
   + Tag: #DIS has error rate: 0.0235294117647 (2 out of 85)
   + Tag: #EMP has error rate: 0.1875 (6 out of 32)
   + Tag: #TTL has error rate: 0.234082397004 (125 out of 534)
   + Tag: #PRO has error rate: 0.525 (21 out of 40)
   + Tag: #GPO has error rate: 0.192713326942 (201 out of 1043)
   + Tag: #ENS has error rate: 0.0276073619632 (27 out of 978)
   + Tag: #ITJ has error rate: 0.0247191011236 (22 out of 890)
   + Tag: #CON has error rate: 0.357068607069 (3435 out of 9620)
   + Tag: #REF has error rate: 0.190476190476 (8 out of 42)
   + Tag: #AND has error rate: 0.0 (0 out of 113)
   + Tag: #EXS has error rate: 0.0675675675676 (70 out of 1036)
   + Tag: #HES has error rate: 0.0 (0 out of 34)
   + Tag: #APP has error rate: 0.0 (0 out of 35)
   + Tag: #UOM has error rate: 0.0692099932478 (410 out of 5924)
   + Tag: #EFT has error rate: 0.0795228628231 (40 out of 503)
