Reading model parameters from ../../../../models/chkpnt_018/translate.ckpt-30000
~~~~~~~~~~~~~ ../../../../models/tmp_018/pmb_2016-12-14_sembows_only_filtered
../../../../models/tmp_018/pmb_2016-12-14_sembows_only_filtered.sym ../../../../models/tmp_018/pmb_2016-12-14_sembows_only_filtered.ids1000.sym ../../../../models/tmp_018/vocab1000.sym
Tokenizing data in ../../../../models/tmp_018/pmb_2016-12-14_sembows_only_filtered.sym
../../../../models/tmp_018/pmb_2016-12-14_sembows_only_filtered.word ../../../../models/tmp_018/pmb_2016-12-14_sembows_only_filtered.ids1000.word ../../../../models/tmp_018/vocab1000.word
Tokenizing data in ../../../../models/tmp_018/pmb_2016-12-14_sembows_only_filtered.word
Started evaluating model on test data.
Started thread 0 with 19 records.
Started thread 1 with 18 records.
Started thread 2 with 18 records.
Started thread 3 with 18 records.
Started thread 4 with 18 records.
Started thread 5 with 18 records.
Started thread 6 with 18 records.
Started thread 7 with 18 records.
Started thread 8 with 18 records.
Started thread 9 with 18 records.
Started thread 10 with 18 records.
Started thread 11 with 18 records.
Started thread 12 with 18 records.
Started thread 13 with 18 records.
Started thread 14 with 18 records.
Started thread 15 with 18 records.
Started thread 16 with 18 records.
Started thread 17 with 18 records.
Started thread 18 with 18 records.
Started thread 19 with 18 records.
Started thread 20 with 18 records.
Started thread 21 with 18 records.
Started thread 22 with 18 records.
Started thread 23 with 18 records.
Started thread 24 with 18 records.
Started thread 25 with 18 records.
Started thread 26 with 18 records.
Started thread 27 with 18 records.
Started thread 28 with 18 records.
Started thread 29 with 18 records.
Started thread 30 with 18 records.
Started thread 31 with 18 records.
Started thread 32 with 18 records.
Started thread 33 with 18 records.
Started thread 34 with 18 records.
Started thread 35 with 18 records.
Started thread 36 with 18 records.
Started thread 37 with 18 records.
Started thread 38 with 18 records.
Started thread 39 with 18 records.
Evaluator: 26 finished. Result: 14.0 correct out of 18
Evaluator: 38 finished. Result: 13.0 correct out of 18
Evaluator: 18 finished. Result: 15.0 correct out of 18
Evaluator: 5 finished. Result: 13.0 correct out of 18
Evaluator: 10 finished. Result: 14.0 correct out of 18
Evaluator: 16 finished. Result: 14.0 correct out of 18
Evaluator: 7 finished. Result: 14.0 correct out of 18
Evaluator: 31 finished. Result: 14.0 correct out of 18
Evaluator: 36 finished. Result: 15.0 correct out of 18
Evaluator: 0 finished. Result: 12.0 correct out of 19
Evaluator: 37 finished. Result: 11.0 correct out of 18
Evaluator: 25 finished. Result: 14.0 correct out of 18
Evaluator: 21 finished. Result: 12.0 correct out of 18
Evaluator: 39 finished. Result: 12.0 correct out of 18
Evaluator: 11 finished. Result: 13.0 correct out of 18
Evaluator: 33 finished. Result: 12.0 correct out of 18
Evaluator: 20 finished. Result: 13.0 correct out of 18
Evaluator: 24 finished. Result: 12.0 correct out of 18
Evaluator: 23 finished. Result: 14.0 correct out of 18
Evaluator: 30 finished. Result: 14.0 correct out of 18
Evaluator: 15 finished. Result: 13.0 correct out of 18
Evaluator: 3 finished. Result: 13.0 correct out of 18
Evaluator: 35 finished. Result: 13.0 correct out of 18
Evaluator: 17 finished. Result: 14.0 correct out of 18
Evaluator: 13 finished. Result: 13.0 correct out of 18
Evaluator: 29 finished. Result: 10.0 correct out of 18
Evaluator: 4 finished. Result: 12.0 correct out of 18
Evaluator: 28 finished. Result: 14.0 correct out of 18
Evaluator: 1 finished. Result: 13.0 correct out of 18
Evaluator: 14 finished. Result: 15.0 correct out of 18
Evaluator: 27 finished. Result: 14.0 correct out of 18
Evaluator: 9 finished. Result: 13.0 correct out of 18
Evaluator: 8 finished. Result: 12.0 correct out of 18
Evaluator: 2 finished. Result: 13.0 correct out of 18
Evaluator: 34 finished. Result: 11.0 correct out of 18
Evaluator: 19 finished. Result: 14.0 correct out of 18
Evaluator: 12 finished. Result: 13.0 correct out of 18
Evaluator: 32 finished. Result: 14.0 correct out of 18
Evaluator: 22 finished. Result: 13.0 correct out of 18
Evaluator: 6 finished. Result: 11.0 correct out of 18
RESULT REPORT:\N - Result matrix: 
[[ 12.  19.]
 [ 13.  18.]
 [ 13.  18.]
 [ 13.  18.]
 [ 12.  18.]
 [ 13.  18.]
 [ 11.  18.]
 [ 14.  18.]
 [ 12.  18.]
 [ 13.  18.]
 [ 14.  18.]
 [ 13.  18.]
 [ 13.  18.]
 [ 13.  18.]
 [ 15.  18.]
 [ 13.  18.]
 [ 14.  18.]
 [ 14.  18.]
 [ 15.  18.]
 [ 14.  18.]
 [ 13.  18.]
 [ 12.  18.]
 [ 13.  18.]
 [ 14.  18.]
 [ 12.  18.]
 [ 14.  18.]
 [ 14.  18.]
 [ 14.  18.]
 [ 14.  18.]
 [ 10.  18.]
 [ 14.  18.]
 [ 14.  18.]
 [ 14.  18.]
 [ 12.  18.]
 [ 11.  18.]
 [ 13.  18.]
 [ 15.  18.]
 [ 11.  18.]
 [ 13.  18.]
 [ 12.  18.]]
 - Sum: [ 523.  721.]
 - Correct: 523.0 out of 721.0
 - Accuracy: 0.725381414702
ThdID: 0, ErrCnt: Counter({'30': 3, '31': 2, '69': 1, '25': 1})
ThdID: 0, TotCnt: Counter({'30': 8, '97': 7, '31': 2, '69': 1, '25': 1})
ThdID: 0, sumErrCnt: Counter({'30': 3, '31': 2, '69': 1, '25': 1})
ThdID: 0, sumTotCnt: Counter({'30': 8, '97': 7, '31': 2, '69': 1, '25': 1})
ThdID: 1, ErrCnt: Counter({'69': 1, '31': 1, '30': 1, '53': 1, '25': 1})
ThdID: 1, TotCnt: Counter({'30': 7, '97': 7, '25': 1, '31': 1, '53': 1, '69': 1})
ThdID: 1, sumErrCnt: Counter({'30': 4, '31': 3, '69': 2, '25': 2, '53': 1})
ThdID: 1, sumTotCnt: Counter({'30': 15, '97': 14, '31': 3, '25': 2, '69': 2, '53': 1})
ThdID: 2, ErrCnt: Counter({'30': 2, '69': 1, '31': 1, '53': 1})
ThdID: 2, TotCnt: Counter({'30': 7, '97': 7, '25': 1, '31': 1, '53': 1, '69': 1})
ThdID: 2, sumErrCnt: Counter({'30': 6, '31': 4, '69': 3, '53': 2, '25': 2})
ThdID: 2, sumTotCnt: Counter({'30': 22, '97': 21, '31': 4, '25': 3, '69': 3, '53': 2})
ThdID: 3, ErrCnt: Counter({'30': 2, '31': 1, '73': 1, '53': 1})
ThdID: 3, TotCnt: Counter({'30': 7, '97': 7, '25': 1, '31': 1, '53': 1, '73': 1})
ThdID: 3, sumErrCnt: Counter({'30': 8, '31': 5, '53': 3, '69': 3, '25': 2, '73': 1})
ThdID: 3, sumTotCnt: Counter({'30': 29, '97': 28, '31': 5, '25': 4, '53': 3, '69': 3, '73': 1})
ThdID: 4, ErrCnt: Counter({'30': 2, '25': 1, '31': 1, '73': 1, '53': 1})
ThdID: 4, TotCnt: Counter({'30': 7, '97': 7, '25': 1, '31': 1, '53': 1, '73': 1})
ThdID: 4, sumErrCnt: Counter({'30': 10, '31': 6, '53': 4, '25': 3, '69': 3, '73': 2})
ThdID: 4, sumTotCnt: Counter({'30': 36, '97': 35, '31': 6, '25': 5, '53': 4, '69': 3, '73': 2})
ThdID: 5, ErrCnt: Counter({'25': 1, '31': 1, '30': 1, '73': 1, '53': 1})
ThdID: 5, TotCnt: Counter({'30': 7, '97': 7, '25': 1, '31': 1, '53': 1, '73': 1})
ThdID: 5, sumErrCnt: Counter({'30': 11, '31': 7, '53': 5, '25': 4, '73': 3, '69': 3})
ThdID: 5, sumTotCnt: Counter({'30': 43, '97': 42, '31': 7, '25': 6, '53': 5, '73': 3, '69': 3})
ThdID: 6, ErrCnt: Counter({'30': 3, '31': 2, '25': 1, '73': 1})
ThdID: 6, TotCnt: Counter({'30': 7, '97': 7, '31': 2, '25': 1, '73': 1})
ThdID: 6, sumErrCnt: Counter({'30': 14, '31': 9, '25': 5, '53': 5, '73': 4, '69': 3})
ThdID: 6, sumTotCnt: Counter({'30': 50, '97': 49, '31': 9, '25': 7, '53': 5, '73': 4, '69': 3})
ThdID: 7, ErrCnt: Counter({'30': 2, '31': 1, '23': 1})
ThdID: 7, TotCnt: Counter({'30': 7, '97': 7, '25': 1, '23': 1, '31': 1, '84': 1})
ThdID: 7, sumErrCnt: Counter({'30': 16, '31': 10, '25': 5, '53': 5, '73': 4, '69': 3, '23': 1})
ThdID: 7, sumTotCnt: Counter({'30': 57, '97': 56, '31': 10, '25': 8, '53': 5, '73': 4, '69': 3, '23': 1, '84': 1})
ThdID: 8, ErrCnt: Counter({'30': 3, '31': 2, '23': 1})
ThdID: 8, TotCnt: Counter({'30': 7, '97': 7, '31': 2, '84': 1, '23': 1})
ThdID: 8, sumErrCnt: Counter({'30': 19, '31': 12, '25': 5, '53': 5, '73': 4, '69': 3, '23': 2})
ThdID: 8, sumTotCnt: Counter({'30': 64, '97': 63, '31': 12, '25': 8, '53': 5, '73': 4, '69': 3, '23': 2, '84': 2})
ThdID: 9, ErrCnt: Counter({'30': 3, '31': 1, '23': 1})
ThdID: 9, TotCnt: Counter({'30': 7, '97': 7, '31': 2, '84': 1, '23': 1})
ThdID: 9, sumErrCnt: Counter({'30': 22, '31': 13, '25': 5, '53': 5, '73': 4, '23': 3, '69': 3})
ThdID: 9, sumTotCnt: Counter({'30': 71, '97': 70, '31': 14, '25': 8, '53': 5, '73': 4, '23': 3, '84': 3, '69': 3})
ThdID: 10, ErrCnt: Counter({'30': 2, '31': 1, '23': 1})
ThdID: 10, TotCnt: Counter({'30': 7, '97': 7, '31': 2, '84': 1, '23': 1})
ThdID: 10, sumErrCnt: Counter({'30': 24, '31': 14, '25': 5, '53': 5, '23': 4, '73': 4, '69': 3})
ThdID: 10, sumTotCnt: Counter({'30': 78, '97': 77, '31': 16, '25': 8, '53': 5, '23': 4, '73': 4, '84': 4, '69': 3})
ThdID: 11, ErrCnt: Counter({'30': 3, '31': 1, '23': 1})
ThdID: 11, TotCnt: Counter({'30': 7, '97': 7, '31': 2, '84': 1, '23': 1})
ThdID: 11, sumErrCnt: Counter({'30': 27, '31': 15, '25': 5, '23': 5, '53': 5, '73': 4, '69': 3})
ThdID: 11, sumTotCnt: Counter({'30': 85, '97': 84, '31': 18, '25': 8, '23': 5, '53': 5, '84': 5, '73': 4, '69': 3})
ThdID: 12, ErrCnt: Counter({'31': 2, '30': 2, '23': 1})
ThdID: 12, TotCnt: Counter({'30': 7, '97': 7, '31': 2, '84': 1, '23': 1})
ThdID: 12, sumErrCnt: Counter({'30': 29, '31': 17, '23': 6, '25': 5, '53': 5, '73': 4, '69': 3})
ThdID: 12, sumTotCnt: Counter({'30': 92, '97': 91, '31': 20, '25': 8, '23': 6, '84': 6, '53': 5, '73': 4, '69': 3})
ThdID: 13, ErrCnt: Counter({'31': 2, '30': 2, '23': 1})
ThdID: 13, TotCnt: Counter({'30': 7, '97': 7, '31': 2, '75': 1, '23': 1})
ThdID: 13, sumErrCnt: Counter({'30': 31, '31': 19, '23': 7, '25': 5, '53': 5, '73': 4, '69': 3})
ThdID: 13, sumTotCnt: Counter({'30': 99, '97': 98, '31': 22, '25': 8, '23': 7, '84': 6, '53': 5, '73': 4, '69': 3, '75': 1})
ThdID: 14, ErrCnt: Counter({'31': 1, '30': 1, '23': 1})
ThdID: 14, TotCnt: Counter({'30': 7, '97': 7, '31': 2, '44': 1, '23': 1})
ThdID: 14, sumErrCnt: Counter({'30': 32, '31': 20, '23': 8, '25': 5, '53': 5, '73': 4, '69': 3})
ThdID: 14, sumTotCnt: Counter({'30': 106, '97': 105, '31': 24, '25': 8, '23': 8, '84': 6, '53': 5, '73': 4, '69': 3, '75': 1, '44': 1})
ThdID: 15, ErrCnt: Counter({'30': 2, '92': 1, '31': 1, '23': 1})
ThdID: 15, TotCnt: Counter({'30': 7, '97': 7, '31': 2, '92': 1, '23': 1})
ThdID: 15, sumErrCnt: Counter({'30': 34, '31': 21, '23': 9, '25': 5, '53': 5, '73': 4, '69': 3, '92': 1})
ThdID: 15, sumTotCnt: Counter({'30': 113, '97': 112, '31': 26, '23': 9, '25': 8, '84': 6, '53': 5, '73': 4, '69': 3, '75': 1, '92': 1, '44': 1})
ThdID: 16, ErrCnt: Counter({'31': 2, '76': 1, '30': 1})
ThdID: 16, TotCnt: Counter({'30': 7, '97': 7, '31': 2, '76': 1, '23': 1})
ThdID: 16, sumErrCnt: Counter({'30': 35, '31': 23, '23': 9, '25': 5, '53': 5, '73': 4, '69': 3, '76': 1, '92': 1})
ThdID: 16, sumTotCnt: Counter({'30': 120, '97': 119, '31': 28, '23': 10, '25': 8, '84': 6, '53': 5, '73': 4, '69': 3, '76': 1, '75': 1, '92': 1, '44': 1})
ThdID: 17, ErrCnt: Counter({'31': 2, '76': 1, '72': 1})
ThdID: 17, TotCnt: Counter({'30': 7, '97': 7, '31': 2, '76': 1, '72': 1})
ThdID: 17, sumErrCnt: Counter({'30': 35, '31': 25, '23': 9, '25': 5, '53': 5, '73': 4, '69': 3, '76': 2, '72': 1, '92': 1})
ThdID: 17, sumTotCnt: Counter({'30': 127, '97': 126, '31': 30, '23': 10, '25': 8, '84': 6, '53': 5, '73': 4, '69': 3, '76': 2, '75': 1, '92': 1, '44': 1, '72': 1})
ThdID: 18, ErrCnt: Counter({'31': 2, '72': 1})
ThdID: 18, TotCnt: Counter({'30': 7, '97': 7, '31': 2, '76': 1, '72': 1})
ThdID: 18, sumErrCnt: Counter({'30': 35, '31': 27, '23': 9, '25': 5, '53': 5, '73': 4, '69': 3, '76': 2, '72': 2, '92': 1})
ThdID: 18, sumTotCnt: Counter({'30': 134, '97': 133, '31': 32, '23': 10, '25': 8, '84': 6, '53': 5, '73': 4, '76': 3, '69': 3, '72': 2, '75': 1, '92': 1, '44': 1})
ThdID: 19, ErrCnt: Counter({'31': 2, '30': 1, '96': 1})
ThdID: 19, TotCnt: Counter({'30': 7, '97': 7, '31': 2, '76': 1, '96': 1})
ThdID: 19, sumErrCnt: Counter({'30': 36, '31': 29, '23': 9, '25': 5, '53': 5, '73': 4, '69': 3, '76': 2, '72': 2, '92': 1, '96': 1})
ThdID: 19, sumTotCnt: Counter({'30': 141, '97': 140, '31': 34, '23': 10, '25': 8, '84': 6, '53': 5, '76': 4, '73': 4, '69': 3, '72': 2, '96': 1, '75': 1, '92': 1, '44': 1})
ThdID: 20, ErrCnt: Counter({'31': 2, '30': 2, '54': 1})
ThdID: 20, TotCnt: Counter({'30': 7, '97': 7, '31': 2, '54': 1, '76': 1})
ThdID: 20, sumErrCnt: Counter({'30': 38, '31': 31, '23': 9, '25': 5, '53': 5, '73': 4, '69': 3, '76': 2, '72': 2, '54': 1, '92': 1, '96': 1})
ThdID: 20, sumTotCnt: Counter({'30': 148, '97': 147, '31': 36, '23': 10, '25': 8, '84': 6, '53': 5, '76': 5, '73': 4, '69': 3, '72': 2, '54': 1, '75': 1, '92': 1, '44': 1, '96': 1})
ThdID: 21, ErrCnt: Counter({'31': 2, '30': 2, '61': 1, '76': 1})
ThdID: 21, TotCnt: Counter({'30': 7, '97': 7, '31': 2, '61': 1, '76': 1})
ThdID: 21, sumErrCnt: Counter({'30': 40, '31': 33, '23': 9, '25': 5, '53': 5, '73': 4, '76': 3, '69': 3, '72': 2, '54': 1, '61': 1, '92': 1, '96': 1})
ThdID: 21, sumTotCnt: Counter({'30': 155, '97': 154, '31': 38, '23': 10, '25': 8, '84': 6, '76': 6, '53': 5, '73': 4, '69': 3, '72': 2, '54': 1, '75': 1, '61': 1, '92': 1, '44': 1, '96': 1})
ThdID: 22, ErrCnt: Counter({'31': 2, '30': 2, '61': 1})
ThdID: 22, TotCnt: Counter({'30': 7, '97': 7, '31': 2, '61': 1, '76': 1})
ThdID: 22, sumErrCnt: Counter({'30': 42, '31': 35, '23': 9, '25': 5, '53': 5, '73': 4, '76': 3, '69': 3, '61': 2, '72': 2, '54': 1, '92': 1, '96': 1})
ThdID: 22, sumTotCnt: Counter({'30': 162, '97': 161, '31': 40, '23': 10, '25': 8, '76': 7, '84': 6, '53': 5, '73': 4, '69': 3, '61': 2, '72': 2, '54': 1, '75': 1, '92': 1, '44': 1, '96': 1})
ThdID: 23, ErrCnt: Counter({'30': 2, '76': 1, '31': 1})
ThdID: 23, TotCnt: Counter({'30': 7, '97': 7, '31': 2, '68': 1, '76': 1})
ThdID: 23, sumErrCnt: Counter({'30': 44, '31': 36, '23': 9, '25': 5, '53': 5, '76': 4, '73': 4, '69': 3, '61': 2, '72': 2, '54': 1, '92': 1, '96': 1})
ThdID: 23, sumTotCnt: Counter({'30': 169, '97': 168, '31': 42, '23': 10, '25': 8, '76': 8, '84': 6, '53': 5, '73': 4, '69': 3, '61': 2, '72': 2, '54': 1, '75': 1, '68': 1, '92': 1, '44': 1, '96': 1})
ThdID: 24, ErrCnt: Counter({'30': 3, '31': 2, '76': 1})
ThdID: 24, TotCnt: Counter({'97': 8, '30': 7, '31': 2, '76': 1})
ThdID: 24, sumErrCnt: Counter({'30': 47, '31': 38, '23': 9, '25': 5, '76': 5, '53': 5, '73': 4, '69': 3, '61': 2, '72': 2, '54': 1, '92': 1, '96': 1})
ThdID: 24, sumTotCnt: Counter({'97': 176, '30': 176, '31': 44, '23': 10, '76': 9, '25': 8, '84': 6, '53': 5, '73': 4, '69': 3, '61': 2, '72': 2, '54': 1, '75': 1, '68': 1, '92': 1, '44': 1, '96': 1})
ThdID: 25, ErrCnt: Counter({'30': 2, '76': 1, '31': 1})
ThdID: 25, TotCnt: Counter({'97': 8, '30': 7, '31': 2, '76': 1})
ThdID: 25, sumErrCnt: Counter({'30': 49, '31': 39, '23': 9, '76': 6, '25': 5, '53': 5, '73': 4, '69': 3, '61': 2, '72': 2, '54': 1, '92': 1, '96': 1})
ThdID: 25, sumTotCnt: Counter({'97': 184, '30': 183, '31': 46, '76': 10, '23': 10, '25': 8, '84': 6, '53': 5, '73': 4, '69': 3, '61': 2, '72': 2, '54': 1, '75': 1, '68': 1, '92': 1, '44': 1, '96': 1})
ThdID: 26, ErrCnt: Counter({'30': 2, '76': 1, '31': 1})
ThdID: 26, TotCnt: Counter({'97': 8, '30': 7, '31': 2, '76': 1})
ThdID: 26, sumErrCnt: Counter({'30': 51, '31': 40, '23': 9, '76': 7, '25': 5, '53': 5, '73': 4, '69': 3, '61': 2, '72': 2, '54': 1, '92': 1, '96': 1})
ThdID: 26, sumTotCnt: Counter({'97': 192, '30': 190, '31': 48, '76': 11, '23': 10, '25': 8, '84': 6, '53': 5, '73': 4, '69': 3, '61': 2, '72': 2, '54': 1, '75': 1, '68': 1, '92': 1, '44': 1, '96': 1})
ThdID: 27, ErrCnt: Counter({'30': 2, '31': 1, '87': 1})
ThdID: 27, TotCnt: Counter({'97': 8, '30': 7, '31': 2, '87': 1})
ThdID: 27, sumErrCnt: Counter({'30': 53, '31': 41, '23': 9, '76': 7, '25': 5, '53': 5, '73': 4, '69': 3, '61': 2, '72': 2, '54': 1, '92': 1, '87': 1, '96': 1})
ThdID: 27, sumTotCnt: Counter({'97': 200, '30': 197, '31': 50, '76': 11, '23': 10, '25': 8, '84': 6, '53': 5, '73': 4, '69': 3, '61': 2, '72': 2, '54': 1, '87': 1, '75': 1, '68': 1, '92': 1, '44': 1, '96': 1})
ThdID: 28, ErrCnt: Counter({'30': 2, '25': 1, '31': 1})
ThdID: 28, TotCnt: Counter({'30': 7, '97': 7, '25': 2, '31': 2})
ThdID: 28, sumErrCnt: Counter({'30': 55, '31': 42, '23': 9, '76': 7, '25': 6, '53': 5, '73': 4, '69': 3, '61': 2, '72': 2, '54': 1, '92': 1, '87': 1, '96': 1})
ThdID: 28, sumTotCnt: Counter({'97': 207, '30': 204, '31': 52, '76': 11, '25': 10, '23': 10, '84': 6, '53': 5, '73': 4, '69': 3, '61': 2, '72': 2, '54': 1, '44': 1, '75': 1, '68': 1, '92': 1, '87': 1, '96': 1})
ThdID: 29, ErrCnt: Counter({'30': 5, '128': 1, '25': 1, '31': 1})
ThdID: 29, TotCnt: Counter({'30': 7, '97': 7, '31': 2, '128': 1, '25': 1})
ThdID: 29, sumErrCnt: Counter({'30': 60, '31': 43, '23': 9, '25': 7, '76': 7, '53': 5, '73': 4, '69': 3, '61': 2, '72': 2, '54': 1, '128': 1, '92': 1, '87': 1, '96': 1})
ThdID: 29, sumTotCnt: Counter({'97': 214, '30': 211, '31': 54, '25': 11, '76': 11, '23': 10, '84': 6, '53': 5, '73': 4, '69': 3, '61': 2, '72': 2, '128': 1, '54': 1, '87': 1, '75': 1, '68': 1, '92': 1, '44': 1, '96': 1})
ThdID: 30, ErrCnt: Counter({'31': 2, '128': 1, '25': 1})
ThdID: 30, TotCnt: Counter({'30': 7, '97': 7, '31': 2, '128': 1, '25': 1})
ThdID: 30, sumErrCnt: Counter({'30': 60, '31': 45, '23': 9, '25': 8, '76': 7, '53': 5, '73': 4, '69': 3, '61': 2, '72': 2, '128': 2, '54': 1, '92': 1, '87': 1, '96': 1})
ThdID: 30, sumTotCnt: Counter({'97': 221, '30': 218, '31': 56, '25': 12, '76': 11, '23': 10, '84': 6, '53': 5, '73': 4, '69': 3, '61': 2, '72': 2, '128': 2, '68': 1, '54': 1, '44': 1, '75': 1, '92': 1, '87': 1, '96': 1})
ThdID: 31, ErrCnt: Counter({'31': 2, '128': 1, '30': 1})
ThdID: 31, TotCnt: Counter({'30': 7, '97': 7, '31': 2, '128': 1, '25': 1})
ThdID: 31, sumErrCnt: Counter({'30': 61, '31': 47, '23': 9, '25': 8, '76': 7, '53': 5, '73': 4, '128': 3, '69': 3, '61': 2, '72': 2, '54': 1, '92': 1, '87': 1, '96': 1})
ThdID: 31, sumTotCnt: Counter({'97': 228, '30': 225, '31': 58, '25': 13, '76': 11, '23': 10, '84': 6, '53': 5, '73': 4, '128': 3, '69': 3, '61': 2, '72': 2, '54': 1, '87': 1, '75': 1, '68': 1, '92': 1, '44': 1, '96': 1})
ThdID: 32, ErrCnt: Counter({'30': 2, '128': 1, '31': 1})
ThdID: 32, TotCnt: Counter({'30': 7, '97': 7, '31': 2, '128': 1, '25': 1})
ThdID: 32, sumErrCnt: Counter({'30': 63, '31': 48, '23': 9, '25': 8, '76': 7, '53': 5, '73': 4, '128': 4, '69': 3, '61': 2, '72': 2, '54': 1, '92': 1, '87': 1, '96': 1})
ThdID: 32, sumTotCnt: Counter({'97': 235, '30': 232, '31': 60, '25': 14, '76': 11, '23': 10, '84': 6, '53': 5, '73': 4, '128': 4, '69': 3, '61': 2, '72': 2, '68': 1, '54': 1, '44': 1, '75': 1, '92': 1, '87': 1, '96': 1})
ThdID: 33, ErrCnt: Counter({'30': 3, '128': 1, '25': 1, '31': 1})
ThdID: 33, TotCnt: Counter({'30': 7, '97': 7, '31': 2, '128': 1, '25': 1})
ThdID: 33, sumErrCnt: Counter({'30': 66, '31': 49, '25': 9, '23': 9, '76': 7, '53': 5, '128': 5, '73': 4, '69': 3, '61': 2, '72': 2, '54': 1, '92': 1, '87': 1, '96': 1})
ThdID: 33, sumTotCnt: Counter({'97': 242, '30': 239, '31': 62, '25': 15, '76': 11, '23': 10, '84': 6, '128': 5, '53': 5, '73': 4, '69': 3, '61': 2, '72': 2, '54': 1, '87': 1, '75': 1, '68': 1, '92': 1, '44': 1, '96': 1})
ThdID: 34, ErrCnt: Counter({'30': 4, '31': 2, '55': 1})
ThdID: 34, TotCnt: Counter({'30': 7, '97': 7, '31': 2, '55': 1, '25': 1})
ThdID: 34, sumErrCnt: Counter({'30': 70, '31': 51, '25': 9, '23': 9, '76': 7, '53': 5, '128': 5, '73': 4, '69': 3, '61': 2, '72': 2, '55': 1, '54': 1, '92': 1, '87': 1, '96': 1})
ThdID: 34, sumTotCnt: Counter({'97': 249, '30': 246, '31': 64, '25': 16, '76': 11, '23': 10, '84': 6, '53': 5, '128': 5, '73': 4, '69': 3, '61': 2, '72': 2, '68': 1, '55': 1, '54': 1, '44': 1, '75': 1, '92': 1, '87': 1, '96': 1})
ThdID: 35, ErrCnt: Counter({'30': 3, '31': 1, '85': 1})
ThdID: 35, TotCnt: Counter({'30': 7, '97': 7, '31': 2, '25': 1, '85': 1})
ThdID: 35, sumErrCnt: Counter({'30': 73, '31': 52, '25': 9, '23': 9, '76': 7, '53': 5, '128': 5, '73': 4, '69': 3, '61': 2, '72': 2, '55': 1, '54': 1, '92': 1, '85': 1, '87': 1, '96': 1})
ThdID: 35, sumTotCnt: Counter({'97': 256, '30': 253, '31': 66, '25': 17, '76': 11, '23': 10, '84': 6, '128': 5, '53': 5, '73': 4, '69': 3, '61': 2, '72': 2, '68': 1, '87': 1, '85': 1, '44': 1, '75': 1, '92': 1, '96': 1, '55': 1, '54': 1})
ThdID: 36, ErrCnt: Counter({'30': 2, '31': 1})
ThdID: 36, TotCnt: Counter({'30': 7, '97': 7, '31': 2, '25': 1, '85': 1})
ThdID: 36, sumErrCnt: Counter({'30': 75, '31': 53, '25': 9, '23': 9, '76': 7, '53': 5, '128': 5, '73': 4, '69': 3, '61': 2, '72': 2, '55': 1, '54': 1, '96': 1, '92': 1, '87': 1, '85': 1})
ThdID: 36, sumTotCnt: Counter({'97': 263, '30': 260, '31': 68, '25': 18, '76': 11, '23': 10, '84': 6, '128': 5, '53': 5, '73': 4, '69': 3, '61': 2, '85': 2, '72': 2, '68': 1, '87': 1, '44': 1, '75': 1, '92': 1, '96': 1, '55': 1, '54': 1})
ThdID: 37, ErrCnt: Counter({'30': 3, '120': 1, '25': 1, '31': 1, '49': 1})
ThdID: 37, TotCnt: Counter({'30': 7, '97': 7, '25': 1, '49': 1, '31': 1, '120': 1})
ThdID: 37, sumErrCnt: Counter({'30': 78, '31': 54, '25': 10, '23': 9, '76': 7, '53': 5, '128': 5, '73': 4, '69': 3, '61': 2, '72': 2, '55': 1, '54': 1, '120': 1, '92': 1, '85': 1, '87': 1, '49': 1, '96': 1})
ThdID: 37, sumTotCnt: Counter({'97': 270, '30': 267, '31': 69, '25': 19, '76': 11, '23': 10, '84': 6, '128': 5, '53': 5, '73': 4, '69': 3, '61': 2, '85': 2, '72': 2, '49': 1, '68': 1, '87': 1, '44': 1, '120': 1, '75': 1, '92': 1, '96': 1, '55': 1, '54': 1})
ThdID: 38, ErrCnt: Counter({'30': 2, '69': 1, '31': 1, '49': 1})
ThdID: 38, TotCnt: Counter({'30': 7, '97': 7, '25': 1, '49': 1, '31': 1, '69': 1})
ThdID: 38, sumErrCnt: Counter({'30': 80, '31': 55, '25': 10, '23': 9, '76': 7, '53': 5, '128': 5, '73': 4, '69': 4, '61': 2, '72': 2, '49': 2, '55': 1, '54': 1, '120': 1, '96': 1, '92': 1, '87': 1, '85': 1})
ThdID: 38, sumTotCnt: Counter({'97': 277, '30': 274, '31': 70, '25': 20, '76': 11, '23': 10, '84': 6, '128': 5, '53': 5, '69': 4, '73': 4, '61': 2, '85': 2, '49': 2, '72': 2, '68': 1, '87': 1, '44': 1, '120': 1, '75': 1, '92': 1, '96': 1, '55': 1, '54': 1})
ThdID: 39, ErrCnt: Counter({'30': 3, '31': 2, '69': 1})
ThdID: 39, TotCnt: Counter({'30': 7, '97': 7, '31': 2, '69': 1, '25': 1})
ThdID: 39, sumErrCnt: Counter({'30': 83, '31': 57, '25': 10, '23': 9, '76': 7, '53': 5, '128': 5, '69': 5, '73': 4, '61': 2, '72': 2, '49': 2, '55': 1, '54': 1, '120': 1, '85': 1, '92': 1, '87': 1, '96': 1})
ThdID: 39, sumTotCnt: Counter({'97': 284, '30': 281, '31': 72, '25': 21, '76': 11, '23': 10, '84': 6, '69': 5, '128': 5, '53': 5, '73': 4, '61': 2, '85': 2, '49': 2, '72': 2, '68': 1, '87': 1, '44': 1, '120': 1, '75': 1, '92': 1, '96': 1, '55': 1, '54': 1})
 - Calculated error matrix size: (40, 24).
 - Error matrix: [(-1, -1, -1, 1.0, -1, -1, -1, 1.0, -1, -1, -1, -1, -1, -1, -1, -1, -1, 0.0, -1, -1, -1, 1.0, 0.375, -1), (-1, -1, -1, 1.0, -1, -1, -1, 1.0, -1, -1, -1, -1, -1, -1, -1, -1, -1, 0.0, -1, -1, -1, 1.0, 0.14285714285714285, 1.0), (-1, -1, -1, 1.0, -1, -1, -1, 0.0, -1, -1, -1, -1, -1, -1, -1, -1, -1, 0.0, -1, -1, -1, 1.0, 0.2857142857142857, 1.0), (-1, -1, -1, -1, -1, -1, -1, 0.0, -1, -1, -1, -1, -1, 1.0, -1, -1, -1, 0.0, -1, -1, -1, 1.0, 0.2857142857142857, 1.0), (-1, -1, -1, -1, -1, -1, -1, 1.0, -1, -1, -1, -1, -1, 1.0, -1, -1, -1, 0.0, -1, -1, -1, 1.0, 0.2857142857142857, 1.0), (-1, -1, -1, -1, -1, -1, -1, 1.0, -1, -1, -1, -1, -1, 1.0, -1, -1, -1, 0.0, -1, -1, -1, 1.0, 0.14285714285714285, 1.0), (-1, -1, -1, -1, -1, -1, -1, 1.0, -1, -1, -1, -1, -1, 1.0, -1, -1, -1, 0.0, -1, -1, -1, 1.0, 0.42857142857142855, -1), (-1, -1, -1, -1, -1, 0.0, -1, 0.0, 1.0, -1, -1, -1, -1, -1, -1, -1, -1, 0.0, -1, -1, -1, 1.0, 0.2857142857142857, -1), (-1, -1, -1, -1, -1, 0.0, -1, -1, 1.0, -1, -1, -1, -1, -1, -1, -1, -1, 0.0, -1, -1, -1, 1.0, 0.42857142857142855, -1), (-1, -1, -1, -1, -1, 0.0, -1, -1, 1.0, -1, -1, -1, -1, -1, -1, -1, -1, 0.0, -1, -1, -1, 0.5, 0.42857142857142855, -1), (-1, -1, -1, -1, -1, 0.0, -1, -1, 1.0, -1, -1, -1, -1, -1, -1, -1, -1, 0.0, -1, -1, -1, 0.5, 0.2857142857142857, -1), (-1, -1, -1, -1, -1, 0.0, -1, -1, 1.0, -1, -1, -1, -1, -1, -1, -1, -1, 0.0, -1, -1, -1, 0.5, 0.42857142857142855, -1), (-1, -1, -1, -1, -1, 0.0, -1, -1, 1.0, -1, -1, -1, -1, -1, -1, -1, -1, 0.0, -1, -1, -1, 1.0, 0.2857142857142857, -1), (-1, -1, -1, -1, -1, -1, -1, -1, 1.0, -1, -1, -1, 0.0, -1, -1, -1, -1, 0.0, -1, -1, -1, 1.0, 0.2857142857142857, -1), (-1, -1, -1, -1, -1, -1, -1, -1, 1.0, 0.0, -1, -1, -1, -1, -1, -1, -1, 0.0, -1, -1, -1, 0.5, 0.14285714285714285, -1), (-1, -1, -1, -1, -1, -1, -1, -1, 1.0, -1, -1, -1, -1, -1, -1, -1, 1.0, 0.0, -1, -1, -1, 0.5, 0.2857142857142857, -1), (-1, -1, -1, -1, -1, -1, -1, -1, 0.0, -1, -1, 1.0, -1, -1, -1, -1, -1, 0.0, -1, -1, -1, 1.0, 0.14285714285714285, -1), (-1, -1, -1, -1, -1, -1, -1, -1, -1, -1, -1, 1.0, -1, -1, 1.0, -1, -1, 0.0, -1, -1, -1, 1.0, 0.0, -1), (-1, -1, -1, -1, -1, -1, -1, -1, -1, -1, -1, 0.0, -1, -1, 1.0, -1, -1, 0.0, -1, -1, -1, 1.0, 0.0, -1), (-1, -1, -1, -1, -1, -1, -1, -1, -1, -1, -1, 0.0, -1, -1, -1, -1, -1, 0.0, 1.0, -1, -1, 1.0, 0.14285714285714285, -1), (-1, -1, -1, -1, -1, -1, -1, -1, -1, -1, -1, 0.0, -1, -1, -1, -1, -1, 0.0, -1, -1, 1.0, 1.0, 0.2857142857142857, -1), (1.0, -1, -1, -1, -1, -1, -1, -1, -1, -1, -1, 1.0, -1, -1, -1, -1, -1, 0.0, -1, -1, -1, 1.0, 0.2857142857142857, -1), (1.0, -1, -1, -1, -1, -1, -1, -1, -1, -1, -1, 0.0, -1, -1, -1, -1, -1, 0.0, -1, -1, -1, 1.0, 0.2857142857142857, -1), (-1, -1, 0.0, -1, -1, -1, -1, -1, -1, -1, -1, 1.0, -1, -1, -1, -1, -1, 0.0, -1, -1, -1, 0.5, 0.2857142857142857, -1), (-1, -1, -1, -1, -1, -1, -1, -1, -1, -1, -1, 1.0, -1, -1, -1, -1, -1, 0.0, -1, -1, -1, 1.0, 0.42857142857142855, -1), (-1, -1, -1, -1, -1, -1, -1, -1, -1, -1, -1, 1.0, -1, -1, -1, -1, -1, 0.0, -1, -1, -1, 0.5, 0.2857142857142857, -1), (-1, -1, -1, -1, -1, -1, -1, -1, -1, -1, -1, 1.0, -1, -1, -1, -1, -1, 0.0, -1, -1, -1, 0.5, 0.2857142857142857, -1), (-1, -1, -1, -1, 1.0, -1, -1, -1, -1, -1, -1, -1, -1, -1, -1, -1, -1, 0.0, -1, -1, -1, 0.5, 0.2857142857142857, -1), (-1, -1, -1, -1, -1, -1, -1, 0.5, -1, -1, -1, -1, -1, -1, -1, -1, -1, 0.0, -1, -1, -1, 0.5, 0.2857142857142857, -1), (-1, -1, -1, -1, -1, -1, -1, 1.0, -1, -1, -1, -1, -1, -1, -1, 1.0, -1, 0.0, -1, -1, -1, 0.5, 0.7142857142857143, -1), (-1, -1, -1, -1, -1, -1, -1, 1.0, -1, -1, -1, -1, -1, -1, -1, 1.0, -1, 0.0, -1, -1, -1, 1.0, 0.0, -1), (-1, -1, -1, -1, -1, -1, -1, 0.0, -1, -1, -1, -1, -1, -1, -1, 1.0, -1, 0.0, -1, -1, -1, 1.0, 0.14285714285714285, -1), (-1, -1, -1, -1, -1, -1, -1, 0.0, -1, -1, -1, -1, -1, -1, -1, 1.0, -1, 0.0, -1, -1, -1, 0.5, 0.2857142857142857, -1), (-1, -1, -1, -1, -1, -1, -1, 1.0, -1, -1, -1, -1, -1, -1, -1, 1.0, -1, 0.0, -1, -1, -1, 0.5, 0.42857142857142855, -1), (-1, -1, -1, -1, -1, -1, -1, 0.0, -1, -1, -1, -1, -1, -1, -1, -1, -1, 0.0, -1, 1.0, -1, 1.0, 0.5714285714285714, -1), (-1, -1, -1, -1, -1, -1, 1.0, 0.0, -1, -1, -1, -1, -1, -1, -1, -1, -1, 0.0, -1, -1, -1, 0.5, 0.42857142857142855, -1), (-1, -1, -1, -1, -1, -1, 0.0, 0.0, -1, -1, -1, -1, -1, -1, -1, -1, -1, 0.0, -1, -1, -1, 0.5, 0.2857142857142857, -1), (-1, 1.0, -1, -1, -1, -1, -1, 1.0, -1, -1, 1.0, -1, -1, -1, -1, -1, -1, 0.0, -1, -1, -1, 1.0, 0.42857142857142855, -1), (-1, 1.0, -1, 1.0, -1, -1, -1, 0.0, -1, -1, -1, -1, -1, -1, -1, -1, -1, 0.0, -1, -1, -1, 1.0, 0.2857142857142857, -1), (-1, -1, -1, 1.0, -1, -1, -1, 0.0, -1, -1, -1, -1, -1, -1, -1, -1, -1, 0.0, -1, -1, -1, 1.0, 0.42857142857142855, -1)]
 - Error break down:
{0: '_PAD', 1: '_GO', 2: '_EOS', 3: '_UNK', 4: '~', 5: 'e', 6: 't', 7: 'n', 8: 'i', 9: 'r', 10: 's', 11: 'o', 12: 'a', 13: 'h', 14: 'd', 15: 'u', 16: 'l', 17: 'm', 18: 'c', 19: 'f', 20: 'y', 21: 'g', 22: 'p', 23: '#CON', 24: '-', 25: '#QUC', 26: 'v', 27: '1', 28: 'b', 29: 'w', 30: '#CLO', 31: '#UOM', 32: '.', 33: '2', 34: '0', 35: '3', 36: '5', 37: '4', 38: 'k', 39: '6', 40: 'x', 41: '7', 42: '8', 43: '9', 44: '#ORD', 45: '#MOR', 46: '#TOP', 47: ':', 48: 'q', 49: '#YOC', 50: '/', 51: 'z', 52: '#EXS', 53: '#AND', 54: '#ENS', 55: '#GPO', 56: "'", 57: '#ITJ', 58: 'j', 59: '#TTL', 60: '#ENT', 61: '#EPS', 62: '#ENG', 63: '#EPT', 64: '#EPG', 65: '#EFT', 66: '#EXT', 67: '#EFG', 68: '#EXG', 69: '#IST', 70: '#SUB', 71: '#SCO', 72: '#DEF', 73: '#NIL', 74: ',', 75: '#NOW', 76: '#PRO', 77: '#EXX', 78: '#DIS', 79: '\xc2\xb3', 80: '#DEC', 81: '#GRE', 82: '\xc2\xb2', 83: '#COO', 84: '#NOT', 85: '#HAS', 86: '\xc2\xb5', 87: '#PST', 88: 'X', 89: '#REL', 90: '#PER', 91: '#MOY', 92: '#ORG', 93: '\xcf\x89', 94: '#LOC', 95: '#DOM', 96: '#DOW', 97: '#FUT', 98: '#QUE', 99: '\xc2\xb0', 100: '#NEC', 101: '#POS', 102: '%', 103: '#PRX', 104: '#GEO', 105: '#XCL', 106: '#IMP', 107: '#DST', 108: '#REF', 109: '#HES', 110: '#ALT', 111: '#APP', 112: '\xe2\x80\x99', 113: '#QUA', 114: '#UNK', 115: '#EMP', 116: '?', 117: '\xe2\x80\x93', 118: '\xc3\xa9', 119: '#BUT', 120: '#INT', 121: '#ESP', 122: '#ESN', 123: '#PFT', 124: ')', 125: '(', 126: '\xe2\x81\xb4', 127: '\xe2\x82\x82', 128: '#GPE', 129: '#EVN', 130: ';', 131: '#ETP', 132: '#BOT', 133: '#EXC', 134: '!', 135: 'A', 136: '\xe2\x80\xb0', 137: '#TIM', 138: '\xc3\xa7', 139: '\xc2\xba', 140: '#EQA', 141: '\xce\xb3', 142: '\xc3\xa3', 143: '\xc3\xa5', 144: '\xc3\xb8', 145: 'I', 146: '\xe2\x82\x85', 147: '\xe2\x82\x81', 148: '#EVP', 149: '\xe2\x82\x80', 150: '$', 151: '#COM', 152: '\xe2\x99\xab', 153: '#ART', 154: '#PRI', 155: '\xe2\x99\xaa', 156: '#LES', 157: '\xe2\x80\x9c', 158: '#ETG', 159: '#ROL', 160: '\xc2\xae', 161: '#HAP', 162: '\xc3\xa1', 163: '#ACT', 164: ']', 165: '\xe2\x82\xac', 166: '+', 167: '>', 168: '\xc4\x9f', 169: '\xe2\x80\xa6', 170: '#EFS', 171: '#QUV', 172: '\xc3\xb6', 173: '\xc3\xbc', 174: '#SST', 175: '\xe2\x80\x98', 176: '\xc3\xa2', 177: '\xc3\xa0', 178: '#EXV', 179: '=', 180: '*', 181: '\xc3\xa4', 182: '#EMPTY', 183: '\xe2\x80\x94', 184: '\xc2\xa3', 185: '#EVE', 186: '_', 187: '#PRE', 188: '\xc3\xaf', 189: '\xc3\xad', 190: '#COL', 191: '\xc3\x9f', 192: '[', 193: '\xc3\xa8', 194: '#NAT', 195: '#URL', 196: '@', 197: '&', 198: '\xc3\xb3', 199: '\xc2\xa9', 200: '\xc3\xb4', 201: '#', 202: '\xe2\x80\x9d', 203: '\xe2\x84\xa2', 204: '#PRG', 205: '#NTH', 206: '\xc8\x83', 207: '\xc3\xba', 208: '\xc3\xb1', 209: '\xc2\xa5', 210: '\xc2\xad', 211: '\xc5\xa1', 212: '#FRC', 213: '\xe2\x80\x9e'}
   + Tag: #EPS has error rate: 1.0 (2 out of 2)
   + Tag: #YOC has error rate: 1.0 (2 out of 2)
   + Tag: #EXG has error rate: 0.0 (0 out of 1)
   + Tag: #IST has error rate: 1.0 (5 out of 5)
   + Tag: #PST has error rate: 1.0 (1 out of 1)
   + Tag: #NOT has error rate: 0.0 (0 out of 6)
   + Tag: #HAS has error rate: 0.5 (1 out of 2)
   + Tag: #QUC has error rate: 0.47619047619 (10 out of 21)
   + Tag: #CON has error rate: 0.9 (9 out of 10)
   + Tag: #ORD has error rate: 0.0 (0 out of 1)
   + Tag: #INT has error rate: 1.0 (1 out of 1)
   + Tag: #PRO has error rate: 0.636363636364 (7 out of 11)
   + Tag: #NOW has error rate: 0.0 (0 out of 1)
   + Tag: #NIL has error rate: 1.0 (4 out of 4)
   + Tag: #DEF has error rate: 1.0 (2 out of 2)
   + Tag: #GPE has error rate: 1.0 (5 out of 5)
   + Tag: #ORG has error rate: 1.0 (1 out of 1)
   + Tag: #FUT has error rate: 0.0 (0 out of 284)
   + Tag: #DOW has error rate: 1.0 (1 out of 1)
   + Tag: #GPO has error rate: 1.0 (1 out of 1)
   + Tag: #ENS has error rate: 1.0 (1 out of 1)
   + Tag: #UOM has error rate: 0.791666666667 (57 out of 72)
   + Tag: #CLO has error rate: 0.29537366548 (83 out of 281)
   + Tag: #AND has error rate: 1.0 (5 out of 5)
