Reading model parameters from ../models/chkpnt_015/translate.ckpt-22000
Tokenizing data in ../models/tmp_015/pmb_2016-12-14_has_at_least_one_semorsymbow_filtered.test.sym
Tokenizing data in ../models/tmp_015/pmb_2016-12-14_has_at_least_one_semorsymbow_filtered.test.word
Started evaluating model on test data.
Started thread 0 with 869 records.
Started thread 1 with 869 records.
Started thread 2 with 869 records.
Started thread 3 with 869 records.
Started thread 4 with 869 records.
Started thread 5 with 869 records.
Started thread 6 with 869 records.
Started thread 7 with 869 records.
Started thread 8 with 869 records.
Started thread 9 with 869 records.
Started thread 10 with 869 records.
Started thread 11 with 869 records.
Started thread 12 with 869 records.
Started thread 13 with 869 records.
Started thread 14 with 869 records.
Started thread 15 with 869 records.
Started thread 16 with 869 records.
Started thread 17 with 869 records.
Started thread 18 with 869 records.
Started thread 19 with 869 records.
Started thread 20 with 869 records.
Started thread 21 with 869 records.
Started thread 22 with 869 records.
Started thread 23 with 869 records.
Started thread 24 with 869 records.
Started thread 25 with 869 records.
Started thread 26 with 869 records.
Started thread 27 with 869 records.
Started thread 28 with 869 records.
Started thread 29 with 869 records.
Started thread 30 with 868 records.
Started thread 31 with 868 records.
Started thread 32 with 868 records.
Started thread 33 with 868 records.
Started thread 34 with 868 records.
Started thread 35 with 868 records.
Started thread 36 with 868 records.
Started thread 37 with 868 records.
Started thread 38 with 868 records.
Started thread 39 with 868 records.
Evaluator: 3 finished. Result: 751.0 correct out of 869
Evaluator: 39 finished. Result: 739.0 correct out of 868
Evaluator: 35 finished. Result: 734.0 correct out of 868
Evaluator: 14 finished. Result: 743.0 correct out of 869
Evaluator: 0 finished. Result: 737.0 correct out of 869
Evaluator: 38 finished. Result: 745.0 correct out of 868
Evaluator: 15 finished. Result: 749.0 correct out of 869
Evaluator: 33 finished. Result: 740.0 correct out of 868
Evaluator: 28 finished. Result: 736.0 correct out of 869
Evaluator: 5 finished. Result: 752.0 correct out of 869
Evaluator: 13 finished. Result: 741.0 correct out of 869
Evaluator: 32 finished. Result: 741.0 correct out of 868
Evaluator: 22 finished. Result: 740.0 correct out of 869
Evaluator: 24 finished. Result: 718.0 correct out of 869
Evaluator: 19 finished. Result: 734.0 correct out of 869
Evaluator: 25 finished. Result: 741.0 correct out of 869
Evaluator: 6 finished. Result: 726.0 correct out of 869
Evaluator: 17 finished. Result: 733.0 correct out of 869
Evaluator: 20 finished. Result: 744.0 correct out of 869
Evaluator: 27 finished. Result: 731.0 correct out of 869
Evaluator: 4 finished. Result: 738.0 correct out of 869
Evaluator: 26 finished. Result: 723.0 correct out of 869
Evaluator: 21 finished. Result: 740.0 correct out of 869
Evaluator: 1 finished. Result: 738.0 correct out of 869
Evaluator: 11 finished. Result: 754.0 correct out of 869
Evaluator: 30 finished. Result: 711.0 correct out of 868
Evaluator: 34 finished. Result: 729.0 correct out of 868
Evaluator: 31 finished. Result: 723.0 correct out of 868
Evaluator: 10 finished. Result: 737.0 correct out of 869
Evaluator: 16 finished. Result: 734.0 correct out of 869
Evaluator: 37 finished. Result: 747.0 correct out of 868
Evaluator: 18 finished. Result: 745.0 correct out of 869
Evaluator: 12 finished. Result: 733.0 correct out of 869
Evaluator: 29 finished. Result: 710.0 correct out of 869
Evaluator: 36 finished. Result: 735.0 correct out of 868
Evaluator: 2 finished. Result: 749.0 correct out of 869
Evaluator: 9 finished. Result: 749.0 correct out of 869
Evaluator: 7 finished. Result: 740.0 correct out of 869
Evaluator: 8 finished. Result: 740.0 correct out of 869
Evaluator: 23 finished. Result: 741.0 correct out of 869
RESULT REPORT:\N - Result matrix: 
[[ 737.  869.]
 [ 738.  869.]
 [ 749.  869.]
 [ 751.  869.]
 [ 738.  869.]
 [ 752.  869.]
 [ 726.  869.]
 [ 740.  869.]
 [ 740.  869.]
 [ 749.  869.]
 [ 737.  869.]
 [ 754.  869.]
 [ 733.  869.]
 [ 741.  869.]
 [ 743.  869.]
 [ 749.  869.]
 [ 734.  869.]
 [ 733.  869.]
 [ 745.  869.]
 [ 734.  869.]
 [ 744.  869.]
 [ 740.  869.]
 [ 740.  869.]
 [ 741.  869.]
 [ 718.  869.]
 [ 741.  869.]
 [ 723.  869.]
 [ 731.  869.]
 [ 736.  869.]
 [ 710.  869.]
 [ 711.  868.]
 [ 723.  868.]
 [ 741.  868.]
 [ 740.  868.]
 [ 729.  868.]
 [ 734.  868.]
 [ 735.  868.]
 [ 747.  868.]
 [ 745.  868.]
 [ 739.  868.]]
 - Sum: [ 29491.  34750.]
 - Correct: 29491.0 out of 34750.0
 - Accuracy: 0.848661870504
ThdID: 0, ErrCnt: Counter({'55': 32, '23': 16, '73': 15, '59': 11, '83': 7, '87': 4, '70': 4, '10': 4, '84': 3, '85': 3, '76': 3, '61': 2, '88': 2, '69': 2, '44': 2, '74': 2, '71': 2, '91': 2, '92': 2, '11': 2, '12': 2, '89': 1, '82': 1, '45': 1, '90': 1, '79': 1, '96': 1, '13': 1, '16': 1, '51': 1, '52': 1})
ThdID: 0, TotCnt: Counter({'23': 147, '55': 140, '59': 98, '70': 63, '71': 50, '76': 35, '73': 34, '74': 29, '69': 26, '75': 22, '10': 21, '51': 21, '85': 17, '83': 16, '87': 16, '11': 15, '84': 14, '88': 12, '89': 12, '82': 11, '79': 8, '12': 7, '91': 6, '60': 5, '61': 4, '92': 4, '30': 4, '98': 3, '96': 3, '54': 3, '62': 2, '44': 2, '45': 2, '99': 2, '95': 2, '13': 2, '52': 2, '32': 2, '63': 1, '66': 1, '68': 1, '25': 1, '90': 1, '14': 1, '16': 1})
ThdID: 0, sumErrCnt: Counter({'55': 32, '23': 16, '73': 15, '59': 11, '83': 7, '87': 4, '70': 4, '10': 4, '84': 3, '85': 3, '76': 3, '61': 2, '88': 2, '69': 2, '44': 2, '74': 2, '71': 2, '91': 2, '92': 2, '11': 2, '12': 2, '89': 1, '82': 1, '45': 1, '90': 1, '79': 1, '96': 1, '13': 1, '16': 1, '51': 1, '52': 1})
ThdID: 0, sumTotCnt: Counter({'23': 147, '55': 140, '59': 98, '70': 63, '71': 50, '76': 35, '73': 34, '74': 29, '69': 26, '75': 22, '10': 21, '51': 21, '85': 17, '83': 16, '87': 16, '11': 15, '84': 14, '88': 12, '89': 12, '82': 11, '79': 8, '12': 7, '91': 6, '60': 5, '61': 4, '92': 4, '30': 4, '98': 3, '96': 3, '54': 3, '62': 2, '44': 2, '45': 2, '99': 2, '95': 2, '13': 2, '52': 2, '32': 2, '63': 1, '66': 1, '68': 1, '25': 1, '90': 1, '14': 1, '16': 1})
ThdID: 1, ErrCnt: Counter({'59': 21, '55': 18, '23': 17, '73': 17, '83': 11, '70': 9, '84': 4, '88': 3, '89': 3, '71': 3, '51': 3, '69': 2, '87': 2, '85': 2, '91': 2, '92': 2, '30': 2, '61': 1, '44': 1, '75': 1, '74': 1, '90': 1, '11': 1, '10': 1, '13': 1, '16': 1, '54': 1})
ThdID: 1, TotCnt: Counter({'23': 147, '55': 140, '59': 98, '70': 63, '71': 50, '76': 35, '73': 34, '74': 30, '69': 25, '75': 22, '10': 22, '51': 21, '85': 17, '83': 16, '11': 16, '87': 15, '84': 14, '88': 12, '89': 12, '82': 10, '79': 8, '12': 7, '91': 6, '60': 5, '61': 4, '92': 4, '30': 4, '98': 3, '54': 3, '62': 2, '44': 2, '45': 2, '99': 2, '95': 2, '96': 2, '13': 2, '14': 2, '52': 2, '32': 2, '63': 1, '66': 1, '68': 1, '25': 1, '90': 1, '16': 1})
ThdID: 1, sumErrCnt: Counter({'55': 50, '23': 33, '73': 32, '59': 32, '83': 18, '70': 13, '84': 7, '87': 6, '88': 5, '85': 5, '71': 5, '10': 5, '89': 4, '69': 4, '91': 4, '92': 4, '51': 4, '61': 3, '44': 3, '76': 3, '74': 3, '11': 3, '90': 2, '13': 2, '12': 2, '16': 2, '30': 2, '82': 1, '45': 1, '75': 1, '79': 1, '96': 1, '54': 1, '52': 1})
ThdID: 1, sumTotCnt: Counter({'23': 294, '55': 280, '59': 196, '70': 126, '71': 100, '76': 70, '73': 68, '74': 59, '69': 51, '75': 44, '10': 43, '51': 42, '85': 34, '83': 32, '87': 31, '11': 31, '84': 28, '88': 24, '89': 24, '82': 21, '79': 16, '12': 14, '91': 12, '60': 10, '30': 8, '61': 8, '92': 8, '98': 6, '54': 6, '96': 5, '62': 4, '44': 4, '45': 4, '99': 4, '95': 4, '13': 4, '52': 4, '32': 4, '14': 3, '63': 2, '66': 2, '25': 2, '68': 2, '90': 2, '16': 2})
ThdID: 2, ErrCnt: Counter({'23': 16, '59': 16, '70': 13, '83': 11, '73': 11, '55': 11, '85': 5, '71': 4, '69': 3, '82': 3, '84': 3, '10': 3, '51': 3, '44': 2, '76': 2, '92': 2, '11': 2, '30': 2, '61': 1, '88': 1, '87': 1, '25': 1, '74': 1, '96': 1, '12': 1, '14': 1})
ThdID: 2, TotCnt: Counter({'23': 147, '55': 140, '59': 98, '70': 63, '71': 50, '76': 35, '73': 34, '74': 30, '69': 25, '10': 24, '75': 22, '51': 21, '85': 17, '83': 16, '87': 15, '11': 15, '84': 14, '88': 12, '89': 12, '82': 10, '79': 8, '12': 7, '91': 6, '60': 5, '61': 4, '92': 4, '30': 4, '98': 3, '54': 3, '62': 2, '44': 2, '45': 2, '99': 2, '95': 2, '96': 2, '13': 2, '14': 2, '52': 2, '32': 2, '63': 1, '66': 1, '68': 1, '25': 1, '90': 1})
ThdID: 2, sumErrCnt: Counter({'55': 61, '23': 49, '59': 48, '73': 43, '83': 29, '70': 26, '84': 10, '85': 10, '71': 9, '10': 8, '69': 7, '87': 7, '51': 7, '88': 6, '92': 6, '44': 5, '76': 5, '11': 5, '61': 4, '89': 4, '82': 4, '74': 4, '91': 4, '30': 4, '12': 3, '90': 2, '96': 2, '13': 2, '16': 2, '25': 1, '45': 1, '75': 1, '79': 1, '14': 1, '54': 1, '52': 1})
ThdID: 2, sumTotCnt: Counter({'23': 441, '55': 420, '59': 294, '70': 189, '71': 150, '76': 105, '73': 102, '74': 89, '69': 76, '10': 67, '75': 66, '51': 63, '85': 51, '83': 48, '87': 46, '11': 46, '84': 42, '89': 36, '88': 36, '82': 31, '79': 24, '12': 21, '91': 18, '60': 15, '61': 12, '92': 12, '30': 12, '98': 9, '54': 9, '96': 7, '62': 6, '44': 6, '45': 6, '99': 6, '95': 6, '13': 6, '52': 6, '32': 6, '14': 5, '63': 3, '66': 3, '68': 3, '25': 3, '90': 3, '16': 2})
ThdID: 3, ErrCnt: Counter({'55': 24, '73': 16, '23': 14, '59': 12, '83': 10, '70': 9, '88': 3, '76': 3, '75': 3, '51': 3, '89': 2, '84': 2, '96': 2, '11': 2, '30': 2, '61': 1, '66': 1, '90': 1, '82': 1, '85': 1, '15': 1, '92': 1, '10': 1, '12': 1, '54': 1, '32': 1})
ThdID: 3, TotCnt: Counter({'23': 147, '55': 140, '59': 98, '70': 63, '71': 50, '76': 35, '73': 34, '74': 30, '69': 25, '10': 23, '75': 22, '51': 21, '85': 17, '83': 16, '87': 15, '11': 15, '84': 14, '88': 12, '89': 12, '82': 10, '79': 8, '12': 7, '91': 6, '60': 5, '61': 4, '92': 4, '30': 4, '98': 3, '54': 3, '62': 2, '44': 2, '45': 2, '99': 2, '95': 2, '96': 2, '13': 2, '14': 2, '52': 2, '32': 2, '15': 1, '63': 1, '66': 1, '68': 1, '25': 1, '90': 1})
ThdID: 3, sumErrCnt: Counter({'55': 85, '23': 63, '59': 60, '73': 59, '83': 39, '70': 35, '84': 12, '85': 11, '51': 10, '88': 9, '71': 9, '10': 9, '76': 8, '69': 7, '87': 7, '92': 7, '11': 7, '89': 6, '30': 6, '61': 5, '82': 5, '44': 5, '75': 4, '74': 4, '91': 4, '96': 4, '12': 4, '90': 3, '13': 2, '16': 2, '54': 2, '66': 1, '25': 1, '45': 1, '15': 1, '79': 1, '14': 1, '52': 1, '32': 1})
ThdID: 3, sumTotCnt: Counter({'23': 588, '55': 560, '59': 392, '70': 252, '71': 200, '76': 140, '73': 136, '74': 119, '69': 101, '10': 90, '75': 88, '51': 84, '85': 68, '83': 64, '87': 61, '11': 61, '84': 56, '88': 48, '89': 48, '82': 41, '79': 32, '12': 28, '91': 24, '60': 20, '61': 16, '92': 16, '30': 16, '98': 12, '54': 12, '96': 9, '62': 8, '44': 8, '45': 8, '99': 8, '95': 8, '13': 8, '52': 8, '32': 8, '14': 7, '63': 4, '66': 4, '25': 4, '68': 4, '90': 4, '16': 2, '15': 1})
ThdID: 4, ErrCnt: Counter({'55': 26, '23': 14, '59': 13, '73': 10, '70': 9, '83': 7, '85': 7, '10': 5, '76': 4, '51': 4, '87': 3, '84': 3, '74': 3, '61': 2, '88': 2, '89': 2, '82': 2, '91': 2, '95': 2, '12': 2, '64': 1, '69': 1, '44': 1, '45': 1, '71': 1, '92': 1, '11': 1, '13': 1, '54': 1})
ThdID: 4, TotCnt: Counter({'23': 147, '55': 140, '59': 98, '70': 63, '71': 50, '76': 35, '73': 34, '74': 30, '69': 25, '10': 23, '75': 22, '51': 21, '83': 16, '85': 16, '87': 15, '84': 14, '11': 14, '88': 12, '89': 12, '82': 10, '79': 8, '91': 6, '12': 6, '60': 5, '30': 5, '61': 4, '92': 4, '98': 3, '54': 3, '62': 2, '44': 2, '45': 2, '95': 2, '96': 2, '14': 2, '52': 2, '99': 2, '32': 2, '15': 1, '63': 1, '64': 1, '66': 1, '68': 1, '25': 1, '20': 1, '77': 1, '90': 1, '13': 1})
ThdID: 4, sumErrCnt: Counter({'55': 111, '23': 77, '59': 73, '73': 69, '83': 46, '70': 44, '85': 18, '84': 15, '10': 14, '51': 14, '76': 12, '88': 11, '87': 10, '71': 10, '89': 8, '69': 8, '92': 8, '11': 8, '61': 7, '82': 7, '74': 7, '44': 6, '91': 6, '12': 6, '30': 6, '75': 4, '96': 4, '90': 3, '13': 3, '54': 3, '45': 2, '95': 2, '16': 2, '64': 1, '66': 1, '25': 1, '79': 1, '15': 1, '14': 1, '52': 1, '32': 1})
ThdID: 4, sumTotCnt: Counter({'23': 735, '55': 700, '59': 490, '70': 315, '71': 250, '76': 175, '73': 170, '74': 149, '69': 126, '10': 113, '75': 110, '51': 105, '85': 84, '83': 80, '87': 76, '11': 75, '84': 70, '88': 60, '89': 60, '82': 51, '79': 40, '12': 34, '91': 30, '60': 25, '30': 21, '61': 20, '92': 20, '98': 15, '54': 15, '96': 11, '62': 10, '44': 10, '45': 10, '99': 10, '95': 10, '52': 10, '32': 10, '13': 9, '14': 9, '63': 5, '66': 5, '68': 5, '25': 5, '90': 5, '15': 2, '16': 2, '77': 1, '64': 1, '20': 1})
ThdID: 5, ErrCnt: Counter({'23': 18, '55': 16, '73': 12, '83': 10, '70': 8, '59': 8, '85': 5, '76': 5, '10': 5, '51': 5, '61': 2, '89': 2, '84': 2, '71': 2, '92': 2, '11': 2, '88': 1, '66': 1, '69': 1, '87': 1, '25': 1, '44': 1, '77': 1, '91': 1, '15': 1, '96': 1, '13': 1, '12': 1, '54': 1})
ThdID: 5, TotCnt: Counter({'23': 147, '55': 140, '59': 98, '70': 63, '71': 50, '76': 35, '73': 34, '74': 30, '69': 25, '10': 23, '75': 22, '51': 21, '83': 16, '85': 16, '87': 15, '84': 14, '11': 14, '88': 12, '89': 12, '82': 10, '79': 8, '91': 6, '12': 6, '60': 5, '30': 5, '61': 4, '92': 4, '98': 3, '54': 3, '52': 3, '15': 2, '62': 2, '44': 2, '45': 2, '95': 2, '96': 2, '14': 2, '99': 2, '63': 1, '64': 1, '66': 1, '68': 1, '25': 1, '77': 1, '90': 1, '13': 1, '32': 1})
ThdID: 5, sumErrCnt: Counter({'55': 127, '23': 95, '73': 81, '59': 81, '83': 56, '70': 52, '85': 23, '10': 19, '51': 19, '84': 17, '76': 17, '88': 12, '71': 12, '87': 11, '89': 10, '92': 10, '11': 10, '61': 9, '69': 9, '82': 7, '44': 7, '74': 7, '91': 7, '12': 7, '30': 6, '96': 5, '75': 4, '13': 4, '54': 4, '90': 3, '66': 2, '25': 2, '45': 2, '95': 2, '15': 2, '16': 2, '64': 1, '77': 1, '79': 1, '14': 1, '52': 1, '32': 1})
ThdID: 5, sumTotCnt: Counter({'23': 882, '55': 840, '59': 588, '70': 378, '71': 300, '76': 210, '73': 204, '74': 179, '69': 151, '10': 136, '75': 132, '51': 126, '85': 100, '83': 96, '87': 91, '11': 89, '84': 84, '88': 72, '89': 72, '82': 61, '79': 48, '12': 40, '91': 36, '60': 30, '30': 26, '61': 24, '92': 24, '98': 18, '54': 18, '96': 13, '52': 13, '62': 12, '44': 12, '45': 12, '99': 12, '95': 12, '14': 11, '32': 11, '13': 10, '63': 6, '66': 6, '25': 6, '68': 6, '90': 6, '15': 4, '64': 2, '77': 2, '16': 2, '20': 1})
ThdID: 6, ErrCnt: Counter({'55': 21, '23': 19, '73': 17, '70': 15, '59': 12, '83': 10, '84': 6, '76': 6, '88': 3, '71': 3, '92': 3, '69': 3, '10': 3, '30': 3, '51': 3, '87': 2, '85': 2, '74': 2, '90': 1, '44': 1, '45': 1, '75': 1, '15': 1, '96': 1, '13': 1, '12': 1, '14': 1, '16': 1})
ThdID: 6, TotCnt: Counter({'23': 147, '55': 140, '59': 98, '70': 63, '71': 50, '76': 35, '73': 34, '74': 30, '69': 25, '10': 23, '75': 22, '51': 21, '83': 16, '85': 16, '87': 15, '84': 14, '11': 14, '88': 12, '89': 12, '82': 10, '79': 8, '91': 6, '60': 5, '12': 5, '30': 5, '61': 4, '92': 4, '14': 3, '98': 3, '54': 3, '52': 3, '62': 2, '44': 2, '45': 2, '95': 2, '96': 2, '99': 2, '15': 1, '63': 1, '64': 1, '66': 1, '68': 1, '25': 1, '77': 1, '90': 1, '16': 1, '13': 1, '32': 1})
ThdID: 6, sumErrCnt: Counter({'55': 148, '23': 114, '73': 98, '59': 93, '70': 67, '83': 66, '85': 25, '84': 23, '76': 23, '10': 22, '51': 22, '88': 15, '71': 15, '87': 13, '92': 13, '69': 12, '89': 10, '11': 10, '61': 9, '74': 9, '30': 9, '44': 8, '12': 8, '82': 7, '91': 7, '96': 6, '75': 5, '13': 5, '90': 4, '54': 4, '45': 3, '15': 3, '16': 3, '66': 2, '25': 2, '95': 2, '14': 2, '64': 1, '77': 1, '79': 1, '52': 1, '32': 1})
ThdID: 6, sumTotCnt: Counter({'23': 1029, '55': 980, '59': 686, '70': 441, '71': 350, '76': 245, '73': 238, '74': 209, '69': 176, '10': 159, '75': 154, '51': 147, '85': 116, '83': 112, '87': 106, '11': 103, '84': 98, '89': 84, '88': 84, '82': 71, '79': 56, '12': 45, '91': 42, '60': 35, '30': 31, '61': 28, '92': 28, '98': 21, '54': 21, '52': 16, '96': 15, '62': 14, '44': 14, '45': 14, '99': 14, '95': 14, '14': 14, '32': 12, '13': 11, '63': 7, '66': 7, '68': 7, '25': 7, '90': 7, '15': 5, '77': 3, '64': 3, '16': 3, '20': 1})
ThdID: 7, ErrCnt: Counter({'23': 22, '59': 17, '73': 14, '83': 12, '55': 11, '70': 10, '76': 6, '84': 5, '11': 4, '92': 3, '51': 3, '61': 2, '88': 2, '69': 2, '85': 2, '74': 2, '10': 2, '30': 2, '89': 1, '64': 1, '25': 1, '44': 1, '75': 1, '71': 1, '96': 1, '52': 1})
ThdID: 7, TotCnt: Counter({'23': 147, '55': 140, '59': 98, '70': 63, '71': 50, '76': 35, '73': 34, '74': 30, '69': 26, '10': 23, '75': 22, '51': 21, '83': 16, '85': 16, '11': 16, '87': 15, '84': 14, '88': 12, '89': 12, '82': 10, '79': 8, '91': 6, '60': 5, '30': 5, '61': 4, '92': 4, '12': 4, '14': 3, '98': 3, '54': 3, '52': 3, '62': 2, '44': 2, '95': 2, '96': 2, '99': 2, '15': 1, '63': 1, '64': 1, '66': 1, '68': 1, '25': 1, '45': 1, '77': 1, '90': 1, '13': 1, '32': 1})
ThdID: 7, sumErrCnt: Counter({'55': 159, '23': 136, '73': 112, '59': 110, '83': 78, '70': 77, '76': 29, '84': 28, '85': 27, '51': 25, '10': 24, '88': 17, '71': 16, '92': 16, '69': 14, '11': 14, '87': 13, '61': 11, '89': 11, '74': 11, '30': 11, '44': 9, '12': 8, '82': 7, '91': 7, '96': 7, '75': 6, '13': 5, '90': 4, '54': 4, '25': 3, '45': 3, '15': 3, '16': 3, '64': 2, '66': 2, '95': 2, '14': 2, '52': 2, '77': 1, '79': 1, '32': 1})
ThdID: 7, sumTotCnt: Counter({'23': 1176, '55': 1120, '59': 784, '70': 504, '71': 400, '76': 280, '73': 272, '74': 239, '69': 202, '10': 182, '75': 176, '51': 168, '85': 132, '83': 128, '87': 121, '11': 119, '84': 112, '89': 96, '88': 96, '82': 81, '79': 64, '12': 49, '91': 48, '60': 40, '30': 36, '61': 32, '92': 32, '98': 24, '54': 24, '52': 19, '96': 17, '14': 17, '62': 16, '44': 16, '95': 16, '99': 16, '45': 15, '32': 13, '13': 12, '66': 8, '25': 8, '68': 8, '90': 8, '63': 8, '15': 6, '64': 4, '77': 4, '16': 3, '20': 1})
ThdID: 8, ErrCnt: Counter({'59': 19, '23': 17, '55': 17, '70': 15, '73': 14, '83': 8, '10': 5, '88': 4, '76': 4, '92': 4, '87': 2, '75': 2, '74': 2, '11': 2, '30': 2, '89': 1, '69': 1, '84': 1, '99': 1, '71': 1, '91': 1, '90': 1, '96': 1, '13': 1, '54': 1, '51': 1, '52': 1})
ThdID: 8, TotCnt: Counter({'23': 147, '55': 140, '59': 98, '70': 63, '71': 50, '76': 35, '73': 34, '74': 29, '69': 26, '10': 23, '75': 22, '51': 21, '83': 16, '85': 16, '11': 16, '87': 15, '84': 14, '88': 13, '89': 12, '82': 10, '79': 8, '91': 6, '60': 5, '30': 5, '61': 4, '92': 4, '12': 4, '14': 3, '98': 3, '54': 3, '52': 3, '62': 2, '44': 2, '95': 2, '96': 2, '99': 2, '15': 1, '63': 1, '64': 1, '66': 1, '68': 1, '25': 1, '45': 1, '77': 1, '90': 1, '13': 1, '32': 1})
ThdID: 8, sumErrCnt: Counter({'55': 176, '23': 153, '59': 129, '73': 126, '70': 92, '83': 86, '76': 33, '84': 29, '10': 29, '85': 27, '51': 26, '88': 21, '92': 20, '71': 17, '11': 16, '69': 15, '87': 15, '74': 13, '30': 13, '89': 12, '61': 11, '44': 9, '75': 8, '91': 8, '96': 8, '12': 8, '82': 7, '13': 6, '90': 5, '54': 5, '25': 3, '45': 3, '15': 3, '16': 3, '52': 3, '64': 2, '66': 2, '95': 2, '14': 2, '77': 1, '79': 1, '99': 1, '32': 1})
ThdID: 8, sumTotCnt: Counter({'23': 1323, '55': 1260, '59': 882, '70': 567, '71': 450, '76': 315, '73': 306, '74': 268, '69': 228, '10': 205, '75': 198, '51': 189, '85': 148, '83': 144, '87': 136, '11': 135, '84': 126, '88': 109, '89': 108, '82': 91, '79': 72, '91': 54, '12': 53, '60': 45, '30': 41, '61': 36, '92': 36, '98': 27, '54': 27, '52': 22, '14': 20, '96': 19, '62': 18, '44': 18, '95': 18, '99': 18, '45': 16, '32': 14, '13': 13, '66': 9, '68': 9, '25': 9, '90': 9, '63': 9, '15': 7, '64': 5, '77': 5, '16': 3, '20': 1})
ThdID: 9, ErrCnt: Counter({'23': 17, '73': 16, '55': 15, '59': 14, '70': 11, '83': 5, '76': 5, '88': 3, '92': 3, '10': 3, '61': 2, '85': 2, '44': 2, '74': 2, '71': 2, '91': 2, '96': 2, '12': 2, '30': 2, '64': 1, '66': 1, '69': 1, '82': 1, '84': 1, '15': 1, '75': 1, '90': 1, '11': 1, '14': 1})
ThdID: 9, TotCnt: Counter({'23': 147, '55': 140, '59': 98, '70': 63, '71': 50, '76': 35, '73': 34, '74': 29, '69': 26, '10': 23, '75': 22, '51': 21, '83': 16, '85': 16, '11': 16, '87': 15, '84': 14, '88': 13, '89': 11, '82': 10, '79': 8, '91': 6, '60': 5, '30': 5, '61': 4, '92': 4, '12': 4, '44': 3, '14': 3, '98': 3, '54': 3, '52': 3, '62': 2, '95': 2, '96': 2, '99': 2, '15': 1, '63': 1, '64': 1, '66': 1, '68': 1, '25': 1, '45': 1, '77': 1, '90': 1, '13': 1, '32': 1})
ThdID: 9, sumErrCnt: Counter({'55': 191, '23': 170, '59': 143, '73': 142, '70': 103, '83': 91, '76': 38, '10': 32, '84': 30, '85': 29, '51': 26, '88': 24, '92': 23, '71': 19, '11': 17, '69': 16, '87': 15, '74': 15, '30': 15, '61': 13, '89': 12, '44': 11, '91': 10, '96': 10, '12': 10, '75': 9, '82': 8, '90': 6, '13': 6, '54': 5, '15': 4, '64': 3, '66': 3, '25': 3, '45': 3, '14': 3, '16': 3, '52': 3, '95': 2, '77': 1, '79': 1, '99': 1, '32': 1})
ThdID: 9, sumTotCnt: Counter({'23': 1470, '55': 1400, '59': 980, '70': 630, '71': 500, '76': 350, '73': 340, '74': 297, '69': 254, '10': 228, '75': 220, '51': 210, '85': 164, '83': 160, '87': 151, '11': 151, '84': 140, '88': 122, '89': 119, '82': 101, '79': 80, '91': 60, '12': 57, '60': 50, '30': 46, '61': 40, '92': 40, '98': 30, '54': 30, '52': 25, '14': 23, '44': 21, '96': 21, '62': 20, '95': 20, '99': 20, '45': 17, '32': 15, '13': 14, '66': 10, '25': 10, '68': 10, '90': 10, '63': 10, '15': 8, '64': 6, '77': 6, '16': 3, '20': 1})
ThdID: 10, ErrCnt: Counter({'55': 21, '23': 15, '59': 13, '73': 11, '83': 10, '70': 10, '69': 6, '71': 5, '76': 5, '85': 4, '84': 3, '89': 2, '82': 2, '74': 2, '96': 2, '10': 2, '12': 2, '54': 2, '51': 2, '30': 1, '61': 1, '88': 1, '25': 1, '98': 1, '91': 1, '90': 1, '92': 1, '11': 1, '13': 1, '14': 1, '16': 1, '32': 1})
ThdID: 10, TotCnt: Counter({'23': 147, '55': 140, '59': 98, '70': 63, '71': 50, '76': 35, '73': 34, '74': 29, '69': 26, '10': 23, '75': 22, '51': 21, '83': 16, '85': 16, '11': 16, '87': 15, '84': 14, '88': 12, '89': 11, '82': 10, '79': 8, '91': 6, '30': 5, '60': 5, '12': 5, '61': 4, '92': 4, '44': 3, '98': 3, '54': 3, '52': 3, '62': 2, '95': 2, '96': 2, '14': 2, '99': 2, '15': 1, '63': 1, '64': 1, '66': 1, '68': 1, '25': 1, '45': 1, '77': 1, '90': 1, '13': 1, '16': 1, '32': 1})
ThdID: 10, sumErrCnt: Counter({'55': 212, '23': 185, '59': 156, '73': 153, '70': 113, '83': 101, '76': 43, '10': 34, '84': 33, '85': 33, '51': 28, '88': 25, '71': 24, '92': 24, '69': 22, '11': 18, '74': 17, '30': 16, '87': 15, '61': 14, '89': 14, '96': 12, '12': 12, '44': 11, '91': 11, '82': 10, '75': 9, '90': 7, '13': 7, '54': 7, '25': 4, '15': 4, '14': 4, '16': 4, '64': 3, '66': 3, '45': 3, '52': 3, '95': 2, '32': 2, '98': 1, '77': 1, '79': 1, '99': 1})
ThdID: 10, sumTotCnt: Counter({'23': 1617, '55': 1540, '59': 1078, '70': 693, '71': 550, '76': 385, '73': 374, '74': 326, '69': 280, '10': 251, '75': 242, '51': 231, '85': 180, '83': 176, '11': 167, '87': 166, '84': 154, '88': 134, '89': 130, '82': 111, '79': 88, '91': 66, '12': 62, '60': 55, '30': 51, '61': 44, '92': 44, '98': 33, '54': 33, '52': 28, '14': 25, '44': 24, '96': 23, '62': 22, '95': 22, '99': 22, '45': 18, '32': 16, '13': 15, '66': 11, '68': 11, '25': 11, '63': 11, '90': 11, '15': 9, '64': 7, '77': 7, '16': 4, '20': 1})
ThdID: 11, ErrCnt: Counter({'55': 19, '23': 17, '73': 12, '59': 12, '83': 10, '70': 8, '69': 4, '82': 3, '74': 3, '54': 3, '44': 2, '76': 2, '92': 2, '10': 2, '30': 2, '60': 1, '61': 1, '88': 1, '89': 1, '64': 1, '66': 1, '84': 1, '85': 1, '15': 1, '96': 1, '11': 1, '13': 1, '12': 1, '51': 1})
ThdID: 11, TotCnt: Counter({'23': 147, '55': 140, '59': 98, '70': 63, '71': 50, '76': 35, '73': 34, '74': 29, '69': 26, '10': 23, '75': 22, '51': 21, '83': 16, '87': 16, '85': 16, '11': 16, '84': 14, '88': 12, '89': 11, '82': 10, '79': 8, '91': 6, '60': 5, '12': 5, '30': 5, '61': 4, '92': 4, '44': 3, '98': 3, '54': 3, '52': 3, '62': 2, '95': 2, '96': 2, '14': 2, '99': 2, '15': 1, '63': 1, '64': 1, '66': 1, '68': 1, '25': 1, '45': 1, '77': 1, '90': 1, '13': 1, '32': 1})
ThdID: 11, sumErrCnt: Counter({'55': 231, '23': 202, '59': 168, '73': 165, '70': 121, '83': 111, '76': 45, '10': 36, '84': 34, '85': 34, '51': 29, '88': 26, '69': 26, '92': 26, '71': 24, '74': 20, '11': 19, '30': 18, '61': 15, '89': 15, '87': 15, '82': 13, '44': 13, '96': 13, '12': 13, '91': 11, '54': 10, '75': 9, '13': 8, '90': 7, '15': 5, '64': 4, '66': 4, '25': 4, '14': 4, '16': 4, '45': 3, '52': 3, '95': 2, '32': 2, '60': 1, '77': 1, '79': 1, '98': 1, '99': 1})
ThdID: 11, sumTotCnt: Counter({'23': 1764, '55': 1680, '59': 1176, '70': 756, '71': 600, '76': 420, '73': 408, '74': 355, '69': 306, '10': 274, '75': 264, '51': 252, '85': 196, '83': 192, '11': 183, '87': 182, '84': 168, '88': 146, '89': 141, '82': 121, '79': 96, '91': 72, '12': 67, '60': 60, '30': 56, '61': 48, '92': 48, '98': 36, '54': 36, '52': 31, '44': 27, '14': 27, '96': 25, '62': 24, '95': 24, '99': 24, '45': 19, '32': 17, '13': 16, '63': 12, '66': 12, '25': 12, '68': 12, '90': 12, '15': 10, '64': 8, '77': 8, '16': 4, '20': 1})
ThdID: 12, ErrCnt: Counter({'55': 26, '23': 19, '59': 15, '73': 13, '83': 11, '70': 10, '51': 5, '76': 4, '10': 4, '87': 3, '85': 3, '54': 3, '69': 2, '92': 2, '96': 2, '30': 2, '60': 1, '61': 1, '88': 1, '66': 1, '82': 1, '74': 1, '71': 1, '91': 1, '90': 1, '13': 1, '12': 1, '98': 1})
ThdID: 12, TotCnt: Counter({'23': 147, '55': 140, '59': 98, '70': 63, '71': 50, '76': 35, '73': 34, '74': 29, '69': 26, '10': 23, '75': 22, '51': 21, '83': 16, '87': 16, '85': 16, '11': 16, '84': 14, '88': 12, '89': 11, '82': 10, '79': 8, '91': 6, '60': 5, '12': 5, '30': 5, '61': 4, '92': 4, '98': 3, '44': 3, '54': 3, '52': 3, '62': 2, '95': 2, '96': 2, '14': 2, '99': 2, '63': 1, '64': 1, '66': 1, '68': 1, '25': 1, '45': 1, '77': 1, '90': 1, '13': 1, '16': 1, '32': 1})
ThdID: 12, sumErrCnt: Counter({'55': 257, '23': 221, '59': 183, '73': 178, '70': 131, '83': 122, '76': 49, '10': 40, '85': 37, '84': 34, '51': 34, '69': 28, '92': 28, '88': 27, '71': 25, '74': 21, '30': 20, '11': 19, '87': 18, '61': 16, '89': 15, '96': 15, '82': 14, '12': 14, '44': 13, '54': 13, '91': 12, '75': 9, '13': 9, '90': 8, '66': 5, '15': 5, '64': 4, '25': 4, '14': 4, '16': 4, '45': 3, '52': 3, '60': 2, '95': 2, '98': 2, '32': 2, '77': 1, '79': 1, '99': 1})
ThdID: 12, sumTotCnt: Counter({'23': 1911, '55': 1820, '59': 1274, '70': 819, '71': 650, '76': 455, '73': 442, '74': 384, '69': 332, '10': 297, '75': 286, '51': 273, '85': 212, '83': 208, '11': 199, '87': 198, '84': 182, '88': 158, '89': 152, '82': 131, '79': 104, '91': 78, '12': 72, '60': 65, '30': 61, '61': 52, '92': 52, '98': 39, '54': 39, '52': 34, '44': 30, '14': 29, '96': 27, '62': 26, '95': 26, '99': 26, '45': 20, '32': 18, '13': 17, '63': 13, '66': 13, '68': 13, '25': 13, '90': 13, '15': 10, '64': 9, '77': 9, '16': 5, '20': 1})
ThdID: 13, ErrCnt: Counter({'55': 24, '23': 17, '73': 12, '59': 11, '83': 9, '70': 9, '10': 5, '69': 4, '92': 4, '85': 3, '76': 3, '11': 3, '51': 3, '88': 2, '89': 2, '87': 2, '84': 2, '75': 2, '96': 2, '61': 1, '82': 1, '44': 1, '71': 1, '91': 1, '13': 1, '12': 1, '54': 1, '52': 1})
ThdID: 13, TotCnt: Counter({'23': 147, '55': 140, '59': 98, '70': 63, '71': 50, '76': 35, '73': 34, '74': 29, '69': 26, '10': 23, '75': 22, '51': 21, '11': 17, '83': 16, '87': 16, '85': 16, '84': 14, '88': 12, '89': 11, '82': 10, '79': 8, '91': 6, '60': 5, '92': 5, '12': 5, '61': 4, '30': 4, '98': 3, '44': 3, '54': 3, '52': 3, '62': 2, '95': 2, '96': 2, '13': 2, '63': 1, '64': 1, '66': 1, '68': 1, '25': 1, '45': 1, '77': 1, '90': 1, '14': 1, '16': 1, '99': 1, '32': 1})
ThdID: 13, sumErrCnt: Counter({'55': 281, '23': 238, '59': 194, '73': 190, '70': 140, '83': 131, '76': 52, '10': 45, '85': 40, '51': 37, '84': 36, '69': 32, '92': 32, '88': 29, '71': 26, '11': 22, '74': 21, '87': 20, '30': 20, '61': 17, '89': 17, '96': 17, '82': 15, '12': 15, '44': 14, '54': 14, '91': 13, '75': 11, '13': 10, '90': 8, '66': 5, '15': 5, '64': 4, '25': 4, '14': 4, '52': 4, '16': 4, '45': 3, '60': 2, '95': 2, '98': 2, '32': 2, '77': 1, '79': 1, '99': 1})
ThdID: 13, sumTotCnt: Counter({'23': 2058, '55': 1960, '59': 1372, '70': 882, '71': 700, '76': 490, '73': 476, '74': 413, '69': 358, '10': 320, '75': 308, '51': 294, '85': 228, '83': 224, '11': 216, '87': 214, '84': 196, '88': 170, '89': 163, '82': 141, '79': 112, '91': 84, '12': 77, '60': 70, '30': 65, '92': 57, '61': 56, '98': 42, '54': 42, '52': 37, '44': 33, '14': 30, '96': 29, '62': 28, '95': 28, '99': 27, '45': 21, '13': 19, '32': 19, '63': 14, '66': 14, '25': 14, '68': 14, '90': 14, '64': 10, '77': 10, '15': 10, '16': 6, '20': 1})
ThdID: 14, ErrCnt: Counter({'55': 24, '23': 19, '73': 14, '83': 13, '59': 13, '70': 8, '69': 3, '85': 3, '76': 3, '51': 3, '89': 2, '74': 2, '71': 2, '10': 2, '61': 1, '88': 1, '64': 1, '87': 1, '84': 1, '75': 1, '91': 1, '92': 1, '79': 1, '96': 1, '11': 1, '13': 1, '12': 1, '54': 1, '32': 1})
ThdID: 14, TotCnt: Counter({'23': 147, '55': 140, '59': 98, '70': 63, '71': 50, '76': 35, '73': 34, '74': 29, '69': 26, '10': 24, '75': 21, '51': 21, '11': 17, '83': 16, '87': 16, '85': 16, '84': 14, '88': 12, '89': 11, '82': 10, '79': 8, '91': 6, '60': 5, '92': 5, '12': 5, '61': 4, '30': 4, '44': 3, '95': 3, '98': 3, '54': 3, '52': 3, '62': 2, '96': 2, '13': 2, '63': 1, '64': 1, '66': 1, '68': 1, '25': 1, '45': 1, '77': 1, '90': 1, '14': 1, '99': 1, '32': 1})
ThdID: 14, sumErrCnt: Counter({'55': 305, '23': 257, '59': 207, '73': 204, '70': 148, '83': 144, '76': 55, '10': 47, '85': 43, '51': 40, '84': 37, '69': 35, '92': 33, '88': 30, '71': 28, '74': 23, '11': 23, '87': 21, '30': 20, '89': 19, '61': 18, '96': 18, '12': 16, '82': 15, '54': 15, '44': 14, '91': 14, '75': 12, '13': 11, '90': 8, '64': 5, '66': 5, '15': 5, '25': 4, '14': 4, '52': 4, '16': 4, '45': 3, '32': 3, '60': 2, '95': 2, '79': 2, '98': 2, '77': 1, '99': 1})
ThdID: 14, sumTotCnt: Counter({'23': 2205, '55': 2100, '59': 1470, '70': 945, '71': 750, '76': 525, '73': 510, '74': 442, '69': 384, '10': 344, '75': 329, '51': 315, '85': 244, '83': 240, '11': 233, '87': 230, '84': 210, '88': 182, '89': 174, '82': 151, '79': 120, '91': 90, '12': 82, '60': 75, '30': 69, '92': 62, '61': 60, '98': 45, '54': 45, '52': 40, '44': 36, '95': 31, '96': 31, '14': 31, '62': 30, '99': 28, '45': 22, '13': 21, '32': 20, '63': 15, '66': 15, '68': 15, '25': 15, '90': 15, '64': 11, '77': 11, '15': 10, '16': 6, '20': 1})
ThdID: 15, ErrCnt: Counter({'23': 17, '73': 17, '55': 17, '70': 13, '83': 11, '59': 9, '84': 3, '85': 3, '10': 3, '69': 2, '71': 2, '96': 2, '12': 2, '54': 2, '30': 2, '51': 2, '61': 1, '62': 1, '89': 1, '82': 1, '87': 1, '44': 1, '45': 1, '76': 1, '74': 1, '90': 1, '92': 1, '11': 1, '13': 1})
ThdID: 15, TotCnt: Counter({'23': 147, '55': 140, '59': 99, '70': 63, '71': 50, '76': 35, '73': 34, '74': 29, '69': 26, '10': 24, '75': 21, '51': 21, '11': 17, '83': 16, '87': 16, '85': 16, '84': 14, '88': 12, '89': 11, '82': 10, '79': 8, '91': 6, '60': 5, '92': 5, '12': 5, '61': 4, '30': 4, '44': 3, '95': 3, '54': 3, '52': 3, '62': 2, '96': 2, '13': 2, '98': 2, '63': 1, '64': 1, '66': 1, '68': 1, '25': 1, '45': 1, '77': 1, '90': 1, '14': 1, '99': 1, '32': 1})
ThdID: 15, sumErrCnt: Counter({'55': 322, '23': 274, '73': 221, '59': 216, '70': 161, '83': 155, '76': 56, '10': 50, '85': 46, '51': 42, '84': 40, '69': 37, '92': 34, '88': 30, '71': 30, '74': 24, '11': 24, '87': 22, '30': 22, '89': 20, '96': 20, '61': 19, '12': 18, '54': 17, '82': 16, '44': 15, '91': 14, '75': 12, '13': 12, '90': 9, '64': 5, '66': 5, '15': 5, '25': 4, '45': 4, '14': 4, '52': 4, '16': 4, '32': 3, '60': 2, '95': 2, '79': 2, '98': 2, '77': 1, '62': 1, '99': 1})
ThdID: 15, sumTotCnt: Counter({'23': 2352, '55': 2240, '59': 1569, '70': 1008, '71': 800, '76': 560, '73': 544, '74': 471, '69': 410, '10': 368, '75': 350, '51': 336, '85': 260, '83': 256, '11': 250, '87': 246, '84': 224, '88': 194, '89': 185, '82': 161, '79': 128, '91': 96, '12': 87, '60': 80, '30': 73, '92': 67, '61': 64, '54': 48, '98': 47, '52': 43, '44': 39, '95': 34, '96': 33, '62': 32, '14': 32, '99': 29, '45': 23, '13': 23, '32': 21, '66': 16, '25': 16, '68': 16, '90': 16, '63': 16, '64': 12, '77': 12, '15': 10, '16': 6, '20': 1})
ThdID: 16, ErrCnt: Counter({'55': 20, '59': 18, '73': 14, '23': 13, '83': 10, '70': 10, '85': 5, '76': 4, '74': 4, '51': 4, '61': 3, '69': 3, '44': 3, '10': 3, '30': 3, '88': 2, '89': 2, '92': 2, '96': 2, '82': 1, '87': 1, '84': 1, '45': 1, '77': 1, '75': 1, '13': 1, '12': 1, '98': 1, '54': 1})
ThdID: 16, TotCnt: Counter({'23': 147, '55': 139, '59': 99, '70': 63, '71': 50, '76': 35, '73': 34, '74': 29, '69': 26, '10': 25, '75': 21, '51': 21, '11': 17, '83': 16, '87': 16, '85': 16, '84': 14, '88': 12, '89': 11, '82': 10, '79': 8, '91': 6, '60': 5, '92': 5, '12': 5, '61': 4, '30': 4, '44': 3, '95': 3, '54': 3, '52': 3, '62': 2, '96': 2, '13': 2, '98': 2, '63': 1, '64': 1, '66': 1, '68': 1, '25': 1, '45': 1, '77': 1, '90': 1, '14': 1, '99': 1, '32': 1})
ThdID: 16, sumErrCnt: Counter({'55': 342, '23': 287, '73': 235, '59': 234, '70': 171, '83': 165, '76': 60, '10': 53, '85': 51, '51': 46, '84': 41, '69': 40, '92': 36, '88': 32, '71': 30, '74': 28, '30': 25, '11': 24, '87': 23, '61': 22, '89': 22, '96': 22, '12': 19, '44': 18, '54': 18, '82': 17, '91': 14, '75': 13, '13': 13, '90': 9, '64': 5, '66': 5, '45': 5, '15': 5, '25': 4, '14': 4, '52': 4, '16': 4, '98': 3, '32': 3, '60': 2, '77': 2, '95': 2, '79': 2, '62': 1, '99': 1})
ThdID: 16, sumTotCnt: Counter({'23': 2499, '55': 2379, '59': 1668, '70': 1071, '71': 850, '76': 595, '73': 578, '74': 500, '69': 436, '10': 393, '75': 371, '51': 357, '85': 276, '83': 272, '11': 267, '87': 262, '84': 238, '88': 206, '89': 196, '82': 171, '79': 136, '91': 102, '12': 92, '60': 85, '30': 77, '92': 72, '61': 68, '54': 51, '98': 49, '52': 46, '44': 42, '95': 37, '96': 35, '62': 34, '14': 33, '99': 30, '13': 25, '45': 24, '32': 22, '66': 17, '68': 17, '25': 17, '90': 17, '63': 17, '64': 13, '77': 13, '15': 10, '16': 6, '20': 1})
ThdID: 17, ErrCnt: Counter({'23': 19, '59': 18, '55': 18, '73': 16, '70': 9, '83': 8, '85': 5, '76': 5, '10': 5, '92': 4, '61': 3, '84': 3, '91': 2, '12': 2, '30': 2, '60': 1, '89': 1, '64': 1, '69': 1, '87': 1, '25': 1, '45': 1, '77': 1, '74': 1, '71': 1, '90': 1, '95': 1, '96': 1, '13': 1, '14': 1, '54': 1, '51': 1})
ThdID: 17, TotCnt: Counter({'23': 147, '55': 139, '59': 99, '70': 63, '71': 50, '76': 35, '73': 34, '74': 29, '69': 26, '10': 25, '75': 21, '51': 21, '11': 17, '83': 16, '87': 16, '85': 16, '84': 14, '88': 12, '89': 11, '82': 10, '79': 8, '91': 6, '60': 5, '92': 5, '12': 5, '61': 4, '30': 4, '44': 3, '95': 3, '54': 3, '52': 3, '62': 2, '96': 2, '13': 2, '98': 2, '63': 1, '64': 1, '66': 1, '68': 1, '25': 1, '45': 1, '77': 1, '90': 1, '14': 1, '99': 1, '32': 1})
ThdID: 17, sumErrCnt: Counter({'55': 360, '23': 306, '59': 252, '73': 251, '70': 180, '83': 173, '76': 65, '10': 58, '85': 56, '51': 47, '84': 44, '69': 41, '92': 40, '88': 32, '71': 31, '74': 29, '30': 27, '61': 25, '87': 24, '11': 24, '89': 23, '96': 23, '12': 21, '54': 19, '44': 18, '82': 17, '91': 16, '13': 14, '75': 13, '90': 10, '64': 6, '45': 6, '66': 5, '25': 5, '15': 5, '14': 5, '52': 4, '16': 4, '60': 3, '77': 3, '95': 3, '98': 3, '32': 3, '79': 2, '62': 1, '99': 1})
ThdID: 17, sumTotCnt: Counter({'23': 2646, '55': 2518, '59': 1767, '70': 1134, '71': 900, '76': 630, '73': 612, '74': 529, '69': 462, '10': 418, '75': 392, '51': 378, '85': 292, '83': 288, '11': 284, '87': 278, '84': 252, '88': 218, '89': 207, '82': 181, '79': 144, '91': 108, '12': 97, '60': 90, '30': 81, '92': 77, '61': 72, '54': 54, '98': 51, '52': 49, '44': 45, '95': 40, '96': 37, '62': 36, '14': 34, '99': 31, '13': 27, '45': 25, '32': 23, '66': 18, '25': 18, '68': 18, '90': 18, '63': 18, '64': 14, '77': 14, '15': 10, '16': 6, '20': 1})
ThdID: 18, ErrCnt: Counter({'55': 24, '23': 18, '73': 13, '59': 11, '83': 9, '70': 8, '76': 5, '10': 5, '89': 3, '11': 3, '51': 3, '69': 2, '87': 2, '84': 2, '85': 2, '92': 2, '54': 2, '61': 1, '88': 1, '82': 1, '25': 1, '44': 1, '77': 1, '75': 1, '74': 1, '96': 1, '12': 1})
ThdID: 18, TotCnt: Counter({'23': 147, '55': 139, '59': 99, '70': 62, '71': 50, '76': 35, '73': 34, '74': 29, '69': 26, '10': 25, '75': 21, '51': 21, '11': 17, '83': 16, '87': 16, '85': 16, '84': 14, '88': 12, '89': 11, '82': 10, '79': 8, '91': 6, '60': 5, '92': 5, '12': 5, '30': 4, '61': 3, '44': 3, '95': 3, '54': 3, '52': 3, '62': 2, '63': 2, '96': 2, '13': 2, '98': 2, '64': 1, '66': 1, '68': 1, '25': 1, '45': 1, '77': 1, '90': 1, '14': 1, '57': 1, '99': 1, '32': 1})
ThdID: 18, sumErrCnt: Counter({'55': 384, '23': 324, '73': 264, '59': 263, '70': 188, '83': 182, '76': 70, '10': 63, '85': 58, '51': 50, '84': 46, '69': 43, '92': 42, '88': 33, '71': 31, '74': 30, '11': 27, '30': 27, '61': 26, '89': 26, '87': 26, '96': 24, '12': 22, '54': 21, '44': 19, '82': 18, '91': 16, '75': 14, '13': 14, '90': 10, '64': 6, '25': 6, '45': 6, '66': 5, '15': 5, '14': 5, '77': 4, '52': 4, '16': 4, '60': 3, '95': 3, '98': 3, '32': 3, '79': 2, '62': 1, '99': 1})
ThdID: 18, sumTotCnt: Counter({'23': 2793, '55': 2657, '59': 1866, '70': 1196, '71': 950, '76': 665, '73': 646, '74': 558, '69': 488, '10': 443, '75': 413, '51': 399, '85': 308, '83': 304, '11': 301, '87': 294, '84': 266, '88': 230, '89': 218, '82': 191, '79': 152, '91': 114, '12': 102, '60': 95, '30': 85, '92': 82, '61': 75, '54': 57, '98': 53, '52': 52, '44': 48, '95': 43, '96': 39, '62': 38, '14': 35, '99': 32, '13': 29, '45': 26, '32': 24, '63': 20, '66': 19, '68': 19, '25': 19, '90': 19, '64': 15, '77': 15, '15': 10, '16': 6, '20': 1, '57': 1})
ThdID: 19, ErrCnt: Counter({'23': 23, '55': 20, '70': 15, '73': 12, '59': 12, '83': 10, '10': 4, '51': 4, '69': 3, '76': 3, '74': 3, '92': 3, '63': 2, '84': 2, '85': 2, '96': 2, '54': 2, '89': 2, '88': 1, '66': 1, '25': 1, '44': 1, '77': 1, '75': 1, '91': 1, '95': 1, '13': 1, '12': 1, '30': 1})
ThdID: 19, TotCnt: Counter({'23': 147, '55': 139, '59': 99, '70': 62, '71': 50, '76': 35, '73': 34, '74': 29, '69': 26, '10': 25, '75': 21, '51': 21, '11': 17, '83': 16, '87': 16, '85': 16, '84': 14, '88': 12, '89': 11, '82': 10, '79': 8, '91': 6, '60': 5, '92': 5, '12': 5, '30': 4, '61': 3, '44': 3, '95': 3, '54': 3, '52': 3, '62': 2, '63': 2, '96': 2, '13': 2, '98': 2, '64': 1, '66': 1, '68': 1, '25': 1, '45': 1, '77': 1, '90': 1, '15': 1, '14': 1, '99': 1, '32': 1})
ThdID: 19, sumErrCnt: Counter({'55': 404, '23': 347, '73': 276, '59': 275, '70': 203, '83': 192, '76': 73, '10': 67, '85': 60, '51': 54, '84': 48, '69': 46, '92': 45, '88': 34, '74': 33, '71': 31, '89': 28, '30': 28, '11': 27, '61': 26, '87': 26, '96': 26, '12': 23, '54': 23, '44': 20, '82': 18, '91': 17, '75': 15, '13': 15, '90': 10, '25': 7, '64': 6, '66': 6, '45': 6, '77': 5, '15': 5, '14': 5, '95': 4, '52': 4, '16': 4, '60': 3, '98': 3, '32': 3, '63': 2, '79': 2, '62': 1, '99': 1})
ThdID: 19, sumTotCnt: Counter({'23': 2940, '55': 2796, '59': 1965, '70': 1258, '71': 1000, '76': 700, '73': 680, '74': 587, '69': 514, '10': 468, '75': 434, '51': 420, '85': 324, '83': 320, '11': 318, '87': 310, '84': 280, '88': 242, '89': 229, '82': 201, '79': 160, '91': 120, '12': 107, '60': 100, '30': 89, '92': 87, '61': 78, '54': 60, '98': 55, '52': 55, '44': 51, '95': 46, '96': 41, '62': 40, '14': 36, '99': 33, '13': 31, '45': 27, '32': 25, '63': 22, '66': 20, '25': 20, '68': 20, '90': 20, '64': 16, '77': 16, '15': 11, '16': 6, '20': 1, '57': 1})
ThdID: 20, ErrCnt: Counter({'55': 22, '59': 18, '23': 16, '83': 11, '73': 11, '76': 6, '70': 5, '85': 3, '10': 3, '12': 3, '89': 2, '69': 2, '44': 2, '92': 2, '96': 2, '30': 2, '51': 2, '64': 1, '87': 1, '84': 1, '25': 1, '75': 1, '91': 1, '90': 1, '95': 1, '11': 1, '13': 1, '14': 1, '54': 1, '63': 1})
ThdID: 20, TotCnt: Counter({'23': 146, '55': 139, '59': 99, '70': 62, '71': 50, '76': 35, '73': 34, '74': 29, '69': 26, '10': 24, '75': 21, '51': 21, '11': 17, '83': 16, '87': 16, '85': 16, '84': 14, '88': 12, '89': 11, '82': 10, '79': 9, '91': 6, '60': 5, '92': 5, '12': 5, '30': 4, '61': 3, '44': 3, '95': 3, '52': 3, '54': 3, '62': 2, '63': 2, '96': 2, '13': 2, '15': 2, '98': 2, '64': 1, '68': 1, '32': 1, '25': 1, '45': 1, '77': 1, '90': 1, '14': 1, '18': 1, '99': 1})
ThdID: 20, sumErrCnt: Counter({'55': 426, '23': 363, '59': 293, '73': 287, '70': 208, '83': 203, '76': 79, '10': 70, '85': 63, '51': 56, '84': 49, '69': 48, '92': 47, '88': 34, '74': 33, '71': 31, '30': 30, '89': 30, '96': 28, '11': 28, '87': 27, '61': 26, '12': 26, '54': 24, '44': 22, '82': 18, '91': 18, '75': 16, '13': 16, '90': 11, '25': 8, '64': 7, '66': 6, '45': 6, '14': 6, '77': 5, '95': 5, '15': 5, '16': 4, '52': 4, '60': 3, '63': 3, '98': 3, '32': 3, '79': 2, '62': 1, '99': 1})
ThdID: 20, sumTotCnt: Counter({'23': 3086, '55': 2935, '59': 2064, '70': 1320, '71': 1050, '76': 735, '73': 714, '74': 616, '69': 540, '10': 492, '75': 455, '51': 441, '85': 340, '83': 336, '11': 335, '87': 326, '84': 294, '88': 254, '89': 240, '82': 211, '79': 169, '91': 126, '12': 112, '60': 105, '30': 93, '92': 92, '61': 81, '54': 63, '52': 58, '98': 57, '44': 54, '95': 49, '96': 43, '62': 42, '14': 37, '99': 34, '13': 33, '45': 28, '32': 26, '63': 24, '68': 21, '25': 21, '90': 21, '66': 20, '64': 17, '77': 17, '15': 13, '16': 6, '20': 1, '18': 1, '57': 1})
ThdID: 21, ErrCnt: Counter({'55': 20, '23': 18, '59': 15, '73': 12, '83': 10, '70': 7, '85': 6, '76': 5, '89': 3, '69': 3, '82': 3, '92': 3, '54': 3, '96': 2, '12': 2, '88': 1, '64': 1, '44': 1, '45': 1, '77': 1, '75': 1, '74': 1, '71': 1, '91': 1, '90': 1, '79': 1, '10': 1, '13': 1, '15': 1, '30': 1, '51': 1, '52': 1})
ThdID: 21, TotCnt: Counter({'23': 146, '55': 139, '59': 99, '70': 62, '71': 50, '76': 35, '73': 34, '74': 29, '69': 26, '10': 24, '75': 21, '51': 21, '11': 17, '83': 16, '87': 16, '85': 16, '84': 14, '88': 12, '89': 11, '82': 10, '79': 9, '91': 6, '12': 6, '60': 5, '92': 5, '30': 4, '61': 3, '62': 3, '44': 3, '95': 3, '54': 3, '52': 3, '96': 2, '13': 2, '15': 2, '98': 2, '63': 1, '64': 1, '68': 1, '25': 1, '45': 1, '77': 1, '90': 1, '14': 1, '99': 1, '32': 1})
ThdID: 21, sumErrCnt: Counter({'55': 446, '23': 381, '59': 308, '73': 299, '70': 215, '83': 213, '76': 84, '10': 71, '85': 69, '51': 57, '69': 51, '92': 50, '84': 49, '88': 35, '74': 34, '89': 33, '71': 32, '30': 31, '96': 30, '11': 28, '12': 28, '87': 27, '54': 27, '61': 26, '44': 23, '82': 21, '91': 19, '75': 17, '13': 17, '90': 12, '64': 8, '25': 8, '45': 7, '66': 6, '77': 6, '15': 6, '14': 6, '95': 5, '52': 5, '16': 4, '98': 3, '60': 3, '63': 3, '79': 3, '32': 3, '62': 1, '99': 1})
ThdID: 21, sumTotCnt: Counter({'23': 3232, '55': 3074, '59': 2163, '70': 1382, '71': 1100, '76': 770, '73': 748, '74': 645, '69': 566, '10': 516, '75': 476, '51': 462, '85': 356, '83': 352, '11': 352, '87': 342, '84': 308, '88': 266, '89': 251, '82': 221, '79': 178, '91': 132, '12': 118, '60': 110, '30': 97, '92': 97, '61': 84, '54': 66, '52': 61, '98': 59, '44': 57, '95': 52, '62': 45, '96': 45, '14': 38, '13': 35, '99': 35, '45': 29, '32': 27, '63': 25, '25': 22, '68': 22, '90': 22, '66': 20, '64': 18, '77': 18, '15': 15, '16': 6, '20': 1, '18': 1, '57': 1})
ThdID: 22, ErrCnt: Counter({'55': 17, '73': 16, '70': 11, '23': 10, '59': 10, '83': 8, '76': 7, '51': 4, '88': 3, '69': 3, '85': 3, '11': 3, '12': 3, '30': 3, '61': 2, '89': 2, '44': 2, '75': 2, '71': 2, '91': 2, '92': 2, '10': 2, '64': 1, '82': 1, '87': 1, '84': 1, '25': 1, '45': 1, '74': 1, '96': 1, '13': 1, '15': 1, '54': 1, '32': 1})
ThdID: 22, TotCnt: Counter({'23': 146, '55': 139, '59': 99, '70': 62, '71': 49, '76': 35, '73': 34, '74': 29, '69': 26, '10': 24, '75': 22, '51': 21, '11': 18, '83': 16, '87': 16, '85': 16, '84': 14, '88': 12, '89': 11, '82': 10, '79': 9, '91': 6, '60': 5, '92': 5, '12': 5, '30': 4, '61': 3, '62': 3, '44': 3, '95': 3, '54': 3, '52': 3, '96': 2, '13': 2, '15': 2, '98': 2, '63': 1, '64': 1, '68': 1, '25': 1, '45': 1, '77': 1, '90': 1, '14': 1, '99': 1, '32': 1})
ThdID: 22, sumErrCnt: Counter({'55': 463, '23': 391, '59': 318, '73': 315, '70': 226, '83': 221, '76': 91, '10': 73, '85': 72, '51': 61, '69': 54, '92': 52, '84': 50, '88': 38, '74': 35, '89': 35, '30': 34, '71': 34, '96': 31, '11': 31, '12': 31, '61': 28, '87': 28, '54': 28, '44': 25, '82': 22, '91': 21, '75': 19, '13': 18, '90': 12, '64': 9, '25': 9, '45': 8, '15': 7, '66': 6, '77': 6, '14': 6, '95': 5, '52': 5, '16': 4, '32': 4, '60': 3, '63': 3, '79': 3, '98': 3, '62': 1, '99': 1})
ThdID: 22, sumTotCnt: Counter({'23': 3378, '55': 3213, '59': 2262, '70': 1444, '71': 1149, '76': 805, '73': 782, '74': 674, '69': 592, '10': 540, '75': 498, '51': 483, '85': 372, '11': 370, '83': 368, '87': 358, '84': 322, '88': 278, '89': 262, '82': 231, '79': 187, '91': 138, '12': 123, '60': 115, '92': 102, '30': 101, '61': 87, '54': 69, '52': 64, '98': 61, '44': 60, '95': 55, '62': 48, '96': 47, '14': 39, '13': 37, '99': 36, '45': 30, '32': 28, '63': 26, '68': 23, '25': 23, '90': 23, '66': 20, '64': 19, '77': 19, '15': 17, '16': 6, '20': 1, '57': 1, '18': 1})
ThdID: 23, ErrCnt: Counter({'55': 24, '23': 15, '73': 15, '59': 15, '69': 7, '83': 7, '70': 7, '85': 5, '88': 4, '84': 3, '92': 3, '54': 3, '61': 2, '89': 2, '74': 2, '51': 2, '60': 1, '64': 1, '82': 1, '25': 1, '44': 1, '45': 1, '76': 1, '75': 1, '12': 1, '15': 1, '30': 1, '32': 1})
ThdID: 23, TotCnt: Counter({'23': 146, '55': 139, '59': 99, '70': 62, '71': 49, '76': 35, '73': 34, '74': 29, '69': 26, '10': 23, '75': 22, '51': 21, '85': 17, '11': 17, '83': 16, '87': 16, '84': 14, '88': 12, '89': 11, '82': 10, '79': 9, '91': 6, '60': 5, '92': 5, '12': 5, '61': 4, '30': 4, '62': 3, '44': 3, '95': 3, '54': 3, '52': 3, '96': 2, '13': 2, '15': 2, '98': 2, '32': 2, '63': 1, '64': 1, '25': 1, '45': 1, '77': 1, '90': 1, '14': 1, '99': 1})
ThdID: 23, sumErrCnt: Counter({'55': 487, '23': 406, '59': 333, '73': 330, '70': 233, '83': 228, '76': 92, '85': 77, '10': 73, '51': 63, '69': 61, '92': 55, '84': 53, '88': 42, '89': 37, '74': 37, '30': 35, '71': 34, '12': 32, '96': 31, '11': 31, '54': 31, '61': 30, '87': 28, '44': 26, '82': 23, '91': 21, '75': 20, '13': 18, '90': 12, '64': 10, '25': 10, '45': 9, '15': 8, '66': 6, '77': 6, '14': 6, '95': 5, '52': 5, '32': 5, '60': 4, '16': 4, '63': 3, '79': 3, '98': 3, '62': 1, '99': 1})
ThdID: 23, sumTotCnt: Counter({'23': 3524, '55': 3352, '59': 2361, '70': 1506, '71': 1198, '76': 840, '73': 816, '74': 703, '69': 618, '10': 563, '75': 520, '51': 504, '85': 389, '11': 387, '83': 384, '87': 374, '84': 336, '88': 290, '89': 273, '82': 241, '79': 196, '91': 144, '12': 128, '60': 120, '92': 107, '30': 105, '61': 91, '54': 72, '52': 67, '44': 63, '98': 63, '95': 58, '62': 51, '96': 49, '14': 40, '13': 39, '99': 37, '45': 31, '32': 30, '63': 27, '25': 24, '90': 24, '68': 23, '64': 20, '66': 20, '77': 20, '15': 19, '16': 6, '20': 1, '18': 1, '57': 1})
ThdID: 24, ErrCnt: Counter({'55': 25, '23': 20, '59': 20, '73': 12, '83': 10, '70': 10, '76': 6, '88': 4, '51': 4, '69': 3, '84': 3, '85': 3, '60': 2, '61': 2, '82': 2, '74': 2, '91': 2, '96': 2, '11': 2, '10': 2, '54': 2, '89': 1, '64': 1, '87': 1, '25': 1, '44': 1, '77': 1, '75': 1, '90': 1, '92': 1, '13': 1, '15': 1, '30': 1, '32': 1})
ThdID: 24, TotCnt: Counter({'23': 146, '55': 140, '59': 99, '70': 62, '71': 49, '76': 35, '73': 34, '74': 29, '69': 26, '75': 22, '10': 21, '51': 21, '85': 17, '11': 17, '83': 16, '87': 16, '84': 15, '88': 12, '89': 11, '82': 10, '79': 9, '91': 6, '60': 5, '92': 5, '12': 5, '61': 4, '54': 4, '30': 4, '44': 3, '95': 3, '52': 3, '62': 2, '96': 2, '13': 2, '15': 2, '98': 2, '32': 2, '63': 1, '64': 1, '25': 1, '45': 1, '77': 1, '90': 1, '14': 1, '99': 1})
ThdID: 24, sumErrCnt: Counter({'55': 512, '23': 426, '59': 353, '73': 342, '70': 243, '83': 238, '76': 98, '85': 80, '10': 75, '51': 67, '69': 64, '84': 56, '92': 56, '88': 46, '74': 39, '89': 38, '30': 36, '71': 34, '96': 33, '11': 33, '54': 33, '61': 32, '12': 32, '87': 29, '44': 27, '82': 25, '91': 23, '75': 21, '13': 19, '90': 13, '64': 11, '25': 11, '45': 9, '15': 9, '77': 7, '60': 6, '66': 6, '14': 6, '32': 6, '95': 5, '52': 5, '16': 4, '79': 3, '98': 3, '63': 3, '62': 1, '99': 1})
ThdID: 24, sumTotCnt: Counter({'23': 3670, '55': 3492, '59': 2460, '70': 1568, '71': 1247, '76': 875, '73': 850, '74': 732, '69': 644, '10': 584, '75': 542, '51': 525, '85': 406, '11': 404, '83': 400, '87': 390, '84': 351, '88': 302, '89': 284, '82': 251, '79': 205, '91': 150, '12': 133, '60': 125, '92': 112, '30': 109, '61': 95, '54': 76, '52': 70, '44': 66, '98': 65, '95': 61, '62': 53, '96': 51, '13': 41, '14': 41, '99': 38, '32': 32, '45': 32, '63': 28, '25': 25, '90': 25, '68': 23, '64': 21, '77': 21, '15': 21, '66': 20, '16': 6, '20': 1, '18': 1, '57': 1})
ThdID: 25, ErrCnt: Counter({'23': 23, '55': 20, '70': 14, '59': 13, '73': 11, '83': 8, '85': 4, '76': 4, '71': 4, '88': 3, '84': 3, '69': 2, '92': 2, '96': 2, '11': 2, '51': 2, '64': 1, '90': 1, '87': 1, '99': 1, '74': 1, '95': 1, '13': 1, '15': 1, '16': 1, '32': 1, '30': 1})
ThdID: 25, TotCnt: Counter({'23': 146, '55': 140, '59': 99, '70': 62, '71': 49, '76': 35, '73': 34, '74': 29, '69': 26, '75': 22, '10': 21, '51': 21, '11': 18, '85': 17, '87': 16, '83': 15, '84': 15, '88': 12, '89': 11, '82': 10, '79': 9, '60': 6, '91': 6, '92': 5, '12': 5, '61': 4, '30': 4, '95': 3, '54': 3, '52': 3, '98': 2, '62': 2, '44': 2, '90': 2, '96': 2, '13': 2, '15': 2, '32': 2, '63': 1, '64': 1, '25': 1, '45': 1, '99': 1, '14': 1, '16': 1})
ThdID: 25, sumErrCnt: Counter({'55': 532, '23': 449, '59': 366, '73': 353, '70': 257, '83': 246, '76': 102, '85': 84, '10': 75, '51': 69, '69': 66, '84': 59, '92': 58, '88': 49, '74': 40, '89': 38, '71': 38, '30': 37, '96': 35, '11': 35, '54': 33, '61': 32, '12': 32, '87': 30, '44': 27, '82': 25, '91': 23, '75': 21, '13': 20, '90': 14, '64': 12, '25': 11, '15': 10, '45': 9, '77': 7, '32': 7, '60': 6, '66': 6, '95': 6, '14': 6, '16': 5, '52': 5, '98': 3, '79': 3, '63': 3, '99': 2, '62': 1})
ThdID: 25, sumTotCnt: Counter({'23': 3816, '55': 3632, '59': 2559, '70': 1630, '71': 1296, '76': 910, '73': 884, '74': 761, '69': 670, '10': 605, '75': 564, '51': 546, '85': 423, '11': 422, '83': 415, '87': 406, '84': 366, '88': 314, '89': 295, '82': 261, '79': 214, '91': 156, '12': 138, '60': 131, '92': 117, '30': 113, '61': 99, '54': 79, '52': 73, '44': 68, '98': 67, '95': 64, '62': 55, '96': 53, '13': 43, '14': 42, '99': 39, '32': 34, '45': 33, '63': 29, '90': 27, '25': 26, '68': 23, '15': 23, '64': 22, '77': 21, '66': 20, '16': 7, '20': 1, '57': 1, '18': 1})
ThdID: 26, ErrCnt: Counter({'55': 24, '23': 19, '59': 19, '73': 16, '70': 10, '83': 8, '69': 6, '85': 5, '76': 5, '88': 3, '84': 2, '45': 2, '75': 2, '90': 2, '92': 2, '11': 2, '10': 2, '30': 2, '51': 2, '61': 1, '89': 1, '64': 1, '82': 1, '99': 1, '74': 1, '91': 1, '79': 1, '96': 1, '13': 1, '12': 1, '15': 1, '54': 1})
ThdID: 26, TotCnt: Counter({'23': 146, '55': 140, '59': 99, '70': 63, '71': 49, '76': 34, '73': 34, '74': 29, '69': 26, '75': 22, '10': 21, '51': 21, '85': 17, '83': 16, '87': 16, '11': 16, '84': 15, '88': 12, '89': 11, '82': 10, '79': 9, '91': 7, '60': 6, '92': 5, '12': 5, '61': 4, '30': 4, '95': 3, '54': 3, '52': 3, '62': 2, '44': 2, '45': 2, '99': 2, '90': 2, '96': 2, '13': 2, '15': 2, '98': 2, '32': 2, '63': 1, '64': 1, '25': 1})
ThdID: 26, sumErrCnt: Counter({'55': 556, '23': 468, '59': 385, '73': 369, '70': 267, '83': 254, '76': 107, '85': 89, '10': 77, '69': 72, '51': 71, '84': 61, '92': 60, '88': 52, '74': 41, '30': 39, '89': 39, '71': 38, '11': 37, '96': 36, '54': 34, '61': 33, '12': 33, '87': 30, '44': 27, '82': 26, '91': 24, '75': 23, '13': 21, '90': 16, '64': 13, '25': 11, '45': 11, '15': 11, '77': 7, '32': 7, '60': 6, '66': 6, '95': 6, '14': 6, '16': 5, '52': 5, '79': 4, '98': 3, '99': 3, '63': 3, '62': 1})
ThdID: 26, sumTotCnt: Counter({'23': 3962, '55': 3772, '59': 2658, '70': 1693, '71': 1345, '76': 944, '73': 918, '74': 790, '69': 696, '10': 626, '75': 586, '51': 567, '85': 440, '11': 438, '83': 431, '87': 422, '84': 381, '88': 326, '89': 306, '82': 271, '79': 223, '91': 163, '12': 143, '60': 137, '92': 122, '30': 117, '61': 103, '54': 82, '52': 76, '44': 70, '98': 69, '95': 67, '62': 57, '96': 55, '13': 45, '14': 42, '99': 41, '32': 36, '45': 35, '63': 30, '90': 29, '25': 27, '15': 25, '64': 23, '68': 23, '77': 21, '66': 20, '16': 7, '20': 1, '18': 1, '57': 1})
ThdID: 27, ErrCnt: Counter({'23': 23, '55': 22, '59': 18, '70': 14, '73': 10, '69': 6, '83': 6, '84': 4, '88': 3, '85': 3, '76': 3, '10': 3, '61': 2, '89': 2, '87': 2, '92': 2, '12': 2, '54': 2, '51': 2, '44': 1, '71': 1, '91': 1, '96': 1, '11': 1, '13': 1, '15': 1, '30': 1, '52': 1})
ThdID: 27, TotCnt: Counter({'23': 146, '55': 140, '59': 99, '70': 63, '71': 49, '76': 34, '73': 34, '74': 29, '69': 26, '75': 22, '10': 22, '51': 21, '85': 17, '83': 16, '87': 16, '11': 16, '84': 15, '88': 12, '89': 11, '82': 10, '79': 9, '60': 6, '91': 6, '92': 5, '12': 5, '61': 4, '30': 4, '95': 3, '54': 3, '52': 3, '62': 2, '44': 2, '45': 2, '99': 2, '90': 2, '96': 2, '13': 2, '15': 2, '98': 2, '32': 2, '63': 1, '64': 1, '25': 1})
ThdID: 27, sumErrCnt: Counter({'55': 578, '23': 491, '59': 403, '73': 379, '70': 281, '83': 260, '76': 110, '85': 92, '10': 80, '69': 78, '51': 73, '84': 65, '92': 62, '88': 55, '89': 41, '74': 41, '30': 40, '71': 39, '11': 38, '96': 37, '54': 36, '61': 35, '12': 35, '87': 32, '44': 28, '82': 26, '91': 25, '75': 23, '13': 22, '90': 16, '64': 13, '15': 12, '25': 11, '45': 11, '77': 7, '32': 7, '60': 6, '66': 6, '95': 6, '14': 6, '52': 6, '16': 5, '79': 4, '63': 3, '98': 3, '99': 3, '62': 1})
ThdID: 27, sumTotCnt: Counter({'23': 4108, '55': 3912, '59': 2757, '70': 1756, '71': 1394, '76': 978, '73': 952, '74': 819, '69': 722, '10': 648, '75': 608, '51': 588, '85': 457, '11': 454, '83': 447, '87': 438, '84': 396, '88': 338, '89': 317, '82': 281, '79': 232, '91': 169, '12': 148, '60': 143, '92': 127, '30': 121, '61': 107, '54': 85, '52': 79, '44': 72, '98': 71, '95': 70, '62': 59, '96': 57, '13': 47, '99': 43, '14': 42, '32': 38, '45': 37, '63': 31, '90': 31, '25': 28, '15': 27, '64': 24, '68': 23, '77': 21, '66': 20, '16': 7, '20': 1, '18': 1, '57': 1})
ThdID: 28, ErrCnt: Counter({'55': 22, '59': 18, '23': 17, '73': 14, '83': 13, '70': 9, '76': 6, '85': 5, '74': 4, '89': 3, '69': 2, '92': 2, '96': 2, '12': 2, '61': 1, '88': 1, '64': 1, '82': 1, '87': 1, '84': 1, '44': 1, '45': 1, '75': 1, '91': 1, '90': 1, '79': 1, '10': 1, '51': 1})
ThdID: 28, TotCnt: Counter({'23': 147, '55': 140, '59': 99, '70': 63, '71': 49, '76': 35, '73': 34, '74': 29, '69': 26, '75': 22, '10': 22, '51': 21, '85': 17, '83': 16, '87': 16, '11': 16, '84': 15, '88': 12, '89': 11, '82': 10, '79': 9, '60': 6, '91': 6, '92': 5, '12': 5, '61': 4, '30': 4, '95': 3, '54': 3, '52': 3, '62': 2, '44': 2, '45': 2, '99': 2, '90': 2, '96': 2, '98': 2, '32': 2, '63': 1, '64': 1, '25': 1, '13': 1, '15': 1})
ThdID: 28, sumErrCnt: Counter({'55': 600, '23': 508, '59': 421, '73': 393, '70': 290, '83': 273, '76': 116, '85': 97, '10': 81, '69': 80, '51': 74, '84': 66, '92': 64, '88': 56, '74': 45, '89': 44, '30': 40, '71': 39, '96': 39, '11': 38, '12': 37, '61': 36, '54': 36, '87': 33, '44': 29, '82': 27, '91': 26, '75': 24, '13': 22, '90': 17, '64': 14, '45': 12, '15': 12, '25': 11, '77': 7, '32': 7, '60': 6, '66': 6, '95': 6, '14': 6, '52': 6, '16': 5, '79': 5, '63': 3, '98': 3, '99': 3, '62': 1})
ThdID: 28, sumTotCnt: Counter({'23': 4255, '55': 4052, '59': 2856, '70': 1819, '71': 1443, '76': 1013, '73': 986, '74': 848, '69': 748, '10': 670, '75': 630, '51': 609, '85': 474, '11': 470, '83': 463, '87': 454, '84': 411, '88': 350, '89': 328, '82': 291, '79': 241, '91': 175, '12': 153, '60': 149, '92': 132, '30': 125, '61': 111, '54': 88, '52': 82, '44': 74, '98': 73, '95': 73, '62': 61, '96': 59, '13': 48, '99': 45, '14': 42, '32': 40, '45': 39, '90': 33, '63': 32, '25': 29, '15': 28, '64': 25, '68': 23, '77': 21, '66': 20, '16': 7, '20': 1, '57': 1, '18': 1})
ThdID: 29, ErrCnt: Counter({'55': 26, '23': 25, '73': 18, '59': 16, '70': 12, '83': 8, '76': 8, '69': 5, '84': 4, '85': 4, '75': 3, '74': 3, '92': 3, '51': 3, '61': 2, '88': 2, '45': 2, '96': 2, '11': 2, '60': 1, '64': 1, '25': 1, '71': 1, '95': 1, '79': 1, '10': 1, '12': 1, '54': 1, '30': 1, '32': 1})
ThdID: 29, TotCnt: Counter({'23': 147, '55': 140, '59': 99, '70': 63, '71': 49, '76': 35, '73': 34, '74': 29, '69': 26, '75': 22, '10': 22, '51': 21, '85': 17, '83': 16, '87': 16, '11': 16, '84': 15, '88': 12, '89': 12, '82': 10, '79': 9, '60': 6, '91': 6, '92': 5, '12': 5, '61': 4, '30': 4, '95': 3, '54': 3, '52': 3, '62': 2, '44': 2, '45': 2, '99': 2, '90': 2, '96': 2, '98': 2, '32': 2, '63': 1, '64': 1, '25': 1, '13': 1})
ThdID: 29, sumErrCnt: Counter({'55': 626, '23': 533, '59': 437, '73': 411, '70': 302, '83': 281, '76': 124, '85': 101, '69': 85, '10': 82, '51': 77, '84': 70, '92': 67, '88': 58, '74': 48, '89': 44, '96': 41, '30': 41, '71': 40, '11': 40, '61': 38, '12': 38, '54': 37, '87': 33, '44': 29, '82': 27, '75': 27, '91': 26, '13': 22, '90': 17, '64': 15, '45': 14, '25': 12, '15': 12, '32': 8, '60': 7, '77': 7, '95': 7, '66': 6, '79': 6, '14': 6, '52': 6, '16': 5, '98': 3, '63': 3, '99': 3, '62': 1})
ThdID: 29, sumTotCnt: Counter({'23': 4402, '55': 4192, '59': 2955, '70': 1882, '71': 1492, '76': 1048, '73': 1020, '74': 877, '69': 774, '10': 692, '75': 652, '51': 630, '85': 491, '11': 486, '83': 479, '87': 470, '84': 426, '88': 362, '89': 340, '82': 301, '79': 250, '91': 181, '12': 158, '60': 155, '92': 137, '30': 129, '61': 115, '54': 91, '52': 85, '44': 76, '95': 76, '98': 75, '62': 63, '96': 61, '13': 49, '99': 47, '14': 42, '32': 42, '45': 41, '90': 35, '63': 33, '25': 30, '15': 28, '64': 26, '68': 23, '77': 21, '66': 20, '16': 7, '20': 1, '18': 1, '57': 1})
ThdID: 30, ErrCnt: Counter({'23': 25, '55': 25, '59': 20, '73': 15, '83': 11, '85': 7, '70': 7, '74': 4, '92': 4, '88': 3, '89': 3, '69': 3, '84': 3, '76': 3, '71': 3, '91': 3, '12': 3, '61': 2, '11': 2, '51': 2, '64': 1, '82': 1, '87': 1, '75': 1, '90': 1, '79': 1, '96': 1, '54': 1, '30': 1})
ThdID: 30, TotCnt: Counter({'23': 147, '55': 140, '59': 99, '70': 63, '71': 49, '76': 35, '73': 34, '74': 29, '69': 26, '75': 22, '10': 22, '51': 21, '85': 17, '83': 16, '87': 16, '84': 15, '11': 15, '88': 12, '89': 12, '82': 10, '79': 9, '60': 6, '91': 6, '92': 5, '12': 5, '61': 4, '30': 4, '95': 3, '54': 3, '62': 2, '44': 2, '45': 2, '99': 2, '90': 2, '96': 2, '98': 2, '52': 2, '32': 2, '63': 1, '64': 1, '13': 1, '15': 1, '19': 1})
ThdID: 30, sumErrCnt: Counter({'55': 651, '23': 558, '59': 457, '73': 426, '70': 309, '83': 292, '76': 127, '85': 108, '69': 88, '10': 82, '51': 79, '84': 73, '92': 71, '88': 61, '74': 52, '89': 47, '71': 43, '30': 42, '96': 42, '11': 42, '12': 41, '61': 40, '54': 38, '87': 34, '44': 29, '91': 29, '82': 28, '75': 28, '13': 22, '90': 18, '64': 16, '45': 14, '25': 12, '15': 12, '32': 8, '60': 7, '77': 7, '95': 7, '79': 7, '66': 6, '14': 6, '52': 6, '16': 5, '63': 3, '98': 3, '99': 3, '62': 1})
ThdID: 30, sumTotCnt: Counter({'23': 4549, '55': 4332, '59': 3054, '70': 1945, '71': 1541, '76': 1083, '73': 1054, '74': 906, '69': 800, '10': 714, '75': 674, '51': 651, '85': 508, '11': 501, '83': 495, '87': 486, '84': 441, '88': 374, '89': 352, '82': 311, '79': 259, '91': 187, '12': 163, '60': 161, '92': 142, '30': 133, '61': 119, '54': 94, '52': 87, '95': 79, '44': 78, '98': 77, '62': 65, '96': 63, '13': 50, '99': 49, '32': 44, '45': 43, '14': 42, '90': 37, '63': 34, '25': 30, '15': 29, '64': 27, '68': 23, '77': 21, '66': 20, '16': 7, '20': 1, '19': 1, '18': 1, '57': 1})
ThdID: 31, ErrCnt: Counter({'55': 22, '23': 21, '59': 18, '73': 16, '83': 11, '70': 9, '84': 6, '69': 5, '51': 5, '87': 3, '85': 3, '76': 3, '92': 3, '71': 2, '96': 2, '11': 2, '10': 2, '12': 2, '30': 2, '88': 1, '89': 1, '64': 1, '82': 1, '44': 1, '74': 1, '91': 1, '90': 1})
ThdID: 31, TotCnt: Counter({'23': 147, '55': 140, '59': 99, '70': 63, '71': 49, '76': 35, '73': 34, '74': 29, '69': 26, '75': 22, '10': 22, '51': 21, '85': 17, '83': 16, '87': 16, '84': 15, '11': 15, '88': 12, '89': 12, '82': 10, '79': 8, '60': 6, '91': 6, '92': 5, '12': 5, '61': 4, '30': 4, '95': 3, '54': 3, '62': 2, '44': 2, '45': 2, '99': 2, '90': 2, '96': 2, '98': 2, '52': 2, '32': 2, '63': 1, '64': 1, '80': 1, '13': 1, '15': 1, '19': 1})
ThdID: 31, sumErrCnt: Counter({'55': 673, '23': 579, '59': 475, '73': 442, '70': 318, '83': 303, '76': 130, '85': 111, '69': 93, '10': 84, '51': 84, '84': 79, '92': 74, '88': 62, '74': 53, '89': 48, '71': 45, '96': 44, '11': 44, '30': 44, '12': 43, '61': 40, '54': 38, '87': 37, '44': 30, '91': 30, '82': 29, '75': 28, '13': 22, '90': 19, '64': 17, '45': 14, '25': 12, '15': 12, '32': 8, '60': 7, '77': 7, '95': 7, '79': 7, '66': 6, '14': 6, '52': 6, '16': 5, '63': 3, '98': 3, '99': 3, '62': 1})
ThdID: 31, sumTotCnt: Counter({'23': 4696, '55': 4472, '59': 3153, '70': 2008, '71': 1590, '76': 1118, '73': 1088, '74': 935, '69': 826, '10': 736, '75': 696, '51': 672, '85': 525, '11': 516, '83': 511, '87': 502, '84': 456, '88': 386, '89': 364, '82': 321, '79': 267, '91': 193, '12': 168, '60': 167, '92': 147, '30': 137, '61': 123, '54': 97, '52': 89, '95': 82, '44': 80, '98': 79, '62': 67, '96': 65, '13': 51, '99': 51, '32': 46, '45': 45, '14': 42, '90': 39, '63': 35, '25': 30, '15': 30, '64': 28, '68': 23, '77': 21, '66': 20, '16': 7, '19': 2, '80': 1, '20': 1, '57': 1, '18': 1})
ThdID: 32, ErrCnt: Counter({'55': 24, '23': 18, '73': 18, '70': 14, '83': 9, '59': 8, '76': 5, '84': 4, '69': 3, '85': 3, '74': 3, '92': 2, '96': 2, '30': 2, '51': 2, '61': 1, '88': 1, '89': 1, '66': 1, '82': 1, '87': 1, '71': 1, '91': 1, '90': 1, '54': 1})
ThdID: 32, TotCnt: Counter({'23': 147, '55': 140, '59': 99, '70': 63, '71': 49, '76': 35, '73': 34, '74': 29, '69': 26, '75': 22, '10': 22, '51': 20, '85': 17, '83': 16, '87': 16, '84': 15, '11': 15, '88': 12, '89': 12, '82': 10, '79': 8, '60': 6, '91': 6, '92': 5, '12': 5, '61': 4, '30': 4, '95': 3, '54': 3, '62': 2, '44': 2, '45': 2, '99': 2, '90': 2, '96': 2, '13': 2, '98': 2, '52': 2, '32': 2, '63': 1, '64': 1, '66': 1, '80': 1, '15': 1})
ThdID: 32, sumErrCnt: Counter({'55': 697, '23': 597, '59': 483, '73': 460, '70': 332, '83': 312, '76': 135, '85': 114, '69': 96, '51': 86, '10': 84, '84': 83, '92': 76, '88': 63, '74': 56, '89': 49, '71': 46, '96': 46, '30': 46, '11': 44, '12': 43, '61': 41, '54': 39, '87': 38, '91': 31, '82': 30, '44': 30, '75': 28, '13': 22, '90': 20, '64': 17, '45': 14, '25': 12, '15': 12, '32': 8, '60': 7, '66': 7, '77': 7, '95': 7, '79': 7, '14': 6, '52': 6, '16': 5, '98': 3, '99': 3, '63': 3, '62': 1})
ThdID: 32, sumTotCnt: Counter({'23': 4843, '55': 4612, '59': 3252, '70': 2071, '71': 1639, '76': 1153, '73': 1122, '74': 964, '69': 852, '10': 758, '75': 718, '51': 692, '85': 542, '11': 531, '83': 527, '87': 518, '84': 471, '88': 398, '89': 376, '82': 331, '79': 275, '91': 199, '60': 173, '12': 173, '92': 152, '30': 141, '61': 127, '54': 100, '52': 91, '95': 85, '44': 82, '98': 81, '62': 69, '96': 67, '13': 53, '99': 53, '32': 48, '45': 47, '14': 42, '90': 41, '63': 36, '15': 31, '25': 30, '64': 29, '68': 23, '66': 21, '77': 21, '16': 7, '80': 2, '19': 2, '20': 1, '18': 1, '57': 1})
ThdID: 33, ErrCnt: Counter({'55': 28, '23': 13, '73': 13, '59': 11, '83': 9, '76': 7, '70': 7, '51': 4, '88': 3, '87': 3, '85': 3, '92': 3, '82': 2, '75': 2, '74': 2, '96': 2, '10': 2, '12': 2, '61': 1, '89': 1, '64': 1, '66': 1, '80': 1, '45': 1, '71': 1, '91': 1, '95': 1, '11': 1, '54': 1, '30': 1})
ThdID: 33, TotCnt: Counter({'23': 147, '55': 140, '59': 99, '70': 63, '71': 49, '76': 35, '73': 34, '74': 29, '69': 26, '75': 22, '10': 22, '51': 20, '85': 17, '83': 16, '87': 16, '84': 15, '11': 15, '88': 12, '89': 12, '82': 10, '79': 8, '60': 6, '91': 6, '92': 5, '12': 5, '61': 4, '30': 4, '95': 3, '98': 3, '54': 3, '62': 2, '44': 2, '45': 2, '99': 2, '96': 2, '13': 2, '52': 2, '32': 2, '63': 1, '64': 1, '66': 1, '80': 1, '90': 1, '15': 1})
ThdID: 33, sumErrCnt: Counter({'55': 725, '23': 610, '59': 494, '73': 473, '70': 339, '83': 321, '76': 142, '85': 117, '69': 96, '51': 90, '10': 86, '84': 83, '92': 79, '88': 66, '74': 58, '89': 50, '96': 48, '71': 47, '30': 47, '11': 45, '12': 45, '61': 42, '87': 41, '54': 40, '82': 32, '91': 32, '44': 30, '75': 30, '13': 22, '90': 20, '64': 18, '45': 15, '25': 12, '15': 12, '66': 8, '95': 8, '32': 8, '60': 7, '77': 7, '79': 7, '14': 6, '52': 6, '16': 5, '98': 3, '99': 3, '63': 3, '80': 1, '62': 1})
ThdID: 33, sumTotCnt: Counter({'23': 4990, '55': 4752, '59': 3351, '70': 2134, '71': 1688, '76': 1188, '73': 1156, '74': 993, '69': 878, '10': 780, '75': 740, '51': 712, '85': 559, '11': 546, '83': 543, '87': 534, '84': 486, '88': 410, '89': 388, '82': 341, '79': 283, '91': 205, '60': 179, '12': 178, '92': 157, '30': 145, '61': 131, '54': 103, '52': 93, '95': 88, '44': 84, '98': 84, '62': 71, '96': 69, '13': 55, '99': 55, '32': 50, '45': 49, '90': 42, '14': 42, '63': 37, '15': 32, '64': 30, '25': 30, '68': 23, '66': 22, '77': 21, '16': 7, '80': 3, '19': 2, '20': 1, '18': 1, '57': 1})
ThdID: 34, ErrCnt: Counter({'55': 22, '23': 20, '73': 17, '59': 14, '83': 10, '70': 9, '69': 5, '92': 5, '85': 4, '74': 4, '51': 4, '84': 3, '76': 3, '11': 3, '88': 2, '82': 2, '71': 2, '30': 2, '44': 1, '45': 1, '75': 1, '91': 1, '96': 1, '13': 1, '54': 1, '32': 1})
ThdID: 34, TotCnt: Counter({'23': 147, '55': 140, '59': 99, '70': 63, '71': 49, '76': 35, '73': 34, '74': 29, '69': 26, '75': 22, '10': 22, '51': 20, '85': 17, '83': 16, '87': 16, '84': 15, '11': 15, '88': 12, '89': 12, '82': 10, '79': 8, '60': 6, '91': 6, '92': 5, '12': 5, '61': 4, '30': 4, '95': 3, '98': 3, '54': 3, '62': 2, '44': 2, '45': 2, '99': 2, '96': 2, '13': 2, '52': 2, '32': 2, '63': 1, '64': 1, '66': 1, '80': 1, '90': 1, '15': 1})
ThdID: 34, sumErrCnt: Counter({'55': 747, '23': 630, '59': 508, '73': 490, '70': 348, '83': 331, '76': 145, '85': 121, '69': 101, '51': 94, '84': 86, '10': 86, '92': 84, '88': 68, '74': 62, '89': 50, '30': 49, '71': 49, '96': 49, '11': 48, '12': 45, '61': 42, '87': 41, '54': 41, '82': 34, '91': 33, '44': 31, '75': 31, '13': 23, '90': 20, '64': 18, '45': 16, '25': 12, '15': 12, '32': 9, '66': 8, '95': 8, '60': 7, '77': 7, '79': 7, '14': 6, '52': 6, '16': 5, '98': 3, '99': 3, '63': 3, '80': 1, '62': 1})
ThdID: 34, sumTotCnt: Counter({'23': 5137, '55': 4892, '59': 3450, '70': 2197, '71': 1737, '76': 1223, '73': 1190, '74': 1022, '69': 904, '10': 802, '75': 762, '51': 732, '85': 576, '11': 561, '83': 559, '87': 550, '84': 501, '88': 422, '89': 400, '82': 351, '79': 291, '91': 211, '60': 185, '12': 183, '92': 162, '30': 149, '61': 135, '54': 106, '52': 95, '95': 91, '98': 87, '44': 86, '62': 73, '96': 71, '13': 57, '99': 57, '32': 52, '45': 51, '90': 43, '14': 42, '63': 38, '15': 33, '64': 31, '25': 30, '66': 23, '68': 23, '77': 21, '16': 7, '80': 4, '19': 2, '20': 1, '57': 1, '18': 1})
ThdID: 35, ErrCnt: Counter({'23': 22, '55': 17, '73': 13, '70': 12, '59': 12, '83': 9, '84': 5, '85': 5, '76': 4, '10': 4, '51': 4, '88': 3, '74': 3, '69': 2, '87': 2, '71': 2, '92': 2, '96': 2, '89': 2, '63': 1, '82': 1, '44': 1, '90': 1, '95': 1, '13': 1, '17': 1, '54': 1, '30': 1})
ThdID: 35, TotCnt: Counter({'23': 147, '55': 140, '59': 99, '70': 63, '71': 49, '76': 35, '73': 34, '74': 29, '69': 26, '75': 22, '10': 22, '51': 20, '85': 17, '83': 16, '87': 16, '84': 15, '11': 15, '88': 12, '89': 12, '82': 10, '79': 8, '60': 6, '91': 6, '12': 6, '61': 4, '92': 4, '30': 4, '95': 3, '98': 3, '54': 3, '62': 2, '44': 2, '45': 2, '99': 2, '96': 2, '13': 2, '52': 2, '32': 2, '63': 1, '64': 1, '66': 1, '80': 1, '90': 1, '17': 1})
ThdID: 35, sumErrCnt: Counter({'55': 764, '23': 652, '59': 520, '73': 503, '70': 360, '83': 340, '76': 149, '85': 126, '69': 103, '51': 98, '84': 91, '10': 90, '92': 86, '88': 71, '74': 65, '89': 52, '71': 51, '96': 51, '30': 50, '11': 48, '12': 45, '87': 43, '61': 42, '54': 42, '82': 35, '91': 33, '44': 32, '75': 31, '13': 24, '90': 21, '64': 18, '45': 16, '25': 12, '15': 12, '95': 9, '32': 9, '66': 8, '60': 7, '77': 7, '79': 7, '14': 6, '52': 6, '16': 5, '63': 4, '98': 3, '99': 3, '80': 1, '17': 1, '62': 1})
ThdID: 35, sumTotCnt: Counter({'23': 5284, '55': 5032, '59': 3549, '70': 2260, '71': 1786, '76': 1258, '73': 1224, '74': 1051, '69': 930, '10': 824, '75': 784, '51': 752, '85': 593, '11': 576, '83': 575, '87': 566, '84': 516, '88': 434, '89': 412, '82': 361, '79': 299, '91': 217, '60': 191, '12': 189, '92': 166, '30': 153, '61': 139, '54': 109, '52': 97, '95': 94, '98': 90, '44': 88, '62': 75, '96': 73, '13': 59, '99': 59, '32': 54, '45': 53, '90': 44, '14': 42, '63': 39, '15': 33, '64': 32, '25': 30, '66': 24, '68': 23, '77': 21, '16': 7, '80': 5, '19': 2, '20': 1, '18': 1, '17': 1, '57': 1})
ThdID: 36, ErrCnt: Counter({'59': 21, '55': 20, '23': 15, '73': 12, '83': 10, '70': 9, '85': 6, '76': 6, '51': 5, '88': 3, '89': 3, '69': 3, '61': 2, '74': 2, '96': 2, '12': 2, '64': 1, '87': 1, '84': 1, '71': 1, '91': 1, '90': 1, '92': 1, '11': 1, '10': 1, '17': 1, '54': 1, '32': 1})
ThdID: 36, TotCnt: Counter({'23': 147, '55': 140, '59': 99, '70': 63, '71': 49, '76': 35, '73': 34, '74': 29, '69': 26, '75': 22, '10': 21, '51': 20, '85': 17, '83': 16, '87': 16, '11': 16, '84': 14, '88': 12, '89': 12, '82': 10, '79': 8, '12': 7, '60': 6, '91': 6, '61': 4, '92': 4, '30': 4, '95': 3, '98': 3, '54': 3, '62': 2, '44': 2, '45': 2, '99': 2, '96': 2, '13': 2, '52': 2, '32': 2, '63': 1, '64': 1, '66': 1, '80': 1, '90': 1, '17': 1})
ThdID: 36, sumErrCnt: Counter({'55': 784, '23': 667, '59': 541, '73': 515, '70': 369, '83': 350, '76': 155, '85': 132, '69': 106, '51': 103, '84': 92, '10': 91, '92': 87, '88': 74, '74': 67, '89': 55, '96': 53, '71': 52, '30': 50, '11': 49, '12': 47, '61': 44, '87': 44, '54': 43, '82': 35, '91': 34, '44': 32, '75': 31, '13': 24, '90': 22, '64': 19, '45': 16, '25': 12, '15': 12, '32': 10, '95': 9, '66': 8, '60': 7, '77': 7, '79': 7, '14': 6, '52': 6, '16': 5, '63': 4, '98': 3, '99': 3, '17': 2, '80': 1, '62': 1})
ThdID: 36, sumTotCnt: Counter({'23': 5431, '55': 5172, '59': 3648, '70': 2323, '71': 1835, '76': 1293, '73': 1258, '74': 1080, '69': 956, '10': 845, '75': 806, '51': 772, '85': 610, '11': 592, '83': 591, '87': 582, '84': 530, '88': 446, '89': 424, '82': 371, '79': 307, '91': 223, '60': 197, '12': 196, '92': 170, '30': 157, '61': 143, '54': 112, '52': 99, '95': 97, '98': 93, '44': 90, '62': 77, '96': 75, '13': 61, '99': 61, '32': 56, '45': 55, '90': 45, '14': 42, '63': 40, '64': 33, '15': 33, '25': 30, '66': 25, '68': 23, '77': 21, '16': 7, '80': 6, '17': 2, '19': 2, '20': 1, '18': 1, '57': 1})
ThdID: 37, ErrCnt: Counter({'55': 24, '23': 23, '59': 15, '73': 12, '83': 8, '70': 7, '69': 3, '76': 3, '30': 3, '61': 2, '85': 2, '92': 2, '96': 2, '89': 1, '82': 1, '87': 1, '84': 1, '45': 1, '75': 1, '74': 1, '91': 1, '90': 1, '95': 1, '11': 1, '10': 1, '13': 1, '12': 1, '51': 1})
ThdID: 37, TotCnt: Counter({'23': 147, '55': 140, '59': 99, '70': 63, '71': 50, '76': 35, '73': 34, '74': 29, '69': 26, '75': 22, '10': 22, '51': 20, '85': 17, '83': 16, '87': 16, '11': 16, '84': 14, '88': 12, '89': 12, '82': 10, '79': 8, '12': 7, '60': 6, '91': 6, '61': 4, '92': 4, '30': 4, '95': 3, '98': 3, '54': 3, '62': 2, '44': 2, '45': 2, '99': 2, '96': 2, '13': 2, '52': 2, '32': 2, '63': 1, '64': 1, '66': 1, '90': 1})
ThdID: 37, sumErrCnt: Counter({'55': 808, '23': 690, '59': 556, '73': 527, '70': 376, '83': 358, '76': 158, '85': 134, '69': 109, '51': 104, '84': 93, '10': 92, '92': 89, '88': 74, '74': 68, '89': 56, '96': 55, '30': 53, '71': 52, '11': 50, '12': 48, '61': 46, '87': 45, '54': 43, '82': 36, '91': 35, '44': 32, '75': 32, '13': 25, '90': 23, '64': 19, '45': 17, '25': 12, '15': 12, '95': 10, '32': 10, '66': 8, '60': 7, '77': 7, '79': 7, '14': 6, '52': 6, '16': 5, '63': 4, '98': 3, '99': 3, '17': 2, '80': 1, '62': 1})
ThdID: 37, sumTotCnt: Counter({'23': 5578, '55': 5312, '59': 3747, '70': 2386, '71': 1885, '76': 1328, '73': 1292, '74': 1109, '69': 982, '10': 867, '75': 828, '51': 792, '85': 627, '11': 608, '83': 607, '87': 598, '84': 544, '88': 458, '89': 436, '82': 381, '79': 315, '91': 229, '60': 203, '12': 203, '92': 174, '30': 161, '61': 147, '54': 115, '52': 101, '95': 100, '98': 96, '44': 92, '62': 79, '96': 77, '13': 63, '99': 63, '32': 58, '45': 57, '90': 46, '14': 42, '63': 41, '64': 34, '15': 33, '25': 30, '66': 26, '68': 23, '77': 21, '16': 7, '80': 6, '17': 2, '19': 2, '20': 1, '57': 1, '18': 1})
ThdID: 38, ErrCnt: Counter({'23': 25, '73': 17, '55': 17, '59': 12, '83': 6, '85': 6, '70': 6, '84': 5, '74': 3, '30': 3, '51': 3, '88': 2, '69': 2, '76': 2, '71': 2, '92': 2, '96': 2, '61': 1, '82': 1, '87': 1, '44': 1, '91': 1, '90': 1, '10': 1, '13': 1})
ThdID: 38, TotCnt: Counter({'23': 147, '55': 140, '59': 98, '70': 63, '71': 50, '76': 35, '73': 34, '74': 29, '69': 26, '75': 22, '10': 22, '51': 20, '85': 17, '83': 16, '87': 16, '11': 16, '84': 14, '88': 12, '89': 12, '82': 11, '79': 8, '12': 7, '60': 6, '91': 6, '61': 4, '92': 4, '30': 4, '95': 3, '98': 3, '54': 3, '62': 2, '44': 2, '45': 2, '99': 2, '96': 2, '13': 2, '52': 2, '32': 2, '63': 1, '64': 1, '66': 1, '90': 1})
ThdID: 38, sumErrCnt: Counter({'55': 825, '23': 715, '59': 568, '73': 544, '70': 382, '83': 364, '76': 160, '85': 140, '69': 111, '51': 107, '84': 98, '10': 93, '92': 91, '88': 76, '74': 71, '96': 57, '30': 56, '89': 56, '71': 54, '11': 50, '12': 48, '61': 47, '87': 46, '54': 43, '82': 37, '91': 36, '44': 33, '75': 32, '13': 26, '90': 24, '64': 19, '45': 17, '25': 12, '15': 12, '95': 10, '32': 10, '66': 8, '60': 7, '77': 7, '79': 7, '14': 6, '52': 6, '16': 5, '63': 4, '98': 3, '99': 3, '17': 2, '80': 1, '62': 1})
ThdID: 38, sumTotCnt: Counter({'23': 5725, '55': 5452, '59': 3845, '70': 2449, '71': 1935, '76': 1363, '73': 1326, '74': 1138, '69': 1008, '10': 889, '75': 850, '51': 812, '85': 644, '11': 624, '83': 623, '87': 614, '84': 558, '88': 470, '89': 448, '82': 392, '79': 323, '91': 235, '12': 210, '60': 209, '92': 178, '30': 165, '61': 151, '54': 118, '95': 103, '52': 103, '98': 99, '44': 94, '62': 81, '96': 79, '13': 65, '99': 65, '32': 60, '45': 59, '90': 47, '63': 42, '14': 42, '64': 35, '15': 33, '25': 30, '66': 27, '68': 23, '77': 21, '16': 7, '80': 6, '17': 2, '19': 2, '20': 1, '18': 1, '57': 1})
ThdID: 39, ErrCnt: Counter({'55': 22, '73': 17, '59': 14, '23': 13, '70': 10, '83': 8, '85': 4, '76': 4, '71': 4, '10': 4, '51': 4, '92': 3, '30': 3, '88': 2, '89': 2, '74': 2, '12': 2, '61': 1, '69': 1, '87': 1, '75': 1, '91': 1, '90': 1, '95': 1, '96': 1, '11': 1, '13': 1, '54': 1})
ThdID: 39, TotCnt: Counter({'23': 147, '55': 140, '59': 98, '70': 63, '71': 50, '76': 35, '73': 34, '74': 29, '69': 26, '75': 22, '10': 21, '51': 21, '85': 17, '83': 16, '87': 16, '11': 16, '84': 14, '88': 12, '89': 12, '82': 11, '79': 8, '12': 7, '60': 6, '91': 6, '61': 4, '92': 4, '30': 4, '95': 3, '98': 3, '54': 3, '62': 2, '44': 2, '45': 2, '99': 2, '96': 2, '13': 2, '52': 2, '32': 2, '63': 1, '66': 1, '90': 1, '14': 1})
ThdID: 39, sumErrCnt: Counter({'55': 847, '23': 728, '59': 582, '73': 561, '70': 392, '83': 372, '76': 164, '85': 144, '69': 112, '51': 111, '84': 98, '10': 97, '92': 94, '88': 78, '74': 73, '30': 59, '89': 58, '71': 58, '96': 58, '11': 51, '12': 50, '61': 48, '87': 47, '54': 44, '82': 37, '91': 37, '44': 33, '75': 33, '13': 27, '90': 25, '64': 19, '45': 17, '25': 12, '15': 12, '95': 11, '32': 10, '66': 8, '60': 7, '77': 7, '79': 7, '14': 6, '52': 6, '16': 5, '63': 4, '98': 3, '99': 3, '17': 2, '80': 1, '62': 1})
ThdID: 39, sumTotCnt: Counter({'23': 5872, '55': 5592, '59': 3943, '70': 2512, '71': 1985, '76': 1398, '73': 1360, '74': 1167, '69': 1034, '10': 910, '75': 872, '51': 833, '85': 661, '11': 640, '83': 639, '87': 630, '84': 572, '88': 482, '89': 460, '82': 403, '79': 331, '91': 241, '12': 217, '60': 215, '92': 182, '30': 169, '61': 155, '54': 121, '95': 106, '52': 105, '98': 102, '44': 96, '62': 83, '96': 81, '13': 67, '99': 67, '32': 62, '45': 61, '90': 48, '14': 43, '63': 43, '64': 35, '15': 33, '25': 30, '66': 28, '68': 23, '77': 21, '16': 7, '80': 6, '17': 2, '19': 2, '20': 1, '18': 1, '57': 1})
 - Calculated error matrix size: (40, 54).
 - Error matrix: [(0.0, -1, -1, 0.0, 0.5, 0.0, 0.0, -1, 0.0, 0.07692307692307693, 0.09090909090909091, 0.4375, -1, 0.25, 0.21428571428571427, 0.17647058823529413, 0.0, -1, 0.10884353741496598, 1.0, 0.5, -1, 0.0, 0.0, 0.08571428571428572, 0.0, 0.06896551724137931, 0.4411764705882353, 0.04, 0.06349206349206349, 0.3333333333333333, 1.0, 0.5, 0.0, 0.125, 0.3333333333333333, 0.13333333333333333, 0.19047619047619047, 0.5, 0.2857142857142857, 0.11224489795918367, 0.0, -1, 0.0, 0.22857142857142856, 0.0, -1, 1.0, 0.047619047619047616, 0.16666666666666666, 0.5, -1, 0.08333333333333333, 0.0), (0.5, -1, -1, 0.0, 0.25, 0.0, 0.0, -1, 0.0, 0.08, 0.0, 0.6875, -1, 0.13333333333333333, 0.2857142857142857, 0.11764705882352941, 0.0, -1, 0.11564625850340136, 0.5, 0.0, -1, 0.0, 0.0, 0.0, 0.045454545454545456, 0.03333333333333333, 0.5, 0.06, 0.14285714285714285, 0.3333333333333333, 1.0, 0.5, 0.0, 0.0, 0.0, 0.0625, 0.045454545454545456, 0.5, 0.0, 0.21428571428571427, 0.0, -1, 0.0, 0.12857142857142856, 0.3333333333333333, -1, 1.0, 0.14285714285714285, 0.25, 0.0, -1, 0.25, 0.0), (0.5, -1, -1, 0.0, 0.25, 0.0, 0.0, -1, 0.0, 0.12, 0.3, 0.6875, -1, 0.06666666666666667, 0.21428571428571427, 0.29411764705882354, 1.0, -1, 0.10884353741496598, 1.0, 0.0, -1, 0.0, 0.0, 0.05714285714285714, 0.0, 0.03333333333333333, 0.3235294117647059, 0.08, 0.20634920634920634, 0.0, 0.0, 0.5, 0.0, 0.0, 0.5, 0.13333333333333333, 0.125, 0.0, 0.14285714285714285, 0.16326530612244897, 0.5, -1, 0.0, 0.07857142857142857, 0.0, -1, -1, 0.14285714285714285, 0.08333333333333333, 0.0, -1, 0.0, 0.0), (0.5, -1, 1.0, 0.0, 0.25, 0.0, 0.0, -1, 1.0, 0.0, 0.1, 0.625, -1, 0.0, 0.14285714285714285, 0.058823529411764705, 0.0, -1, 0.09523809523809523, 0.0, 0.0, -1, 0.0, 0.0, 0.08571428571428572, 0.13636363636363635, 0.0, 0.47058823529411764, 0.0, 0.14285714285714285, 0.0, 1.0, 0.25, 0.0, 0.0, 1.0, 0.13333333333333333, 0.043478260869565216, 0.0, 0.14285714285714285, 0.12244897959183673, 0.0, -1, 0.0, 0.17142857142857143, 0.3333333333333333, -1, -1, 0.14285714285714285, 0.25, 0.0, -1, 0.16666666666666666, 0.5), (0.0, 0.0, 0.0, 0.0, 0.5, 0.0, 0.0, 1.0, 0.0, 0.04, 0.2, 0.4375, -1, 0.2, 0.21428571428571427, 0.4375, 0.0, 0.0, 0.09523809523809523, 0.5, 0.5, -1, 0.0, 0.0, 0.11428571428571428, 0.0, 0.1, 0.29411764705882354, 0.02, 0.14285714285714285, 0.3333333333333333, 0.0, 0.25, 1.0, 0.0, 0.0, 0.07142857142857142, 0.21739130434782608, 1.0, 0.3333333333333333, 0.1326530612244898, 0.0, -1, 0.0, 0.18571428571428572, 0.3333333333333333, -1, -1, 0.19047619047619047, 0.16666666666666666, 0.0, -1, 0.16666666666666666, 0.0), (0.0, 1.0, 0.5, 0.0, 0.5, 0.0, 0.0, 0.0, 1.0, 0.04, 0.0, 0.625, -1, 0.06666666666666667, 0.14285714285714285, 0.3125, 1.0, -1, 0.12244897959183673, 0.5, 0.0, -1, 0.0, 0.0, 0.14285714285714285, 0.0, 0.0, 0.35294117647058826, 0.04, 0.12698412698412698, 0.16666666666666666, 0.0, 0.5, 0.0, 0.0, 0.5, 0.14285714285714285, 0.21739130434782608, 1.0, 0.16666666666666666, 0.08163265306122448, 0.0, -1, 0.0, 0.11428571428571428, 0.3333333333333333, -1, -1, 0.23809523809523808, 0.08333333333333333, 0.0, -1, 0.16666666666666666, 0.0), (0.6, 0.0, 1.0, 0.0, 0.0, 0.0, 0.0, 0.0, 0.0, 0.12, 0.0, 0.625, -1, 0.13333333333333333, 0.42857142857142855, 0.125, 0.0, -1, 0.1292517006802721, 0.5, 0.5, -1, 0.0, 0.0, 0.17142857142857143, 0.045454545454545456, 0.06666666666666667, 0.5, 0.06, 0.23809523809523808, 0.0, 1.0, 0.75, 0.0, 0.0, 0.5, 0.0, 0.13043478260869565, 1.0, 0.2, 0.12244897959183673, 0.3333333333333333, -1, 0.0, 0.15, 0.0, -1, 1.0, 0.14285714285714285, 0.25, 0.0, -1, 0.0, 0.0), (0.4, 0.0, 0.0, 0.0, 0.5, 0.0, 0.0, 1.0, 0.0, 0.07692307692307693, 0.0, 0.75, -1, 0.0, 0.35714285714285715, 0.125, 1.0, -1, 0.14965986394557823, 0.5, 0.0, -1, 0.0, 0.0, 0.17142857142857143, 0.045454545454545456, 0.06666666666666667, 0.4117647058823529, 0.02, 0.15873015873015872, 0.0, 0.0, 0.75, 0.0, 0.0, 0.5, 0.25, 0.08695652173913043, 0.0, 0.0, 0.17346938775510204, 0.0, -1, 0.0, 0.07857142857142857, 0.0, -1, -1, 0.14285714285714285, 0.16666666666666666, 0.3333333333333333, -1, 0.08333333333333333, 0.0), (0.4, 0.0, 0.0, 0.0, 0.0, 0.0, 0.0, 0.0, 0.0, 0.038461538461538464, 0.0, 0.5, -1, 0.13333333333333333, 0.07142857142857142, 0.0, 0.0, -1, 0.11564625850340136, 0.0, 0.0, -1, 0.0, 0.5, 0.11428571428571428, 0.09090909090909091, 0.06896551724137931, 0.4117647058823529, 0.02, 0.23809523809523808, 0.16666666666666666, 1.0, 1.0, 0.0, 0.0, 0.5, 0.125, 0.21739130434782608, 1.0, 0.0, 0.19387755102040816, 0.0, -1, 0.0, 0.12142857142857143, 0.3333333333333333, -1, -1, 0.047619047619047616, 0.3076923076923077, 0.3333333333333333, -1, 0.08333333333333333, 0.0), (0.4, 0.0, 1.0, 0.0, 0.5, 0.0, 0.0, 1.0, 1.0, 0.038461538461538464, 0.1, 0.3125, -1, 0.0, 0.07142857142857142, 0.125, 0.0, -1, 0.11564625850340136, 0.6666666666666666, 0.0, -1, 0.0, 0.0, 0.14285714285714285, 0.045454545454545456, 0.06896551724137931, 0.47058823529411764, 0.04, 0.1746031746031746, 0.3333333333333333, 1.0, 0.75, 0.0, 0.0, 1.0, 0.0625, 0.13043478260869565, 0.0, 0.5, 0.14285714285714285, 0.3333333333333333, -1, 0.0, 0.10714285714285714, 0.0, -1, -1, 0.0, 0.23076923076923078, 0.0, -1, 0.0, 0.0), (0.2, 0.0, 0.0, 0.0, 0.25, 0.0, 0.0, 0.0, 0.0, 0.23076923076923078, 0.2, 0.625, -1, 0.0, 0.21428571428571427, 0.25, 1.0, -1, 0.10204081632653061, 0.0, 0.0, -1, 0.0, 0.0, 0.14285714285714285, 0.0, 0.06896551724137931, 0.3235294117647059, 0.1, 0.15873015873015872, 0.16666666666666666, 1.0, 0.25, 0.0, 0.0, 1.0, 0.0625, 0.08695652173913043, 1.0, 0.4, 0.1326530612244898, 0.5, -1, 0.3333333333333333, 0.15, 0.6666666666666666, -1, 1.0, 0.09523809523809523, 0.08333333333333333, 0.0, -1, 0.18181818181818182, 1.0), (0.4, 0.0, 1.0, 0.2, 0.25, 0.0, 0.0, 1.0, 1.0, 0.15384615384615385, 0.3, 0.625, -1, 0.0, 0.07142857142857142, 0.0625, 0.0, -1, 0.11564625850340136, 0.6666666666666666, 0.0, -1, 0.0, 0.0, 0.05714285714285714, 0.0, 0.10344827586206896, 0.35294117647058826, 0.0, 0.12698412698412698, 0.0, 0.0, 0.5, 0.0, 0.0, 0.5, 0.0625, 0.08695652173913043, 1.0, 0.2, 0.12244897959183673, 0.0, -1, 0.0, 0.1357142857142857, 1.0, -1, -1, 0.047619047619047616, 0.08333333333333333, 0.0, -1, 0.09090909090909091, 0.0), (0.4, 0.0, -1, 0.2, 0.25, 0.0, 0.0, 0.0, 1.0, 0.07692307692307693, 0.1, 0.6875, -1, 0.1875, 0.0, 0.1875, 0.0, -1, 0.1292517006802721, 0.0, 0.0, -1, 0.0, 0.0, 0.11428571428571428, 0.0, 0.034482758620689655, 0.38235294117647056, 0.02, 0.15873015873015872, 0.16666666666666666, 1.0, 0.5, 0.0, 0.0, 1.0, 0.0, 0.17391304347826086, 1.0, 0.2, 0.15306122448979592, 0.0, -1, 0.3333333333333333, 0.18571428571428572, 1.0, -1, 0.0, 0.23809523809523808, 0.08333333333333333, 0.0, -1, 0.0, 0.0), (0.0, 0.0, -1, 0.0, 0.25, 0.0, 0.0, 0.0, 0.0, 0.15384615384615385, 0.1, 0.5625, -1, 0.125, 0.14285714285714285, 0.1875, 0.0, -1, 0.11564625850340136, 0.3333333333333333, 0.0, -1, 0.0, 0.0, 0.08571428571428572, 0.09090909090909091, 0.0, 0.35294117647058826, 0.02, 0.14285714285714285, 0.16666666666666666, 0.0, 0.8, 0.0, 0.0, 1.0, 0.17647058823529413, 0.21739130434782608, 0.5, 0.2, 0.11224489795918367, 0.0, -1, 0.0, 0.17142857142857143, 0.3333333333333333, -1, 0.0, 0.14285714285714285, 0.16666666666666666, 0.3333333333333333, -1, 0.18181818181818182, 0.0), (0.0, 0.0, -1, 0.0, 0.25, 0.0, 0.0, 1.0, 0.0, 0.11538461538461539, 0.0, 0.8125, -1, 0.0625, 0.07142857142857142, 0.1875, 0.0, -1, 0.1292517006802721, 0.0, 0.0, -1, 0.0, 0.0, 0.08571428571428572, 0.047619047619047616, 0.06896551724137931, 0.4117647058823529, 0.04, 0.12698412698412698, 0.16666666666666666, 0.0, 0.2, 0.0, 0.125, 0.5, 0.058823529411764705, 0.08333333333333333, 0.5, 0.2, 0.1326530612244898, 0.0, -1, 0.0, 0.17142857142857143, 0.3333333333333333, -1, -1, 0.14285714285714285, 0.08333333333333333, 0.0, -1, 0.18181818181818182, 1.0), (0.5, 0.0, -1, 0.0, 0.25, 0.5, 0.0, 0.0, 0.0, 0.07692307692307693, 0.1, 0.6875, -1, 0.0625, 0.21428571428571427, 0.1875, 0.0, -1, 0.11564625850340136, 0.3333333333333333, 1.0, -1, 0.0, 0.0, 0.02857142857142857, 0.0, 0.034482758620689655, 0.5, 0.04, 0.20634920634920634, 0.0, 1.0, 0.2, 0.0, 0.0, 1.0, 0.058823529411764705, 0.125, 0.5, 0.4, 0.09090909090909091, 0.0, -1, 0.0, 0.12142857142857143, 0.6666666666666666, -1, -1, 0.09523809523809523, 0.0, 0.0, -1, 0.09090909090909091, 0.0), (0.75, 1.0, -1, 0.0, 0.75, 0.0, 0.0, 0.0, 0.0, 0.11538461538461539, 0.1, 0.625, -1, 0.0625, 0.07142857142857142, 0.3125, 0.0, -1, 0.08843537414965986, 1.0, 1.0, -1, 0.0, 0.0, 0.11428571428571428, 0.047619047619047616, 0.13793103448275862, 0.4117647058823529, 0.0, 0.15873015873015872, 0.0, 0.0, 0.4, 0.0, 0.0, 1.0, 0.0, 0.12, 0.5, 0.2, 0.18181818181818182, 0.0, -1, 0.5, 0.14388489208633093, 0.3333333333333333, -1, -1, 0.19047619047619047, 0.16666666666666666, 0.0, -1, 0.18181818181818182, 0.0), (0.5, 1.0, -1, 0.2, 0.75, 0.0, 0.0, 1.0, 0.0, 0.038461538461538464, 0.0, 0.5, -1, 0.0625, 0.21428571428571427, 0.3125, 1.0, -1, 0.1292517006802721, 0.0, 1.0, -1, 0.0, 0.0, 0.14285714285714285, 0.0, 0.034482758620689655, 0.47058823529411764, 0.02, 0.14285714285714285, 0.3333333333333333, 1.0, 0.8, 0.3333333333333333, 0.0, 0.5, 0.0, 0.2, 0.5, 0.4, 0.18181818181818182, 1.0, -1, 0.0, 0.12949640287769784, 0.3333333333333333, -1, -1, 0.047619047619047616, 0.0, 0.0, -1, 0.09090909090909091, 0.0), (0.0, 1.0, -1, 0.0, 0.3333333333333333, 0.0, 0.0, 0.0, 0.0, 0.07692307692307693, 0.1, 0.5625, -1, 0.125, 0.14285714285714285, 0.125, 1.0, -1, 0.12244897959183673, 0.3333333333333333, 0.0, -1, 0.0, 0.0, 0.14285714285714285, 0.047619047619047616, 0.034482758620689655, 0.38235294117647056, 0.0, 0.12903225806451613, 0.0, 0.0, 0.4, 0.0, 0.0, 0.5, 0.17647058823529413, 0.2, 0.0, 0.2, 0.1111111111111111, 0.0, -1, 0.0, 0.17266187050359713, 0.6666666666666666, 0.0, -1, 0.14285714285714285, 0.08333333333333333, 0.0, -1, 0.2727272727272727, 0.0), (0.25, 1.0, 0.0, 0.0, 0.0, 0.0, 1.0, 0.0, 1.0, 0.11538461538461539, 0.0, 0.625, -1, 0.0, 0.14285714285714285, 0.125, 1.0, -1, 0.1564625850340136, 0.3333333333333333, 0.0, -1, 0.0, 0.0, 0.08571428571428572, 0.047619047619047616, 0.10344827586206896, 0.35294117647058826, 0.0, 0.24193548387096775, 0.16666666666666666, 0.0, 0.6, 0.3333333333333333, 0.0, 1.0, 0.0, 0.16, 0.5, 0.2, 0.12121212121212122, 0.0, -1, 0.0, 0.14388489208633093, 0.6666666666666666, -1, -1, 0.19047619047619047, 0.08333333333333333, 0.0, -1, 0.18181818181818182, 0.0), (0.5, 0.0, 0.0, 0.0, 0.0, 0.0, 0.5, 1.0, -1, 0.07692307692307693, 0.0, 0.6875, -1, 0.0625, 0.07142857142857142, 0.1875, 1.0, -1, 0.1095890410958904, 0.6666666666666666, 0.0, 0.0, 0.0, 0.0, 0.17142857142857143, 0.047619047619047616, 0.0, 0.3235294117647059, 0.0, 0.08064516129032258, 0.16666666666666666, 1.0, 0.4, 0.3333333333333333, 0.0, 1.0, 0.058823529411764705, 0.125, 0.5, 0.6, 0.18181818181818182, 1.0, -1, 0.0, 0.15827338129496402, 0.3333333333333333, -1, -1, 0.09523809523809523, 0.0, 0.0, -1, 0.18181818181818182, 0.0), (0.25, 1.0, 0.5, 0.0, 0.0, 0.0, 0.0, 1.0, -1, 0.11538461538461539, 0.3, 0.625, -1, 0.0, 0.0, 0.375, 0.0, -1, 0.1232876712328767, 0.3333333333333333, 1.0, -1, 0.0, 0.0, 0.14285714285714285, 0.047619047619047616, 0.034482758620689655, 0.35294117647058826, 0.02, 0.11290322580645161, 0.16666666666666666, 1.0, 0.6, 0.0, 0.1111111111111111, 1.0, 0.0, 0.041666666666666664, 0.5, 0.3333333333333333, 0.15151515151515152, 0.0, -1, 0.0, 0.14388489208633093, 1.0, -1, -1, 0.047619047619047616, 0.08333333333333333, 0.3333333333333333, -1, 0.2727272727272727, 0.0), (0.75, 0.0, 0.5, 0.0, 0.6666666666666666, 0.0, 0.0, 1.0, -1, 0.11538461538461539, 0.1, 0.5, -1, 0.0625, 0.07142857142857142, 0.1875, 1.0, -1, 0.0684931506849315, 0.6666666666666666, 1.0, -1, 0.0, 0.0, 0.2, 0.09090909090909091, 0.034482758620689655, 0.47058823529411764, 0.04081632653061224, 0.1774193548387097, 0.3333333333333333, 0.0, 0.4, 0.0, 0.0, 0.5, 0.16666666666666666, 0.08333333333333333, 0.5, 0.6, 0.10101010101010101, 0.0, -1, 0.0, 0.1223021582733813, 0.3333333333333333, -1, -1, 0.19047619047619047, 0.25, 0.0, -1, 0.18181818181818182, 1.0), (0.25, 0.0, 0.5, 0.2, 0.5, 0.0, 0.0, 1.0, -1, 0.2692307692307692, 0.1, 0.4375, -1, 0.0, 0.21428571428571427, 0.29411764705882354, 1.0, -1, 0.10273972602739725, 0.3333333333333333, 1.0, -1, -1, 0.0, 0.02857142857142857, 0.045454545454545456, 0.06896551724137931, 0.4411764705882353, 0.0, 0.11290322580645161, 0.0, 0.0, 0.6, 0.0, 0.0, 0.0, 0.0, 0.0, 0.0, 0.2, 0.15151515151515152, 0.0, -1, 0.0, 0.17266187050359713, 1.0, -1, -1, 0.09523809523809523, 0.3333333333333333, 0.0, -1, 0.18181818181818182, 0.5), (0.25, 1.0, 0.5, 0.4, 0.5, 0.0, 0.0, 1.0, -1, 0.11538461538461539, 0.2, 0.625, -1, 0.0625, 0.2, 0.17647058823529413, 1.0, -1, 0.136986301369863, 0.3333333333333333, 0.0, -1, -1, 0.0, 0.17142857142857143, 0.045454545454545456, 0.06896551724137931, 0.35294117647058826, 0.0, 0.16129032258064516, 0.3333333333333333, 1.0, 0.2, 0.0, 0.0, 1.0, 0.11764705882352941, 0.09523809523809523, 0.5, 0.0, 0.20202020202020202, 0.0, -1, 0.0, 0.17857142857142858, 0.5, -1, -1, 0.19047619047619047, 0.3333333333333333, 0.0, -1, 0.09090909090909091, 0.5), (0.25, -1, 0.5, 0.0, 0.0, 0.0, 0.0, 1.0, -1, 0.07692307692307693, 0.0, 0.5333333333333333, -1, 0.0625, 0.2, 0.23529411764705882, 0.0, -1, 0.15753424657534246, 0.0, 0.0, -1, -1, 1.0, 0.11428571428571428, 0.0, 0.034482758620689655, 0.3235294117647059, 0.08163265306122448, 0.22580645161290322, 0.0, 0.5, 0.4, 0.3333333333333333, 0.0, 1.0, 0.1111111111111111, 0.0, 0.5, 0.0, 0.13131313131313133, 0.0, -1, 0.0, 0.14285714285714285, 0.0, -1, 1.0, 0.09523809523809523, 0.25, 0.0, -1, 0.0, 0.5), (0.5, -1, 0.5, 0.0, 0.25, 0.0, 0.0, 1.0, -1, 0.23076923076923078, 0.1, 0.5, -1, 0.0, 0.13333333333333333, 0.29411764705882354, 0.0, -1, 0.13013698630136986, 0.0, 1.0, -1, -1, 0.5, 0.14705882352941177, 0.09090909090909091, 0.034482758620689655, 0.47058823529411764, 0.0, 0.15873015873015872, 0.14285714285714285, 1.0, 0.4, 0.0, 0.1111111111111111, 0.5, 0.125, 0.09523809523809523, 0.5, 0.2, 0.1919191919191919, -1, -1, 0.0, 0.17142857142857143, 0.3333333333333333, -1, -1, 0.09523809523809523, 0.25, 0.0, -1, 0.09090909090909091, 0.0), (0.25, -1, 0.5, 0.0, 0.5, 0.0, 0.0, 0.0, -1, 0.23076923076923078, 0.0, 0.375, -1, 0.125, 0.26666666666666666, 0.17647058823529413, 0.0, -1, 0.15753424657534246, 0.5, 0.0, -1, -1, 0.0, 0.08823529411764706, 0.0, 0.0, 0.29411764705882354, 0.02040816326530612, 0.2222222222222222, 0.16666666666666666, 0.0, 0.4, 0.0, 0.0, 0.5, 0.0625, 0.13636363636363635, 0.5, 0.4, 0.18181818181818182, -1, -1, 0.0, 0.15714285714285714, 0.6666666666666666, -1, -1, 0.09523809523809523, 0.25, 0.3333333333333333, -1, 0.18181818181818182, 0.0), (0.0, -1, 0.0, 0.0, 0.25, 0.0, 0.0, 1.0, -1, 0.07692307692307693, 0.1, 0.8125, -1, 0.0625, 0.06666666666666667, 0.29411764705882354, 0.0, -1, 0.11564625850340136, 0.5, 0.5, -1, -1, 0.0, 0.17142857142857143, 0.045454545454545456, 0.13793103448275862, 0.4117647058823529, 0.0, 0.14285714285714285, 0.16666666666666666, 0.5, 0.4, 0.0, 0.1111111111111111, 1.0, 0.0, 0.045454545454545456, 0.0, 0.4, 0.18181818181818182, -1, -1, 0.0, 0.15714285714285714, 0.0, -1, -1, 0.047619047619047616, 0.08333333333333333, 0.0, -1, 0.2727272727272727, 0.0), (0.25, -1, -1, 0.16666666666666666, 0.5, 0.0, 0.0, 1.0, -1, 0.19230769230769232, 0.0, 0.5, -1, 0.0, 0.26666666666666666, 0.23529411764705882, 1.0, -1, 0.17006802721088435, 0.0, 1.0, -1, -1, 0.0, 0.22857142857142856, 0.13636363636363635, 0.10344827586206896, 0.5294117647058824, 0.02040816326530612, 0.19047619047619047, 0.0, 0.0, 0.6, 0.3333333333333333, 0.1111111111111111, 1.0, 0.125, 0.045454545454545456, 0.0, 0.2, 0.16161616161616163, -1, -1, 0.0, 0.18571428571428572, 0.3333333333333333, -1, -1, 0.14285714285714285, 0.16666666666666666, 0.0, -1, 0.0, 0.5), (0.25, -1, 0.0, 0.0, 0.5, 0.0, 0.0, 1.0, -1, 0.11538461538461539, 0.1, 0.6875, -1, 0.0625, 0.2, 0.4117647058823529, -1, -1, 0.17006802721088435, 0.0, 0.0, -1, -1, 0.0, 0.08571428571428572, 0.045454545454545456, 0.13793103448275862, 0.4411764705882353, 0.061224489795918366, 0.1111111111111111, 0.5, 0.5, 0.8, 0.0, 0.1111111111111111, 0.5, 0.13333333333333333, 0.0, 0.0, 0.6, 0.20202020202020202, -1, -1, 0.0, 0.17857142857142858, 0.3333333333333333, -1, -1, 0.09523809523809523, 0.25, 0.0, 0.0, 0.25, 0.0), (0.5, -1, 0.0, 0.0, 0.0, 0.0, 0.0, 1.0, -1, 0.19230769230769232, 0.1, 0.6875, 0.0, 0.1875, 0.4, 0.17647058823529413, -1, -1, 0.14285714285714285, 0.5, 0.0, -1, -1, 0.0, 0.08571428571428572, 0.0, 0.034482758620689655, 0.47058823529411764, 0.04081632653061224, 0.14285714285714285, 0.16666666666666666, 0.5, 0.6, 0.0, 0.0, 1.0, 0.13333333333333333, 0.09090909090909091, 0.0, 0.4, 0.18181818181818182, -1, -1, 0.0, 0.15714285714285714, 0.0, -1, -1, 0.23809523809523808, 0.08333333333333333, 0.0, 0.0, 0.08333333333333333, 0.0), (0.5, -1, 0.0, 0.0, 0.25, 0.0, 0.0, 0.0, 1.0, 0.11538461538461539, 0.1, 0.5625, 0.0, 0.0625, 0.26666666666666666, 0.17647058823529413, -1, -1, 0.12244897959183673, 0.0, 0.0, -1, -1, 0.0, 0.14285714285714285, 0.0, 0.10344827586206896, 0.5294117647058824, 0.02040816326530612, 0.2222222222222222, 0.16666666666666666, 0.5, 0.4, 0.0, 0.0, 1.0, 0.0, 0.0, 0.0, 0.0, 0.08080808080808081, -1, -1, 0.0, 0.17142857142857143, 0.3333333333333333, -1, -1, 0.1, 0.08333333333333333, 0.0, -1, 0.08333333333333333, 0.0), (0.25, -1, 0.0, 0.0, 0.25, 0.0, 0.0, 1.0, 1.0, 0.0, 0.2, 0.5625, 1.0, 0.1875, 0.0, 0.17647058823529413, -1, -1, 0.08843537414965986, 0.0, 0.5, -1, -1, 0.0, 0.2, 0.09090909090909091, 0.06896551724137931, 0.38235294117647056, 0.02040816326530612, 0.1111111111111111, 0.16666666666666666, 0.0, 0.6, 0.3333333333333333, 0.0, 1.0, 0.06666666666666667, 0.09090909090909091, 0.0, 0.4, 0.1111111111111111, -1, -1, 0.0, 0.2, 0.3333333333333333, -1, -1, 0.2, 0.25, 0.0, -1, 0.08333333333333333, 0.0), (0.5, -1, 0.0, 0.0, 0.0, 0.0, 0.0, 0.0, 0.0, 0.19230769230769232, 0.2, 0.625, 0.0, 0.0, 0.2, 0.23529411764705882, -1, -1, 0.1360544217687075, 0.5, 0.5, -1, -1, 0.0, 0.08571428571428572, 0.045454545454545456, 0.13793103448275862, 0.5, 0.04081632653061224, 0.14285714285714285, 0.16666666666666666, 0.0, 1.0, 0.0, 0.0, 0.5, 0.2, 0.0, 0.5, 0.0, 0.1414141414141414, -1, -1, 0.0, 0.15714285714285714, 0.3333333333333333, -1, -1, 0.2, 0.16666666666666666, 0.0, -1, 0.0, 0.5), (0.25, -1, -1, 0.0, 0.0, 0.0, 1.0, 0.0, 0.0, 0.07692307692307693, 0.1, 0.5625, 0.0, 0.125, 0.3333333333333333, 0.29411764705882354, -1, -1, 0.14965986394557823, 0.5, 0.0, -1, -1, 0.0, 0.11428571428571428, 0.0, 0.10344827586206896, 0.38235294117647056, 0.04081632653061224, 0.19047619047619047, 0.0, 1.0, 0.5, 0.3333333333333333, 0.0, 1.0, 0.0, 0.18181818181818182, 0.5, 0.0, 0.12121212121212122, -1, 1.0, 0.0, 0.12142857142857143, 0.3333333333333333, -1, -1, 0.2, 0.25, 0.0, -1, 0.16666666666666666, 0.0), (0.0, -1, -1, 0.0, 0.5, 0.0, 0.0, 1.0, 0.0, 0.11538461538461539, 0.0, 0.625, 0.0, 0.0625, 0.07142857142857142, 0.35294117647058826, -1, -1, 0.10204081632653061, 0.0, 0.0, -1, -1, 0.0, 0.17142857142857143, 0.0, 0.06896551724137931, 0.35294117647058826, 0.02040816326530612, 0.14285714285714285, 0.16666666666666666, 1.0, 0.25, 0.0, 0.0, 1.0, 0.0625, 0.047619047619047616, 0.0, 0.2857142857142857, 0.21212121212121213, -1, 1.0, 0.0, 0.14285714285714285, 0.3333333333333333, -1, -1, 0.25, 0.25, 0.0, -1, 0.25, 0.5), (0.75, -1, -1, 0.0, 0.5, 0.0, 0.0, 0.0, 0.0, 0.11538461538461539, 0.1, 0.5, -1, 0.0625, 0.07142857142857142, 0.11764705882352941, -1, -1, 0.1564625850340136, 0.0, 0.5, -1, -1, 0.0, 0.08571428571428572, 0.045454545454545456, 0.034482758620689655, 0.35294117647058826, 0.0, 0.1111111111111111, 0.16666666666666666, 1.0, 0.5, 0.3333333333333333, 0.0, 1.0, 0.0625, 0.045454545454545456, 0.5, 0.14285714285714285, 0.15151515151515152, -1, -1, 0.0, 0.17142857142857143, 0.0, -1, -1, 0.05, 0.0, 0.0, -1, 0.08333333333333333, 0.0), (0.75, -1, -1, 0.0, 0.25, 0.0, 0.0, 0.0, 0.0, 0.07692307692307693, 0.09090909090909091, 0.375, -1, 0.0625, 0.35714285714285715, 0.35294117647058826, -1, -1, 0.17006802721088435, 0.5, 0.0, -1, -1, 0.0, 0.05714285714285714, 0.0, 0.10344827586206896, 0.5, 0.04, 0.09523809523809523, 0.16666666666666666, 1.0, 0.5, 0.0, 0.0, 1.0, 0.0, 0.045454545454545456, 0.5, 0.0, 0.12244897959183673, -1, -1, 0.0, 0.12142857142857143, 0.0, -1, -1, 0.15, 0.16666666666666666, 0.0, -1, 0.0, 0.0), (0.75, -1, -1, 0.0, 0.25, 0.0, 0.0, -1, 0.0, 0.038461538461538464, 0.0, 0.5, -1, 0.0625, 0.0, 0.23529411764705882, -1, -1, 0.08843537414965986, 0.0, 0.0, -1, -1, 0.0, 0.11428571428571428, 0.045454545454545456, 0.06896551724137931, 0.5, 0.08, 0.15873015873015872, 0.16666666666666666, 1.0, 0.75, 0.3333333333333333, 0.0, 0.5, 0.0625, 0.19047619047619047, 0.5, 0.2857142857142857, 0.14285714285714285, 0.0, -1, 0.0, 0.15714285714285714, 0.3333333333333333, -1, -1, 0.19047619047619047, 0.16666666666666666, 0.0, -1, 0.16666666666666666, 0.0)]
 - Error break down:
