Reading model parameters from ../models/chkpnt_012/translate.ckpt-35200
Started evaluating model on test data.
Started thread 0 with 1250 records.
Started thread 1 with 1250 records.
Started thread 2 with 1250 records.
Started thread 3 with 1250 records.
Started thread 4 with 1250 records.
Started thread 5 with 1250 records.
Started thread 6 with 1250 records.
Started thread 7 with 1250 records.
Started thread 8 with 1250 records.
Started thread 9 with 1250 records.
Started thread 10 with 1250 records.
Started thread 11 with 1250 records.
Started thread 12 with 1250 records.
Started thread 13 with 1250 records.
Started thread 14 with 1250 records.
Started thread 15 with 1250 records.
Started thread 16 with 1250 records.
Started thread 17 with 1250 records.
Started thread 18 with 1250 records.
Started thread 19 with 1250 records.
Started thread 20 with 1250 records.
Started thread 21 with 1250 records.
Started thread 22 with 1250 records.
Started thread 23 with 1250 records.
Started thread 24 with 1250 records.
Started thread 25 with 1250 records.
Started thread 26 with 1250 records.
Started thread 27 with 1250 records.
Started thread 28 with 1250 records.
Started thread 29 with 1250 records.
Started thread 30 with 1250 records.
Started thread 31 with 1250 records.
Started thread 32 with 1250 records.
Started thread 33 with 1250 records.
Started thread 34 with 1250 records.
Started thread 35 with 1250 records.
Started thread 36 with 1250 records.
Started thread 37 with 1250 records.
Started thread 38 with 1250 records.
Started thread 39 with 1250 records.
Evaluator 6 processed 1000 recs.
Evaluator 37 processed 1000 recs.
Evaluator 7 processed 1000 recs.
Evaluator 22 processed 1000 recs.
Evaluator 10 processed 1000 recs.
Evaluator 39 processed 1000 recs.
Evaluator 12 processed 1000 recs.
Evaluator 4 processed 1000 recs.
Evaluator 14 processed 1000 recs.
Evaluator 21 processed 1000 recs.
Evaluator 26 processed 1000 recs.
Evaluator 35 processed 1000 recs.
Evaluator 20 processed 1000 recs.
Evaluator 34 processed 1000 recs.
Evaluator 29 processed 1000 recs.
Evaluator 0 processed 1000 recs.
Evaluator 31 processed 1000 recs.
Evaluator 23 processed 1000 recs.
Evaluator 36 processed 1000 recs.
Evaluator 2 processed 1000 recs.
Evaluator 8 processed 1000 recs.
Evaluator 32 processed 1000 recs.
Evaluator 9 processed 1000 recs.
Evaluator 13 processed 1000 recs.
Evaluator 28 processed 1000 recs.
Evaluator 1 processed 1000 recs.
Evaluator 33 processed 1000 recs.
Evaluator 3 processed 1000 recs.
Evaluator 18 processed 1000 recs.
Evaluator 24 processed 1000 recs.
Evaluator 19 processed 1000 recs.
Evaluator 11 processed 1000 recs.
Evaluator 38 processed 1000 recs.
Evaluator 15 processed 1000 recs.
Evaluator 25 processed 1000 recs.
Evaluator 16 processed 1000 recs.
Evaluator 5 processed 1000 recs.
Evaluator 27 processed 1000 recs.
Evaluator: 6 finished. Result: 1083.0 correct out of 1250
Evaluator 30 processed 1000 recs.
Evaluator 17 processed 1000 recs.
Evaluator: 37 finished. Result: 1082.0 correct out of 1250
Evaluator: 7 finished. Result: 1069.0 correct out of 1250
Evaluator: 22 finished. Result: 1085.0 correct out of 1250
Evaluator: 12 finished. Result: 1078.0 correct out of 1250
Evaluator: 10 finished. Result: 1080.0 correct out of 1250
Evaluator: 39 finished. Result: 1099.0 correct out of 1250
Evaluator: 20 finished. Result: 1077.0 correct out of 1250
Evaluator: 4 finished. Result: 1064.0 correct out of 1250
Evaluator: 26 finished. Result: 1055.0 correct out of 1250
Evaluator: 14 finished. Result: 1080.0 correct out of 1250
Evaluator: 29 finished. Result: 1071.0 correct out of 1250
Evaluator: 0 finished. Result: 1084.0 correct out of 1250
Evaluator: 21 finished. Result: 1075.0 correct out of 1250
Evaluator: 34 finished. Result: 1069.0 correct out of 1250
Evaluator: 31 finished. Result: 1066.0 correct out of 1250
Evaluator: 23 finished. Result: 1100.0 correct out of 1250
Evaluator: 35 finished. Result: 1067.0 correct out of 1250
Evaluator: 36 finished. Result: 1089.0 correct out of 1250
Evaluator: 8 finished. Result: 1082.0 correct out of 1250
Evaluator: 32 finished. Result: 1076.0 correct out of 1250
Evaluator: 9 finished. Result: 1075.0 correct out of 1250
Evaluator: 13 finished. Result: 1075.0 correct out of 1250
Evaluator: 2 finished. Result: 1087.0 correct out of 1250
Evaluator: 28 finished. Result: 1063.0 correct out of 1250
Evaluator: 3 finished. Result: 1073.0 correct out of 1250
Evaluator: 1 finished. Result: 1109.0 correct out of 1250
Evaluator: 24 finished. Result: 1087.0 correct out of 1250
Evaluator: 19 finished. Result: 1099.0 correct out of 1250
Evaluator: 38 finished. Result: 1105.0 correct out of 1250
Evaluator: 33 finished. Result: 1066.0 correct out of 1250
Evaluator: 18 finished. Result: 1063.0 correct out of 1250
Evaluator: 11 finished. Result: 1071.0 correct out of 1250
Evaluator: 25 finished. Result: 1075.0 correct out of 1250
Evaluator: 15 finished. Result: 1095.0 correct out of 1250
Evaluator: 5 finished. Result: 1077.0 correct out of 1250
Evaluator: 27 finished. Result: 1093.0 correct out of 1250
Evaluator: 30 finished. Result: 1089.0 correct out of 1250
Evaluator: 16 finished. Result: 1088.0 correct out of 1250
Evaluator: 17 finished. Result: 1095.0 correct out of 1250
RESULT REPORT:\N - Result matrix: 
[[ 1084.  1250.]
 [ 1109.  1250.]
 [ 1087.  1250.]
 [ 1073.  1250.]
 [ 1064.  1250.]
 [ 1077.  1250.]
 [ 1083.  1250.]
 [ 1069.  1250.]
 [ 1082.  1250.]
 [ 1075.  1250.]
 [ 1080.  1250.]
 [ 1071.  1250.]
 [ 1078.  1250.]
 [ 1075.  1250.]
 [ 1080.  1250.]
 [ 1095.  1250.]
 [ 1088.  1250.]
 [ 1095.  1250.]
 [ 1063.  1250.]
 [ 1099.  1250.]
 [ 1077.  1250.]
 [ 1075.  1250.]
 [ 1085.  1250.]
 [ 1100.  1250.]
 [ 1087.  1250.]
 [ 1075.  1250.]
 [ 1055.  1250.]
 [ 1093.  1250.]
 [ 1063.  1250.]
 [ 1071.  1250.]
 [ 1089.  1250.]
 [ 1066.  1250.]
 [ 1076.  1250.]
 [ 1066.  1250.]
 [ 1069.  1250.]
 [ 1067.  1250.]
 [ 1089.  1250.]
 [ 1082.  1250.]
 [ 1105.  1250.]
 [ 1099.  1250.]]
 - Sum: [ 43216.  50000.]
 - Correct: 43216.0 out of 50000.0
 - Accuracy: 0.86432
ThdID: 0, ErrCnt: Counter({'39': 43, '22': 11, '47': 10, '48': 10, '40': 9, '41': 9, '59': 9, '57': 9, '19': 8, '50': 7, '58': 6, '61': 5, '52': 5, '56': 4, '60': 3, '62': 3, '53': 3, '69': 2, '46': 2, '54': 2, '55': 2, '66': 1, '67': 1, '76': 1, '73': 1})
ThdID: 0, TotCnt: Counter({'19': 259, '22': 233, '41': 101, '39': 101, '40': 97, '46': 52, '47': 46, '50': 41, '48': 38, '59': 27, '58': 26, '52': 26, '61': 25, '56': 23, '57': 22, '60': 19, '54': 18, '53': 18, '55': 18, '62': 9, '67': 6, '64': 5, '68': 5, '69': 5, '66': 3, '78': 3, '76': 3, '74': 3, '73': 3, '71': 3, '80': 2, '70': 2, '79': 2, '86': 1, '84': 1, '85': 1, '83': 1, '77': 1, '72': 1})
ThdID: 0, sumErrCnt: Counter({'39': 43, '22': 11, '47': 10, '48': 10, '40': 9, '41': 9, '59': 9, '57': 9, '19': 8, '50': 7, '58': 6, '61': 5, '52': 5, '56': 4, '60': 3, '62': 3, '53': 3, '69': 2, '46': 2, '54': 2, '55': 2, '66': 1, '67': 1, '76': 1, '73': 1})
ThdID: 0, sumTotCnt: Counter({'19': 259, '22': 233, '41': 101, '39': 101, '40': 97, '46': 52, '47': 46, '50': 41, '48': 38, '59': 27, '58': 26, '52': 26, '61': 25, '56': 23, '57': 22, '60': 19, '54': 18, '53': 18, '55': 18, '62': 9, '67': 6, '64': 5, '68': 5, '69': 5, '66': 3, '78': 3, '76': 3, '74': 3, '73': 3, '71': 3, '80': 2, '70': 2, '79': 2, '86': 1, '84': 1, '85': 1, '83': 1, '77': 1, '72': 1})
ThdID: 1, ErrCnt: Counter({'39': 31, '19': 12, '47': 9, '41': 9, '56': 9, '60': 8, '52': 8, '50': 7, '22': 6, '40': 6, '61': 5, '48': 5, '46': 4, '58': 4, '53': 4, '59': 3, '55': 3, '62': 2, '66': 2, '54': 2, '67': 1, '69': 1})
ThdID: 1, TotCnt: Counter({'19': 285, '22': 226, '41': 99, '39': 92, '40': 83, '46': 56, '47': 47, '50': 37, '48': 37, '56': 34, '60': 30, '61': 30, '52': 29, '53': 24, '55': 20, '58': 19, '59': 17, '54': 16, '57': 15, '62': 14, '64': 8, '67': 5, '66': 4, '68': 3, '69': 3, '77': 3, '71': 3, '85': 2, '75': 2, '78': 2, '80': 1, '84': 1, '74': 1, '70': 1, '79': 1})
ThdID: 1, sumErrCnt: Counter({'39': 74, '19': 20, '47': 19, '41': 18, '22': 17, '40': 15, '48': 15, '50': 14, '56': 13, '52': 13, '59': 12, '60': 11, '61': 10, '58': 10, '57': 9, '53': 7, '46': 6, '62': 5, '55': 5, '54': 4, '66': 3, '69': 3, '67': 2, '76': 1, '73': 1})
ThdID: 1, sumTotCnt: Counter({'19': 544, '22': 459, '41': 200, '39': 193, '40': 180, '46': 108, '47': 93, '50': 78, '48': 75, '56': 57, '61': 55, '52': 55, '60': 49, '58': 45, '59': 44, '53': 42, '55': 38, '57': 37, '54': 34, '62': 23, '64': 13, '67': 11, '68': 8, '69': 8, '66': 7, '71': 6, '78': 5, '77': 4, '74': 4, '80': 3, '85': 3, '76': 3, '73': 3, '70': 3, '79': 3, '84': 2, '75': 2, '83': 1, '86': 1, '72': 1})
ThdID: 2, ErrCnt: Counter({'39': 34, '19': 13, '48': 11, '41': 11, '47': 10, '40': 9, '22': 7, '57': 7, '50': 7, '61': 6, '46': 6, '52': 6, '53': 6, '58': 6, '56': 5, '60': 5, '54': 5, '59': 3, '62': 2, '55': 2, '73': 2})
ThdID: 2, TotCnt: Counter({'19': 289, '22': 208, '40': 113, '41': 96, '39': 95, '48': 48, '46': 45, '57': 34, '50': 33, '47': 32, '55': 29, '54': 28, '53': 28, '56': 27, '52': 24, '58': 20, '60': 19, '61': 18, '59': 17, '62': 11, '64': 5, '67': 3, '75': 3, '73': 3, '66': 2, '68': 2, '83': 2, '80': 2, '84': 2, '74': 2, '71': 2, '70': 2, '86': 1, '78': 1, '76': 1, '72': 1, '94': 1, '79': 1})
ThdID: 2, sumErrCnt: Counter({'39': 108, '19': 33, '47': 29, '41': 29, '48': 26, '22': 24, '40': 24, '50': 21, '52': 19, '56': 18, '60': 16, '61': 16, '58': 16, '57': 16, '59': 15, '53': 13, '46': 12, '54': 9, '62': 7, '55': 7, '66': 3, '69': 3, '73': 3, '67': 2, '76': 1})
ThdID: 2, sumTotCnt: Counter({'19': 833, '22': 667, '41': 296, '40': 293, '39': 288, '46': 153, '47': 125, '48': 123, '50': 111, '56': 84, '52': 79, '61': 73, '57': 71, '53': 70, '60': 68, '55': 67, '58': 65, '54': 62, '59': 61, '62': 34, '64': 18, '67': 14, '68': 10, '66': 9, '71': 8, '69': 8, '74': 6, '73': 6, '78': 6, '80': 5, '75': 5, '70': 5, '84': 4, '77': 4, '76': 4, '79': 4, '83': 3, '85': 3, '86': 2, '72': 2, '94': 1})
ThdID: 3, ErrCnt: Counter({'39': 50, '19': 17, '40': 16, '47': 9, '52': 9, '41': 8, '48': 7, '58': 7, '56': 7, '53': 6, '60': 5, '62': 5, '59': 5, '54': 5, '57': 5, '50': 5, '22': 4, '61': 2, '46': 2, '69': 1, '76': 1, '55': 1})
ThdID: 3, TotCnt: Counter({'19': 290, '22': 213, '40': 113, '39': 98, '41': 84, '46': 51, '48': 42, '47': 41, '60': 31, '50': 31, '52': 31, '59': 25, '54': 25, '57': 25, '56': 23, '61': 19, '55': 19, '53': 19, '58': 18, '62': 11, '64': 8, '76': 6, '66': 4, '69': 4, '67': 3, '68': 3, '72': 3, '77': 2, '79': 2, '83': 1, '85': 1, '78': 1, '75': 1, '73': 1, '70': 1})
ThdID: 3, sumErrCnt: Counter({'39': 158, '19': 50, '40': 40, '47': 38, '41': 37, '48': 33, '22': 28, '52': 28, '50': 26, '56': 25, '58': 23, '60': 21, '57': 21, '59': 20, '53': 19, '61': 18, '46': 14, '54': 14, '62': 12, '55': 8, '69': 4, '66': 3, '73': 3, '67': 2, '76': 2})
ThdID: 3, sumTotCnt: Counter({'19': 1123, '22': 880, '40': 406, '39': 386, '41': 380, '46': 204, '47': 166, '48': 165, '50': 142, '52': 110, '56': 107, '60': 99, '57': 96, '61': 92, '53': 89, '54': 87, '59': 86, '55': 86, '58': 83, '62': 45, '64': 26, '67': 17, '66': 13, '68': 13, '69': 12, '76': 10, '71': 8, '73': 7, '78': 7, '77': 6, '75': 6, '74': 6, '70': 6, '79': 6, '80': 5, '72': 5, '83': 4, '84': 4, '85': 4, '86': 2, '94': 1})
ThdID: 4, ErrCnt: Counter({'39': 52, '47': 15, '41': 14, '40': 10, '22': 9, '50': 9, '48': 8, '53': 8, '59': 7, '54': 7, '58': 6, '56': 6, '57': 6, '19': 5, '46': 5, '60': 4, '61': 4, '62': 3, '69': 3, '52': 3, '55': 2})
ThdID: 4, TotCnt: Counter({'19': 259, '22': 254, '39': 110, '40': 91, '41': 78, '46': 53, '47': 44, '50': 44, '48': 38, '59': 30, '54': 29, '53': 27, '57': 25, '58': 20, '55': 20, '52': 20, '61': 18, '56': 18, '60': 17, '62': 13, '70': 6, '66': 4, '68': 4, '69': 4, '72': 4, '71': 4, '64': 2, '67': 2, '75': 2, '84': 1, '85': 1, '82': 1, '83': 1, '77': 1, '76': 1, '74': 1, '73': 1, '79': 1, '88': 1})
ThdID: 4, sumErrCnt: Counter({'39': 210, '19': 55, '47': 53, '41': 51, '40': 50, '48': 41, '22': 37, '50': 35, '56': 31, '52': 31, '58': 29, '59': 27, '57': 27, '53': 27, '60': 25, '61': 22, '54': 21, '46': 19, '62': 15, '55': 10, '69': 7, '66': 3, '73': 3, '67': 2, '76': 2})
ThdID: 4, sumTotCnt: Counter({'19': 1382, '22': 1134, '40': 497, '39': 496, '41': 458, '46': 257, '47': 210, '48': 203, '50': 186, '52': 130, '56': 125, '57': 121, '60': 116, '59': 116, '54': 116, '53': 116, '61': 110, '55': 106, '58': 103, '62': 58, '64': 28, '67': 19, '66': 17, '68': 17, '69': 16, '71': 12, '70': 12, '76': 11, '72': 9, '75': 8, '73': 8, '77': 7, '74': 7, '79': 7, '78': 7, '83': 5, '80': 5, '84': 5, '85': 5, '86': 2, '82': 1, '94': 1, '88': 1})
ThdID: 5, ErrCnt: Counter({'39': 54, '41': 15, '19': 12, '22': 10, '50': 10, '40': 9, '47': 8, '48': 7, '46': 6, '54': 6, '57': 5, '56': 5, '61': 4, '59': 4, '60': 3, '58': 3, '66': 2, '69': 2, '76': 2, '53': 2, '55': 2, '62': 1, '52': 1})
ThdID: 5, TotCnt: Counter({'19': 257, '22': 235, '39': 114, '40': 96, '41': 95, '46': 59, '47': 53, '48': 42, '50': 36, '54': 31, '55': 24, '61': 22, '58': 22, '57': 20, '53': 20, '60': 19, '59': 18, '56': 18, '52': 15, '62': 14, '66': 6, '67': 6, '78': 4, '64': 3, '76': 3, '69': 2, '86': 2, '85': 2, '74': 2, '73': 2, '72': 2, '71': 2, '68': 1, '83': 1, '77': 1, '70': 1})
ThdID: 5, sumErrCnt: Counter({'39': 264, '19': 67, '41': 66, '47': 61, '40': 59, '48': 48, '22': 47, '50': 45, '56': 36, '58': 32, '57': 32, '52': 32, '59': 31, '53': 29, '60': 28, '54': 27, '61': 26, '46': 25, '62': 16, '55': 12, '69': 9, '66': 5, '76': 4, '73': 3, '67': 2})
ThdID: 5, sumTotCnt: Counter({'19': 1639, '22': 1369, '39': 610, '40': 593, '41': 553, '46': 316, '47': 263, '48': 245, '50': 222, '54': 147, '52': 145, '56': 143, '57': 141, '53': 136, '60': 135, '59': 134, '61': 132, '55': 130, '58': 125, '62': 72, '64': 31, '67': 25, '66': 23, '68': 18, '69': 18, '76': 14, '71': 14, '70': 13, '72': 11, '78': 11, '73': 10, '74': 9, '77': 8, '75': 8, '85': 7, '79': 7, '83': 6, '80': 5, '84': 5, '86': 4, '82': 1, '94': 1, '88': 1})
ThdID: 6, ErrCnt: Counter({'39': 51, '40': 12, '41': 11, '48': 10, '50': 10, '22': 9, '19': 8, '57': 8, '61': 7, '47': 7, '54': 5, '60': 4, '46': 4, '58': 4, '56': 4, '62': 3, '59': 3, '53': 2, '55': 2, '69': 1, '76': 1, '52': 1})
ThdID: 6, TotCnt: Counter({'22': 262, '19': 250, '39': 110, '40': 92, '41': 89, '46': 51, '48': 47, '47': 42, '50': 41, '55': 28, '61': 27, '57': 25, '56': 23, '60': 22, '54': 22, '53': 22, '59': 19, '58': 15, '62': 12, '52': 8, '64': 7, '66': 6, '67': 6, '73': 4, '70': 4, '68': 2, '84': 2, '69': 2, '79': 2, '83': 1, '80': 1, '82': 1, '76': 1, '75': 1, '71': 1, '78': 1, '88': 1})
ThdID: 6, sumErrCnt: Counter({'39': 315, '41': 77, '19': 75, '40': 71, '47': 68, '48': 58, '22': 56, '50': 55, '57': 40, '56': 40, '58': 36, '59': 34, '61': 33, '52': 33, '60': 32, '54': 32, '53': 31, '46': 29, '62': 19, '55': 14, '69': 10, '66': 5, '76': 5, '73': 3, '67': 2})
ThdID: 6, sumTotCnt: Counter({'19': 1889, '22': 1631, '39': 720, '40': 685, '41': 642, '46': 367, '47': 305, '48': 292, '50': 263, '54': 169, '57': 166, '56': 166, '61': 159, '53': 158, '55': 158, '60': 157, '59': 153, '52': 153, '58': 140, '62': 84, '64': 38, '67': 31, '66': 29, '68': 20, '69': 20, '70': 17, '76': 15, '71': 15, '73': 14, '78': 12, '72': 11, '75': 9, '74': 9, '79': 9, '77': 8, '83': 7, '84': 7, '85': 7, '80': 6, '86': 4, '82': 2, '88': 2, '94': 1})
ThdID: 7, ErrCnt: Counter({'39': 40, '47': 15, '40': 14, '41': 14, '22': 11, '48': 11, '54': 10, '50': 9, '52': 8, '19': 7, '56': 7, '61': 6, '53': 6, '60': 5, '62': 5, '57': 4, '46': 2, '59': 2, '58': 2, '66': 1, '76': 1, '73': 1})
ThdID: 7, TotCnt: Counter({'19': 278, '22': 232, '41': 111, '40': 102, '39': 98, '47': 48, '46': 43, '50': 41, '48': 40, '56': 24, '53': 23, '54': 22, '55': 21, '60': 20, '57': 20, '52': 19, '61': 17, '59': 16, '58': 14, '62': 12, '68': 9, '67': 5, '64': 4, '72': 4, '71': 4, '70': 4, '66': 3, '89': 2, '82': 2, '76': 2, '74': 2, '73': 2, '69': 1, '86': 1, '84': 1, '78': 1, '94': 1, '79': 1})
ThdID: 7, sumErrCnt: Counter({'39': 355, '41': 91, '40': 85, '47': 83, '19': 82, '48': 69, '22': 67, '50': 64, '56': 47, '57': 44, '54': 42, '52': 41, '61': 39, '58': 38, '60': 37, '53': 37, '59': 36, '46': 31, '62': 24, '55': 14, '69': 10, '66': 6, '76': 6, '73': 4, '67': 2})
ThdID: 7, sumTotCnt: Counter({'19': 2167, '22': 1863, '39': 818, '40': 787, '41': 753, '46': 410, '47': 353, '48': 332, '50': 304, '54': 191, '56': 190, '57': 186, '53': 181, '55': 179, '60': 177, '61': 176, '52': 172, '59': 169, '58': 154, '62': 96, '64': 42, '67': 36, '66': 32, '68': 29, '70': 21, '69': 21, '71': 19, '76': 17, '73': 16, '72': 15, '78': 13, '74': 11, '79': 10, '75': 9, '84': 8, '77': 8, '83': 7, '85': 7, '80': 6, '86': 5, '82': 4, '89': 2, '94': 2, '88': 2})
ThdID: 8, ErrCnt: Counter({'39': 45, '48': 16, '19': 14, '40': 14, '54': 10, '41': 9, '50': 8, '57': 7, '53': 7, '47': 6, '59': 5, '22': 5, '61': 5, '56': 3, '60': 3, '46': 3, '52': 3, '62': 2, '58': 2, '66': 1})
ThdID: 8, TotCnt: Counter({'19': 272, '22': 223, '39': 111, '41': 110, '40': 91, '48': 58, '46': 52, '47': 42, '50': 34, '61': 26, '54': 26, '53': 23, '59': 22, '55': 22, '56': 22, '57': 21, '60': 18, '58': 18, '52': 13, '62': 11, '64': 9, '67': 5, '66': 3, '72': 3, '68': 2, '80': 2, '83': 2, '71': 2, '69': 1, '85': 1, '77': 1, '76': 1, '75': 1, '70': 1, '79': 1})
ThdID: 8, sumErrCnt: Counter({'39': 400, '41': 100, '40': 99, '19': 96, '47': 89, '48': 85, '22': 72, '50': 72, '54': 52, '57': 51, '56': 50, '61': 44, '53': 44, '52': 44, '59': 41, '60': 40, '58': 40, '46': 34, '62': 26, '55': 14, '69': 10, '66': 7, '76': 6, '73': 4, '67': 2})
ThdID: 8, sumTotCnt: Counter({'19': 2439, '22': 2086, '39': 929, '40': 878, '41': 863, '46': 462, '47': 395, '48': 390, '50': 338, '54': 217, '56': 212, '57': 207, '53': 204, '61': 202, '55': 201, '60': 195, '59': 191, '52': 185, '58': 172, '62': 107, '64': 51, '67': 41, '66': 35, '68': 31, '70': 22, '69': 22, '71': 21, '76': 18, '72': 18, '73': 16, '78': 13, '74': 11, '79': 11, '75': 10, '83': 9, '77': 9, '80': 8, '84': 8, '85': 8, '86': 5, '82': 4, '89': 2, '94': 2, '88': 2})
ThdID: 9, ErrCnt: Counter({'39': 49, '19': 15, '40': 13, '50': 13, '41': 11, '22': 10, '52': 8, '60': 6, '61': 6, '54': 6, '57': 6, '53': 6, '47': 5, '58': 4, '56': 4, '62': 3, '59': 3, '46': 2, '55': 2, '66': 1, '76': 1, '48': 1})
ThdID: 9, TotCnt: Counter({'19': 263, '22': 239, '39': 108, '40': 103, '41': 89, '46': 46, '47': 43, '50': 42, '60': 34, '56': 30, '57': 27, '61': 26, '48': 24, '55': 24, '53': 24, '54': 22, '52': 21, '59': 19, '58': 18, '62': 15, '67': 4, '71': 4, '64': 3, '66': 3, '76': 3, '75': 3, '72': 3, '77': 2, '68': 1, '69': 1, '80': 1, '85': 1, '74': 1, '70': 1, '92': 1, '79': 1})
ThdID: 9, sumErrCnt: Counter({'39': 449, '40': 112, '41': 111, '19': 111, '47': 94, '48': 86, '50': 85, '22': 82, '54': 58, '57': 57, '56': 54, '52': 52, '61': 50, '53': 50, '60': 46, '59': 44, '58': 44, '46': 36, '62': 29, '55': 16, '69': 10, '66': 8, '76': 7, '73': 4, '67': 2})
ThdID: 9, sumTotCnt: Counter({'19': 2702, '22': 2325, '39': 1037, '40': 981, '41': 952, '46': 508, '47': 438, '48': 414, '50': 380, '56': 242, '54': 239, '57': 234, '60': 229, '61': 228, '53': 228, '55': 225, '59': 210, '52': 206, '58': 190, '62': 122, '64': 54, '67': 45, '66': 38, '68': 32, '71': 25, '70': 23, '69': 23, '76': 21, '72': 21, '73': 16, '75': 13, '78': 13, '74': 12, '79': 12, '77': 11, '83': 9, '80': 9, '85': 9, '84': 8, '86': 5, '82': 4, '89': 2, '94': 2, '88': 2, '92': 1})
ThdID: 10, ErrCnt: Counter({'39': 45, '41': 15, '19': 13, '50': 13, '40': 11, '48': 10, '60': 7, '22': 7, '47': 7, '46': 6, '54': 6, '59': 5, '56': 5, '53': 5, '57': 3, '61': 2, '66': 2, '76': 2, '58': 2, '52': 2, '62': 1, '73': 1})
ThdID: 10, TotCnt: Counter({'19': 270, '22': 226, '40': 104, '39': 104, '41': 77, '46': 50, '48': 48, '50': 41, '47': 38, '54': 34, '60': 25, '53': 25, '52': 24, '59': 23, '56': 23, '57': 22, '58': 20, '55': 20, '61': 18, '62': 11, '64': 8, '66': 7, '67': 7, '68': 5, '71': 4, '76': 3, '74': 2, '73': 2, '78': 2, '83': 1, '84': 1, '85': 1, '82': 1, '75': 1, '72': 1, '79': 1})
ThdID: 10, sumErrCnt: Counter({'39': 494, '41': 126, '19': 124, '40': 123, '47': 101, '50': 98, '48': 96, '22': 89, '54': 64, '57': 60, '56': 59, '53': 55, '52': 54, '60': 53, '61': 52, '59': 49, '58': 46, '46': 42, '62': 30, '55': 16, '66': 10, '69': 10, '76': 9, '73': 5, '67': 2})
ThdID: 10, sumTotCnt: Counter({'19': 2972, '22': 2551, '39': 1141, '40': 1085, '41': 1029, '46': 558, '47': 476, '48': 462, '50': 421, '54': 273, '56': 265, '57': 256, '60': 254, '53': 253, '61': 246, '55': 245, '59': 233, '52': 230, '58': 210, '62': 133, '64': 62, '67': 52, '66': 45, '68': 37, '71': 29, '76': 24, '70': 23, '69': 23, '72': 22, '73': 18, '78': 15, '75': 14, '74': 14, '79': 13, '77': 11, '83': 10, '85': 10, '80': 9, '84': 9, '82': 5, '86': 5, '89': 2, '94': 2, '88': 2, '92': 1})
ThdID: 11, ErrCnt: Counter({'39': 38, '47': 14, '19': 14, '50': 13, '41': 12, '58': 11, '22': 10, '40': 9, '61': 8, '56': 7, '52': 7, '53': 6, '48': 6, '59': 5, '60': 4, '54': 4, '57': 4, '62': 2, '66': 1, '69': 1, '46': 1, '73': 1, '55': 1})
ThdID: 11, TotCnt: Counter({'19': 272, '22': 225, '40': 101, '41': 98, '39': 93, '47': 53, '46': 50, '48': 44, '50': 33, '58': 29, '61': 28, '52': 27, '60': 25, '54': 25, '57': 25, '53': 23, '56': 22, '59': 15, '55': 14, '62': 13, '64': 8, '66': 5, '79': 5, '75': 3, '73': 2, '70': 2, '67': 1, '68': 1, '69': 1, '86': 1, '84': 1, '77': 1, '76': 1, '74': 1, '72': 1, '78': 1})
ThdID: 11, sumErrCnt: Counter({'39': 532, '41': 138, '19': 138, '40': 132, '47': 115, '50': 111, '48': 102, '22': 99, '54': 68, '56': 66, '57': 64, '53': 61, '52': 61, '61': 60, '60': 57, '58': 57, '59': 54, '46': 43, '62': 32, '55': 17, '66': 11, '69': 11, '76': 9, '73': 6, '67': 2})
ThdID: 11, sumTotCnt: Counter({'19': 3244, '22': 2776, '39': 1234, '40': 1186, '41': 1127, '46': 608, '47': 529, '48': 506, '50': 454, '54': 298, '56': 287, '57': 281, '60': 279, '53': 276, '61': 274, '55': 259, '52': 257, '59': 248, '58': 239, '62': 146, '64': 70, '67': 53, '66': 50, '68': 38, '71': 29, '76': 25, '70': 25, '69': 24, '72': 23, '73': 20, '79': 18, '75': 17, '78': 16, '74': 15, '77': 12, '83': 10, '84': 10, '85': 10, '80': 9, '86': 6, '82': 5, '89': 2, '94': 2, '88': 2, '92': 1})
ThdID: 12, ErrCnt: Counter({'39': 43, '41': 14, '19': 13, '40': 13, '50': 12, '22': 11, '48': 10, '47': 10, '61': 5, '54': 5, '56': 5, '46': 5, '53': 5, '52': 5, '59': 4, '60': 3, '62': 3, '57': 2, '55': 2, '66': 1, '69': 1})
ThdID: 12, TotCnt: Counter({'19': 271, '22': 222, '41': 103, '39': 97, '40': 79, '46': 57, '47': 50, '50': 49, '60': 31, '48': 31, '56': 28, '53': 28, '52': 26, '55': 26, '61': 23, '59': 23, '54': 20, '57': 20, '58': 15, '64': 8, '62': 7, '66': 6, '67': 5, '68': 3, '71': 3, '82': 2, '84': 2, '85': 2, '77': 2, '76': 2, '70': 2, '69': 2, '83': 1, '80': 1, '75': 1, '74': 1, '72': 1})
ThdID: 12, sumErrCnt: Counter({'39': 575, '41': 152, '19': 151, '40': 145, '47': 125, '50': 123, '48': 112, '22': 110, '54': 73, '56': 71, '57': 66, '53': 66, '52': 66, '61': 65, '60': 60, '59': 58, '58': 57, '46': 48, '62': 35, '55': 19, '66': 12, '69': 12, '76': 9, '73': 6, '67': 2})
ThdID: 12, sumTotCnt: Counter({'19': 3515, '22': 2998, '39': 1331, '40': 1265, '41': 1230, '46': 665, '47': 579, '48': 537, '50': 503, '54': 318, '56': 315, '60': 310, '53': 304, '57': 301, '61': 297, '55': 285, '52': 283, '59': 271, '58': 254, '62': 153, '64': 78, '67': 58, '66': 56, '68': 41, '71': 32, '76': 27, '70': 27, '69': 26, '72': 24, '73': 20, '75': 18, '79': 18, '74': 16, '78': 16, '77': 14, '84': 12, '85': 12, '83': 11, '80': 10, '82': 7, '86': 6, '89': 2, '94': 2, '88': 2, '92': 1})
ThdID: 13, ErrCnt: Counter({'39': 55, '41': 14, '19': 13, '48': 9, '50': 9, '54': 8, '59': 7, '22': 7, '40': 7, '47': 7, '60': 6, '57': 5, '58': 5, '61': 4, '53': 4, '52': 4, '56': 3, '66': 3, '46': 2, '62': 2, '69': 1})
ThdID: 13, TotCnt: Counter({'19': 278, '22': 228, '39': 124, '40': 95, '41': 92, '47': 47, '48': 42, '50': 39, '46': 37, '60': 31, '58': 29, '61': 24, '59': 22, '54': 21, '52': 21, '56': 20, '53': 20, '55': 15, '57': 15, '62': 14, '66': 7, '64': 6, '67': 5, '80': 3, '74': 3, '84': 2, '85': 2, '73': 2, '82': 1, '69': 1, '86': 1, '78': 1, '72': 1, '71': 1})
ThdID: 13, sumErrCnt: Counter({'39': 630, '41': 166, '19': 164, '40': 152, '47': 132, '50': 132, '48': 121, '22': 117, '54': 81, '56': 74, '57': 71, '53': 70, '52': 70, '61': 69, '60': 66, '59': 65, '58': 62, '46': 50, '62': 37, '55': 19, '66': 15, '69': 13, '76': 9, '73': 6, '67': 2})
ThdID: 13, sumTotCnt: Counter({'19': 3793, '22': 3226, '39': 1455, '40': 1360, '41': 1322, '46': 702, '47': 626, '48': 579, '50': 542, '60': 341, '54': 339, '56': 335, '53': 324, '61': 321, '57': 316, '52': 304, '55': 300, '59': 293, '58': 283, '62': 167, '64': 84, '66': 63, '67': 63, '68': 41, '71': 33, '76': 27, '70': 27, '69': 27, '72': 25, '73': 22, '74': 19, '75': 18, '79': 18, '78': 17, '84': 14, '85': 14, '77': 14, '80': 13, '83': 11, '82': 8, '86': 7, '89': 2, '94': 2, '88': 2, '92': 1})
ThdID: 14, ErrCnt: Counter({'39': 48, '40': 13, '41': 13, '48': 11, '50': 10, '22': 8, '58': 8, '57': 8, '19': 7, '46': 6, '47': 6, '52': 6, '61': 4, '54': 4, '53': 4, '60': 3, '62': 3, '55': 3, '59': 2, '69': 1, '73': 1, '56': 1})
ThdID: 14, TotCnt: Counter({'19': 256, '22': 238, '40': 113, '39': 104, '41': 86, '46': 59, '47': 46, '48': 43, '50': 42, '58': 28, '57': 25, '53': 24, '61': 22, '56': 22, '54': 21, '52': 21, '55': 19, '60': 14, '62': 14, '59': 13, '64': 11, '67': 5, '68': 5, '66': 4, '70': 3, '69': 2, '80': 2, '73': 2, '79': 2, '84': 1, '74': 1, '72': 1, '78': 1})
ThdID: 14, sumErrCnt: Counter({'39': 678, '41': 179, '19': 171, '40': 165, '50': 142, '47': 138, '48': 132, '22': 125, '54': 85, '57': 79, '52': 76, '56': 75, '53': 74, '61': 73, '58': 70, '60': 69, '59': 67, '46': 56, '62': 40, '55': 22, '66': 15, '69': 14, '76': 9, '73': 7, '67': 2})
ThdID: 14, sumTotCnt: Counter({'19': 4049, '22': 3464, '39': 1559, '40': 1473, '41': 1408, '46': 761, '47': 672, '48': 622, '50': 584, '54': 360, '56': 357, '60': 355, '53': 348, '61': 343, '57': 341, '52': 325, '55': 319, '58': 311, '59': 306, '62': 181, '64': 95, '67': 68, '66': 67, '68': 46, '71': 33, '70': 30, '69': 29, '76': 27, '72': 26, '73': 24, '74': 20, '79': 20, '75': 18, '78': 18, '80': 15, '84': 15, '85': 14, '77': 14, '83': 11, '82': 8, '86': 7, '89': 2, '94': 2, '88': 2, '92': 1})
ThdID: 15, ErrCnt: Counter({'39': 33, '40': 15, '48': 12, '41': 12, '47': 11, '57': 10, '19': 9, '50': 9, '22': 8, '52': 6, '58': 6, '59': 4, '53': 4, '54': 4, '61': 3, '46': 3, '56': 2, '67': 1, '55': 1, '66': 1, '76': 1})
ThdID: 15, TotCnt: Counter({'19': 264, '22': 232, '41': 102, '40': 100, '39': 89, '48': 49, '46': 49, '47': 45, '50': 45, '58': 28, '57': 27, '52': 26, '60': 23, '59': 23, '61': 20, '54': 19, '53': 19, '55': 19, '62': 11, '56': 10, '66': 8, '64': 6, '71': 6, '76': 5, '68': 4, '72': 4, '73': 3, '70': 3, '67': 2, '78': 2, '83': 1, '86': 1, '82': 1, '74': 1, '69': 1, '94': 1, '79': 1})
ThdID: 15, sumErrCnt: Counter({'39': 711, '41': 191, '40': 180, '19': 180, '50': 151, '47': 149, '48': 144, '22': 133, '54': 89, '57': 89, '52': 82, '53': 78, '56': 77, '61': 76, '58': 76, '59': 71, '60': 69, '46': 59, '62': 40, '55': 23, '66': 16, '69': 14, '76': 10, '73': 7, '67': 3})
ThdID: 15, sumTotCnt: Counter({'19': 4313, '22': 3696, '39': 1648, '40': 1573, '41': 1510, '46': 810, '47': 717, '48': 671, '50': 629, '54': 379, '60': 378, '57': 368, '56': 367, '53': 367, '61': 363, '52': 351, '58': 339, '55': 338, '59': 329, '62': 192, '64': 101, '66': 75, '67': 70, '68': 50, '71': 39, '70': 33, '76': 32, '72': 30, '69': 30, '73': 27, '74': 21, '79': 21, '78': 20, '75': 18, '80': 15, '84': 15, '85': 14, '77': 14, '83': 12, '82': 9, '86': 8, '94': 3, '89': 2, '88': 2, '92': 1})
ThdID: 16, ErrCnt: Counter({'39': 43, '41': 13, '40': 11, '48': 10, '19': 10, '57': 9, '61': 7, '53': 7, '47': 6, '22': 5, '59': 5, '54': 5, '50': 5, '46': 4, '58': 4, '56': 4, '60': 3, '66': 3, '55': 3, '52': 2, '67': 1, '69': 1, '73': 1})
ThdID: 16, TotCnt: Counter({'19': 262, '22': 245, '41': 120, '39': 104, '40': 93, '48': 45, '46': 44, '47': 34, '50': 31, '57': 26, '55': 26, '61': 25, '56': 25, '52': 24, '60': 23, '54': 22, '53': 20, '59': 14, '58': 13, '64': 12, '67': 9, '66': 8, '62': 5, '68': 3, '76': 2, '73': 2, '72': 2, '70': 2, '69': 2, '88': 1, '83': 1, '86': 1, '77': 1, '74': 1, '92': 1, '79': 1})
ThdID: 16, sumErrCnt: Counter({'39': 754, '41': 204, '40': 191, '19': 190, '50': 156, '47': 155, '48': 154, '22': 138, '57': 98, '54': 94, '53': 85, '52': 84, '61': 83, '56': 81, '58': 80, '59': 76, '60': 72, '46': 63, '62': 40, '55': 26, '66': 19, '69': 15, '76': 10, '73': 8, '67': 4})
ThdID: 16, sumTotCnt: Counter({'19': 4575, '22': 3941, '39': 1752, '40': 1666, '41': 1630, '46': 854, '47': 751, '48': 716, '50': 660, '60': 401, '54': 401, '57': 394, '56': 392, '61': 388, '53': 387, '52': 375, '55': 364, '58': 352, '59': 343, '62': 197, '64': 113, '66': 83, '67': 79, '68': 53, '71': 39, '70': 35, '76': 34, '72': 32, '69': 32, '73': 29, '74': 22, '79': 22, '78': 20, '75': 18, '80': 15, '84': 15, '77': 15, '85': 14, '83': 13, '82': 9, '86': 9, '94': 3, '88': 3, '89': 2, '92': 2})
ThdID: 17, ErrCnt: Counter({'39': 38, '41': 15, '47': 14, '48': 13, '19': 12, '22': 9, '40': 8, '50': 7, '61': 5, '52': 5, '59': 4, '60': 4, '58': 4, '57': 3, '56': 3, '53': 3, '55': 2, '46': 2, '54': 2, '66': 1, '69': 1})
ThdID: 17, TotCnt: Counter({'19': 279, '22': 237, '40': 97, '39': 97, '41': 89, '46': 52, '47': 49, '48': 44, '50': 41, '60': 30, '52': 27, '53': 24, '58': 21, '61': 20, '55': 20, '59': 19, '57': 19, '54': 16, '56': 16, '62': 9, '66': 8, '72': 6, '68': 5, '67': 4, '64': 3, '78': 3, '70': 3, '69': 2, '77': 2, '74': 2, '73': 2, '86': 1, '84': 1, '75': 1, '71': 1})
ThdID: 17, sumErrCnt: Counter({'39': 792, '41': 219, '19': 202, '40': 199, '47': 169, '48': 167, '50': 163, '22': 147, '57': 101, '54': 96, '52': 89, '61': 88, '53': 88, '58': 84, '56': 84, '59': 80, '60': 76, '46': 65, '62': 40, '55': 28, '66': 20, '69': 16, '76': 10, '73': 8, '67': 4})
ThdID: 17, sumTotCnt: Counter({'19': 4854, '22': 4178, '39': 1849, '40': 1763, '41': 1719, '46': 906, '47': 800, '48': 760, '50': 701, '60': 431, '54': 417, '57': 413, '53': 411, '61': 408, '56': 408, '52': 402, '55': 384, '58': 373, '59': 362, '62': 206, '64': 116, '66': 91, '67': 83, '68': 58, '71': 40, '72': 38, '70': 38, '76': 34, '69': 34, '73': 31, '74': 24, '78': 23, '79': 22, '75': 19, '77': 17, '84': 16, '80': 15, '85': 14, '83': 13, '86': 10, '82': 9, '94': 3, '88': 3, '89': 2, '92': 2})
ThdID: 18, ErrCnt: Counter({'39': 49, '41': 16, '19': 16, '47': 15, '22': 12, '40': 11, '48': 11, '57': 7, '58': 6, '53': 6, '61': 5, '46': 5, '59': 5, '50': 5, '60': 4, '54': 4, '56': 4, '52': 2, '62': 1, '67': 1, '73': 1, '55': 1})
ThdID: 18, TotCnt: Counter({'19': 252, '22': 246, '39': 116, '40': 98, '41': 95, '50': 51, '47': 48, '48': 43, '46': 41, '60': 29, '61': 26, '58': 26, '52': 24, '53': 23, '56': 21, '59': 18, '57': 17, '55': 17, '54': 16, '62': 14, '64': 8, '67': 3, '74': 3, '66': 2, '68': 2, '77': 2, '73': 2, '80': 1, '86': 1, '71': 1, '70': 1, '94': 1, '79': 1, '78': 1})
ThdID: 18, sumErrCnt: Counter({'39': 841, '41': 235, '19': 218, '40': 210, '47': 184, '48': 178, '50': 168, '22': 159, '57': 108, '54': 100, '53': 94, '61': 93, '52': 91, '58': 90, '56': 88, '59': 85, '60': 80, '46': 70, '62': 41, '55': 29, '66': 20, '69': 16, '76': 10, '73': 9, '67': 5})
ThdID: 18, sumTotCnt: Counter({'19': 5106, '22': 4424, '39': 1965, '40': 1861, '41': 1814, '46': 947, '47': 848, '48': 803, '50': 752, '60': 460, '61': 434, '53': 434, '54': 433, '57': 430, '56': 429, '52': 426, '55': 401, '58': 399, '59': 380, '62': 220, '64': 124, '66': 93, '67': 86, '68': 60, '71': 41, '70': 39, '72': 38, '76': 34, '69': 34, '73': 33, '74': 27, '78': 24, '79': 23, '77': 19, '75': 19, '80': 16, '84': 16, '85': 14, '83': 13, '86': 11, '82': 9, '94': 4, '88': 3, '89': 2, '92': 2})
ThdID: 19, ErrCnt: Counter({'39': 42, '59': 15, '41': 11, '19': 11, '60': 9, '50': 9, '47': 8, '40': 8, '48': 7, '54': 5, '22': 4, '58': 3, '57': 3, '56': 3, '52': 3, '61': 2, '69': 2, '55': 2, '62': 1, '66': 1, '67': 1, '46': 1})
ThdID: 19, TotCnt: Counter({'19': 270, '22': 224, '40': 107, '41': 102, '39': 99, '48': 52, '46': 48, '50': 43, '60': 35, '47': 33, '59': 29, '54': 24, '53': 24, '55': 21, '57': 19, '61': 17, '62': 16, '52': 15, '56': 14, '58': 10, '64': 9, '75': 5, '66': 4, '69': 4, '67': 3, '68': 3, '78': 3, '79': 3, '83': 2, '76': 2, '74': 2, '86': 1, '84': 1, '85': 1, '82': 1, '77': 1, '73': 1, '71': 1, '88': 1})
ThdID: 19, sumErrCnt: Counter({'39': 883, '41': 246, '19': 229, '40': 218, '47': 192, '48': 185, '50': 177, '22': 163, '57': 111, '54': 105, '59': 100, '61': 95, '53': 94, '52': 94, '58': 93, '56': 91, '60': 89, '46': 71, '62': 42, '55': 31, '66': 21, '69': 18, '76': 10, '73': 9, '67': 6})
ThdID: 19, sumTotCnt: Counter({'19': 5376, '22': 4648, '39': 2064, '40': 1968, '41': 1916, '46': 995, '47': 881, '48': 855, '50': 795, '60': 495, '53': 458, '54': 457, '61': 451, '57': 449, '56': 443, '52': 441, '55': 422, '59': 409, '58': 409, '62': 236, '64': 133, '66': 97, '67': 89, '68': 63, '71': 42, '70': 39, '72': 38, '69': 38, '76': 36, '73': 34, '74': 29, '78': 27, '79': 26, '75': 24, '77': 20, '84': 17, '80': 16, '83': 15, '85': 15, '86': 12, '82': 10, '94': 4, '88': 4, '89': 2, '92': 2})
ThdID: 20, ErrCnt: Counter({'39': 35, '48': 15, '22': 13, '40': 13, '47': 12, '41': 12, '19': 11, '50': 9, '59': 7, '61': 7, '58': 6, '53': 6, '54': 6, '56': 5, '60': 4, '52': 4, '46': 3, '55': 3, '57': 1, '66': 1})
ThdID: 20, TotCnt: Counter({'19': 287, '22': 244, '39': 109, '40': 101, '41': 80, '47': 56, '48': 40, '50': 37, '46': 25, '52': 25, '61': 24, '59': 24, '54': 24, '53': 24, '58': 23, '56': 22, '60': 21, '55': 20, '57': 18, '62': 7, '66': 7, '67': 5, '74': 5, '64': 4, '77': 4, '84': 2, '82': 2, '71': 2, '68': 1, '69': 1, '80': 1, '76': 1, '75': 1, '73': 1, '72': 1, '79': 1})
ThdID: 20, sumErrCnt: Counter({'39': 918, '41': 258, '19': 240, '40': 231, '47': 204, '48': 200, '50': 186, '22': 176, '57': 112, '54': 111, '59': 107, '61': 102, '53': 100, '58': 99, '52': 98, '56': 96, '60': 93, '46': 74, '62': 42, '55': 34, '66': 22, '69': 18, '76': 10, '73': 9, '67': 6})
ThdID: 20, sumTotCnt: Counter({'19': 5663, '22': 4892, '39': 2173, '40': 2069, '41': 1996, '46': 1020, '47': 937, '48': 895, '50': 832, '60': 516, '53': 482, '54': 481, '61': 475, '57': 467, '52': 466, '56': 465, '55': 442, '59': 433, '58': 432, '62': 243, '64': 137, '66': 104, '67': 94, '68': 64, '71': 44, '72': 39, '70': 39, '69': 39, '76': 37, '73': 35, '74': 34, '79': 27, '78': 27, '75': 25, '77': 24, '84': 19, '80': 17, '83': 15, '85': 15, '82': 12, '86': 12, '94': 4, '88': 4, '89': 2, '92': 2})
ThdID: 21, ErrCnt: Counter({'39': 38, '41': 17, '19': 15, '40': 13, '50': 10, '22': 9, '47': 9, '48': 9, '58': 7, '46': 6, '56': 6, '52': 6, '59': 5, '57': 5, '53': 4, '54': 4, '61': 3, '60': 3, '73': 3, '62': 2, '76': 1})
ThdID: 21, TotCnt: Counter({'19': 317, '22': 222, '40': 94, '41': 86, '39': 86, '46': 55, '48': 46, '47': 42, '50': 32, '58': 27, '52': 26, '60': 23, '59': 23, '54': 23, '57': 22, '56': 22, '53': 19, '61': 14, '55': 14, '62': 11, '64': 11, '66': 7, '67': 5, '68': 4, '73': 4, '69': 2, '80': 2, '74': 2, '72': 2, '71': 2, '70': 2, '83': 1, '76': 1, '88': 1})
ThdID: 21, sumErrCnt: Counter({'39': 956, '41': 275, '19': 255, '40': 244, '47': 213, '48': 209, '50': 196, '22': 185, '57': 117, '54': 115, '59': 112, '58': 106, '61': 105, '53': 104, '52': 104, '56': 102, '60': 96, '46': 80, '62': 44, '55': 34, '66': 22, '69': 18, '73': 12, '76': 11, '67': 6})
ThdID: 21, sumTotCnt: Counter({'19': 5980, '22': 5114, '39': 2259, '40': 2163, '41': 2082, '46': 1075, '47': 979, '48': 941, '50': 864, '60': 539, '54': 504, '53': 501, '52': 492, '61': 489, '57': 489, '56': 487, '58': 459, '59': 456, '55': 456, '62': 254, '64': 148, '66': 111, '67': 99, '68': 68, '71': 46, '72': 41, '70': 41, '69': 41, '73': 39, '76': 38, '74': 36, '79': 27, '78': 27, '75': 25, '77': 24, '80': 19, '84': 19, '83': 16, '85': 15, '82': 12, '86': 12, '88': 5, '94': 4, '89': 2, '92': 2})
ThdID: 22, ErrCnt: Counter({'39': 46, '19': 12, '54': 10, '22': 9, '41': 9, '59': 9, '50': 8, '47': 7, '48': 7, '40': 6, '57': 6, '52': 6, '46': 5, '56': 4, '60': 3, '61': 3, '62': 3, '58': 3, '55': 3, '66': 2, '53': 2, '69': 1, '73': 1})
ThdID: 22, TotCnt: Counter({'19': 261, '22': 233, '39': 116, '41': 102, '40': 83, '46': 57, '47': 52, '48': 37, '50': 31, '55': 30, '57': 26, '61': 25, '54': 24, '58': 23, '52': 23, '60': 21, '56': 21, '59': 20, '53': 18, '62': 12, '64': 8, '66': 5, '71': 5, '74': 3, '73': 3, '76': 2, '78': 2, '67': 1, '68': 1, '69': 1, '82': 1, '77': 1, '70': 1, '79': 1})
ThdID: 22, sumErrCnt: Counter({'39': 1002, '41': 284, '19': 267, '40': 250, '47': 220, '48': 216, '50': 204, '22': 194, '54': 125, '57': 123, '59': 121, '52': 110, '58': 109, '61': 108, '56': 106, '53': 106, '60': 99, '46': 85, '62': 47, '55': 37, '66': 24, '69': 19, '73': 13, '76': 11, '67': 6})
ThdID: 22, sumTotCnt: Counter({'19': 6241, '22': 5347, '39': 2375, '40': 2246, '41': 2184, '46': 1132, '47': 1031, '48': 978, '50': 895, '60': 560, '54': 528, '53': 519, '57': 515, '52': 515, '61': 514, '56': 508, '55': 486, '58': 482, '59': 476, '62': 266, '64': 156, '66': 116, '67': 100, '68': 69, '71': 51, '73': 42, '70': 42, '69': 42, '72': 41, '76': 40, '74': 39, '78': 29, '79': 28, '77': 25, '75': 25, '80': 19, '84': 19, '83': 16, '85': 15, '82': 13, '86': 12, '88': 5, '94': 4, '89': 2, '92': 2})
ThdID: 23, ErrCnt: Counter({'39': 38, '41': 14, '19': 13, '22': 11, '40': 11, '50': 10, '48': 8, '56': 7, '59': 6, '47': 6, '54': 5, '53': 5, '46': 4, '57': 3, '55': 2, '52': 2, '60': 1, '61': 1, '66': 1, '69': 1, '58': 1})
ThdID: 23, TotCnt: Counter({'19': 283, '22': 260, '40': 103, '39': 103, '41': 96, '46': 50, '48': 41, '50': 38, '47': 34, '57': 31, '53': 26, '52': 22, '60': 21, '59': 20, '56': 20, '61': 16, '58': 16, '54': 16, '62': 12, '55': 10, '66': 5, '68': 5, '67': 4, '69': 4, '64': 3, '77': 2, '75': 2, '79': 2, '84': 1, '74': 1, '71': 1, '70': 1, '92': 1})
ThdID: 23, sumErrCnt: Counter({'39': 1040, '41': 298, '19': 280, '40': 261, '47': 226, '48': 224, '50': 214, '22': 205, '54': 130, '59': 127, '57': 126, '56': 113, '52': 112, '53': 111, '58': 110, '61': 109, '60': 100, '46': 89, '62': 47, '55': 39, '66': 25, '69': 20, '73': 13, '76': 11, '67': 6})
ThdID: 23, sumTotCnt: Counter({'19': 6524, '22': 5607, '39': 2478, '40': 2349, '41': 2280, '46': 1182, '47': 1065, '48': 1019, '50': 933, '60': 581, '57': 546, '53': 545, '54': 544, '52': 537, '61': 530, '56': 528, '58': 498, '59': 496, '55': 496, '62': 278, '64': 159, '66': 121, '67': 104, '68': 74, '71': 52, '69': 46, '70': 43, '73': 42, '72': 41, '76': 40, '74': 40, '79': 30, '78': 29, '77': 27, '75': 27, '84': 20, '80': 19, '83': 16, '85': 15, '82': 13, '86': 12, '88': 5, '94': 4, '92': 3, '89': 2})
ThdID: 24, ErrCnt: Counter({'39': 48, '22': 12, '19': 11, '50': 11, '41': 11, '48': 7, '40': 7, '46': 6, '47': 6, '59': 5, '61': 5, '52': 5, '54': 4, '53': 4, '60': 4, '55': 4, '69': 4, '58': 4, '57': 2, '56': 2, '62': 1})
ThdID: 24, TotCnt: Counter({'19': 291, '22': 250, '39': 104, '40': 95, '41': 95, '50': 42, '47': 41, '46': 40, '48': 37, '60': 26, '59': 23, '58': 23, '52': 23, '57': 22, '61': 21, '53': 19, '54': 17, '55': 17, '56': 14, '64': 9, '62': 8, '69': 5, '67': 4, '66': 4, '77': 2, '73': 2, '72': 2, '70': 2, '78': 2, '88': 1, '82': 1, '83': 1, '86': 1, '85': 1, '68': 1, '76': 1, '74': 1, '71': 1, '92': 1})
ThdID: 24, sumErrCnt: Counter({'39': 1088, '41': 309, '19': 291, '40': 268, '47': 232, '48': 231, '50': 225, '22': 217, '54': 134, '59': 132, '57': 128, '52': 117, '56': 115, '53': 115, '61': 114, '58': 114, '60': 104, '46': 95, '62': 48, '55': 43, '66': 25, '69': 24, '73': 13, '76': 11, '67': 6})
ThdID: 24, sumTotCnt: Counter({'19': 6815, '22': 5857, '39': 2582, '40': 2444, '41': 2375, '46': 1222, '47': 1106, '48': 1056, '50': 975, '60': 607, '57': 568, '53': 564, '54': 561, '52': 560, '61': 551, '56': 542, '58': 521, '59': 519, '55': 513, '62': 286, '64': 168, '66': 125, '67': 108, '68': 75, '71': 53, '69': 51, '70': 45, '73': 44, '72': 43, '76': 41, '74': 41, '78': 31, '79': 30, '77': 29, '75': 27, '84': 20, '80': 19, '83': 17, '85': 16, '82': 14, '86': 13, '88': 6, '92': 4, '94': 4, '89': 2})
ThdID: 25, ErrCnt: Counter({'39': 52, '40': 11, '19': 11, '48': 11, '41': 9, '50': 9, '47': 8, '22': 7, '46': 7, '53': 7, '52': 7, '60': 5, '62': 5, '61': 4, '57': 4, '66': 3, '59': 3, '54': 3, '56': 3, '73': 2, '58': 2, '76': 1, '55': 1})
ThdID: 25, TotCnt: Counter({'19': 264, '22': 258, '39': 104, '40': 92, '41': 76, '46': 56, '47': 47, '50': 46, '48': 34, '60': 27, '53': 26, '55': 23, '56': 23, '61': 20, '54': 20, '52': 19, '57': 18, '59': 17, '58': 17, '62': 15, '64': 8, '66': 6, '67': 6, '73': 5, '72': 5, '68': 3, '76': 3, '69': 2, '80': 2, '75': 2, '71': 2, '70': 2, '79': 1, '78': 1})
ThdID: 25, sumErrCnt: Counter({'39': 1140, '41': 318, '19': 302, '40': 279, '48': 242, '47': 240, '50': 234, '22': 224, '54': 137, '59': 135, '57': 132, '52': 124, '53': 122, '61': 118, '56': 118, '58': 116, '60': 109, '46': 102, '62': 53, '55': 44, '66': 28, '69': 24, '73': 15, '76': 12, '67': 6})
ThdID: 25, sumTotCnt: Counter({'19': 7079, '22': 6115, '39': 2686, '40': 2536, '41': 2451, '46': 1278, '47': 1153, '48': 1090, '50': 1021, '60': 634, '53': 590, '57': 586, '54': 581, '52': 579, '61': 571, '56': 565, '58': 538, '59': 536, '55': 536, '62': 301, '64': 176, '66': 131, '67': 114, '68': 78, '71': 55, '69': 53, '73': 49, '72': 48, '70': 47, '76': 44, '74': 41, '78': 32, '79': 31, '77': 29, '75': 29, '80': 21, '84': 20, '83': 17, '85': 16, '82': 14, '86': 13, '88': 6, '92': 4, '94': 4, '89': 2})
ThdID: 26, ErrCnt: Counter({'39': 40, '50': 16, '47': 13, '19': 13, '41': 12, '58': 11, '40': 10, '22': 9, '48': 9, '46': 8, '60': 7, '61': 7, '57': 7, '56': 6, '53': 6, '59': 5, '54': 4, '76': 3, '69': 2, '52': 2, '55': 2, '62': 1, '66': 1, '67': 1})
ThdID: 26, TotCnt: Counter({'19': 276, '22': 236, '40': 101, '41': 94, '39': 91, '46': 52, '47': 49, '48': 43, '50': 42, '58': 30, '60': 24, '52': 23, '61': 21, '54': 21, '55': 20, '57': 19, '56': 17, '59': 16, '53': 15, '62': 9, '66': 6, '64': 5, '71': 5, '69': 4, '76': 4, '75': 4, '67': 3, '74': 3, '70': 3, '80': 2, '73': 2, '72': 2, '79': 2, '82': 1, '86': 1, '78': 1, '68': 1, '83': 1, '88': 1})
ThdID: 26, sumErrCnt: Counter({'39': 1180, '41': 330, '19': 315, '40': 289, '47': 253, '48': 251, '50': 250, '22': 233, '54': 141, '59': 140, '57': 139, '53': 128, '58': 127, '52': 126, '61': 125, '56': 124, '60': 116, '46': 110, '62': 54, '55': 46, '66': 29, '69': 26, '76': 15, '73': 15, '67': 7})
ThdID: 26, sumTotCnt: Counter({'19': 7355, '22': 6351, '39': 2777, '40': 2637, '41': 2545, '46': 1330, '47': 1202, '48': 1133, '50': 1063, '60': 658, '57': 605, '53': 605, '54': 602, '52': 602, '61': 592, '56': 582, '58': 568, '55': 556, '59': 552, '62': 310, '64': 181, '66': 137, '67': 117, '68': 79, '71': 60, '69': 57, '73': 51, '72': 50, '70': 50, '76': 48, '74': 44, '75': 33, '79': 33, '78': 33, '77': 29, '80': 23, '84': 20, '83': 18, '85': 16, '82': 15, '86': 14, '88': 7, '92': 4, '94': 4, '89': 2})
ThdID: 27, ErrCnt: Counter({'39': 40, '41': 17, '47': 12, '19': 11, '50': 8, '40': 8, '48': 6, '22': 6, '46': 6, '61': 6, '57': 6, '55': 5, '56': 5, '60': 5, '52': 4, '53': 4, '58': 3, '59': 2, '76': 1, '73': 1, '54': 1})
ThdID: 27, TotCnt: Counter({'19': 289, '22': 222, '40': 111, '41': 90, '39': 88, '46': 55, '47': 49, '48': 47, '50': 34, '56': 28, '53': 27, '61': 25, '55': 23, '57': 22, '60': 20, '54': 19, '52': 19, '58': 16, '59': 15, '62': 10, '64': 10, '66': 7, '67': 3, '70': 3, '68': 2, '76': 2, '75': 2, '73': 2, '71': 2, '78': 2, '82': 1, '69': 1, '84': 1, '85': 1, '74': 1, '79': 1})
ThdID: 27, sumErrCnt: Counter({'39': 1220, '41': 347, '19': 326, '40': 297, '47': 265, '50': 258, '48': 257, '22': 239, '57': 145, '59': 142, '54': 142, '53': 132, '61': 131, '58': 130, '52': 130, '56': 129, '60': 121, '46': 116, '62': 54, '55': 51, '66': 29, '69': 26, '76': 16, '73': 16, '67': 7})
ThdID: 27, sumTotCnt: Counter({'19': 7644, '22': 6573, '39': 2865, '40': 2748, '41': 2635, '46': 1385, '47': 1251, '48': 1180, '50': 1097, '60': 678, '53': 632, '57': 627, '54': 621, '52': 621, '61': 617, '56': 610, '58': 584, '55': 579, '59': 567, '62': 320, '64': 191, '66': 144, '67': 120, '68': 81, '71': 62, '69': 58, '73': 53, '70': 53, '76': 50, '72': 50, '74': 45, '75': 35, '78': 35, '79': 34, '77': 29, '80': 23, '84': 21, '83': 18, '85': 17, '82': 16, '86': 14, '88': 7, '92': 4, '94': 4, '89': 2})
ThdID: 28, ErrCnt: Counter({'39': 55, '41': 17, '19': 16, '40': 14, '47': 10, '50': 8, '52': 8, '48': 8, '58': 6, '54': 6, '22': 5, '59': 5, '62': 4, '46': 4, '57': 4, '61': 3, '56': 3, '53': 3, '66': 2, '67': 2, '69': 2, '60': 1, '55': 1})
ThdID: 28, TotCnt: Counter({'19': 287, '22': 223, '39': 114, '40': 98, '41': 83, '46': 56, '50': 47, '48': 43, '47': 40, '52': 27, '57': 24, '59': 23, '58': 22, '60': 21, '54': 18, '61': 17, '55': 17, '56': 16, '53': 14, '62': 12, '66': 7, '67': 7, '64': 6, '68': 4, '73': 3, '72': 3, '70': 3, '69': 2, '80': 2, '85': 2, '78': 2, '77': 2, '89': 1, '86': 1, '82': 1, '71': 1, '79': 1})
ThdID: 28, sumErrCnt: Counter({'39': 1275, '41': 364, '19': 342, '40': 311, '47': 275, '50': 266, '48': 265, '22': 244, '57': 149, '54': 148, '59': 147, '52': 138, '58': 136, '53': 135, '61': 134, '56': 132, '60': 122, '46': 120, '62': 58, '55': 52, '66': 31, '69': 28, '76': 16, '73': 16, '67': 9})
ThdID: 28, sumTotCnt: Counter({'19': 7931, '22': 6796, '39': 2979, '40': 2846, '41': 2718, '46': 1441, '47': 1291, '48': 1223, '50': 1144, '60': 699, '57': 651, '52': 648, '53': 646, '54': 639, '61': 634, '56': 626, '58': 606, '55': 596, '59': 590, '62': 332, '64': 197, '66': 151, '67': 127, '68': 85, '71': 63, '69': 60, '73': 56, '70': 56, '72': 53, '76': 50, '74': 45, '78': 37, '75': 35, '79': 35, '77': 31, '80': 25, '84': 21, '85': 19, '83': 18, '82': 17, '86': 15, '88': 7, '92': 4, '94': 4, '89': 3})
ThdID: 29, ErrCnt: Counter({'39': 51, '22': 16, '19': 14, '40': 13, '47': 10, '41': 9, '48': 8, '50': 8, '60': 8, '54': 7, '61': 7, '56': 5, '53': 5, '52': 5, '58': 3, '57': 3, '59': 2, '46': 2, '55': 1, '62': 1, '76': 1})
ThdID: 29, TotCnt: Counter({'19': 256, '22': 240, '40': 109, '39': 109, '41': 86, '46': 65, '50': 45, '47': 44, '48': 31, '54': 27, '53': 26, '60': 25, '57': 23, '61': 22, '58': 22, '56': 21, '52': 17, '59': 16, '55': 14, '62': 9, '64': 9, '67': 7, '66': 4, '84': 4, '69': 2, '86': 2, '76': 2, '73': 2, '79': 2, '68': 1, '80': 1, '83': 1, '77': 1, '75': 1, '74': 1, '72': 1, '71': 1, '92': 1})
ThdID: 29, sumErrCnt: Counter({'39': 1326, '41': 373, '19': 356, '40': 324, '47': 285, '50': 274, '48': 273, '22': 260, '54': 155, '57': 152, '59': 149, '52': 143, '61': 141, '53': 140, '58': 139, '56': 137, '60': 130, '46': 122, '62': 59, '55': 53, '66': 31, '69': 28, '76': 17, '73': 16, '67': 9})
ThdID: 29, sumTotCnt: Counter({'19': 8187, '22': 7036, '39': 3088, '40': 2955, '41': 2804, '46': 1506, '47': 1335, '48': 1254, '50': 1189, '60': 724, '57': 674, '53': 672, '54': 666, '52': 665, '61': 656, '56': 647, '58': 628, '55': 610, '59': 606, '62': 341, '64': 206, '66': 155, '67': 134, '68': 86, '71': 64, '69': 62, '73': 58, '70': 56, '72': 54, '76': 52, '74': 46, '79': 37, '78': 37, '75': 36, '77': 32, '80': 26, '84': 25, '83': 19, '85': 19, '82': 17, '86': 17, '88': 7, '92': 5, '94': 4, '89': 3})
ThdID: 30, ErrCnt: Counter({'39': 41, '50': 13, '47': 12, '40': 11, '41': 10, '19': 9, '59': 8, '58': 7, '22': 7, '57': 7, '46': 7, '54': 6, '56': 5, '60': 4, '53': 4, '52': 3, '55': 2, '62': 2, '48': 2, '61': 1})
ThdID: 30, TotCnt: Counter({'19': 267, '22': 217, '41': 101, '40': 92, '39': 92, '46': 66, '47': 47, '50': 35, '52': 31, '59': 30, '55': 30, '58': 29, '48': 27, '60': 24, '57': 23, '56': 22, '61': 20, '54': 20, '53': 19, '62': 18, '64': 7, '67': 6, '68': 5, '66': 4, '74': 3, '72': 3, '71': 3, '70': 3, '73': 2, '69': 1, '80': 1, '77': 1, '79': 1})
ThdID: 30, sumErrCnt: Counter({'39': 1367, '41': 383, '19': 365, '40': 335, '47': 297, '50': 287, '48': 275, '22': 267, '54': 161, '57': 159, '59': 157, '58': 146, '52': 146, '53': 144, '61': 142, '56': 142, '60': 134, '46': 129, '62': 61, '55': 55, '66': 31, '69': 28, '76': 17, '73': 16, '67': 9})
ThdID: 30, sumTotCnt: Counter({'19': 8454, '22': 7253, '39': 3180, '40': 3047, '41': 2905, '46': 1572, '47': 1382, '48': 1281, '50': 1224, '60': 748, '57': 697, '52': 696, '53': 691, '54': 686, '61': 676, '56': 669, '58': 657, '55': 640, '59': 636, '62': 359, '64': 213, '66': 159, '67': 140, '68': 91, '71': 67, '69': 63, '73': 60, '70': 59, '72': 57, '76': 52, '74': 49, '79': 38, '78': 37, '75': 36, '77': 33, '80': 27, '84': 25, '83': 19, '85': 19, '82': 17, '86': 17, '88': 7, '92': 5, '94': 4, '89': 3})
ThdID: 31, ErrCnt: Counter({'39': 49, '40': 18, '41': 18, '54': 14, '52': 11, '48': 9, '19': 9, '47': 9, '61': 7, '22': 6, '56': 6, '50': 6, '60': 6, '59': 4, '53': 3, '55': 2, '57': 2, '62': 2, '58': 2, '46': 1})
ThdID: 31, TotCnt: Counter({'19': 284, '22': 231, '40': 105, '39': 104, '41': 96, '46': 50, '47': 43, '48': 43, '61': 33, '54': 28, '50': 27, '59': 25, '60': 23, '55': 23, '52': 23, '53': 22, '57': 19, '58': 18, '56': 17, '62': 10, '64': 4, '74': 4, '70': 3, '66': 2, '67': 2, '83': 2, '85': 2, '71': 2, '68': 1, '80': 1, '77': 1, '73': 1, '72': 1})
ThdID: 31, sumErrCnt: Counter({'39': 1416, '41': 401, '19': 374, '40': 353, '47': 306, '50': 293, '48': 284, '22': 273, '54': 175, '59': 161, '57': 161, '52': 157, '61': 149, '58': 148, '56': 148, '53': 147, '60': 140, '46': 130, '62': 63, '55': 57, '66': 31, '69': 28, '76': 17, '73': 16, '67': 9})
ThdID: 31, sumTotCnt: Counter({'19': 8738, '22': 7484, '39': 3284, '40': 3152, '41': 3001, '46': 1622, '47': 1425, '48': 1324, '50': 1251, '60': 771, '52': 719, '57': 716, '54': 714, '53': 713, '61': 709, '56': 686, '58': 675, '55': 663, '59': 661, '62': 369, '64': 217, '66': 161, '67': 142, '68': 92, '71': 69, '69': 63, '70': 62, '73': 61, '72': 58, '74': 53, '76': 52, '79': 38, '78': 37, '75': 36, '77': 34, '80': 28, '84': 25, '83': 21, '85': 21, '82': 17, '86': 17, '88': 7, '92': 5, '94': 4, '89': 3})
ThdID: 32, ErrCnt: Counter({'39': 53, '19': 16, '41': 12, '22': 11, '50': 11, '40': 9, '57': 6, '53': 6, '61': 5, '48': 5, '47': 5, '58': 5, '56': 5, '52': 5, '60': 4, '46': 4, '54': 4, '69': 2, '59': 2, '62': 1, '66': 1, '73': 1, '55': 1})
ThdID: 32, TotCnt: Counter({'19': 294, '22': 238, '39': 114, '40': 83, '41': 82, '48': 50, '46': 47, '47': 41, '50': 31, '60': 29, '56': 26, '54': 25, '59': 24, '61': 22, '58': 22, '55': 22, '53': 18, '52': 17, '57': 16, '62': 10, '66': 7, '64': 5, '67': 4, '69': 4, '68': 2, '77': 2, '76': 2, '73': 2, '71': 2, '70': 2, '89': 1, '83': 1, '80': 1, '82': 1, '78': 1, '74': 1, '79': 1})
ThdID: 32, sumErrCnt: Counter({'39': 1469, '41': 413, '19': 390, '40': 362, '47': 311, '50': 304, '48': 289, '22': 284, '54': 179, '57': 167, '59': 163, '52': 162, '61': 154, '58': 153, '56': 153, '53': 153, '60': 144, '46': 134, '62': 64, '55': 58, '66': 32, '69': 30, '76': 17, '73': 17, '67': 9})
ThdID: 32, sumTotCnt: Counter({'19': 9032, '22': 7722, '39': 3398, '40': 3235, '41': 3083, '46': 1669, '47': 1466, '48': 1374, '50': 1282, '60': 800, '54': 739, '52': 736, '57': 732, '61': 731, '53': 731, '56': 712, '58': 697, '59': 685, '55': 685, '62': 379, '64': 222, '66': 168, '67': 146, '68': 94, '71': 71, '69': 67, '70': 64, '73': 63, '72': 58, '76': 54, '74': 54, '79': 39, '78': 38, '77': 36, '75': 36, '80': 29, '84': 25, '83': 22, '85': 21, '82': 18, '86': 17, '88': 7, '92': 5, '89': 4, '94': 4})
ThdID: 33, ErrCnt: Counter({'39': 60, '40': 14, '41': 14, '54': 13, '22': 10, '48': 9, '19': 9, '59': 7, '50': 7, '52': 7, '57': 5, '61': 4, '47': 4, '55': 4, '53': 4, '58': 3, '60': 2, '76': 2, '56': 2, '62': 1, '66': 1, '67': 1, '46': 1})
ThdID: 33, TotCnt: Counter({'19': 266, '22': 229, '40': 130, '39': 121, '41': 93, '46': 59, '48': 34, '55': 32, '47': 31, '50': 30, '54': 28, '52': 25, '57': 24, '59': 23, '61': 21, '53': 21, '58': 17, '60': 13, '62': 13, '56': 12, '67': 5, '64': 4, '66': 4, '80': 3, '78': 2, '76': 2, '72': 2, '68': 1, '69': 1, '77': 1, '75': 1, '70': 1, '79': 1})
ThdID: 33, sumErrCnt: Counter({'39': 1529, '41': 427, '19': 399, '40': 376, '47': 315, '50': 311, '48': 298, '22': 294, '54': 192, '57': 172, '59': 170, '52': 169, '61': 158, '53': 157, '58': 156, '56': 155, '60': 146, '46': 135, '62': 65, '55': 62, '66': 33, '69': 30, '76': 19, '73': 17, '67': 10})
ThdID: 33, sumTotCnt: Counter({'19': 9298, '22': 7951, '39': 3519, '40': 3365, '41': 3176, '46': 1728, '47': 1497, '48': 1408, '50': 1312, '60': 813, '54': 767, '52': 761, '57': 756, '61': 752, '53': 752, '56': 724, '55': 717, '58': 714, '59': 708, '62': 392, '64': 226, '66': 172, '67': 151, '68': 95, '71': 71, '69': 68, '70': 65, '73': 63, '72': 60, '76': 56, '74': 54, '79': 40, '78': 40, '77': 37, '75': 37, '80': 32, '84': 25, '83': 22, '85': 21, '82': 18, '86': 17, '88': 7, '92': 5, '89': 4, '94': 4})
ThdID: 34, ErrCnt: Counter({'39': 40, '41': 15, '48': 13, '47': 13, '19': 12, '50': 12, '60': 11, '61': 8, '40': 8, '22': 7, '54': 5, '53': 5, '52': 5, '62': 4, '58': 4, '59': 4, '56': 4, '55': 4, '46': 3, '57': 2, '67': 1, '76': 1})
ThdID: 34, TotCnt: Counter({'19': 274, '22': 243, '39': 107, '40': 101, '41': 92, '47': 53, '48': 49, '46': 40, '50': 31, '61': 25, '54': 25, '55': 24, '59': 22, '60': 21, '58': 20, '53': 20, '52': 18, '56': 17, '57': 16, '62': 12, '64': 8, '67': 6, '66': 4, '68': 3, '70': 3, '83': 2, '80': 2, '76': 2, '74': 2, '72': 2, '84': 1, '85': 1, '82': 1, '77': 1, '73': 1, '94': 1})
ThdID: 34, sumErrCnt: Counter({'39': 1569, '41': 442, '19': 411, '40': 384, '47': 328, '50': 323, '48': 311, '22': 301, '54': 197, '59': 174, '57': 174, '52': 174, '61': 166, '53': 162, '58': 160, '56': 159, '60': 157, '46': 138, '62': 69, '55': 66, '66': 33, '69': 30, '76': 20, '73': 17, '67': 11})
ThdID: 34, sumTotCnt: Counter({'19': 9572, '22': 8194, '39': 3626, '40': 3466, '41': 3268, '46': 1768, '47': 1550, '48': 1457, '50': 1343, '60': 834, '54': 792, '52': 779, '61': 777, '57': 772, '53': 772, '56': 741, '55': 741, '58': 734, '59': 730, '62': 404, '64': 234, '66': 176, '67': 157, '68': 98, '71': 71, '70': 68, '69': 68, '73': 64, '72': 62, '76': 58, '74': 56, '79': 40, '78': 40, '77': 38, '75': 37, '80': 34, '84': 26, '83': 24, '85': 22, '82': 19, '86': 17, '88': 7, '92': 5, '94': 5, '89': 4})
ThdID: 35, ErrCnt: Counter({'39': 44, '41': 16, '19': 14, '22': 12, '47': 11, '40': 9, '48': 9, '59': 8, '58': 8, '61': 6, '57': 6, '53': 6, '60': 5, '54': 5, '50': 5, '52': 5, '46': 4, '56': 4, '55': 3, '62': 1, '67': 1, '69': 1})
ThdID: 35, TotCnt: Counter({'19': 259, '22': 245, '41': 101, '39': 100, '40': 89, '47': 58, '46': 45, '48': 42, '50': 42, '53': 28, '60': 27, '58': 24, '54': 24, '61': 22, '57': 22, '56': 22, '59': 18, '52': 17, '55': 16, '62': 10, '67': 7, '64': 5, '66': 4, '68': 3, '77': 3, '75': 3, '74': 3, '70': 3, '69': 1, '86': 1, '85': 1, '76': 1, '73': 1, '72': 1, '71': 1, '88': 1})
ThdID: 35, sumErrCnt: Counter({'39': 1613, '41': 458, '19': 425, '40': 393, '47': 339, '50': 328, '48': 320, '22': 313, '54': 202, '59': 182, '57': 180, '52': 179, '61': 172, '58': 168, '53': 168, '56': 163, '60': 162, '46': 142, '62': 70, '55': 69, '66': 33, '69': 31, '76': 20, '73': 17, '67': 12})
ThdID: 35, sumTotCnt: Counter({'19': 9831, '22': 8439, '39': 3726, '40': 3555, '41': 3369, '46': 1813, '47': 1608, '48': 1499, '50': 1385, '60': 861, '54': 816, '53': 800, '61': 799, '52': 796, '57': 794, '56': 763, '58': 758, '55': 757, '59': 748, '62': 414, '64': 239, '66': 180, '67': 164, '68': 101, '71': 72, '70': 71, '69': 69, '73': 65, '72': 63, '76': 59, '74': 59, '77': 41, '75': 40, '79': 40, '78': 40, '80': 34, '84': 26, '83': 24, '85': 23, '82': 19, '86': 18, '88': 8, '92': 5, '94': 5, '89': 4})
ThdID: 36, ErrCnt: Counter({'39': 47, '40': 11, '19': 11, '22': 10, '52': 10, '48': 9, '50': 9, '41': 6, '57': 6, '53': 6, '46': 5, '59': 5, '54': 5, '47': 4, '56': 4, '61': 3, '60': 2, '76': 2, '58': 2, '67': 1, '69': 1, '73': 1, '55': 1})
ThdID: 36, TotCnt: Counter({'19': 279, '22': 234, '39': 108, '41': 88, '40': 81, '48': 57, '46': 45, '47': 39, '50': 37, '53': 28, '60': 26, '59': 26, '61': 24, '57': 24, '52': 23, '54': 22, '55': 22, '58': 20, '56': 18, '62': 11, '64': 5, '67': 5, '76': 3, '74': 3, '73': 3, '66': 2, '69': 2, '84': 2, '78': 2, '75': 2, '70': 2, '82': 1, '85': 1, '83': 1, '77': 1, '72': 1, '71': 1, '92': 1})
ThdID: 36, sumErrCnt: Counter({'39': 1660, '41': 464, '19': 436, '40': 404, '47': 343, '50': 337, '48': 329, '22': 323, '54': 207, '52': 189, '59': 187, '57': 186, '61': 175, '53': 174, '58': 170, '56': 167, '60': 164, '46': 147, '62': 70, '55': 70, '66': 33, '69': 32, '76': 22, '73': 18, '67': 13})
ThdID: 36, sumTotCnt: Counter({'19': 10110, '22': 8673, '39': 3834, '40': 3636, '41': 3457, '46': 1858, '47': 1647, '48': 1556, '50': 1422, '60': 887, '54': 838, '53': 828, '61': 823, '52': 819, '57': 818, '56': 781, '55': 779, '58': 778, '59': 774, '62': 425, '64': 244, '66': 182, '67': 169, '68': 101, '71': 73, '70': 73, '69': 71, '73': 68, '72': 64, '76': 62, '74': 62, '77': 42, '75': 42, '78': 42, '79': 40, '80': 34, '84': 28, '83': 25, '85': 24, '82': 20, '86': 18, '88': 8, '92': 6, '94': 5, '89': 4})
ThdID: 37, ErrCnt: Counter({'39': 44, '59': 11, '57': 11, '47': 10, '48': 10, '19': 9, '41': 8, '50': 8, '22': 7, '40': 7, '53': 7, '58': 6, '54': 5, '46': 4, '52': 4, '55': 4, '61': 3, '62': 3, '56': 3, '60': 2, '67': 1, '69': 1})
ThdID: 37, TotCnt: Counter({'22': 261, '19': 255, '39': 113, '41': 88, '40': 83, '47': 49, '48': 44, '46': 42, '50': 33, '58': 30, '59': 28, '53': 28, '57': 26, '55': 26, '61': 25, '52': 23, '60': 20, '56': 20, '54': 16, '62': 11, '67': 7, '64': 3, '66': 3, '68': 2, '84': 2, '83': 1, '80': 1, '85': 1, '77': 1, '75': 1, '74': 1, '72': 1, '71': 1, '70': 1, '92': 1, '69': 1, '79': 1})
ThdID: 37, sumErrCnt: Counter({'39': 1704, '41': 472, '19': 445, '40': 411, '47': 353, '50': 345, '48': 339, '22': 330, '54': 212, '59': 198, '57': 197, '52': 193, '53': 181, '61': 178, '58': 176, '56': 170, '60': 166, '46': 151, '55': 74, '62': 73, '66': 33, '69': 33, '76': 22, '73': 18, '67': 14})
ThdID: 37, sumTotCnt: Counter({'19': 10365, '22': 8934, '39': 3947, '40': 3719, '41': 3545, '46': 1900, '47': 1696, '48': 1600, '50': 1455, '60': 907, '53': 856, '54': 854, '61': 848, '57': 844, '52': 842, '58': 808, '55': 805, '59': 802, '56': 801, '62': 436, '64': 247, '66': 185, '67': 176, '68': 103, '71': 74, '70': 74, '69': 72, '73': 68, '72': 65, '74': 63, '76': 62, '77': 43, '75': 43, '78': 42, '79': 41, '80': 35, '84': 30, '83': 26, '85': 25, '82': 20, '86': 18, '88': 8, '92': 7, '94': 5, '89': 4})
ThdID: 38, ErrCnt: Counter({'39': 47, '41': 11, '48': 11, '40': 10, '19': 9, '61': 8, '22': 7, '57': 7, '47': 5, '50': 5, '59': 3, '54': 3, '53': 3, '52': 3, '55': 3, '46': 2, '58': 2, '56': 2, '60': 1, '62': 1, '66': 1, '67': 1})
ThdID: 38, TotCnt: Counter({'19': 289, '22': 233, '40': 103, '39': 102, '41': 101, '48': 45, '46': 42, '47': 40, '50': 37, '55': 30, '61': 26, '57': 24, '56': 24, '59': 23, '60': 18, '58': 18, '52': 17, '53': 16, '62': 12, '54': 12, '67': 8, '66': 6, '64': 5, '72': 3, '69': 2, '84': 2, '75': 2, '71': 2, '68': 1, '80': 1, '86': 1, '78': 1, '77': 1, '76': 1, '73': 1, '79': 1})
ThdID: 38, sumErrCnt: Counter({'39': 1751, '41': 483, '19': 454, '40': 421, '47': 358, '50': 350, '48': 350, '22': 337, '54': 215, '57': 204, '59': 201, '52': 196, '61': 186, '53': 184, '58': 178, '56': 172, '60': 167, '46': 153, '55': 77, '62': 74, '66': 34, '69': 33, '76': 22, '73': 18, '67': 15})
ThdID: 38, sumTotCnt: Counter({'19': 10654, '22': 9167, '39': 4049, '40': 3822, '41': 3646, '46': 1942, '47': 1736, '48': 1645, '50': 1492, '60': 925, '61': 874, '53': 872, '57': 868, '54': 866, '52': 859, '55': 835, '58': 826, '59': 825, '56': 825, '62': 448, '64': 252, '66': 191, '67': 184, '68': 104, '71': 76, '70': 74, '69': 74, '73': 69, '72': 68, '76': 63, '74': 63, '75': 45, '77': 44, '78': 43, '79': 42, '80': 36, '84': 32, '83': 26, '85': 25, '82': 20, '86': 19, '88': 8, '92': 7, '94': 5, '89': 4})
ThdID: 39, ErrCnt: Counter({'39': 39, '19': 14, '40': 13, '48': 10, '22': 8, '59': 8, '41': 7, '46': 6, '47': 6, '58': 6, '57': 6, '61': 4, '54': 4, '56': 4, '50': 4, '53': 3, '52': 3, '55': 2, '60': 1, '62': 1, '67': 1, '76': 1})
ThdID: 39, TotCnt: Counter({'19': 298, '22': 243, '39': 116, '41': 100, '40': 81, '46': 50, '47': 42, '48': 41, '50': 39, '57': 24, '58': 23, '56': 23, '61': 22, '59': 22, '54': 21, '60': 20, '55': 19, '53': 19, '52': 15, '62': 8, '64': 5, '66': 5, '67': 5, '75': 2, '82': 1, '69': 1, '80': 1, '84': 1, '76': 1, '74': 1, '79': 1})
ThdID: 39, sumErrCnt: Counter({'39': 1790, '41': 490, '19': 468, '40': 434, '47': 364, '48': 360, '50': 354, '22': 345, '54': 219, '57': 210, '59': 209, '52': 199, '61': 190, '53': 187, '58': 184, '56': 176, '60': 168, '46': 159, '55': 79, '62': 75, '66': 34, '69': 33, '76': 23, '73': 18, '67': 16})
ThdID: 39, sumTotCnt: Counter({'19': 10952, '22': 9410, '39': 4165, '40': 3903, '41': 3746, '46': 1992, '47': 1778, '48': 1686, '50': 1531, '60': 945, '61': 896, '57': 892, '53': 891, '54': 887, '52': 874, '55': 854, '58': 849, '56': 848, '59': 847, '62': 456, '64': 257, '66': 196, '67': 189, '68': 104, '71': 76, '69': 75, '70': 74, '73': 69, '72': 68, '76': 64, '74': 64, '75': 47, '77': 44, '79': 43, '78': 43, '80': 37, '84': 33, '83': 26, '85': 25, '82': 21, '86': 19, '88': 8, '92': 7, '94': 5, '89': 4})
 - Calculated error matrix size: (40, 45).
 - Error matrix: [(0.04721030042918455, 0.15789473684210525, 0.2, 0.3333333333333333, -1, 0.0, 0.3333333333333333, 0.16666666666666666, 0.0, 0.0, 0.0, 0.0, 0.0, 0.0, 0.2631578947368421, 0.038461538461538464, 0.21739130434782608, -1, 0.09278350515463918, 0.0891089108910891, 0.0, 0.3333333333333333, -1, 0.0, 0.3333333333333333, 0.0, 0.0, 0.0, -1, 0.4, -1, 0.0, 0.0, 0.42574257425742573, 0.3333333333333333, 0.23076923076923078, 0.03088803088803089, 0.1111111111111111, 0.4090909090909091, 0.17391304347826086, 0.17073170731707318, 0.16666666666666666, 0.19230769230769232, 0.1111111111111111, -1), (0.02654867256637168, 0.26666666666666666, 0.16666666666666666, 0.14285714285714285, -1, 0.0, 0.5, 0.2, 0.0, -1, 0.0, -1, 0.0, 0.0, 0.13513513513513514, 0.07142857142857142, 0.19148936170212766, -1, 0.07228915662650602, 0.09090909090909091, 0.0, -1, 0.0, 0.0, -1, -1, 0.0, 0.0, -1, 0.3333333333333333, -1, 0.0, 0.0, 0.33695652173913043, 0.17647058823529413, 0.21052631578947367, 0.042105263157894736, 0.125, 0.0, 0.2647058823529412, 0.1891891891891892, 0.16666666666666666, 0.27586206896551724, 0.15, -1), (0.03365384615384615, 0.2631578947368421, 0.3333333333333333, 0.18181818181818182, -1, 0.0, 0.0, 0.0, 0.0, 0.0, 0.0, 0.0, 0.0, -1, 0.22916666666666666, 0.13333333333333333, 0.3125, -1, 0.07964601769911504, 0.11458333333333333, -1, 0.0, 0.0, 0.0, 0.6666666666666666, 0.0, 0.0, 0.0, -1, -1, 0.0, 0.0, 0.0, 0.35789473684210527, 0.17647058823529413, 0.3, 0.04498269896193772, 0.17857142857142858, 0.20588235294117646, 0.18518518518518517, 0.21212121212121213, 0.21428571428571427, 0.25, 0.06896551724137931, -1), (0.018779342723004695, 0.16129032258064516, 0.10526315789473684, 0.45454545454545453, -1, 0.0, 0.0, 0.0, 0.0, 0.0, -1, -1, -1, 0.0, 0.16666666666666666, 0.0392156862745098, 0.21951219512195122, -1, 0.1415929203539823, 0.09523809523809523, 0.0, 0.16666666666666666, 0.0, -1, 0.0, 0.0, -1, 0.0, -1, 0.25, -1, 0.0, 0.0, 0.5102040816326531, 0.2, 0.3888888888888889, 0.05862068965517241, 0.2, 0.2, 0.30434782608695654, 0.16129032258064516, 0.3157894736842105, 0.2903225806451613, 0.05263157894736842, -1), (0.03543307086614173, 0.23529411764705882, 0.2222222222222222, 0.23076923076923078, -1, 0.0, 0.0, 0.0, 0.0, 0.0, -1, -1, 0.0, 0.0, 0.21052631578947367, 0.09433962264150944, 0.3409090909090909, 0.0, 0.10989010989010989, 0.1794871794871795, 0.0, 0.0, 0.0, 0.0, 0.0, 0.0, 0.0, 0.0, -1, 0.75, -1, 0.0, -1, 0.4727272727272727, 0.23333333333333334, 0.3, 0.019305019305019305, 0.2413793103448276, 0.24, 0.3333333333333333, 0.20454545454545456, 0.2962962962962963, 0.15, 0.1, 0.0), (0.0425531914893617, 0.15789473684210525, 0.18181818181818182, 0.07142857142857142, -1, 0.0, 0.3333333333333333, 0.0, 0.0, 0.0, -1, 0.0, -1, 0.0, 0.16666666666666666, 0.1016949152542373, 0.1509433962264151, -1, 0.09375, 0.15789473684210525, 0.0, 0.6666666666666666, -1, 0.0, 0.0, 0.0, 0.0, 0.0, -1, 1.0, -1, -1, 0.0, 0.47368421052631576, 0.2222222222222222, 0.13636363636363635, 0.04669260700389105, 0.1935483870967742, 0.25, 0.2777777777777778, 0.2777777777777778, 0.1, 0.06666666666666667, 0.08333333333333333, -1), (0.03435114503816794, 0.18181818181818182, 0.25925925925925924, 0.25, -1, 0.0, 0.0, 0.0, 0.0, 0.0, 0.0, -1, 0.0, -1, 0.2127659574468085, 0.0784313725490196, 0.16666666666666666, 0.0, 0.13043478260869565, 0.12359550561797752, -1, 1.0, 0.0, -1, 0.0, -1, 0.0, 0.0, -1, 0.5, -1, 0.0, 0.0, 0.4636363636363636, 0.15789473684210525, 0.26666666666666666, 0.032, 0.22727272727272727, 0.32, 0.17391304347826086, 0.24390243902439024, 0.09090909090909091, 0.125, 0.07142857142857142, 0.0), (0.04741379310344827, 0.25, 0.35294117647058826, 0.4166666666666667, 0.0, 0.0, 0.3333333333333333, 0.0, 0.0, -1, -1, 0.0, 0.0, -1, 0.275, 0.046511627906976744, 0.3125, 0.0, 0.13725490196078433, 0.12612612612612611, -1, 0.5, -1, 0.0, 0.5, 0.0, 0.0, 0.0, -1, 0.0, 0.0, 0.0, 0.0, 0.40816326530612246, 0.125, 0.14285714285714285, 0.025179856115107913, 0.45454545454545453, 0.2, 0.2916666666666667, 0.21951219512195122, 0.2608695652173913, 0.42105263157894735, 0.0, -1), (0.02242152466367713, 0.16666666666666666, 0.19230769230769232, 0.18181818181818182, -1, 0.0, 0.3333333333333333, 0.0, 0.0, 0.0, 0.0, -1, -1, 0.0, 0.27586206896551724, 0.057692307692307696, 0.14285714285714285, -1, 0.15384615384615385, 0.08181818181818182, 0.0, 0.0, 0.0, -1, -1, 0.0, 0.0, 0.0, -1, 0.0, -1, 0.0, -1, 0.40540540540540543, 0.22727272727272727, 0.1111111111111111, 0.051470588235294115, 0.38461538461538464, 0.3333333333333333, 0.13636363636363635, 0.23529411764705882, 0.30434782608695654, 0.23076923076923078, 0.0, -1), (0.04184100418410042, 0.17647058823529413, 0.23076923076923078, 0.2, -1, 0.0, 0.3333333333333333, 0.0, 0.0, -1, 0.0, -1, -1, 0.0, 0.041666666666666664, 0.043478260869565216, 0.11627906976744186, -1, 0.1262135922330097, 0.12359550561797752, 0.0, 0.3333333333333333, 0.0, 0.0, -1, 0.0, 0.0, 0.0, 0.0, 0.0, -1, 0.0, -1, 0.4537037037037037, 0.15789473684210525, 0.2222222222222222, 0.057034220532319393, 0.2727272727272727, 0.2222222222222222, 0.13333333333333333, 0.30952380952380953, 0.25, 0.38095238095238093, 0.08333333333333333, -1), (0.030973451327433628, 0.28, 0.1111111111111111, 0.09090909090909091, -1, 0.0, 0.2857142857142857, 0.0, 0.0, 0.0, -1, -1, 0.0, 0.0, 0.20833333333333334, 0.12, 0.18421052631578946, 0.0, 0.10576923076923077, 0.19480519480519481, -1, 0.6666666666666666, 0.0, 0.0, 0.5, 0.0, 0.0, -1, -1, -1, -1, 0.0, 0.0, 0.4326923076923077, 0.21739130434782608, 0.1, 0.04814814814814815, 0.17647058823529413, 0.13636363636363635, 0.21739130434782608, 0.3170731707317073, 0.2, 0.08333333333333333, 0.0, -1), (0.044444444444444446, 0.16, 0.2857142857142857, 0.15384615384615385, -1, 0.0, 0.2, 0.0, 0.0, -1, -1, 0.0, 0.0, -1, 0.13636363636363635, 0.02, 0.2641509433962264, -1, 0.0891089108910891, 0.12244897959183673, 0.0, 0.0, 0.0, 0.0, 0.5, 0.0, -1, 0.0, -1, 1.0, -1, 0.0, 0.0, 0.40860215053763443, 0.3333333333333333, 0.3793103448275862, 0.051470588235294115, 0.16, 0.16, 0.3181818181818182, 0.3939393939393939, 0.2608695652173913, 0.25925925925925924, 0.07142857142857142, -1), (0.04954954954954955, 0.0967741935483871, 0.21739130434782608, 0.42857142857142855, -1, 0.0, 0.16666666666666666, 0.0, 0.0, 0.0, 0.0, -1, 0.0, 0.0, 0.3225806451612903, 0.08771929824561403, 0.2, 0.0, 0.16455696202531644, 0.13592233009708737, 0.0, 0.0, 0.0, 0.0, -1, 0.0, 0.0, 0.0, -1, 0.5, -1, -1, -1, 0.44329896907216493, 0.17391304347826086, 0.0, 0.04797047970479705, 0.25, 0.1, 0.17857142857142858, 0.24489795918367346, 0.17857142857142858, 0.19230769230769232, 0.07692307692307693, -1), (0.03070175438596491, 0.1935483870967742, 0.16666666666666666, 0.14285714285714285, -1, 0.0, 0.42857142857142855, 0.0, -1, -1, 0.0, 0.0, 0.0, 0.0, 0.21428571428571427, 0.05405405405405406, 0.14893617021276595, 0.0, 0.07368421052631578, 0.15217391304347827, -1, -1, -1, 0.0, 0.0, 0.0, 0.0, -1, -1, 1.0, -1, -1, 0.0, 0.4435483870967742, 0.3181818181818182, 0.1724137931034483, 0.046762589928057555, 0.38095238095238093, 0.3333333333333333, 0.15, 0.23076923076923078, 0.2, 0.19047619047619047, 0.0, -1), (0.03361344537815126, 0.21428571428571427, 0.18181818181818182, 0.21428571428571427, -1, 0.0, 0.0, 0.0, 0.0, -1, 0.0, -1, 0.0, -1, 0.2558139534883721, 0.1016949152542373, 0.13043478260869565, -1, 0.11504424778761062, 0.1511627906976744, -1, -1, -1, 0.0, 0.5, 0.0, -1, 0.0, -1, 0.5, -1, 0.0, 0.0, 0.46153846153846156, 0.15384615384615385, 0.2857142857142857, 0.02734375, 0.19047619047619047, 0.32, 0.045454545454545456, 0.23809523809523808, 0.16666666666666666, 0.2857142857142857, 0.15789473684210525, -1), (0.034482758620689655, 0.0, 0.15, 0.0, -1, 0.0, 0.125, 0.5, 0.0, 0.0, -1, 0.0, -1, -1, 0.24489795918367346, 0.061224489795918366, 0.24444444444444444, 0.0, 0.15, 0.11764705882352941, -1, 0.2, -1, 0.0, 0.0, 0.0, 0.0, 0.0, -1, 0.0, 0.0, 0.0, 0.0, 0.3707865168539326, 0.17391304347826086, 0.21428571428571427, 0.03409090909090909, 0.21052631578947367, 0.37037037037037035, 0.2, 0.2, 0.21052631578947367, 0.23076923076923078, 0.05263157894736842, -1), (0.02040816326530612, 0.13043478260869565, 0.28, 0.0, -1, 0.0, 0.375, 0.1111111111111111, 0.0, 0.0, -1, 0.0, -1, -1, 0.2222222222222222, 0.09090909090909091, 0.17647058823529413, -1, 0.11827956989247312, 0.10833333333333334, 0.0, 0.0, -1, 0.0, 0.5, 0.0, -1, 0.0, 0.0, 0.5, -1, 0.0, -1, 0.41346153846153844, 0.35714285714285715, 0.3076923076923077, 0.03816793893129771, 0.22727272727272727, 0.34615384615384615, 0.16, 0.16129032258064516, 0.35, 0.08333333333333333, 0.11538461538461539, 0.0), (0.0379746835443038, 0.13333333333333333, 0.25, 0.0, -1, 0.0, 0.125, 0.0, 0.0, -1, -1, 0.0, 0.0, -1, 0.29545454545454547, 0.038461538461538464, 0.2857142857142857, -1, 0.08247422680412371, 0.16853932584269662, 0.0, -1, 0.0, 0.0, 0.0, 0.0, 0.0, 0.0, -1, 0.5, -1, -1, 0.0, 0.3917525773195876, 0.21052631578947367, 0.19047619047619047, 0.043010752688172046, 0.125, 0.15789473684210525, 0.1875, 0.17073170731707318, 0.125, 0.18518518518518517, 0.1, -1), (0.04878048780487805, 0.13793103448275862, 0.19230769230769232, 0.07142857142857142, -1, 0.0, 0.0, 0.3333333333333333, 0.0, -1, 0.0, 0.0, -1, -1, 0.2558139534883721, 0.12195121951219512, 0.3125, -1, 0.11224489795918367, 0.16842105263157894, 0.0, -1, -1, 0.0, 0.5, -1, 0.0, 0.0, -1, -1, 0.0, 0.0, 0.0, 0.4224137931034483, 0.2777777777777778, 0.23076923076923078, 0.06349206349206349, 0.25, 0.4117647058823529, 0.19047619047619047, 0.09803921568627451, 0.2608695652173913, 0.08333333333333333, 0.058823529411764705, -1), (0.017857142857142856, 0.2571428571428571, 0.11764705882352941, 0.0625, -1, 0.0, 0.25, 0.3333333333333333, 0.0, 0.0, -1, 0.0, 0.0, 0.0, 0.1346153846153846, 0.020833333333333332, 0.24242424242424243, 0.0, 0.07476635514018691, 0.10784313725490197, 0.0, 0.0, 0.0, 0.0, 0.0, -1, 0.0, -1, -1, 0.5, -1, 0.0, 0.0, 0.42424242424242425, 0.5172413793103449, 0.3, 0.040740740740740744, 0.20833333333333334, 0.15789473684210525, 0.21428571428571427, 0.20930232558139536, 0.0, 0.2, 0.09523809523809523, 0.0), (0.05327868852459016, 0.19047619047619047, 0.2916666666666667, 0.0, -1, 0.0, 0.14285714285714285, 0.0, 0.0, -1, 0.0, -1, 0.0, -1, 0.375, 0.12, 0.21428571428571427, 0.0, 0.12871287128712872, 0.15, 0.0, 0.0, 0.0, 0.0, 0.0, 0.0, 0.0, -1, -1, 0.0, -1, 0.0, -1, 0.3211009174311927, 0.2916666666666667, 0.2608695652173913, 0.03832752613240418, 0.25, 0.05555555555555555, 0.22727272727272727, 0.24324324324324326, 0.25, 0.16, 0.15, -1), (0.04054054054054054, 0.13043478260869565, 0.21428571428571427, 0.18181818181818182, -1, 0.0, 0.0, 0.0, 0.0, 0.0, 0.0, -1, -1, -1, 0.1956521739130435, 0.10909090909090909, 0.21428571428571427, -1, 0.13829787234042554, 0.19767441860465115, -1, 1.0, -1, 0.0, 0.75, 0.0, 0.0, 0.0, -1, 0.0, -1, -1, -1, 0.4418604651162791, 0.21739130434782608, 0.25925925925925924, 0.0473186119873817, 0.17391304347826086, 0.22727272727272727, 0.2727272727272727, 0.3125, 0.21052631578947367, 0.23076923076923078, 0.0, 0.0), (0.03862660944206009, 0.14285714285714285, 0.12, 0.25, -1, 0.0, 0.4, 0.0, 0.0, -1, -1, -1, -1, -1, 0.1891891891891892, 0.08771929824561403, 0.1346153846153846, 0.0, 0.07228915662650602, 0.08823529411764706, 0.0, 0.0, -1, 0.0, 0.3333333333333333, -1, 0.0, 0.0, -1, 1.0, -1, 0.0, 0.0, 0.39655172413793105, 0.45, 0.13043478260869565, 0.04597701149425287, 0.4166666666666667, 0.23076923076923078, 0.19047619047619047, 0.25806451612903225, 0.1111111111111111, 0.2608695652173913, 0.1, -1), (0.04230769230769231, 0.047619047619047616, 0.0625, 0.0, -1, 0.0, 0.2, 0.0, 0.0, -1, -1, -1, 0.0, -1, 0.1951219512195122, 0.08, 0.17647058823529413, -1, 0.10679611650485436, 0.14583333333333334, 0.0, -1, 0.0, 0.0, -1, -1, 0.0, 0.0, 0.0, 0.25, -1, 0.0, -1, 0.36893203883495146, 0.3, 0.0625, 0.045936395759717315, 0.3125, 0.0967741935483871, 0.35, 0.2631578947368421, 0.19230769230769232, 0.09090909090909091, 0.2, -1), (0.048, 0.15384615384615385, 0.23809523809523808, 0.125, -1, 0.0, 0.0, 0.0, 0.0, 0.0, -1, 0.0, -1, 0.0, 0.1891891891891892, 0.15, 0.14634146341463414, 0.0, 0.07368421052631578, 0.11578947368421053, 0.0, 0.0, -1, 0.0, 0.0, 0.0, 0.0, 0.0, 0.0, 0.8, -1, -1, 0.0, 0.46153846153846156, 0.21739130434782608, 0.17391304347826086, 0.037800687285223365, 0.23529411764705882, 0.09090909090909091, 0.14285714285714285, 0.2619047619047619, 0.21052631578947367, 0.21739130434782608, 0.23529411764705882, 0.0), (0.027131782945736434, 0.18518518518518517, 0.2, 0.3333333333333333, -1, 0.0, 0.5, 0.0, 0.0, -1, 0.0, -1, -1, -1, 0.3235294117647059, 0.125, 0.1702127659574468, -1, 0.11956521739130435, 0.11842105263157894, -1, 0.3333333333333333, 0.0, -1, 0.4, 0.0, 0.0, 0.0, -1, 0.0, -1, 0.0, 0.0, 0.5, 0.17647058823529413, 0.11764705882352941, 0.041666666666666664, 0.15, 0.2222222222222222, 0.13043478260869565, 0.1956521739130435, 0.2692307692307692, 0.3684210526315789, 0.043478260869565216, -1), (0.038135593220338986, 0.2916666666666667, 0.3333333333333333, 0.1111111111111111, -1, 0.0, 0.16666666666666666, 0.3333333333333333, 0.0, 0.0, 0.0, 0.0, -1, -1, 0.20930232558139536, 0.15384615384615385, 0.2653061224489796, 0.0, 0.09900990099009901, 0.1276595744680851, -1, 0.75, 0.0, 0.0, 0.0, 0.0, 0.0, 0.0, -1, 0.5, -1, 0.0, 0.0, 0.43956043956043955, 0.3125, 0.36666666666666664, 0.04710144927536232, 0.19047619047619047, 0.3684210526315789, 0.35294117647058826, 0.38095238095238093, 0.4, 0.08695652173913043, 0.1, 0.0), (0.02702702702702703, 0.25, 0.24, 0.0, -1, 0.0, 0.0, 0.0, 0.0, -1, -1, -1, 0.0, 0.0, 0.1276595744680851, 0.10909090909090909, 0.24489795918367346, 0.0, 0.07207207207207207, 0.18888888888888888, -1, 0.5, 0.0, 0.0, 0.5, -1, 0.0, 0.0, -1, 0.0, -1, 0.0, 0.0, 0.45454545454545453, 0.13333333333333333, 0.1875, 0.03806228373702422, 0.05263157894736842, 0.2727272727272727, 0.17857142857142858, 0.23529411764705882, 0.14814814814814814, 0.21052631578947367, 0.21739130434782608, -1), (0.02242152466367713, 0.047619047619047616, 0.17647058823529413, 0.3333333333333333, 0.0, 0.0, 0.2857142857142857, 0.2857142857142857, 0.0, -1, 0.0, 0.0, -1, 0.0, 0.18604651162790697, 0.07142857142857142, 0.25, 0.0, 0.14285714285714285, 0.20481927710843373, 0.0, -1, -1, -1, 0.0, 0.0, 0.0, 0.0, -1, 1.0, -1, 0.0, 0.0, 0.4824561403508772, 0.21739130434782608, 0.2727272727272727, 0.05574912891986063, 0.3333333333333333, 0.16666666666666666, 0.1875, 0.1702127659574468, 0.21428571428571427, 0.2962962962962963, 0.058823529411764705, -1), (0.06666666666666667, 0.32, 0.3181818181818182, 0.1111111111111111, -1, 0.0, 0.0, 0.0, 0.0, 0.0, 0.0, 0.0, 0.0, -1, 0.25806451612903225, 0.03076923076923077, 0.22727272727272727, -1, 0.11926605504587157, 0.10465116279069768, 0.0, 0.5, 0.0, 0.0, 0.0, 0.0, 0.0, -1, 0.0, 0.0, -1, 0.0, -1, 0.46788990825688076, 0.125, 0.13636363636363635, 0.0546875, 0.25925925925925924, 0.13043478260869565, 0.23809523809523808, 0.17777777777777778, 0.19230769230769232, 0.29411764705882354, 0.07142857142857142, -1), (0.03225806451612903, 0.16666666666666666, 0.05, 0.1111111111111111, -1, 0.0, 0.0, 0.0, 0.0, -1, 0.0, -1, -1, -1, 0.07407407407407407, 0.10606060606060606, 0.2553191489361702, -1, 0.11956521739130435, 0.09900990099009901, 0.0, -1, -1, 0.0, 0.0, 0.0, 0.0, 0.0, -1, 0.0, -1, 0.0, -1, 0.44565217391304346, 0.26666666666666666, 0.2413793103448276, 0.033707865168539325, 0.3, 0.30434782608695654, 0.22727272727272727, 0.37142857142857144, 0.21052631578947367, 0.0967741935483871, 0.06666666666666667, -1), (0.025974025974025976, 0.2608695652173913, 0.21212121212121213, 0.2, -1, 0.0, 0.0, 0.0, 0.0, 0.0, 0.0, -1, -1, 0.0, 0.20930232558139536, 0.02, 0.20930232558139536, -1, 0.17142857142857143, 0.1875, 0.0, -1, -1, 0.0, 0.0, 0.0, 0.0, 0.0, -1, -1, -1, -1, -1, 0.47115384615384615, 0.16, 0.1111111111111111, 0.03169014084507042, 0.5, 0.10526315789473684, 0.35294117647058826, 0.2222222222222222, 0.13636363636363635, 0.4782608695652174, 0.08695652173913043, -1), (0.046218487394957986, 0.13793103448275862, 0.22727272727272727, 0.1, 0.0, 0.0, 0.14285714285714285, 0.0, 0.0, 0.0, 0.0, -1, -1, -1, 0.1, 0.0851063829787234, 0.12195121951219512, 0.0, 0.10843373493975904, 0.14634146341463414, 0.0, 0.0, -1, 0.0, 0.5, -1, 0.0, 0.0, -1, 0.5, -1, 0.0, 0.0, 0.4649122807017544, 0.08333333333333333, 0.22727272727272727, 0.05442176870748299, 0.16, 0.375, 0.19230769230769232, 0.3548387096774194, 0.3333333333333333, 0.29411764705882354, 0.045454545454545456, -1), (0.043668122270742356, 0.15384615384615385, 0.19047619047619047, 0.07692307692307693, -1, 0.0, 0.25, 0.2, 0.0, -1, 0.0, -1, -1, -1, 0.2647058823529412, 0.01694915254237288, 0.12903225806451613, -1, 0.1076923076923077, 0.15053763440860216, 0.0, 1.0, 0.0, -1, -1, 0.0, -1, 0.0, -1, 0.0, -1, 0.0, 0.0, 0.49586776859504134, 0.30434782608695654, 0.17647058823529413, 0.03383458646616541, 0.4642857142857143, 0.20833333333333334, 0.16666666666666666, 0.23333333333333334, 0.19047619047619047, 0.28, 0.125, -1), (0.02880658436213992, 0.5238095238095238, 0.32, 0.3333333333333333, -1, 0.0, 0.0, 0.16666666666666666, 0.0, 0.0, 0.0, -1, 0.0, 0.0, 0.2653061224489796, 0.075, 0.24528301886792453, 0.0, 0.07920792079207921, 0.16304347826086957, 0.0, 0.5, -1, 0.0, 0.0, 0.0, -1, 0.0, -1, -1, 0.0, -1, -1, 0.37383177570093457, 0.18181818181818182, 0.2, 0.043795620437956206, 0.2, 0.125, 0.23529411764705882, 0.3870967741935484, 0.25, 0.2777777777777778, 0.16666666666666666, -1), (0.04897959183673469, 0.18518518518518517, 0.2727272727272727, 0.1, -1, 0.0, 0.0, 0.14285714285714285, 0.0, -1, -1, 0.0, -1, 0.0, 0.21428571428571427, 0.08888888888888889, 0.1896551724137931, -1, 0.10112359550561797, 0.15841584158415842, 0.0, 0.0, 0.0, 0.0, 0.0, 0.0, 0.0, 0.0, -1, 1.0, -1, -1, -1, 0.44, 0.4444444444444444, 0.3333333333333333, 0.05405405405405406, 0.20833333333333334, 0.2727272727272727, 0.18181818181818182, 0.11904761904761904, 0.21428571428571427, 0.29411764705882354, 0.1875, 0.0), (0.042735042735042736, 0.07692307692307693, 0.125, 0.0, -1, 0.0, 0.0, 0.2, -1, 0.0, -1, -1, 0.0, 0.0, 0.15789473684210525, 0.1111111111111111, 0.10256410256410256, 0.0, 0.13580246913580246, 0.06818181818181818, 0.0, 0.6666666666666666, 0.0, 0.0, 0.3333333333333333, 0.0, 0.0, 0.0, 0.0, 0.5, -1, -1, 0.0, 0.4351851851851852, 0.19230769230769232, 0.1, 0.03942652329749104, 0.22727272727272727, 0.25, 0.2222222222222222, 0.24324324324324326, 0.21428571428571427, 0.43478260869565216, 0.045454545454545456, -1), (0.02681992337164751, 0.1, 0.12, 0.2727272727272727, -1, 0.0, 0.0, 0.14285714285714285, 0.0, 0.0, 0.0, -1, 0.0, 0.0, 0.22727272727272727, 0.09523809523809523, 0.20408163265306123, -1, 0.08433734939759036, 0.09090909090909091, 0.0, -1, 0.0, 0.0, -1, 0.0, 0.0, 0.0, 0.0, 1.0, -1, 0.0, -1, 0.3893805309734513, 0.39285714285714285, 0.2, 0.03529411764705882, 0.3125, 0.4230769230769231, 0.15, 0.24242424242424243, 0.25, 0.17391304347826086, 0.15384615384615385, -1), (0.030042918454935622, 0.05555555555555555, 0.3076923076923077, 0.08333333333333333, -1, 0.0, 0.16666666666666666, 0.125, 0.0, -1, 0.0, 0.0, 0.0, -1, 0.24444444444444444, 0.047619047619047616, 0.125, -1, 0.0970873786407767, 0.10891089108910891, 0.0, 0.0, 0.0, -1, 0.0, 0.0, 0.0, -1, -1, 0.0, -1, 0.0, 0.0, 0.46078431372549017, 0.13043478260869565, 0.1111111111111111, 0.031141868512110725, 0.25, 0.2916666666666667, 0.08333333333333333, 0.13513513513513514, 0.1875, 0.17647058823529413, 0.1, -1), (0.03292181069958848, 0.05, 0.18181818181818182, 0.125, -1, 0.0, 0.0, 0.2, -1, -1, 0.0, -1, 0.0, -1, 0.24390243902439024, 0.12, 0.14285714285714285, 0.0, 0.16049382716049382, 0.07, -1, 1.0, 0.0, 0.0, -1, -1, -1, -1, -1, 0.0, -1, 0.0, -1, 0.33620689655172414, 0.36363636363636365, 0.2608695652173913, 0.04697986577181208, 0.19047619047619047, 0.25, 0.17391304347826086, 0.10256410256410256, 0.15789473684210525, 0.2, 0.10526315789473684, -1)]
 - Error break down:
Traceback (most recent call last):
  File "translate.py", line 563, in <module>
    tf.app.run()
  File "/software/software/tensorflow/0.10.0-foss-2016a-Python-2.7.11/lib/python2.7/site-packages/tensorflow/python/platform/app.py", line 30, in run
    sys.exit(main(sys.argv))
  File "translate.py", line 557, in main
    evaluate()
  File "translate.py", line 523, in evaluate
    print("   + Tag: {0} has error rate: {1} ({2} out of {3})".format(sym_dic[tag],val,e_val,t_val))
TypeError: 'enumerate' object has no attribute '__getitem__'
