Reading model parameters from ../models/chkpnt_009/translate.ckpt-6000
Started evaluating model on test data.
Started thread 0 with 1000 records.
Started thread 1 with 1000 records.
Started thread 2 with 1000 records.
Started thread 3 with 1000 records.
Started thread 4 with 1000 records.
Started thread 5 with 1000 records.
Started thread 6 with 1000 records.
Started thread 7 with 1000 records.
Started thread 8 with 1000 records.
Started thread 9 with 1000 records.
Started thread 10 with 1000 records.
Started thread 11 with 1000 records.
Started thread 12 with 1000 records.
Started thread 13 with 1000 records.
Started thread 14 with 1000 records.
Started thread 15 with 1000 records.
Started thread 16 with 1000 records.
Started thread 17 with 1000 records.
Started thread 18 with 1000 records.
Started thread 19 with 1000 records.
Started thread 20 with 1000 records.
Started thread 21 with 1000 records.
Started thread 22 with 1000 records.
Started thread 23 with 1000 records.
Started thread 24 with 1000 records.
Started thread 25 with 1000 records.
Started thread 26 with 1000 records.
Started thread 27 with 1000 records.
Started thread 28 with 1000 records.
Started thread 29 with 1000 records.
Started thread 30 with 1000 records.
Started thread 31 with 1000 records.
Started thread 32 with 1000 records.
Started thread 33 with 1000 records.
Started thread 34 with 1000 records.
Started thread 35 with 1000 records.
Started thread 36 with 1000 records.
Started thread 37 with 1000 records.
Started thread 38 with 1000 records.
Started thread 39 with 1000 records.
Started thread 40 with 1000 records.
Started thread 41 with 1000 records.
Started thread 42 with 1000 records.
Started thread 43 with 1000 records.
Started thread 44 with 1000 records.
Started thread 45 with 1000 records.
Started thread 46 with 1000 records.
Started thread 47 with 1000 records.
Started thread 48 with 1000 records.
Started thread 49 with 1000 records.
Evaluator 28 processed 1000 recs.
Evaluator: 28 finished. Result: 962.0 correct out of 1000
Evaluator 5 processed 1000 recs.
Evaluator: 5 finished. Result: 943.0 correct out of 1000
Evaluator 2 processed 1000 recs.
Evaluator: 2 finished. Result: 959.0 correct out of 1000
Evaluator 37 processed 1000 recs.
Evaluator: 37 finished. Result: 955.0 correct out of 1000
Evaluator 8 processed 1000 recs.
Evaluator: 8 finished. Result: 957.0 correct out of 1000
Evaluator 23 processed 1000 recs.
Evaluator: 23 finished. Result: 950.0 correct out of 1000
Evaluator 44 processed 1000 recs.
Evaluator: 44 finished. Result: 959.0 correct out of 1000
Evaluator 7 processed 1000 recs.
Evaluator: 7 finished. Result: 953.0 correct out of 1000
Evaluator 41 processed 1000 recs.
Evaluator: 41 finished. Result: 961.0 correct out of 1000
Evaluator 27 processed 1000 recs.
Evaluator: 27 finished. Result: 948.0 correct out of 1000
Evaluator 26 processed 1000 recs.
Evaluator: 26 finished. Result: 965.0 correct out of 1000
Evaluator 48 processed 1000 recs.
Evaluator: 48 finished. Result: 939.0 correct out of 1000
Evaluator 49 processed 1000 recs.
Evaluator: 49 finished. Result: 961.0 correct out of 1000
Evaluator 3 processed 1000 recs.
Evaluator: 3 finished. Result: 958.0 correct out of 1000
Evaluator 33 processed 1000 recs.
Evaluator: 33 finished. Result: 953.0 correct out of 1000
Evaluator 13 processed 1000 recs.
Evaluator: 13 finished. Result: 953.0 correct out of 1000
Evaluator 29 processed 1000 recs.
Evaluator: 29 finished. Result: 966.0 correct out of 1000
Evaluator 45 processed 1000 recs.
Evaluator: 45 finished. Result: 951.0 correct out of 1000
Evaluator 43 processed 1000 recs.
Evaluator: 43 finished. Result: 947.0 correct out of 1000
Evaluator 21 processed 1000 recs.
Evaluator: 21 finished. Result: 944.0 correct out of 1000
Evaluator 42 processed 1000 recs.
Evaluator: 42 finished. Result: 957.0 correct out of 1000
Evaluator 20 processed 1000 recs.
Evaluator: 20 finished. Result: 958.0 correct out of 1000
Evaluator 12 processed 1000 recs.
Evaluator: 12 finished. Result: 944.0 correct out of 1000
Evaluator 39 processed 1000 recs.
Evaluator: 39 finished. Result: 946.0 correct out of 1000
Evaluator 47 processed 1000 recs.
Evaluator: 47 finished. Result: 938.0 correct out of 1000
Evaluator 36 processed 1000 recs.
Evaluator: 36 finished. Result: 950.0 correct out of 1000
Evaluator 24 processed 1000 recs.
Evaluator: 24 finished. Result: 953.0 correct out of 1000
Evaluator 6 processed 1000 recs.
Evaluator: 6 finished. Result: 943.0 correct out of 1000
Evaluator 10 processed 1000 recs.
Evaluator: 10 finished. Result: 964.0 correct out of 1000
Evaluator 15 processed 1000 recs.
Evaluator: 15 finished. Result: 947.0 correct out of 1000
Evaluator 1 processed 1000 recs.
Evaluator: 1 finished. Result: 955.0 correct out of 1000
Evaluator 35 processed 1000 recs.
Evaluator: 35 finished. Result: 940.0 correct out of 1000
Evaluator 38 processed 1000 recs.
Evaluator: 38 finished. Result: 953.0 correct out of 1000
Evaluator 25 processed 1000 recs.
Evaluator: 25 finished. Result: 951.0 correct out of 1000
Evaluator 18 processed 1000 recs.
Evaluator: 18 finished. Result: 953.0 correct out of 1000
Evaluator 22 processed 1000 recs.
Evaluator: 22 finished. Result: 950.0 correct out of 1000
Evaluator 30 processed 1000 recs.
Evaluator: 30 finished. Result: 951.0 correct out of 1000
Evaluator 14 processed 1000 recs.
Evaluator: 14 finished. Result: 957.0 correct out of 1000
Evaluator 40 processed 1000 recs.
Evaluator: 40 finished. Result: 948.0 correct out of 1000
Evaluator 32 processed 1000 recs.
Evaluator: 32 finished. Result: 949.0 correct out of 1000
Evaluator 16 processed 1000 recs.
Evaluator: 16 finished. Result: 954.0 correct out of 1000
Evaluator 4 processed 1000 recs.
Evaluator: 4 finished. Result: 966.0 correct out of 1000
Evaluator 11 processed 1000 recs.
Evaluator: 11 finished. Result: 949.0 correct out of 1000
Evaluator 9 processed 1000 recs.
Evaluator: 9 finished. Result: 952.0 correct out of 1000
Evaluator 34 processed 1000 recs.
Evaluator: 34 finished. Result: 958.0 correct out of 1000
Evaluator 46 processed 1000 recs.
Evaluator: 46 finished. Result: 952.0 correct out of 1000
Evaluator 31 processed 1000 recs.
Evaluator: 31 finished. Result: 951.0 correct out of 1000
Evaluator 19 processed 1000 recs.
Evaluator: 19 finished. Result: 966.0 correct out of 1000
Evaluator 17 processed 1000 recs.
Evaluator: 17 finished. Result: 962.0 correct out of 1000
Evaluator 0 processed 1000 recs.
Evaluator: 0 finished. Result: 940.0 correct out of 1000
[[  940.  1000.]
 [  955.  1000.]
 [  959.  1000.]
 [  958.  1000.]
 [  966.  1000.]
 [  943.  1000.]
 [  943.  1000.]
 [  953.  1000.]
 [  957.  1000.]
 [  952.  1000.]
 [  964.  1000.]
 [  949.  1000.]
 [  944.  1000.]
 [  953.  1000.]
 [  957.  1000.]
 [  947.  1000.]
 [  954.  1000.]
 [  962.  1000.]
 [  953.  1000.]
 [  966.  1000.]
 [  958.  1000.]
 [  944.  1000.]
 [  950.  1000.]
 [  950.  1000.]
 [  953.  1000.]
 [  951.  1000.]
 [  965.  1000.]
 [  948.  1000.]
 [  962.  1000.]
 [  966.  1000.]
 [  951.  1000.]
 [  951.  1000.]
 [  949.  1000.]
 [  953.  1000.]
 [  958.  1000.]
 [  940.  1000.]
 [  950.  1000.]
 [  955.  1000.]
 [  953.  1000.]
 [  946.  1000.]
 [  948.  1000.]
 [  961.  1000.]
 [  957.  1000.]
 [  947.  1000.]
 [  959.  1000.]
 [  951.  1000.]
 [  952.  1000.]
 [  938.  1000.]
 [  939.  1000.]
 [  961.  1000.]]
Sum: [ 47641.  50000.]
correct: 47641.0 out of 50000.0
Accuracy: 0.95282
