Reading model parameters from ../models/chkpnt_011/translate.ckpt-20800
Started evaluating model on test data.
Started thread 0 with 1250 records.
Started thread 1 with 1250 records.
Started thread 2 with 1250 records.
Started thread 3 with 1250 records.
Started thread 4 with 1250 records.
Started thread 5 with 1250 records.
Started thread 6 with 1250 records.
Started thread 7 with 1250 records.
Started thread 8 with 1250 records.
Started thread 9 with 1250 records.
Started thread 10 with 1250 records.
Started thread 11 with 1250 records.
Started thread 12 with 1250 records.
Started thread 13 with 1250 records.
Started thread 14 with 1250 records.
Started thread 15 with 1250 records.
Started thread 16 with 1250 records.
Started thread 17 with 1250 records.
Started thread 18 with 1250 records.
Started thread 19 with 1250 records.
Started thread 20 with 1250 records.
Started thread 21 with 1250 records.
Started thread 22 with 1250 records.
Started thread 23 with 1250 records.
Started thread 24 with 1250 records.
Started thread 25 with 1250 records.
Started thread 26 with 1250 records.
Started thread 27 with 1250 records.
Started thread 28 with 1250 records.
Started thread 29 with 1250 records.
Started thread 30 with 1250 records.
Started thread 31 with 1250 records.
Started thread 32 with 1250 records.
Started thread 33 with 1250 records.
Started thread 34 with 1250 records.
Started thread 35 with 1250 records.
Started thread 36 with 1250 records.
Started thread 37 with 1250 records.
Started thread 38 with 1250 records.
Started thread 39 with 1250 records.
Evaluator 2 processed 1000 recs.
Evaluator 31 processed 1000 recs.
Evaluator 19 processed 1000 recs.
Evaluator 14 processed 1000 recs.
Evaluator 25 processed 1000 recs.
Evaluator 0 processed 1000 recs.
Evaluator 3 processed 1000 recs.
Evaluator 33 processed 1000 recs.
Evaluator 1 processed 1000 recs.
Evaluator 12 processed 1000 recs.
Evaluator 32 processed 1000 recs.
Evaluator 17 processed 1000 recs.
Evaluator 4 processed 1000 recs.
Evaluator 9 processed 1000 recs.
Evaluator 36 processed 1000 recs.
Evaluator 5 processed 1000 recs.
Evaluator 7 processed 1000 recs.
Evaluator 38 processed 1000 recs.
Evaluator 10 processed 1000 recs.
Evaluator 39 processed 1000 recs.
Evaluator 27 processed 1000 recs.
Evaluator 34 processed 1000 recs.
Evaluator 30 processed 1000 recs.
Evaluator 15 processed 1000 recs.
Evaluator 18 processed 1000 recs.
Evaluator 11 processed 1000 recs.
Evaluator 29 processed 1000 recs.
Evaluator: 2 finished. Result: 1135.0 correct out of 1250
Evaluator 20 processed 1000 recs.
Evaluator 24 processed 1000 recs.
Evaluator 6 processed 1000 recs.
Evaluator 8 processed 1000 recs.
Evaluator 22 processed 1000 recs.
Evaluator 13 processed 1000 recs.
Evaluator 26 processed 1000 recs.
Evaluator 23 processed 1000 recs.
Evaluator: 31 finished. Result: 1118.0 correct out of 1250
Evaluator 35 processed 1000 recs.
Evaluator: 19 finished. Result: 1121.0 correct out of 1250
Evaluator 16 processed 1000 recs.
Evaluator 37 processed 1000 recs.
Evaluator 28 processed 1000 recs.
Evaluator 21 processed 1000 recs.
Evaluator: 14 finished. Result: 1142.0 correct out of 1250
Evaluator: 33 finished. Result: 1133.0 correct out of 1250
Evaluator: 25 finished. Result: 1139.0 correct out of 1250
Evaluator: 0 finished. Result: 1132.0 correct out of 1250
Evaluator: 12 finished. Result: 1132.0 correct out of 1250
Evaluator: 3 finished. Result: 1123.0 correct out of 1250
Evaluator: 32 finished. Result: 1140.0 correct out of 1250
Evaluator: 1 finished. Result: 1138.0 correct out of 1250
Evaluator: 4 finished. Result: 1141.0 correct out of 1250
Evaluator: 17 finished. Result: 1126.0 correct out of 1250
Evaluator: 36 finished. Result: 1132.0 correct out of 1250
Evaluator: 9 finished. Result: 1125.0 correct out of 1250
Evaluator: 5 finished. Result: 1131.0 correct out of 1250
Evaluator: 10 finished. Result: 1127.0 correct out of 1250
Evaluator: 7 finished. Result: 1121.0 correct out of 1250
Evaluator: 39 finished. Result: 1134.0 correct out of 1250
Evaluator: 27 finished. Result: 1145.0 correct out of 1250
Evaluator: 38 finished. Result: 1149.0 correct out of 1250
Evaluator: 34 finished. Result: 1137.0 correct out of 1250
Evaluator: 30 finished. Result: 1134.0 correct out of 1250
Evaluator: 18 finished. Result: 1125.0 correct out of 1250
Evaluator: 20 finished. Result: 1139.0 correct out of 1250
Evaluator: 8 finished. Result: 1131.0 correct out of 1250
Evaluator: 15 finished. Result: 1127.0 correct out of 1250
Evaluator: 11 finished. Result: 1137.0 correct out of 1250
Evaluator: 29 finished. Result: 1113.0 correct out of 1250
Evaluator: 22 finished. Result: 1138.0 correct out of 1250
Evaluator: 6 finished. Result: 1160.0 correct out of 1250
Evaluator: 24 finished. Result: 1125.0 correct out of 1250
Evaluator: 26 finished. Result: 1136.0 correct out of 1250
Evaluator: 13 finished. Result: 1141.0 correct out of 1250
Evaluator: 23 finished. Result: 1138.0 correct out of 1250
Evaluator: 16 finished. Result: 1127.0 correct out of 1250
Evaluator: 21 finished. Result: 1144.0 correct out of 1250
Evaluator: 28 finished. Result: 1116.0 correct out of 1250
Evaluator: 35 finished. Result: 1133.0 correct out of 1250
Evaluator: 37 finished. Result: 1121.0 correct out of 1250
RESULT REPORT:\N - Result matrix: 
[[ 1132.  1250.]
 [ 1138.  1250.]
 [ 1135.  1250.]
 [ 1123.  1250.]
 [ 1141.  1250.]
 [ 1131.  1250.]
 [ 1160.  1250.]
 [ 1121.  1250.]
 [ 1131.  1250.]
 [ 1125.  1250.]
 [ 1127.  1250.]
 [ 1137.  1250.]
 [ 1132.  1250.]
 [ 1141.  1250.]
 [ 1142.  1250.]
 [ 1127.  1250.]
 [ 1127.  1250.]
 [ 1126.  1250.]
 [ 1125.  1250.]
 [ 1121.  1250.]
 [ 1139.  1250.]
 [ 1144.  1250.]
 [ 1138.  1250.]
 [ 1138.  1250.]
 [ 1125.  1250.]
 [ 1139.  1250.]
 [ 1136.  1250.]
 [ 1145.  1250.]
 [ 1116.  1250.]
 [ 1113.  1250.]
 [ 1134.  1250.]
 [ 1118.  1250.]
 [ 1140.  1250.]
 [ 1133.  1250.]
 [ 1137.  1250.]
 [ 1133.  1250.]
 [ 1132.  1250.]
 [ 1121.  1250.]
 [ 1149.  1250.]
 [ 1134.  1250.]]
 - Sum: [ 45306.  50000.]
 - Correct: 45306.0 out of 50000.0
 - Accuracy: 0.90612
ThdID: 0, ErrCnt: Counter({'40': 18, '48': 17, '16': 9, '46': 8, '58': 7, '55': 7, '47': 7, '54': 7, '52': 6, '43': 5, '53': 5, '57': 4, '56': 4, '51': 4, '63': 3, '20': 2, '59': 2, '50': 2, '67': 1})
ThdID: 0, TotCnt: Counter({'16': 396, '20': 314, '40': 123, '43': 59, '48': 49, '46': 36, '53': 32, '47': 30, '54': 26, '58': 23, '50': 21, '52': 21, '55': 19, '56': 17, '59': 16, '51': 16, '57': 15, '61': 10, '63': 6, '64': 5, '67': 4, '66': 3, '68': 3, '74': 3, '65': 1, '71': 1, '70': 1})
ThdID: 0, sumErrCnt: Counter({'40': 18, '48': 17, '16': 9, '46': 8, '58': 7, '55': 7, '47': 7, '54': 7, '52': 6, '43': 5, '53': 5, '57': 4, '56': 4, '51': 4, '63': 3, '20': 2, '59': 2, '50': 2, '67': 1})
ThdID: 0, sumTotCnt: Counter({'16': 396, '20': 314, '40': 123, '43': 59, '48': 49, '46': 36, '53': 32, '47': 30, '54': 26, '58': 23, '50': 21, '52': 21, '55': 19, '56': 17, '59': 16, '51': 16, '57': 15, '61': 10, '63': 6, '64': 5, '67': 4, '66': 3, '68': 3, '74': 3, '65': 1, '71': 1, '70': 1})
ThdID: 1, ErrCnt: Counter({'40': 12, '46': 11, '47': 11, '48': 10, '58': 7, '16': 7, '56': 7, '57': 6, '53': 6, '52': 6, '20': 5, '54': 5, '59': 5, '51': 3, '43': 3, '55': 3, '50': 2, '63': 2, '67': 1})
ThdID: 1, TotCnt: Counter({'16': 436, '20': 295, '40': 102, '43': 57, '46': 40, '48': 39, '47': 34, '58': 27, '57': 26, '56': 24, '54': 22, '52': 22, '59': 20, '53': 19, '55': 18, '50': 18, '51': 16, '63': 7, '61': 5, '64': 3, '66': 3, '67': 3, '65': 2, '68': 2, '75': 2, '74': 2, '73': 2, '69': 1, '77': 1, '71': 1, '70': 1})
ThdID: 1, sumErrCnt: Counter({'40': 30, '48': 27, '46': 19, '47': 18, '16': 16, '58': 14, '52': 12, '54': 12, '56': 11, '53': 11, '55': 10, '57': 10, '43': 8, '20': 7, '51': 7, '59': 7, '63': 5, '50': 4, '67': 2})
ThdID: 1, sumTotCnt: Counter({'16': 832, '20': 609, '40': 225, '43': 116, '48': 88, '46': 76, '47': 64, '53': 51, '58': 50, '54': 48, '52': 43, '57': 41, '56': 41, '50': 39, '55': 37, '59': 36, '51': 32, '61': 15, '63': 13, '64': 8, '67': 7, '66': 6, '68': 5, '74': 5, '65': 3, '75': 2, '73': 2, '71': 2, '70': 2, '69': 1, '77': 1})
ThdID: 2, ErrCnt: Counter({'40': 23, '46': 11, '59': 10, '48': 10, '52': 9, '47': 8, '16': 6, '57': 5, '54': 4, '43': 4, '55': 4, '53': 4, '20': 4, '58': 3, '56': 3, '51': 2, '50': 2, '63': 2, '67': 1})
ThdID: 2, TotCnt: Counter({'16': 441, '20': 318, '40': 107, '43': 65, '46': 39, '47': 38, '48': 33, '57': 25, '59': 22, '58': 20, '52': 19, '55': 18, '53': 16, '50': 15, '56': 14, '51': 14, '54': 13, '61': 6, '63': 4, '68': 4, '64': 3, '65': 3, '70': 3, '67': 2, '69': 2, '73': 2, '66': 1, '75': 1, '74': 1, '71': 1})
ThdID: 2, sumErrCnt: Counter({'40': 53, '48': 37, '46': 30, '47': 26, '16': 22, '52': 21, '58': 17, '59': 17, '54': 16, '57': 15, '53': 15, '55': 14, '56': 14, '43': 12, '20': 11, '51': 9, '63': 7, '50': 6, '67': 3})
ThdID: 2, sumTotCnt: Counter({'16': 1273, '20': 927, '40': 332, '43': 181, '48': 121, '46': 115, '47': 102, '58': 70, '53': 67, '57': 66, '52': 62, '54': 61, '59': 58, '55': 55, '56': 55, '50': 54, '51': 46, '61': 21, '63': 17, '64': 11, '67': 9, '68': 9, '66': 7, '65': 6, '74': 6, '70': 5, '73': 4, '69': 3, '75': 3, '71': 3, '77': 1})
ThdID: 3, ErrCnt: Counter({'47': 20, '40': 18, '48': 12, '16': 10, '52': 8, '56': 7, '51': 7, '53': 7, '46': 6, '43': 6, '20': 5, '59': 4, '58': 3, '55': 3, '63': 3, '54': 3, '50': 3, '57': 2})
ThdID: 3, TotCnt: Counter({'16': 447, '20': 273, '40': 125, '43': 69, '47': 48, '46': 40, '48': 37, '51': 26, '50': 24, '55': 22, '56': 22, '52': 21, '57': 19, '53': 19, '54': 14, '58': 13, '59': 12, '63': 5, '64': 4, '61': 3, '75': 2, '65': 1, '66': 1, '74': 1, '71': 1, '70': 1})
ThdID: 3, sumErrCnt: Counter({'40': 71, '48': 49, '47': 46, '46': 36, '16': 32, '52': 29, '53': 22, '56': 21, '59': 21, '58': 20, '54': 19, '43': 18, '55': 17, '57': 17, '20': 16, '51': 16, '63': 10, '50': 9, '67': 3})
ThdID: 3, sumTotCnt: Counter({'16': 1720, '20': 1200, '40': 457, '43': 250, '48': 158, '46': 155, '47': 150, '53': 86, '57': 85, '58': 83, '52': 83, '50': 78, '55': 77, '56': 77, '54': 75, '51': 72, '59': 70, '61': 24, '63': 22, '64': 15, '67': 9, '68': 9, '66': 8, '65': 7, '74': 7, '70': 6, '75': 5, '73': 4, '71': 4, '69': 3, '77': 1})
ThdID: 4, ErrCnt: Counter({'48': 14, '46': 12, '47': 10, '40': 10, '16': 9, '51': 7, '53': 6, '59': 5, '57': 5, '58': 4, '56': 4, '43': 4, '55': 4, '63': 4, '54': 4, '50': 3, '20': 2, '52': 2})
ThdID: 4, TotCnt: Counter({'16': 452, '20': 270, '40': 120, '43': 59, '47': 44, '48': 40, '46': 39, '58': 27, '59': 24, '51': 24, '52': 21, '50': 19, '55': 16, '57': 16, '53': 16, '54': 15, '61': 14, '56': 14, '63': 5, '66': 3, '68': 3, '64': 2, '65': 2, '67': 1, '69': 1, '74': 1, '71': 1, '70': 1})
ThdID: 4, sumErrCnt: Counter({'40': 81, '48': 63, '47': 56, '46': 48, '16': 41, '52': 31, '53': 28, '59': 26, '56': 25, '58': 24, '51': 23, '54': 23, '57': 22, '43': 22, '55': 21, '20': 18, '63': 14, '50': 12, '67': 3})
ThdID: 4, sumTotCnt: Counter({'16': 2172, '20': 1470, '40': 577, '43': 309, '48': 198, '46': 194, '47': 194, '58': 110, '52': 104, '53': 102, '57': 101, '50': 97, '51': 96, '59': 94, '55': 93, '56': 91, '54': 90, '61': 38, '63': 27, '64': 17, '68': 12, '66': 11, '67': 10, '65': 9, '74': 8, '70': 7, '75': 5, '71': 5, '69': 4, '73': 4, '77': 1})
ThdID: 5, ErrCnt: Counter({'48': 13, '16': 11, '40': 11, '46': 11, '47': 11, '55': 10, '59': 7, '54': 6, '43': 6, '20': 5, '51': 5, '52': 5, '63': 4, '53': 4, '67': 3, '56': 3, '58': 2, '57': 1, '50': 1})
ThdID: 5, TotCnt: Counter({'16': 431, '20': 295, '40': 120, '43': 64, '47': 41, '46': 40, '48': 38, '54': 23, '56': 23, '53': 21, '55': 19, '51': 19, '52': 19, '50': 18, '59': 15, '58': 15, '57': 11, '61': 10, '63': 9, '65': 5, '64': 3, '67': 3, '66': 2, '75': 2, '70': 2, '68': 1, '69': 1})
ThdID: 5, sumErrCnt: Counter({'40': 92, '48': 76, '47': 67, '46': 59, '16': 52, '52': 36, '59': 33, '53': 32, '55': 31, '54': 29, '56': 28, '51': 28, '43': 28, '58': 26, '20': 23, '57': 23, '63': 18, '50': 13, '67': 6})
ThdID: 5, sumTotCnt: Counter({'16': 2603, '20': 1765, '40': 697, '43': 373, '48': 236, '47': 235, '46': 234, '58': 125, '53': 123, '52': 123, '51': 115, '50': 115, '56': 114, '54': 113, '55': 112, '57': 112, '59': 109, '61': 48, '63': 36, '64': 20, '65': 14, '66': 13, '67': 13, '68': 13, '70': 9, '74': 8, '75': 7, '69': 5, '71': 5, '73': 4, '77': 1})
ThdID: 6, ErrCnt: Counter({'40': 15, '48': 10, '16': 10, '47': 8, '46': 8, '58': 6, '51': 5, '55': 4, '63': 4, '54': 4, '50': 3, '52': 3, '59': 2, '56': 2, '53': 2, '20': 2, '57': 1, '43': 1})
ThdID: 6, TotCnt: Counter({'16': 441, '20': 289, '40': 128, '43': 83, '46': 44, '47': 40, '48': 30, '51': 21, '59': 20, '50': 20, '52': 18, '57': 17, '53': 17, '54': 16, '58': 14, '55': 13, '56': 13, '63': 7, '64': 6, '61': 3, '65': 1, '66': 1, '67': 1, '68': 1, '69': 1, '77': 1, '76': 1, '73': 1, '71': 1, '70': 1})
ThdID: 6, sumErrCnt: Counter({'40': 107, '48': 86, '47': 75, '46': 67, '16': 62, '52': 39, '55': 35, '59': 35, '53': 34, '51': 33, '54': 33, '58': 32, '56': 30, '43': 29, '20': 25, '57': 24, '63': 22, '50': 16, '67': 6})
ThdID: 6, sumTotCnt: Counter({'16': 3044, '20': 2054, '40': 825, '43': 456, '46': 278, '47': 275, '48': 266, '52': 141, '53': 140, '58': 139, '51': 136, '50': 135, '59': 129, '54': 129, '57': 129, '56': 127, '55': 125, '61': 51, '63': 43, '64': 26, '65': 15, '66': 14, '67': 14, '68': 14, '70': 10, '74': 8, '75': 7, '69': 6, '71': 6, '73': 5, '77': 2, '76': 1})
ThdID: 7, ErrCnt: Counter({'47': 15, '46': 13, '40': 13, '48': 12, '56': 9, '53': 8, '59': 7, '43': 7, '16': 6, '55': 5, '50': 5, '63': 5, '52': 5, '58': 4, '57': 4, '54': 4, '20': 4, '51': 3})
ThdID: 7, TotCnt: Counter({'16': 422, '20': 294, '40': 121, '43': 68, '47': 42, '50': 36, '48': 33, '46': 31, '56': 25, '54': 24, '52': 22, '55': 21, '57': 21, '58': 18, '59': 17, '53': 17, '61': 9, '51': 9, '63': 8, '64': 2, '68': 2, '69': 2, '71': 2, '65': 1, '66': 1, '76': 1, '70': 1})
ThdID: 7, sumErrCnt: Counter({'40': 120, '48': 98, '47': 90, '46': 80, '16': 68, '52': 44, '53': 42, '59': 42, '55': 40, '56': 39, '54': 37, '58': 36, '51': 36, '43': 36, '20': 29, '57': 28, '63': 27, '50': 21, '67': 6})
ThdID: 7, sumTotCnt: Counter({'16': 3466, '20': 2348, '40': 946, '43': 524, '47': 317, '46': 309, '48': 299, '50': 171, '52': 163, '58': 157, '53': 157, '54': 153, '56': 152, '57': 150, '59': 146, '55': 146, '51': 145, '61': 60, '63': 51, '64': 28, '65': 16, '68': 16, '66': 15, '67': 14, '70': 11, '69': 8, '74': 8, '71': 8, '75': 7, '73': 5, '77': 2, '76': 2})
ThdID: 8, ErrCnt: Counter({'48': 12, '40': 11, '16': 9, '43': 9, '52': 9, '46': 9, '47': 8, '51': 7, '56': 6, '53': 6, '50': 6, '55': 5, '54': 5, '59': 5, '57': 4, '20': 3, '58': 3, '63': 2})
ThdID: 8, TotCnt: Counter({'16': 426, '20': 314, '40': 103, '43': 71, '46': 43, '47': 39, '48': 32, '56': 25, '57': 24, '50': 22, '52': 22, '59': 18, '55': 18, '53': 18, '58': 17, '54': 16, '51': 15, '61': 8, '63': 7, '65': 4, '66': 3, '68': 2, '64': 1, '69': 1, '75': 1})
ThdID: 8, sumErrCnt: Counter({'40': 131, '48': 110, '47': 98, '46': 89, '16': 77, '52': 53, '53': 48, '59': 47, '55': 45, '56': 45, '43': 45, '51': 43, '54': 42, '58': 39, '20': 32, '57': 32, '63': 29, '50': 27, '67': 6})
ThdID: 8, sumTotCnt: Counter({'16': 3892, '20': 2662, '40': 1049, '43': 595, '47': 356, '46': 352, '48': 331, '50': 193, '52': 185, '56': 177, '53': 175, '58': 174, '57': 174, '54': 169, '59': 164, '55': 164, '51': 160, '61': 68, '63': 58, '64': 29, '65': 20, '66': 18, '68': 18, '67': 14, '70': 11, '69': 9, '75': 8, '74': 8, '71': 8, '73': 5, '77': 2, '76': 2})
ThdID: 9, ErrCnt: Counter({'40': 19, '48': 17, '46': 12, '55': 8, '58': 7, '16': 7, '47': 7, '56': 6, '43': 6, '59': 6, '51': 5, '20': 4, '57': 4, '52': 4, '53': 4, '54': 2, '67': 2, '50': 2, '63': 1, '65': 1, '61': 1})
ThdID: 9, TotCnt: Counter({'16': 424, '20': 275, '40': 128, '43': 60, '47': 45, '46': 40, '48': 36, '55': 27, '52': 24, '58': 23, '56': 23, '57': 20, '51': 20, '50': 20, '53': 20, '54': 18, '59': 17, '61': 13, '63': 2, '64': 2, '65': 2, '67': 2, '68': 2, '69': 2, '74': 2, '66': 1, '71': 1, '70': 1})
ThdID: 9, sumErrCnt: Counter({'40': 150, '48': 127, '47': 105, '46': 101, '16': 84, '52': 57, '55': 53, '59': 53, '53': 52, '56': 51, '43': 51, '51': 48, '58': 46, '54': 44, '20': 36, '57': 36, '63': 30, '50': 29, '67': 8, '65': 1, '61': 1})
ThdID: 9, sumTotCnt: Counter({'16': 4316, '20': 2937, '40': 1177, '43': 655, '47': 401, '46': 392, '48': 367, '50': 213, '52': 209, '56': 200, '58': 197, '53': 195, '57': 194, '55': 191, '54': 187, '59': 181, '51': 180, '61': 81, '63': 60, '64': 31, '65': 22, '68': 20, '66': 19, '67': 16, '70': 12, '69': 11, '74': 10, '71': 9, '75': 8, '73': 5, '77': 2, '76': 2})
ThdID: 10, ErrCnt: Counter({'40': 17, '48': 15, '47': 13, '46': 10, '16': 7, '57': 7, '58': 6, '55': 6, '43': 6, '20': 5, '56': 5, '51': 5, '52': 5, '54': 4, '63': 4, '53': 3, '59': 3, '50': 2})
ThdID: 10, TotCnt: Counter({'16': 404, '20': 321, '40': 118, '43': 65, '48': 45, '46': 40, '47': 39, '56': 24, '57': 23, '54': 22, '50': 22, '51': 21, '55': 18, '59': 17, '58': 15, '52': 14, '53': 12, '61': 9, '63': 6, '66': 3, '74': 3, '70': 2, '67': 1, '68': 1, '69': 1, '76': 1, '75': 1, '73': 1, '71': 1})
ThdID: 10, sumErrCnt: Counter({'40': 167, '48': 142, '47': 118, '46': 111, '16': 91, '52': 62, '55': 59, '43': 57, '56': 56, '59': 56, '53': 55, '51': 53, '58': 52, '54': 48, '57': 43, '20': 41, '63': 34, '50': 31, '67': 8, '65': 1, '61': 1})
ThdID: 10, sumTotCnt: Counter({'16': 4720, '20': 3258, '40': 1295, '43': 720, '47': 440, '46': 432, '48': 412, '50': 235, '56': 224, '52': 223, '57': 217, '58': 212, '55': 209, '54': 209, '53': 207, '51': 201, '59': 198, '61': 90, '63': 66, '64': 31, '65': 22, '66': 22, '68': 21, '67': 17, '70': 14, '74': 13, '69': 12, '71': 10, '75': 9, '73': 6, '76': 3, '77': 2})
ThdID: 11, ErrCnt: Counter({'48': 19, '40': 17, '16': 8, '47': 8, '57': 7, '58': 6, '46': 6, '51': 6, '43': 6, '54': 5, '52': 5, '20': 4, '59': 4, '50': 3, '55': 3, '53': 3, '56': 2, '63': 1})
ThdID: 11, TotCnt: Counter({'16': 437, '20': 293, '40': 115, '43': 67, '48': 44, '47': 40, '46': 30, '56': 28, '51': 26, '55': 24, '50': 23, '59': 22, '53': 19, '58': 16, '54': 16, '57': 16, '52': 16, '61': 4, '68': 4, '63': 3, '71': 2, '64': 1, '66': 1, '69': 1, '75': 1, '74': 1})
ThdID: 11, sumErrCnt: Counter({'40': 184, '48': 161, '47': 126, '46': 117, '16': 99, '52': 67, '43': 63, '55': 62, '59': 60, '51': 59, '58': 58, '56': 58, '53': 58, '54': 53, '57': 50, '20': 45, '63': 35, '50': 34, '67': 8, '65': 1, '61': 1})
ThdID: 11, sumTotCnt: Counter({'16': 5157, '20': 3551, '40': 1410, '43': 787, '47': 480, '46': 462, '48': 456, '50': 258, '56': 252, '52': 239, '55': 233, '57': 233, '58': 228, '51': 227, '53': 226, '54': 225, '59': 220, '61': 94, '63': 69, '64': 32, '68': 25, '66': 23, '65': 22, '67': 17, '74': 14, '70': 14, '69': 13, '71': 12, '75': 10, '73': 6, '76': 3, '77': 2})
ThdID: 12, ErrCnt: Counter({'48': 16, '40': 16, '47': 14, '46': 13, '57': 10, '55': 9, '63': 7, '53': 7, '54': 5, '56': 4, '51': 4, '20': 3, '16': 3, '58': 2, '43': 2, '52': 2, '50': 1})
ThdID: 12, TotCnt: Counter({'16': 413, '20': 296, '40': 101, '43': 79, '47': 41, '46': 40, '48': 38, '54': 27, '55': 25, '51': 25, '57': 24, '50': 24, '56': 19, '58': 18, '53': 18, '59': 15, '52': 12, '61': 10, '63': 10, '64': 3, '65': 3, '66': 2, '74': 2, '73': 2, '68': 1, '75': 1, '70': 1})
ThdID: 12, sumErrCnt: Counter({'40': 200, '48': 177, '47': 140, '46': 130, '16': 102, '55': 71, '52': 69, '43': 65, '53': 65, '51': 63, '56': 62, '58': 60, '57': 60, '59': 60, '54': 58, '20': 48, '63': 42, '50': 35, '67': 8, '65': 1, '61': 1})
ThdID: 12, sumTotCnt: Counter({'16': 5570, '20': 3847, '40': 1511, '43': 866, '47': 521, '46': 502, '48': 494, '50': 282, '56': 271, '55': 258, '57': 257, '54': 252, '51': 252, '52': 251, '58': 246, '53': 244, '59': 235, '61': 104, '63': 79, '64': 35, '68': 26, '65': 25, '66': 25, '67': 17, '74': 16, '70': 15, '69': 13, '71': 12, '75': 11, '73': 8, '76': 3, '77': 2})
ThdID: 13, ErrCnt: Counter({'48': 16, '40': 16, '16': 8, '46': 8, '58': 7, '56': 7, '52': 7, '59': 6, '55': 6, '53': 5, '50': 4, '47': 4, '54': 3, '57': 3, '51': 3, '43': 2, '63': 2, '20': 2})
ThdID: 13, TotCnt: Counter({'16': 447, '20': 292, '40': 124, '43': 65, '46': 42, '48': 32, '50': 30, '47': 27, '57': 25, '52': 22, '55': 21, '53': 20, '59': 17, '56': 16, '51': 16, '58': 15, '54': 15, '61': 5, '64': 5, '63': 3, '68': 2, '69': 2, '75': 2, '74': 2, '67': 1, '77': 1, '71': 1})
ThdID: 13, sumErrCnt: Counter({'40': 216, '48': 193, '47': 144, '46': 138, '16': 110, '55': 77, '52': 76, '53': 70, '56': 69, '58': 67, '43': 67, '51': 66, '59': 66, '57': 63, '54': 61, '20': 50, '63': 44, '50': 39, '67': 8, '65': 1, '61': 1})
ThdID: 13, sumTotCnt: Counter({'16': 6017, '20': 4139, '40': 1635, '43': 931, '47': 548, '46': 544, '48': 526, '50': 312, '56': 287, '57': 282, '55': 279, '52': 273, '51': 268, '54': 267, '53': 264, '58': 261, '59': 252, '61': 109, '63': 82, '64': 40, '68': 28, '65': 25, '66': 25, '67': 18, '74': 18, '69': 15, '70': 15, '75': 13, '71': 13, '73': 8, '77': 3, '76': 3})
ThdID: 14, ErrCnt: Counter({'40': 18, '46': 12, '48': 10, '16': 10, '47': 8, '58': 7, '51': 7, '43': 6, '53': 6, '59': 4, '57': 4, '55': 4, '50': 3, '52': 2, '54': 2, '20': 2, '56': 1, '67': 1, '65': 1})
ThdID: 14, TotCnt: Counter({'16': 455, '20': 274, '40': 128, '43': 50, '46': 49, '47': 34, '48': 31, '51': 30, '50': 23, '53': 23, '58': 22, '59': 20, '55': 19, '56': 17, '61': 14, '57': 14, '52': 14, '54': 12, '65': 6, '64': 4, '68': 3, '66': 2, '67': 2, '63': 1, '69': 1, '70': 1, '78': 1})
ThdID: 14, sumErrCnt: Counter({'40': 234, '48': 203, '47': 152, '46': 150, '16': 120, '55': 81, '52': 78, '53': 76, '58': 74, '51': 73, '43': 73, '56': 70, '59': 70, '57': 67, '54': 63, '20': 52, '63': 44, '50': 42, '67': 9, '65': 2, '61': 1})
ThdID: 14, sumTotCnt: Counter({'16': 6472, '20': 4413, '40': 1763, '43': 981, '46': 593, '47': 582, '48': 557, '50': 335, '56': 304, '55': 298, '51': 298, '57': 296, '53': 287, '52': 287, '58': 283, '54': 279, '59': 272, '61': 123, '63': 83, '64': 44, '65': 31, '68': 31, '66': 27, '67': 20, '74': 18, '69': 16, '70': 16, '75': 13, '71': 13, '73': 8, '77': 3, '76': 3, '78': 1})
ThdID: 15, ErrCnt: Counter({'40': 22, '47': 14, '48': 11, '46': 11, '55': 9, '16': 8, '54': 8, '56': 7, '58': 5, '43': 5, '52': 4, '59': 3, '53': 3, '67': 3, '57': 2, '51': 2, '50': 2, '20': 2, '63': 1, '65': 1})
ThdID: 15, TotCnt: Counter({'16': 449, '20': 267, '40': 127, '43': 63, '47': 44, '48': 37, '46': 33, '55': 28, '56': 25, '57': 23, '54': 22, '50': 20, '58': 17, '59': 16, '51': 16, '53': 15, '52': 15, '61': 12, '64': 4, '67': 4, '68': 4, '65': 3, '66': 3, '63': 2, '71': 1})
ThdID: 15, sumErrCnt: Counter({'40': 256, '48': 214, '47': 166, '46': 161, '16': 128, '55': 90, '52': 82, '58': 79, '53': 79, '43': 78, '56': 77, '51': 75, '59': 73, '54': 71, '57': 69, '20': 54, '63': 45, '50': 44, '67': 12, '65': 3, '61': 1})
ThdID: 15, sumTotCnt: Counter({'16': 6921, '20': 4680, '40': 1890, '43': 1044, '46': 626, '47': 626, '48': 594, '50': 355, '56': 329, '55': 326, '57': 319, '51': 314, '53': 302, '52': 302, '54': 301, '58': 300, '59': 288, '61': 135, '63': 85, '64': 48, '68': 35, '65': 34, '66': 30, '67': 24, '74': 18, '69': 16, '70': 16, '71': 14, '75': 13, '73': 8, '77': 3, '76': 3, '78': 1})
ThdID: 16, ErrCnt: Counter({'40': 14, '57': 13, '48': 12, '47': 9, '52': 9, '63': 8, '46': 7, '59': 6, '16': 6, '43': 6, '51': 5, '20': 5, '55': 4, '56': 4, '53': 4, '54': 4, '58': 3, '50': 2, '67': 1, '64': 1})
ThdID: 16, TotCnt: Counter({'16': 470, '20': 280, '40': 106, '43': 72, '46': 39, '48': 38, '47': 31, '57': 27, '58': 22, '52': 21, '59': 20, '51': 17, '56': 16, '50': 16, '55': 14, '54': 14, '53': 12, '63': 9, '61': 8, '64': 3, '65': 3, '67': 3, '68': 2, '70': 2, '66': 1, '69': 1, '77': 1, '76': 1, '75': 1})
ThdID: 16, sumErrCnt: Counter({'40': 270, '48': 226, '47': 175, '46': 168, '16': 134, '55': 94, '52': 91, '43': 84, '53': 83, '58': 82, '57': 82, '56': 81, '51': 80, '59': 79, '54': 75, '20': 59, '63': 53, '50': 46, '67': 13, '65': 3, '61': 1, '64': 1})
ThdID: 16, sumTotCnt: Counter({'16': 7391, '20': 4960, '40': 1996, '43': 1116, '46': 665, '47': 657, '48': 632, '50': 371, '57': 346, '56': 345, '55': 340, '51': 331, '52': 323, '58': 322, '54': 315, '53': 314, '59': 308, '61': 143, '63': 94, '64': 51, '65': 37, '68': 37, '66': 31, '67': 27, '74': 18, '70': 18, '69': 17, '75': 14, '71': 14, '73': 8, '77': 4, '76': 4, '78': 1})
ThdID: 17, ErrCnt: Counter({'40': 25, '48': 17, '47': 14, '46': 8, '16': 7, '54': 7, '55': 6, '43': 6, '52': 6, '59': 4, '58': 4, '56': 3, '57': 3, '63': 3, '53': 3, '20': 3, '51': 2, '50': 2, '67': 1})
ThdID: 17, TotCnt: Counter({'16': 455, '20': 300, '40': 113, '43': 56, '46': 39, '47': 38, '48': 35, '50': 25, '58': 21, '52': 20, '54': 18, '56': 18, '59': 17, '55': 17, '51': 16, '57': 15, '53': 14, '61': 5, '64': 5, '63': 4, '67': 3, '69': 3, '76': 3, '65': 2, '75': 2, '66': 1, '68': 1, '77': 1, '73': 1, '71': 1, '70': 1})
ThdID: 17, sumErrCnt: Counter({'40': 295, '48': 243, '47': 189, '46': 176, '16': 141, '55': 100, '52': 97, '43': 90, '58': 86, '53': 86, '57': 85, '56': 84, '59': 83, '54': 82, '51': 82, '20': 62, '63': 56, '50': 48, '67': 14, '65': 3, '61': 1, '64': 1})
ThdID: 17, sumTotCnt: Counter({'16': 7846, '20': 5260, '40': 2109, '43': 1172, '46': 704, '47': 695, '48': 667, '50': 396, '56': 363, '57': 361, '55': 357, '51': 347, '58': 343, '52': 343, '54': 333, '53': 328, '59': 325, '61': 148, '63': 98, '64': 56, '65': 39, '68': 38, '66': 32, '67': 30, '69': 20, '70': 19, '74': 18, '75': 16, '71': 15, '73': 9, '76': 7, '77': 5, '78': 1})
ThdID: 18, ErrCnt: Counter({'48': 18, '40': 17, '46': 9, '58': 8, '16': 8, '54': 8, '47': 8, '59': 7, '55': 7, '57': 6, '52': 6, '50': 4, '56': 3, '51': 3, '63': 3, '53': 3, '20': 3, '67': 2, '43': 2})
ThdID: 18, TotCnt: Counter({'16': 462, '20': 294, '40': 122, '43': 48, '48': 39, '46': 37, '47': 32, '54': 23, '57': 23, '50': 21, '59': 20, '55': 20, '56': 19, '51': 18, '58': 16, '53': 15, '52': 15, '61': 8, '63': 7, '67': 3, '64': 2, '65': 2, '77': 1, '76': 1, '75': 1, '74': 1})
ThdID: 18, sumErrCnt: Counter({'40': 312, '48': 261, '47': 197, '46': 185, '16': 149, '55': 107, '52': 103, '58': 94, '43': 92, '57': 91, '59': 90, '54': 90, '53': 89, '56': 87, '51': 85, '20': 65, '63': 59, '50': 52, '67': 16, '65': 3, '61': 1, '64': 1})
ThdID: 18, sumTotCnt: Counter({'16': 8308, '20': 5554, '40': 2231, '43': 1220, '46': 741, '47': 727, '48': 706, '50': 417, '57': 384, '56': 382, '55': 377, '51': 365, '58': 359, '52': 358, '54': 356, '59': 345, '53': 343, '61': 156, '63': 105, '64': 58, '65': 41, '68': 38, '67': 33, '66': 32, '69': 20, '74': 19, '70': 19, '75': 17, '71': 15, '73': 9, '76': 8, '77': 6, '78': 1})
ThdID: 19, ErrCnt: Counter({'48': 16, '47': 14, '40': 13, '46': 12, '16': 10, '57': 8, '56': 6, '43': 6, '52': 6, '20': 5, '58': 5, '55': 5, '53': 5, '59': 5, '50': 5, '54': 4, '51': 3, '67': 1})
ThdID: 19, TotCnt: Counter({'16': 418, '20': 293, '40': 116, '43': 54, '47': 44, '46': 38, '48': 36, '52': 28, '57': 27, '59': 25, '58': 23, '51': 22, '50': 21, '53': 20, '55': 19, '54': 19, '56': 18, '61': 11, '65': 4, '63': 2, '64': 2, '67': 2, '68': 2, '71': 2, '70': 2, '77': 1, '78': 1})
ThdID: 19, sumErrCnt: Counter({'40': 325, '48': 277, '47': 211, '46': 197, '16': 159, '55': 112, '52': 109, '58': 99, '57': 99, '43': 98, '59': 95, '54': 94, '53': 94, '56': 93, '51': 88, '20': 70, '63': 59, '50': 57, '67': 17, '65': 3, '61': 1, '64': 1})
ThdID: 19, sumTotCnt: Counter({'16': 8726, '20': 5847, '40': 2347, '43': 1274, '46': 779, '47': 771, '48': 742, '50': 438, '57': 411, '56': 400, '55': 396, '51': 387, '52': 386, '58': 382, '54': 375, '59': 370, '53': 363, '61': 167, '63': 107, '64': 60, '65': 45, '68': 40, '67': 35, '66': 32, '70': 21, '69': 20, '74': 19, '75': 17, '71': 17, '73': 9, '76': 8, '77': 7, '78': 2})
ThdID: 20, ErrCnt: Counter({'48': 14, '16': 10, '47': 10, '40': 10, '53': 9, '46': 7, '51': 7, '52': 7, '58': 6, '43': 6, '50': 5, '59': 4, '55': 4, '57': 3, '63': 3, '54': 2, '20': 2, '56': 1, '67': 1})
ThdID: 20, TotCnt: Counter({'16': 419, '20': 311, '40': 114, '43': 62, '46': 54, '47': 41, '48': 35, '51': 27, '58': 22, '50': 22, '59': 21, '53': 21, '56': 19, '52': 19, '55': 14, '57': 14, '54': 12, '67': 6, '63': 4, '61': 3, '66': 3, '65': 2, '64': 1, '68': 1, '74': 1, '71': 1, '70': 1})
ThdID: 20, sumErrCnt: Counter({'40': 335, '48': 291, '47': 221, '46': 204, '16': 169, '55': 116, '52': 116, '58': 105, '43': 104, '53': 103, '57': 102, '59': 99, '54': 96, '51': 95, '56': 94, '20': 72, '63': 62, '50': 62, '67': 18, '65': 3, '61': 1, '64': 1})
ThdID: 20, sumTotCnt: Counter({'16': 9145, '20': 6158, '40': 2461, '43': 1336, '46': 833, '47': 812, '48': 777, '50': 460, '57': 425, '56': 419, '51': 414, '55': 410, '52': 405, '58': 404, '59': 391, '54': 387, '53': 384, '61': 170, '63': 111, '64': 61, '65': 47, '67': 41, '68': 41, '66': 35, '70': 22, '69': 20, '74': 20, '71': 18, '75': 17, '73': 9, '76': 8, '77': 7, '78': 2})
ThdID: 21, ErrCnt: Counter({'48': 14, '16': 12, '40': 11, '56': 8, '52': 8, '46': 7, '58': 6, '57': 5, '63': 5, '59': 4, '47': 4, '43': 4, '55': 4, '54': 4, '50': 3, '53': 3, '67': 2, '51': 1, '20': 1})
ThdID: 21, TotCnt: Counter({'16': 433, '20': 321, '40': 121, '43': 49, '48': 38, '52': 27, '46': 25, '47': 25, '50': 25, '59': 24, '54': 22, '58': 18, '56': 18, '53': 16, '55': 15, '57': 15, '51': 14, '63': 12, '61': 9, '64': 6, '67': 5, '66': 4, '65': 2, '76': 2, '68': 1, '69': 1, '74': 1, '73': 1})
ThdID: 21, sumErrCnt: Counter({'40': 346, '48': 305, '47': 225, '46': 211, '16': 181, '52': 124, '55': 120, '58': 111, '43': 108, '57': 107, '53': 106, '59': 103, '56': 102, '54': 100, '51': 96, '20': 73, '63': 67, '50': 65, '67': 20, '65': 3, '61': 1, '64': 1})
ThdID: 21, sumTotCnt: Counter({'16': 9578, '20': 6479, '40': 2582, '43': 1385, '46': 858, '47': 837, '48': 815, '50': 485, '57': 440, '56': 437, '52': 432, '51': 428, '55': 425, '58': 422, '59': 415, '54': 409, '53': 400, '61': 179, '63': 123, '64': 67, '65': 49, '67': 46, '68': 42, '66': 39, '70': 22, '69': 21, '74': 21, '71': 18, '75': 17, '76': 10, '73': 10, '77': 7, '78': 2})
ThdID: 22, ErrCnt: Counter({'40': 24, '48': 19, '16': 12, '46': 9, '57': 8, '58': 5, '55': 5, '56': 5, '53': 4, '59': 3, '47': 3, '51': 3, '54': 3, '50': 2, '52': 2, '63': 2, '67': 1, '43': 1, '20': 1})
ThdID: 22, TotCnt: Counter({'16': 425, '20': 286, '40': 124, '43': 69, '48': 41, '46': 37, '53': 34, '47': 30, '50': 24, '57': 23, '56': 22, '55': 20, '59': 17, '54': 17, '58': 16, '52': 16, '51': 14, '61': 9, '64': 4, '66': 4, '67': 4, '71': 4, '63': 3, '65': 3, '68': 1, '69': 1, '77': 1, '70': 1})
ThdID: 22, sumErrCnt: Counter({'40': 370, '48': 324, '47': 228, '46': 220, '16': 193, '52': 126, '55': 125, '58': 116, '57': 115, '53': 110, '43': 109, '56': 107, '59': 106, '54': 103, '51': 99, '20': 74, '63': 69, '50': 67, '67': 21, '65': 3, '61': 1, '64': 1})
ThdID: 22, sumTotCnt: Counter({'16': 10003, '20': 6765, '40': 2706, '43': 1454, '46': 895, '47': 867, '48': 856, '50': 509, '57': 463, '56': 459, '52': 448, '55': 445, '51': 442, '58': 438, '53': 434, '59': 432, '54': 426, '61': 188, '63': 126, '64': 71, '65': 52, '67': 50, '66': 43, '68': 43, '70': 23, '69': 22, '71': 22, '74': 21, '75': 17, '76': 10, '73': 10, '77': 8, '78': 2})
ThdID: 23, ErrCnt: Counter({'48': 21, '46': 18, '40': 13, '47': 10, '55': 8, '59': 6, '56': 5, '51': 5, '16': 4, '43': 4, '52': 4, '54': 3, '63': 3, '20': 3, '57': 2, '53': 2, '58': 1})
ThdID: 23, TotCnt: Counter({'16': 451, '20': 292, '40': 108, '43': 66, '46': 51, '48': 47, '47': 34, '59': 26, '55': 21, '50': 19, '54': 18, '56': 18, '51': 18, '52': 16, '53': 14, '57': 12, '58': 10, '61': 6, '63': 6, '65': 6, '68': 3, '66': 2, '70': 2, '64': 1, '76': 1, '73': 1, '78': 1})
ThdID: 23, sumErrCnt: Counter({'40': 383, '48': 345, '46': 238, '47': 238, '16': 197, '55': 133, '52': 130, '58': 117, '57': 117, '43': 113, '59': 112, '56': 112, '53': 112, '54': 106, '51': 104, '20': 77, '63': 72, '50': 67, '67': 21, '65': 3, '61': 1, '64': 1})
ThdID: 23, sumTotCnt: Counter({'16': 10454, '20': 7057, '40': 2814, '43': 1520, '46': 946, '48': 903, '47': 901, '50': 528, '56': 477, '57': 475, '55': 466, '52': 464, '51': 460, '59': 458, '58': 448, '53': 448, '54': 444, '61': 194, '63': 132, '64': 72, '65': 58, '67': 50, '68': 46, '66': 45, '70': 25, '69': 22, '71': 22, '74': 21, '75': 17, '76': 11, '73': 11, '77': 8, '78': 3})
ThdID: 24, ErrCnt: Counter({'40': 24, '48': 13, '16': 13, '53': 13, '59': 7, '47': 6, '52': 6, '55': 6, '63': 6, '58': 5, '43': 5, '46': 4, '56': 4, '57': 3, '51': 3, '54': 3, '20': 3, '50': 1})
ThdID: 24, TotCnt: Counter({'16': 438, '20': 279, '40': 116, '43': 68, '48': 41, '46': 36, '47': 36, '50': 28, '53': 24, '56': 23, '52': 23, '59': 21, '55': 20, '54': 20, '57': 19, '51': 16, '61': 13, '58': 9, '63': 7, '71': 3, '65': 2, '66': 2, '68': 2, '67': 1, '69': 1, '74': 1, '70': 1})
ThdID: 24, sumErrCnt: Counter({'40': 407, '48': 358, '47': 244, '46': 242, '16': 210, '55': 139, '52': 136, '53': 125, '58': 122, '57': 120, '59': 119, '43': 118, '56': 116, '54': 109, '51': 107, '20': 80, '63': 78, '50': 68, '67': 21, '65': 3, '61': 1, '64': 1})
ThdID: 24, sumTotCnt: Counter({'16': 10892, '20': 7336, '40': 2930, '43': 1588, '46': 982, '48': 944, '47': 937, '50': 556, '56': 500, '57': 494, '52': 487, '55': 486, '59': 479, '51': 476, '53': 472, '54': 464, '58': 457, '61': 207, '63': 139, '64': 72, '65': 60, '67': 51, '68': 48, '66': 47, '70': 26, '71': 25, '69': 23, '74': 22, '75': 17, '76': 11, '73': 11, '77': 8, '78': 3})
ThdID: 25, ErrCnt: Counter({'40': 19, '48': 15, '16': 11, '47': 8, '54': 8, '20': 6, '56': 6, '46': 5, '57': 5, '50': 4, '52': 4, '55': 4, '53': 4, '58': 3, '59': 3, '51': 2, '63': 2, '43': 1, '64': 1})
ThdID: 25, TotCnt: Counter({'16': 462, '20': 279, '40': 122, '43': 58, '47': 42, '46': 31, '48': 30, '57': 28, '54': 26, '58': 22, '56': 22, '50': 19, '52': 19, '53': 18, '55': 16, '59': 15, '51': 15, '61': 8, '63': 5, '64': 4, '65': 3, '66': 2, '68': 2, '67': 1, '76': 1})
ThdID: 25, sumErrCnt: Counter({'40': 426, '48': 373, '47': 252, '46': 247, '16': 221, '55': 143, '52': 140, '53': 129, '58': 125, '57': 125, '59': 122, '56': 122, '43': 119, '54': 117, '51': 109, '20': 86, '63': 80, '50': 72, '67': 21, '65': 3, '64': 2, '61': 1})
ThdID: 25, sumTotCnt: Counter({'16': 11354, '20': 7615, '40': 3052, '43': 1646, '46': 1013, '47': 979, '48': 974, '50': 575, '57': 522, '56': 522, '52': 506, '55': 502, '59': 494, '51': 491, '54': 490, '53': 490, '58': 479, '61': 215, '63': 144, '64': 76, '65': 63, '67': 52, '68': 50, '66': 49, '70': 26, '71': 25, '69': 23, '74': 22, '75': 17, '76': 12, '73': 11, '77': 8, '78': 3})
ThdID: 26, ErrCnt: Counter({'48': 16, '40': 15, '52': 11, '16': 10, '20': 6, '46': 6, '54': 6, '51': 6, '53': 6, '47': 6, '59': 6, '58': 4, '57': 4, '56': 4, '55': 3, '63': 3, '67': 1, '50': 1})
ThdID: 26, TotCnt: Counter({'16': 476, '20': 299, '40': 95, '43': 59, '48': 39, '47': 35, '46': 34, '52': 28, '59': 24, '55': 20, '54': 19, '57': 19, '50': 18, '58': 17, '51': 16, '56': 15, '53': 15, '63': 4, '61': 3, '65': 2, '66': 2, '76': 2, '75': 2, '73': 2, '64': 1, '67': 1, '68': 1, '69': 1, '71': 1})
ThdID: 26, sumErrCnt: Counter({'40': 441, '48': 389, '47': 258, '46': 253, '16': 231, '52': 151, '55': 146, '53': 135, '58': 129, '57': 129, '59': 128, '56': 126, '54': 123, '43': 119, '51': 115, '20': 92, '63': 83, '50': 73, '67': 22, '65': 3, '64': 2, '61': 1})
ThdID: 26, sumTotCnt: Counter({'16': 11830, '20': 7914, '40': 3147, '43': 1705, '46': 1047, '47': 1014, '48': 1013, '50': 593, '57': 541, '56': 537, '52': 534, '55': 522, '59': 518, '54': 509, '51': 507, '53': 505, '58': 496, '61': 218, '63': 148, '64': 77, '65': 65, '67': 53, '66': 51, '68': 51, '71': 26, '70': 26, '69': 24, '74': 22, '75': 19, '76': 14, '73': 13, '77': 8, '78': 3})
ThdID: 27, ErrCnt: Counter({'40': 18, '48': 15, '47': 11, '46': 9, '16': 8, '58': 6, '56': 5, '51': 5, '53': 5, '59': 4, '55': 4, '57': 4, '20': 3, '50': 2, '52': 2, '63': 2, '54': 1, '65': 1})
ThdID: 27, TotCnt: Counter({'16': 441, '20': 305, '40': 116, '43': 51, '47': 41, '46': 39, '48': 37, '58': 25, '56': 25, '55': 24, '50': 22, '59': 19, '51': 19, '53': 19, '57': 14, '52': 14, '54': 13, '61': 5, '63': 5, '65': 5, '75': 2, '71': 2, '67': 1, '68': 1, '69': 1, '77': 1, '74': 1, '73': 1, '70': 1})
ThdID: 27, sumErrCnt: Counter({'40': 459, '48': 404, '47': 269, '46': 262, '16': 239, '52': 153, '55': 150, '53': 140, '58': 135, '57': 133, '59': 132, '56': 131, '54': 124, '51': 120, '43': 119, '20': 95, '63': 85, '50': 75, '67': 22, '65': 4, '64': 2, '61': 1})
ThdID: 27, sumTotCnt: Counter({'16': 12271, '20': 8219, '40': 3263, '43': 1756, '46': 1086, '47': 1055, '48': 1050, '50': 615, '56': 562, '57': 555, '52': 548, '55': 546, '59': 537, '51': 526, '53': 524, '54': 522, '58': 521, '61': 223, '63': 153, '64': 77, '65': 70, '67': 54, '68': 52, '66': 51, '71': 28, '70': 27, '69': 25, '74': 23, '75': 21, '76': 14, '73': 14, '77': 9, '78': 3})
ThdID: 28, ErrCnt: Counter({'40': 28, '52': 12, '16': 11, '46': 11, '51': 11, '55': 9, '47': 8, '48': 6, '20': 5, '56': 5, '58': 4, '57': 4, '43': 4, '54': 4, '63': 3, '53': 3, '59': 3, '50': 2, '67': 1})
ThdID: 28, TotCnt: Counter({'16': 441, '20': 293, '40': 139, '43': 52, '47': 35, '46': 31, '51': 29, '55': 27, '48': 24, '52': 22, '54': 20, '57': 20, '56': 19, '50': 18, '58': 16, '59': 14, '53': 14, '61': 10, '63': 5, '67': 4, '64': 3, '66': 3, '71': 3, '69': 2, '65': 1, '68': 1, '76': 1, '74': 1, '73': 1, '78': 1})
ThdID: 28, sumErrCnt: Counter({'40': 487, '48': 410, '47': 277, '46': 273, '16': 250, '52': 165, '55': 159, '53': 143, '58': 139, '57': 137, '56': 136, '59': 135, '51': 131, '54': 128, '43': 123, '20': 100, '63': 88, '50': 77, '67': 23, '65': 4, '64': 2, '61': 1})
ThdID: 28, sumTotCnt: Counter({'16': 12712, '20': 8512, '40': 3402, '43': 1808, '46': 1117, '47': 1090, '48': 1074, '50': 633, '56': 581, '57': 575, '55': 573, '52': 570, '51': 555, '59': 551, '54': 542, '53': 538, '58': 537, '61': 233, '63': 158, '64': 80, '65': 71, '67': 58, '66': 54, '68': 53, '71': 31, '69': 27, '70': 27, '74': 24, '75': 21, '76': 15, '73': 15, '77': 9, '78': 4})
ThdID: 29, ErrCnt: Counter({'48': 19, '40': 18, '55': 13, '46': 12, '43': 10, '58': 7, '16': 7, '47': 7, '57': 7, '56': 5, '52': 5, '53': 5, '54': 5, '51': 4, '50': 4, '63': 3, '67': 2, '20': 2, '59': 2})
ThdID: 29, TotCnt: Counter({'16': 424, '20': 306, '40': 108, '43': 60, '48': 42, '46': 34, '50': 33, '47': 29, '52': 27, '55': 25, '56': 25, '51': 21, '59': 19, '53': 19, '58': 18, '54': 18, '57': 14, '63': 6, '67': 6, '64': 4, '61': 2, '76': 2, '75': 2, '65': 1, '66': 1, '68': 1, '73': 1, '71': 1, '70': 1})
ThdID: 29, sumErrCnt: Counter({'40': 505, '48': 429, '46': 285, '47': 284, '16': 257, '55': 172, '52': 170, '53': 148, '58': 146, '57': 144, '56': 141, '59': 137, '51': 135, '43': 133, '54': 133, '20': 102, '63': 91, '50': 81, '67': 25, '65': 4, '64': 2, '61': 1})
ThdID: 29, sumTotCnt: Counter({'16': 13136, '20': 8818, '40': 3510, '43': 1868, '46': 1151, '47': 1119, '48': 1116, '50': 666, '56': 606, '55': 598, '52': 597, '57': 589, '51': 576, '59': 570, '54': 560, '53': 557, '58': 555, '61': 235, '63': 164, '64': 84, '65': 72, '67': 64, '66': 55, '68': 54, '71': 32, '70': 28, '69': 27, '74': 24, '75': 23, '76': 17, '73': 16, '77': 9, '78': 4})
ThdID: 30, ErrCnt: Counter({'40': 18, '46': 12, '48': 10, '59': 10, '16': 8, '47': 8, '51': 7, '43': 7, '54': 6, '56': 5, '58': 4, '57': 4, '52': 4, '53': 4, '55': 3, '20': 2, '63': 2, '50': 2})
ThdID: 30, TotCnt: Counter({'16': 405, '20': 307, '40': 121, '43': 66, '46': 42, '48': 34, '47': 34, '51': 29, '59': 28, '56': 26, '54': 24, '52': 23, '53': 20, '55': 18, '50': 17, '58': 16, '57': 15, '61': 8, '63': 3, '64': 3, '65': 3, '66': 2, '67': 2, '69': 1, '75': 1, '71': 1, '70': 1})
ThdID: 30, sumErrCnt: Counter({'40': 523, '48': 439, '46': 297, '47': 292, '16': 265, '55': 175, '52': 174, '53': 152, '58': 150, '57': 148, '59': 147, '56': 146, '51': 142, '43': 140, '54': 139, '20': 104, '63': 93, '50': 83, '67': 25, '65': 4, '64': 2, '61': 1})
ThdID: 30, sumTotCnt: Counter({'16': 13541, '20': 9125, '40': 3631, '43': 1934, '46': 1193, '47': 1153, '48': 1150, '50': 683, '56': 632, '52': 620, '55': 616, '51': 605, '57': 604, '59': 598, '54': 584, '53': 577, '58': 571, '61': 243, '63': 167, '64': 87, '65': 75, '67': 66, '66': 57, '68': 54, '71': 33, '70': 29, '69': 28, '75': 24, '74': 24, '76': 17, '73': 16, '77': 9, '78': 4})
ThdID: 31, ErrCnt: Counter({'40': 17, '48': 16, '46': 12, '47': 11, '58': 8, '56': 8, '51': 7, '53': 7, '54': 7, '59': 7, '52': 6, '55': 6, '16': 5, '50': 4, '57': 3, '63': 3, '20': 2, '43': 2, '67': 1})
ThdID: 31, TotCnt: Counter({'16': 465, '20': 252, '40': 110, '43': 58, '48': 40, '47': 40, '46': 39, '54': 33, '59': 26, '55': 24, '58': 23, '56': 23, '50': 22, '51': 21, '53': 19, '52': 17, '57': 11, '61': 8, '63': 4, '65': 3, '67': 3, '64': 2, '66': 2, '70': 2, '68': 1, '69': 1, '74': 1})
ThdID: 31, sumErrCnt: Counter({'40': 540, '48': 455, '46': 309, '47': 303, '16': 270, '55': 181, '52': 180, '53': 159, '58': 158, '59': 154, '56': 154, '57': 151, '51': 149, '54': 146, '43': 142, '20': 106, '63': 96, '50': 87, '67': 26, '65': 4, '64': 2, '61': 1})
ThdID: 31, sumTotCnt: Counter({'16': 14006, '20': 9377, '40': 3741, '43': 1992, '46': 1232, '47': 1193, '48': 1190, '50': 705, '56': 655, '55': 640, '52': 637, '51': 626, '59': 624, '54': 617, '57': 615, '53': 596, '58': 594, '61': 251, '63': 171, '64': 89, '65': 78, '67': 69, '66': 59, '68': 55, '71': 33, '70': 31, '69': 29, '74': 25, '75': 24, '76': 17, '73': 16, '77': 9, '78': 4})
ThdID: 32, ErrCnt: Counter({'40': 18, '48': 15, '16': 9, '47': 9, '46': 8, '54': 7, '55': 6, '57': 6, '43': 5, '56': 4, '51': 4, '52': 4, '53': 4, '59': 3, '58': 2, '20': 2, '50': 2, '67': 1, '63': 1})
ThdID: 32, TotCnt: Counter({'16': 430, '20': 303, '40': 107, '43': 65, '46': 46, '47': 43, '48': 35, '57': 24, '50': 24, '56': 23, '53': 21, '52': 20, '51': 19, '58': 18, '55': 18, '59': 16, '54': 13, '61': 9, '64': 3, '63': 2, '67': 2, '77': 2, '65': 1, '66': 1, '69': 1, '76': 1, '73': 1, '71': 1, '70': 1})
ThdID: 32, sumErrCnt: Counter({'40': 558, '48': 470, '46': 317, '47': 312, '16': 279, '55': 187, '52': 184, '53': 163, '58': 160, '56': 158, '59': 157, '57': 157, '54': 153, '51': 153, '43': 147, '20': 108, '63': 97, '50': 89, '67': 27, '65': 4, '64': 2, '61': 1})
ThdID: 32, sumTotCnt: Counter({'16': 14436, '20': 9680, '40': 3848, '43': 2057, '46': 1278, '47': 1236, '48': 1225, '50': 729, '56': 678, '55': 658, '52': 657, '51': 645, '59': 640, '57': 639, '54': 630, '53': 617, '58': 612, '61': 260, '63': 173, '64': 92, '65': 79, '67': 71, '66': 60, '68': 55, '71': 34, '70': 32, '69': 30, '74': 25, '75': 24, '76': 18, '73': 17, '77': 11, '78': 4})
ThdID: 33, ErrCnt: Counter({'48': 23, '40': 15, '51': 8, '47': 8, '16': 7, '57': 7, '43': 7, '56': 6, '52': 6, '58': 5, '46': 5, '20': 4, '54': 4, '55': 3, '53': 3, '59': 3, '50': 2, '63': 1})
ThdID: 33, TotCnt: Counter({'16': 426, '20': 307, '40': 96, '43': 67, '48': 47, '47': 42, '46': 28, '52': 27, '56': 26, '57': 24, '51': 22, '58': 21, '55': 20, '59': 19, '54': 19, '50': 18, '53': 12, '61': 9, '63': 8, '64': 2, '68': 2, '70': 2, '65': 1, '69': 1, '76': 1, '74': 1, '71': 1, '78': 1})
ThdID: 33, sumErrCnt: Counter({'40': 573, '48': 493, '46': 322, '47': 320, '16': 286, '55': 190, '52': 190, '53': 166, '58': 165, '57': 164, '56': 164, '51': 161, '59': 160, '54': 157, '43': 154, '20': 112, '63': 98, '50': 91, '67': 27, '65': 4, '64': 2, '61': 1})
ThdID: 33, sumTotCnt: Counter({'16': 14862, '20': 9987, '40': 3944, '43': 2124, '46': 1306, '47': 1278, '48': 1272, '50': 747, '56': 704, '52': 684, '55': 678, '51': 667, '57': 663, '59': 659, '54': 649, '58': 633, '53': 629, '61': 269, '63': 181, '64': 94, '65': 80, '67': 71, '66': 60, '68': 57, '71': 35, '70': 34, '69': 31, '74': 26, '75': 24, '76': 19, '73': 17, '77': 11, '78': 5})
ThdID: 34, ErrCnt: Counter({'48': 18, '40': 12, '46': 9, '47': 9, '58': 8, '16': 8, '59': 6, '56': 6, '52': 6, '55': 5, '54': 5, '53': 5, '50': 4, '57': 3, '51': 3, '20': 3, '43': 1, '63': 1, '64': 1})
ThdID: 34, TotCnt: Counter({'16': 445, '20': 293, '40': 111, '43': 52, '48': 43, '46': 39, '47': 39, '53': 25, '54': 23, '58': 22, '55': 20, '56': 20, '50': 20, '59': 19, '57': 19, '52': 18, '51': 15, '61': 6, '64': 6, '68': 4, '63': 3, '76': 2, '74': 2, '65': 1, '77': 1, '75': 1, '71': 1})
ThdID: 34, sumErrCnt: Counter({'40': 585, '48': 511, '46': 331, '47': 329, '16': 294, '52': 196, '55': 195, '58': 173, '53': 171, '56': 170, '57': 167, '59': 166, '51': 164, '54': 162, '43': 155, '20': 115, '63': 99, '50': 95, '67': 27, '65': 4, '64': 3, '61': 1})
ThdID: 34, sumTotCnt: Counter({'16': 15307, '20': 10280, '40': 4055, '43': 2176, '46': 1345, '47': 1317, '48': 1315, '50': 767, '56': 724, '52': 702, '55': 698, '57': 682, '51': 682, '59': 678, '54': 672, '58': 655, '53': 654, '61': 275, '63': 184, '64': 100, '65': 81, '67': 71, '68': 61, '66': 60, '71': 36, '70': 34, '69': 31, '74': 28, '75': 25, '76': 21, '73': 17, '77': 12, '78': 5})
ThdID: 35, ErrCnt: Counter({'48': 15, '47': 15, '40': 12, '59': 9, '16': 9, '51': 9, '46': 6, '56': 6, '57': 5, '43': 5, '20': 5, '55': 4, '63': 4, '54': 4, '58': 3, '53': 3, '50': 2, '52': 1})
ThdID: 35, TotCnt: Counter({'16': 458, '20': 285, '40': 103, '43': 65, '47': 48, '46': 35, '48': 32, '57': 25, '59': 23, '54': 21, '51': 21, '55': 20, '50': 19, '56': 18, '58': 16, '52': 15, '53': 10, '61': 7, '63': 6, '67': 4, '64': 3, '66': 3, '68': 2, '69': 2, '73': 2, '71': 2, '70': 2, '65': 1, '77': 1, '74': 1})
ThdID: 35, sumErrCnt: Counter({'40': 597, '48': 526, '47': 344, '46': 337, '16': 303, '55': 199, '52': 197, '58': 176, '56': 176, '59': 175, '53': 174, '51': 173, '57': 172, '54': 166, '43': 160, '20': 120, '63': 103, '50': 97, '67': 27, '65': 4, '64': 3, '61': 1})
ThdID: 35, sumTotCnt: Counter({'16': 15765, '20': 10565, '40': 4158, '43': 2241, '46': 1380, '47': 1365, '48': 1347, '50': 786, '56': 742, '55': 718, '52': 717, '57': 707, '51': 703, '59': 701, '54': 693, '58': 671, '53': 664, '61': 282, '63': 190, '64': 103, '65': 82, '67': 75, '66': 63, '68': 63, '71': 38, '70': 36, '69': 33, '74': 29, '75': 25, '76': 21, '73': 19, '77': 13, '78': 5})
ThdID: 36, ErrCnt: Counter({'40': 18, '46': 13, '48': 12, '16': 11, '43': 9, '55': 7, '47': 6, '57': 6, '63': 6, '59': 6, '53': 5, '56': 4, '52': 4, '20': 3, '58': 2, '51': 2, '50': 2, '54': 2})
ThdID: 36, TotCnt: Counter({'16': 427, '20': 281, '40': 144, '43': 51, '46': 45, '50': 36, '48': 34, '47': 28, '59': 26, '55': 21, '57': 20, '56': 19, '54': 18, '51': 18, '58': 16, '53': 15, '52': 12, '63': 9, '61': 6, '64': 5, '65': 5, '67': 4, '68': 4, '69': 2, '66': 1, '75': 1, '71': 1, '70': 1})
ThdID: 36, sumErrCnt: Counter({'40': 615, '48': 538, '46': 350, '47': 350, '16': 314, '55': 206, '52': 201, '59': 181, '56': 180, '53': 179, '58': 178, '57': 178, '51': 175, '43': 169, '54': 168, '20': 123, '63': 109, '50': 99, '67': 27, '65': 4, '64': 3, '61': 1})
ThdID: 36, sumTotCnt: Counter({'16': 16192, '20': 10846, '40': 4302, '43': 2292, '46': 1425, '47': 1393, '48': 1381, '50': 822, '56': 761, '55': 739, '52': 729, '59': 727, '57': 727, '51': 721, '54': 711, '58': 687, '53': 679, '61': 288, '63': 199, '64': 108, '65': 87, '67': 79, '68': 67, '66': 64, '71': 39, '70': 37, '69': 35, '74': 29, '75': 26, '76': 21, '73': 19, '77': 13, '78': 5})
ThdID: 37, ErrCnt: Counter({'48': 19, '47': 18, '40': 18, '46': 13, '16': 10, '55': 6, '57': 5, '51': 5, '59': 4, '58': 4, '43': 4, '54': 4, '53': 4, '52': 3, '63': 3, '50': 3, '56': 2, '20': 2, '67': 1, '65': 1})
ThdID: 37, TotCnt: Counter({'16': 451, '20': 268, '40': 136, '43': 64, '47': 52, '48': 44, '46': 37, '58': 23, '57': 20, '51': 19, '50': 19, '55': 15, '52': 15, '54': 14, '59': 13, '56': 13, '53': 11, '61': 10, '63': 6, '73': 4, '65': 2, '66': 2, '67': 2, '68': 2, '69': 2, '74': 2, '64': 1, '77': 1, '75': 1, '71': 1})
ThdID: 37, sumErrCnt: Counter({'40': 633, '48': 557, '47': 368, '46': 363, '16': 324, '55': 212, '52': 204, '59': 185, '57': 183, '53': 183, '58': 182, '56': 182, '51': 180, '43': 173, '54': 172, '20': 125, '63': 112, '50': 102, '67': 28, '65': 5, '64': 3, '61': 1})
ThdID: 37, sumTotCnt: Counter({'16': 16643, '20': 11114, '40': 4438, '43': 2356, '46': 1462, '47': 1445, '48': 1425, '50': 841, '56': 774, '55': 754, '57': 747, '52': 744, '59': 740, '51': 740, '54': 725, '58': 710, '53': 690, '61': 298, '63': 205, '64': 109, '65': 89, '67': 81, '68': 69, '66': 66, '71': 40, '69': 37, '70': 37, '74': 31, '75': 27, '73': 23, '76': 21, '77': 14, '78': 5})
ThdID: 38, ErrCnt: Counter({'48': 15, '40': 12, '16': 10, '46': 10, '53': 8, '58': 6, '47': 6, '56': 6, '50': 6, '55': 5, '59': 3, '57': 3, '52': 3, '43': 2, '54': 2, '67': 1, '51': 1, '63': 1, '20': 1})
ThdID: 38, TotCnt: Counter({'16': 461, '20': 289, '40': 105, '43': 58, '46': 38, '50': 34, '48': 33, '47': 28, '53': 27, '58': 25, '55': 23, '51': 23, '56': 20, '52': 18, '54': 17, '59': 15, '57': 15, '61': 7, '63': 3, '64': 2, '65': 2, '68': 2, '66': 1, '67': 1, '69': 1, '71': 1, '70': 1})
ThdID: 38, sumErrCnt: Counter({'40': 645, '48': 572, '47': 374, '46': 373, '16': 334, '55': 217, '52': 207, '53': 191, '59': 188, '58': 188, '56': 188, '57': 186, '51': 181, '43': 175, '54': 174, '20': 126, '63': 113, '50': 108, '67': 29, '65': 5, '64': 3, '61': 1})
ThdID: 38, sumTotCnt: Counter({'16': 17104, '20': 11403, '40': 4543, '43': 2414, '46': 1500, '47': 1473, '48': 1458, '50': 875, '56': 794, '55': 777, '51': 763, '57': 762, '52': 762, '59': 755, '54': 742, '58': 735, '53': 717, '61': 305, '63': 208, '64': 111, '65': 91, '67': 82, '68': 71, '66': 67, '71': 41, '69': 38, '70': 38, '74': 31, '75': 27, '73': 23, '76': 21, '77': 14, '78': 5})
ThdID: 39, ErrCnt: Counter({'48': 20, '40': 19, '47': 10, '52': 9, '46': 9, '16': 8, '58': 7, '53': 7, '54': 7, '59': 4, '57': 4, '43': 3, '55': 2, '51': 2, '63': 2, '20': 2, '50': 1})
ThdID: 39, TotCnt: Counter({'16': 410, '20': 295, '40': 134, '43': 53, '46': 49, '48': 46, '47': 41, '54': 27, '50': 27, '52': 26, '53': 23, '58': 22, '59': 16, '51': 16, '57': 12, '55': 11, '56': 9, '63': 7, '61': 6, '64': 4, '65': 4, '66': 3, '68': 3, '67': 2, '77': 1, '76': 1, '73': 1, '71': 1})
ThdID: 39, sumErrCnt: Counter({'40': 664, '48': 592, '47': 384, '46': 382, '16': 342, '55': 219, '52': 216, '53': 198, '58': 195, '59': 192, '57': 190, '56': 188, '51': 183, '54': 181, '43': 178, '20': 128, '63': 115, '50': 109, '67': 29, '65': 5, '64': 3, '61': 1})
ThdID: 39, sumTotCnt: Counter({'16': 17514, '20': 11698, '40': 4677, '43': 2467, '46': 1549, '47': 1514, '48': 1504, '50': 902, '56': 803, '55': 788, '52': 788, '51': 779, '57': 774, '59': 771, '54': 769, '58': 757, '53': 740, '61': 311, '63': 215, '64': 115, '65': 95, '67': 84, '68': 74, '66': 70, '71': 42, '69': 38, '70': 38, '74': 31, '75': 27, '73': 24, '76': 22, '77': 15, '78': 5})
 - Calculated error matrix size: (40, 33).
 - Error matrix: [(0.0, 0.5, 0.0, 0.0, 0.0, 0.25, 0.0, -1, 0.006369426751592357, 0.3469387755102041, 0.2222222222222222, 0.23333333333333334, 0.0847457627118644, 0.14634146341463414, -1, -1, -1, 0.0, -1, 0.0, 0.0, -1, 0.125, 0.30434782608695654, 0.022727272727272728, 0.3684210526315789, 0.2692307692307692, 0.26666666666666666, 0.23529411764705882, 0.25, 0.09523809523809523, 0.15625, 0.2857142857142857), (0.0, 0.2857142857142857, 0.0, 0.0, 0.0, 0.3333333333333333, 0.0, 0.0, 0.01694915254237288, 0.2564102564102564, 0.275, 0.3235294117647059, 0.05263157894736842, 0.11764705882352941, 0.0, -1, 0.0, 0.0, 0.0, 0.0, 0.0, -1, 0.25, 0.25925925925925924, 0.016055045871559634, 0.16666666666666666, 0.22727272727272727, 0.23076923076923078, 0.2916666666666667, 0.1875, 0.1111111111111111, 0.3157894736842105, 0.2727272727272727), (0.0, 0.5, 0.0, 0.0, 0.0, 0.5, 0.0, 0.0, 0.012578616352201259, 0.30303030303030304, 0.28205128205128205, 0.21052631578947367, 0.06153846153846154, 0.21495327102803738, -1, -1, 0.0, 0.0, 0.0, 0.0, 0.0, -1, 0.45454545454545453, 0.15, 0.013605442176870748, 0.2222222222222222, 0.3076923076923077, 0.2, 0.21428571428571427, 0.14285714285714285, 0.13333333333333333, 0.25, 0.47368421052631576), (0.0, 0.6, 0.0, 0.0, 0.0, -1, -1, -1, 0.018315018315018316, 0.32432432432432434, 0.15, 0.4166666666666667, 0.08695652173913043, 0.144, -1, -1, 0.0, 0.0, -1, 0.0, 0.0, -1, 0.3333333333333333, 0.23076923076923078, 0.02237136465324385, 0.13636363636363635, 0.21428571428571427, 0.10526315789473684, 0.3181818181818182, 0.2692307692307692, 0.125, 0.3684210526315789, 0.38095238095238093), (0.0, 0.8, 0.0, 0.0, 0.0, 0.0, 0.0, 0.0, 0.007407407407407408, 0.35, 0.3076923076923077, 0.22727272727272727, 0.06779661016949153, 0.08333333333333333, -1, -1, -1, 0.0, -1, 0.0, 0.0, -1, 0.20833333333333334, 0.14814814814814814, 0.01991150442477876, 0.25, 0.26666666666666666, 0.3125, 0.2857142857142857, 0.2916666666666667, 0.15789473684210525, 0.375, 0.09523809523809523), (0.0, 0.4444444444444444, 0.0, 0.0, 0.0, 1.0, 0.0, 0.0, 0.01694915254237288, 0.34210526315789475, 0.275, 0.2682926829268293, 0.09375, 0.09166666666666666, -1, -1, 0.0, -1, -1, -1, 0.0, -1, 0.4666666666666667, 0.13333333333333333, 0.025522041763341066, 0.5263157894736842, 0.2608695652173913, 0.09090909090909091, 0.13043478260869565, 0.2631578947368421, 0.05555555555555555, 0.19047619047619047, 0.2631578947368421), (0.0, 0.5714285714285714, 0.0, 0.0, 0.0, 0.0, 0.0, 0.0, 0.006920415224913495, 0.3333333333333333, 0.18181818181818182, 0.2, 0.012048192771084338, 0.1171875, 0.0, 0.0, -1, -1, 0.0, 0.0, 0.0, -1, 0.1, 0.42857142857142855, 0.022675736961451247, 0.3076923076923077, 0.25, 0.058823529411764705, 0.15384615384615385, 0.23809523809523808, 0.15, 0.11764705882352941, 0.16666666666666666), (0.0, 0.625, 0.0, 0.0, 0.0, -1, 0.0, 0.0, 0.013605442176870748, 0.36363636363636365, 0.41935483870967744, 0.35714285714285715, 0.10294117647058823, 0.10743801652892562, -1, 0.0, -1, -1, -1, 0.0, 0.0, -1, 0.4117647058823529, 0.2222222222222222, 0.014218009478672985, 0.23809523809523808, 0.16666666666666666, 0.19047619047619047, 0.36, 0.3333333333333333, 0.1388888888888889, 0.47058823529411764, 0.22727272727272727), (0.0, 0.2857142857142857, 0.0, 0.0, 0.0, -1, 0.0, 0.0, 0.009554140127388535, 0.375, 0.20930232558139536, 0.20512820512820512, 0.1267605633802817, 0.10679611650485436, -1, -1, 0.0, -1, -1, -1, -1, -1, 0.2777777777777778, 0.17647058823529413, 0.02112676056338028, 0.2777777777777778, 0.3125, 0.16666666666666666, 0.24, 0.4666666666666667, 0.2727272727272727, 0.3333333333333333, 0.4090909090909091), (0.07692307692307693, 0.5, 0.0, 0.5, 0.0, 1.0, 0.0, 0.0, 0.014545454545454545, 0.4722222222222222, 0.3, 0.15555555555555556, 0.1, 0.1484375, -1, -1, -1, 0.0, -1, 0.0, 0.0, -1, 0.35294117647058826, 0.30434782608695654, 0.01650943396226415, 0.2962962962962963, 0.1111111111111111, 0.2, 0.2608695652173913, 0.25, 0.1, 0.2, 0.16666666666666666), (0.0, 0.6666666666666666, -1, -1, 0.0, 0.0, 0.0, 0.0, 0.01557632398753894, 0.3333333333333333, 0.25, 0.3333333333333333, 0.09230769230769231, 0.1440677966101695, -1, 0.0, 0.0, 0.0, 0.0, 0.0, 0.0, -1, 0.17647058823529413, 0.4, 0.017326732673267328, 0.3333333333333333, 0.18181818181818182, 0.30434782608695654, 0.20833333333333334, 0.23809523809523808, 0.09090909090909091, 0.25, 0.35714285714285715), (0.0, 0.3333333333333333, 0.0, -1, 0.0, -1, 0.0, 0.0, 0.013651877133105802, 0.4318181818181818, 0.2, 0.2, 0.08955223880597014, 0.14782608695652175, -1, -1, 0.0, 0.0, -1, 0.0, -1, -1, 0.18181818181818182, 0.375, 0.018306636155606407, 0.125, 0.3125, 0.4375, 0.07142857142857142, 0.23076923076923078, 0.13043478260869565, 0.15789473684210525, 0.3125), (0.0, 0.7, 0.0, 0.0, 0.0, -1, 0.0, -1, 0.010135135135135136, 0.42105263157894735, 0.325, 0.34146341463414637, 0.02531645569620253, 0.15841584158415842, -1, -1, 0.0, 0.0, 0.0, -1, 0.0, -1, 0.0, 0.1111111111111111, 0.007263922518159807, 0.36, 0.18518518518518517, 0.4166666666666667, 0.21052631578947367, 0.16, 0.041666666666666664, 0.3888888888888889, 0.16666666666666666), (0.0, 0.6666666666666666, 0.0, -1, -1, 0.0, 0.0, 0.0, 0.00684931506849315, 0.5, 0.19047619047619047, 0.14814814814814814, 0.03076923076923077, 0.12903225806451613, 0.0, -1, 0.0, 0.0, -1, 0.0, -1, -1, 0.35294117647058826, 0.4666666666666667, 0.017897091722595078, 0.2857142857142857, 0.2, 0.12, 0.4375, 0.1875, 0.13333333333333333, 0.25, 0.3181818181818182), (0.0, 0.0, 0.0, 0.16666666666666666, 0.0, 0.5, 0.0, 0.0, 0.0072992700729927005, 0.3225806451612903, 0.24489795918367346, 0.23529411764705882, 0.12, 0.140625, -1, -1, -1, -1, -1, -1, 0.0, 0.0, 0.2, 0.3181818181818182, 0.02197802197802198, 0.21052631578947367, 0.16666666666666666, 0.2857142857142857, 0.058823529411764705, 0.23333333333333334, 0.13043478260869565, 0.2608695652173913, 0.14285714285714285), (0.0, 0.5, 0.0, 0.3333333333333333, 0.0, 0.75, 0.0, -1, 0.00749063670411985, 0.2972972972972973, 0.3333333333333333, 0.3181818181818182, 0.07936507936507936, 0.1732283464566929, -1, -1, -1, -1, -1, 0.0, -1, -1, 0.1875, 0.29411764705882354, 0.017817371937639197, 0.32142857142857145, 0.36363636363636365, 0.08695652173913043, 0.28, 0.125, 0.1, 0.2, 0.26666666666666666), (0.0, 0.8888888888888888, 0.3333333333333333, 0.0, 0.0, 0.3333333333333333, 0.0, 0.0, 0.017857142857142856, 0.3157894736842105, 0.1794871794871795, 0.2903225806451613, 0.08333333333333333, 0.1320754716981132, 0.0, 0.0, 0.0, -1, -1, -1, 0.0, -1, 0.3, 0.13636363636363635, 0.01276595744680851, 0.2857142857142857, 0.2857142857142857, 0.48148148148148145, 0.25, 0.29411764705882354, 0.125, 0.3333333333333333, 0.42857142857142855), (0.0, 0.75, 0.0, 0.0, 0.0, 0.3333333333333333, 0.0, 0.0, 0.01, 0.4857142857142857, 0.20512820512820512, 0.3684210526315789, 0.10714285714285714, 0.22123893805309736, 0.0, 0.0, 0.0, -1, 0.0, 0.0, 0.0, -1, 0.23529411764705882, 0.19047619047619047, 0.015384615384615385, 0.35294117647058826, 0.3888888888888889, 0.2, 0.16666666666666666, 0.125, 0.08, 0.21428571428571427, 0.3), (0.0, 0.42857142857142855, 0.0, 0.0, -1, 0.6666666666666666, -1, -1, 0.01020408163265306, 0.46153846153846156, 0.24324324324324326, 0.25, 0.041666666666666664, 0.13934426229508196, 0.0, 0.0, 0.0, 0.0, -1, -1, -1, -1, 0.35, 0.5, 0.017316017316017316, 0.35, 0.34782608695652173, 0.2608695652173913, 0.15789473684210525, 0.16666666666666666, 0.19047619047619047, 0.2, 0.4), (0.0, 0.0, 0.0, 0.0, -1, 0.5, 0.0, -1, 0.017064846416382253, 0.4444444444444444, 0.3157894736842105, 0.3181818181818182, 0.1111111111111111, 0.11206896551724138, 0.0, -1, -1, -1, -1, 0.0, 0.0, 0.0, 0.2, 0.21739130434782608, 0.023923444976076555, 0.2631578947368421, 0.21052631578947367, 0.2962962962962963, 0.3333333333333333, 0.13636363636363635, 0.23809523809523808, 0.25, 0.21428571428571427), (0.0, 0.75, 0.0, 0.0, 0.0, 0.16666666666666666, 0.0, -1, 0.006430868167202572, 0.4, 0.12962962962962962, 0.24390243902439024, 0.0967741935483871, 0.08771929824561403, -1, -1, -1, 0.0, -1, 0.0, 0.0, -1, 0.19047619047619047, 0.2727272727272727, 0.02386634844868735, 0.2857142857142857, 0.16666666666666666, 0.21428571428571427, 0.05263157894736842, 0.25925925925925924, 0.22727272727272727, 0.42857142857142855, 0.3684210526315789), (0.0, 0.4166666666666667, 0.0, 0.0, 0.0, 0.4, 0.0, 0.0, 0.003115264797507788, 0.3684210526315789, 0.28, 0.16, 0.08163265306122448, 0.09090909090909091, -1, 0.0, -1, 0.0, 0.0, -1, -1, -1, 0.16666666666666666, 0.3333333333333333, 0.02771362586605081, 0.26666666666666666, 0.18181818181818182, 0.3333333333333333, 0.4444444444444444, 0.07142857142857142, 0.12, 0.1875, 0.2962962962962963), (0.0, 0.6666666666666666, 0.0, 0.0, 0.0, 0.25, 0.0, 0.0, 0.0034965034965034965, 0.4634146341463415, 0.24324324324324326, 0.1, 0.014492753623188406, 0.1935483870967742, 0.0, -1, -1, -1, -1, 0.0, 0.0, -1, 0.17647058823529413, 0.3125, 0.02823529411764706, 0.25, 0.17647058823529413, 0.34782608695652173, 0.22727272727272727, 0.21428571428571427, 0.08333333333333333, 0.11764705882352941, 0.125), (0.0, 0.5, 0.0, 0.0, 0.0, -1, 0.0, -1, 0.010273972602739725, 0.44680851063829785, 0.35294117647058826, 0.29411764705882354, 0.06060606060606061, 0.12037037037037036, -1, 0.0, -1, -1, 0.0, -1, 0.0, 0.0, 0.23076923076923078, 0.1, 0.008869179600886918, 0.38095238095238093, 0.16666666666666666, 0.16666666666666666, 0.2777777777777778, 0.2777777777777778, 0.0, 0.14285714285714285, 0.25), (0.0, 0.8571428571428571, -1, 0.0, 0.0, 0.0, 0.0, 0.0, 0.010752688172043012, 0.3170731707317073, 0.1111111111111111, 0.16666666666666666, 0.07352941176470588, 0.20689655172413793, -1, -1, -1, 0.0, -1, 0.0, 0.0, -1, 0.3333333333333333, 0.5555555555555556, 0.02968036529680365, 0.3, 0.15, 0.15789473684210525, 0.17391304347826086, 0.1875, 0.03571428571428571, 0.5416666666666666, 0.2608695652173913), (0.0, 0.4, 0.25, 0.0, 0.0, 0.0, 0.0, -1, 0.021505376344086023, 0.5, 0.16129032258064516, 0.19047619047619047, 0.017241379310344827, 0.1557377049180328, -1, 0.0, -1, -1, -1, -1, -1, -1, 0.2, 0.13636363636363635, 0.023809523809523808, 0.25, 0.3076923076923077, 0.17857142857142858, 0.2727272727272727, 0.13333333333333333, 0.21052631578947367, 0.2222222222222222, 0.21052631578947367), (0.0, 0.75, 0.0, 0.0, 0.0, 1.0, 0.0, 0.0, 0.020066889632107024, 0.41025641025641024, 0.17647058823529413, 0.17142857142857143, 0.0, 0.15789473684210525, -1, 0.0, 0.0, -1, 0.0, 0.0, -1, -1, 0.25, 0.23529411764705882, 0.02100840336134454, 0.15, 0.3157894736842105, 0.21052631578947367, 0.26666666666666666, 0.375, 0.05555555555555555, 0.4, 0.39285714285714285), (0.0, 0.4, -1, 0.2, -1, 0.0, 0.0, 0.0, 0.009836065573770493, 0.40540540540540543, 0.23076923076923078, 0.2682926829268293, 0.0, 0.15517241379310345, 0.0, -1, 0.0, 0.0, 0.0, 0.0, 0.0, -1, 0.21052631578947367, 0.24, 0.018140589569160998, 0.16666666666666666, 0.07692307692307693, 0.2857142857142857, 0.2, 0.2631578947368421, 0.09090909090909091, 0.2631578947368421, 0.14285714285714285), (0.0, 0.6, 0.0, 0.0, 0.0, 0.25, 0.0, 0.0, 0.017064846416382253, 0.25, 0.3548387096774194, 0.22857142857142856, 0.07692307692307693, 0.2014388489208633, -1, 0.0, -1, 0.0, 0.0, 0.0, -1, 0.0, 0.21428571428571427, 0.25, 0.024943310657596373, 0.3333333333333333, 0.2, 0.2, 0.2631578947368421, 0.3793103448275862, 0.1111111111111111, 0.21428571428571427, 0.5454545454545454), (0.0, 0.5, 0.0, 0.0, 0.0, 0.3333333333333333, 0.0, -1, 0.006535947712418301, 0.4523809523809524, 0.35294117647058826, 0.2413793103448276, 0.16666666666666666, 0.16666666666666666, -1, 0.0, 0.0, -1, 0.0, 0.0, 0.0, -1, 0.10526315789473684, 0.3888888888888889, 0.01650943396226415, 0.52, 0.2777777777777778, 0.5, 0.2, 0.19047619047619047, 0.12121212121212122, 0.2631578947368421, 0.18518518518518517), (0.0, 0.6666666666666666, 0.0, 0.0, 0.0, 0.0, -1, 0.0, 0.006514657980456026, 0.29411764705882354, 0.2857142857142857, 0.23529411764705882, 0.10606060606060606, 0.1487603305785124, -1, -1, 0.0, -1, -1, 0.0, 0.0, -1, 0.35714285714285715, 0.25, 0.019753086419753086, 0.16666666666666666, 0.25, 0.26666666666666666, 0.19230769230769232, 0.2413793103448276, 0.11764705882352941, 0.2, 0.17391304347826086), (0.0, 0.75, 0.0, 0.0, 0.0, 0.3333333333333333, 0.0, 0.0, 0.007936507936507936, 0.4, 0.3076923076923077, 0.275, 0.034482758620689655, 0.15454545454545454, -1, -1, -1, 0.0, -1, -1, 0.0, -1, 0.2692307692307692, 0.34782608695652173, 0.010752688172043012, 0.25, 0.21212121212121213, 0.2727272727272727, 0.34782608695652173, 0.3333333333333333, 0.18181818181818182, 0.3684210526315789, 0.35294117647058826), (0.0, 0.5, 0.0, 0.0, 0.0, 0.5, -1, 0.0, 0.006600660066006601, 0.42857142857142855, 0.17391304347826086, 0.20930232558139536, 0.07692307692307693, 0.16822429906542055, 0.0, 0.0, -1, -1, 0.0, 0.0, 0.0, -1, 0.1875, 0.1111111111111111, 0.020930232558139535, 0.3333333333333333, 0.5384615384615384, 0.25, 0.17391304347826086, 0.21052631578947367, 0.08333333333333333, 0.19047619047619047, 0.2), (0.0, 0.125, 0.0, 0.0, -1, -1, 0.0, 0.0, 0.013029315960912053, 0.48936170212765956, 0.17857142857142858, 0.19047619047619047, 0.1044776119402985, 0.15625, -1, 0.0, -1, 0.0, -1, 0.0, 0.0, 0.0, 0.15789473684210525, 0.23809523809523808, 0.01643192488262911, 0.15, 0.21052631578947367, 0.2916666666666667, 0.23076923076923078, 0.36363636363636365, 0.1111111111111111, 0.25, 0.2222222222222222), (0.0, 0.3333333333333333, 0.16666666666666666, 0.0, -1, -1, 0.0, -1, 0.010238907849829351, 0.4186046511627907, 0.23076923076923078, 0.23076923076923078, 0.019230769230769232, 0.10810810810810811, 0.0, 0.0, 0.0, 0.0, -1, 0.0, -1, -1, 0.3157894736842105, 0.36363636363636365, 0.017977528089887642, 0.25, 0.21739130434782608, 0.15789473684210525, 0.3, 0.2, 0.2, 0.2, 0.3333333333333333), (0.0, 0.6666666666666666, 0.0, 0.0, 0.0, 0.0, 0.0, 0.0, 0.017543859649122806, 0.46875, 0.17142857142857143, 0.3125, 0.07692307692307693, 0.11650485436893204, 0.0, -1, -1, 0.0, 0.0, 0.0, 0.0, -1, 0.391304347826087, 0.1875, 0.019650655021834062, 0.2, 0.19047619047619047, 0.2, 0.3333333333333333, 0.42857142857142855, 0.10526315789473684, 0.3, 0.06666666666666667), (0.0, 0.6666666666666666, 0.0, 0.0, 0.0, 0.0, 0.0, 0.0, 0.010676156583629894, 0.35294117647058826, 0.28888888888888886, 0.21428571428571427, 0.17647058823529413, 0.125, -1, -1, 0.0, -1, -1, 0.0, 0.0, -1, 0.23076923076923078, 0.125, 0.02576112412177986, 0.3333333333333333, 0.1111111111111111, 0.3, 0.21052631578947367, 0.1111111111111111, 0.05555555555555555, 0.3333333333333333, 0.3333333333333333), (0.0, 0.5, 0.0, 0.5, 0.0, 0.5, 0.0, 0.0, 0.007462686567164179, 0.4318181818181818, 0.35135135135135137, 0.34615384615384615, 0.0625, 0.1323529411764706, 0.0, -1, 0.0, 0.0, 0.0, 0.0, -1, -1, 0.3076923076923077, 0.17391304347826086, 0.022172949002217297, 0.4, 0.2857142857142857, 0.25, 0.15384615384615385, 0.2631578947368421, 0.15789473684210525, 0.36363636363636365, 0.2), (0.0, 0.3333333333333333, 0.0, 0.0, 0.0, 1.0, 0.0, 0.0, 0.0034602076124567475, 0.45454545454545453, 0.2631578947368421, 0.21428571428571427, 0.034482758620689655, 0.11428571428571428, -1, -1, -1, -1, -1, 0.0, 0.0, -1, 0.2, 0.24, 0.021691973969631236, 0.21739130434782608, 0.11764705882352941, 0.2, 0.3, 0.043478260869565216, 0.17647058823529413, 0.2962962962962963, 0.16666666666666666), (0.0, 0.2857142857142857, 0.0, 0.0, 0.0, 0.0, 0.0, -1, 0.006779661016949152, 0.43478260869565216, 0.1836734693877551, 0.24390243902439024, 0.05660377358490566, 0.1417910447761194, 0.0, 0.0, -1, -1, 0.0, 0.0, -1, -1, 0.25, 0.3181818181818182, 0.01951219512195122, 0.18181818181818182, 0.25925925925925924, 0.3333333333333333, 0.0, 0.125, 0.037037037037037035, 0.30434782608695654, 0.34615384615384615)]
 - Error break down:
   + Tag: 61 has error rate: 0.0032154340836 (1 out of 311)
   + Tag: 63 has error rate: 0.53488372093 (115 out of 215)
   + Tag: 64 has error rate: 0.0260869565217 (3 out of 115)
   + Tag: 65 has error rate: 0.0526315789474 (5 out of 95)
   + Tag: 66 has error rate: 0.0 (0 out of 70)
   + Tag: 67 has error rate: 0.345238095238 (29 out of 84)
   + Tag: 68 has error rate: 0.0 (0 out of 74)
   + Tag: 69 has error rate: 0.0 (0 out of 38)
   + Tag: 20 has error rate: 0.0109420413746 (128 out of 11698)
   + Tag: 48 has error rate: 0.393617021277 (592 out of 1504)
   + Tag: 46 has error rate: 0.246610716591 (382 out of 1549)
   + Tag: 47 has error rate: 0.253632760898 (384 out of 1514)
   + Tag: 43 has error rate: 0.0721524118362 (178 out of 2467)
   + Tag: 40 has error rate: 0.141971349155 (664 out of 4677)
   + Tag: 77 has error rate: 0.0 (0 out of 15)
   + Tag: 76 has error rate: 0.0 (0 out of 22)
   + Tag: 75 has error rate: 0.0 (0 out of 27)
   + Tag: 74 has error rate: 0.0 (0 out of 31)
   + Tag: 73 has error rate: 0.0 (0 out of 24)
   + Tag: 71 has error rate: 0.0 (0 out of 42)
   + Tag: 70 has error rate: 0.0 (0 out of 38)
   + Tag: 78 has error rate: 0.0 (0 out of 5)
   + Tag: 59 has error rate: 0.249027237354 (192 out of 771)
   + Tag: 58 has error rate: 0.257595772787 (195 out of 757)
   + Tag: 16 has error rate: 0.0195272353546 (342 out of 17514)
   + Tag: 55 has error rate: 0.277918781726 (219 out of 788)
   + Tag: 54 has error rate: 0.235370611183 (181 out of 769)
   + Tag: 57 has error rate: 0.245478036176 (190 out of 774)
   + Tag: 56 has error rate: 0.234122042341 (188 out of 803)
   + Tag: 51 has error rate: 0.234916559692 (183 out of 779)
   + Tag: 50 has error rate: 0.120842572062 (109 out of 902)
   + Tag: 53 has error rate: 0.267567567568 (198 out of 740)
   + Tag: 52 has error rate: 0.274111675127 (216 out of 788)
