Reading model parameters from ../models/chkpnt_013/translate.ckpt-39200
Tokenizing data in ../models/tmp_013/50k_numtimegpoevetamdacdlc-text_0.1_0.1_all-ws-test-gb.sym
Tokenizing data in ../models/tmp_013/50k_numtimegpoevetamdacdlc-text_0.1_0.1_all-ws-test-gb.word
Started evaluating model on test data.
Started thread 0 with 1250 records.
Started thread 1 with 1250 records.
Started thread 2 with 1250 records.
Started thread 3 with 1250 records.
Started thread 4 with 1250 records.
Started thread 5 with 1250 records.
Started thread 6 with 1250 records.
Started thread 7 with 1250 records.
Started thread 8 with 1250 records.
Started thread 9 with 1250 records.
Started thread 10 with 1250 records.
Started thread 11 with 1250 records.
Started thread 12 with 1250 records.
Started thread 13 with 1250 records.
Started thread 14 with 1250 records.
Started thread 15 with 1250 records.
Started thread 16 with 1250 records.
Started thread 17 with 1250 records.
Started thread 18 with 1250 records.
Started thread 19 with 1250 records.
Started thread 20 with 1250 records.
Started thread 21 with 1250 records.
Started thread 22 with 1250 records.
Started thread 23 with 1250 records.
Started thread 24 with 1250 records.
Started thread 25 with 1250 records.
Started thread 26 with 1250 records.
Started thread 27 with 1250 records.
Started thread 28 with 1250 records.
Started thread 29 with 1250 records.
Started thread 30 with 1250 records.
Started thread 31 with 1250 records.
Started thread 32 with 1250 records.
Started thread 33 with 1250 records.
Started thread 34 with 1250 records.
Started thread 35 with 1250 records.
Started thread 36 with 1250 records.
Started thread 37 with 1250 records.
Started thread 38 with 1250 records.
Started thread 39 with 1250 records.
Evaluator 13 processed 1000 recs.
Evaluator 30 processed 1000 recs.
Evaluator 7 processed 1000 recs.
Evaluator 20 processed 1000 recs.
Evaluator 21 processed 1000 recs.
Evaluator 29 processed 1000 recs.
Evaluator 24 processed 1000 recs.
Evaluator 33 processed 1000 recs.
Evaluator 15 processed 1000 recs.
Evaluator 0 processed 1000 recs.
Evaluator 9 processed 1000 recs.
Evaluator 31 processed 1000 recs.
Evaluator 10 processed 1000 recs.
Evaluator 2 processed 1000 recs.
Evaluator 38 processed 1000 recs.
Evaluator 8 processed 1000 recs.
Evaluator 12 processed 1000 recs.
Evaluator 32 processed 1000 recs.
Evaluator 27 processed 1000 recs.
Evaluator 28 processed 1000 recs.
Evaluator 37 processed 1000 recs.
Evaluator 3 processed 1000 recs.
Evaluator 17 processed 1000 recs.
Evaluator 39 processed 1000 recs.
Evaluator 11 processed 1000 recs.
Evaluator 22 processed 1000 recs.
Evaluator 25 processed 1000 recs.
Evaluator 26 processed 1000 recs.
Evaluator 35 processed 1000 recs.
Evaluator 18 processed 1000 recs.
Evaluator 1 processed 1000 recs.
Evaluator 5 processed 1000 recs.
Evaluator 19 processed 1000 recs.
Evaluator 4 processed 1000 recs.
Evaluator 36 processed 1000 recs.
Evaluator 23 processed 1000 recs.
Evaluator 16 processed 1000 recs.
Evaluator: 13 finished. Result: 1010.0 correct out of 1250
Evaluator 14 processed 1000 recs.
Evaluator 34 processed 1000 recs.
Evaluator 6 processed 1000 recs.
Evaluator: 7 finished. Result: 1032.0 correct out of 1250
Evaluator: 29 finished. Result: 1024.0 correct out of 1250
Evaluator: 20 finished. Result: 1019.0 correct out of 1250
Evaluator: 24 finished. Result: 1024.0 correct out of 1250
Evaluator: 21 finished. Result: 1037.0 correct out of 1250
Evaluator: 9 finished. Result: 1043.0 correct out of 1250
Evaluator: 15 finished. Result: 1026.0 correct out of 1250
Evaluator: 2 finished. Result: 1021.0 correct out of 1250
Evaluator: 33 finished. Result: 1033.0 correct out of 1250
Evaluator: 30 finished. Result: 1019.0 correct out of 1250
Evaluator: 38 finished. Result: 1037.0 correct out of 1250
Evaluator: 0 finished. Result: 1051.0 correct out of 1250
Evaluator: 8 finished. Result: 1037.0 correct out of 1250
Evaluator: 31 finished. Result: 1036.0 correct out of 1250
Evaluator: 10 finished. Result: 1016.0 correct out of 1250
Evaluator: 12 finished. Result: 1015.0 correct out of 1250
Evaluator: 28 finished. Result: 1021.0 correct out of 1250
Evaluator: 32 finished. Result: 1037.0 correct out of 1250
Evaluator: 27 finished. Result: 1031.0 correct out of 1250
Evaluator: 3 finished. Result: 1024.0 correct out of 1250
Evaluator: 17 finished. Result: 1044.0 correct out of 1250
Evaluator: 37 finished. Result: 1025.0 correct out of 1250
Evaluator: 11 finished. Result: 1048.0 correct out of 1250
Evaluator: 22 finished. Result: 1025.0 correct out of 1250
Evaluator: 39 finished. Result: 1044.0 correct out of 1250
Evaluator: 25 finished. Result: 1019.0 correct out of 1250
Evaluator: 26 finished. Result: 1037.0 correct out of 1250
Evaluator: 35 finished. Result: 1019.0 correct out of 1250
Evaluator: 4 finished. Result: 1061.0 correct out of 1250
Evaluator: 1 finished. Result: 1027.0 correct out of 1250
Evaluator: 18 finished. Result: 1027.0 correct out of 1250
Evaluator: 5 finished. Result: 1038.0 correct out of 1250
Evaluator: 19 finished. Result: 1038.0 correct out of 1250
Evaluator: 14 finished. Result: 1029.0 correct out of 1250
Evaluator: 23 finished. Result: 1027.0 correct out of 1250
Evaluator: 36 finished. Result: 1029.0 correct out of 1250
Evaluator: 16 finished. Result: 1049.0 correct out of 1250
Evaluator: 34 finished. Result: 1031.0 correct out of 1250
Evaluator: 6 finished. Result: 1026.0 correct out of 1250
RESULT REPORT:\N - Result matrix: 
[[ 1051.  1250.]
 [ 1027.  1250.]
 [ 1021.  1250.]
 [ 1024.  1250.]
 [ 1061.  1250.]
 [ 1038.  1250.]
 [ 1026.  1250.]
 [ 1032.  1250.]
 [ 1037.  1250.]
 [ 1043.  1250.]
 [ 1016.  1250.]
 [ 1048.  1250.]
 [ 1015.  1250.]
 [ 1010.  1250.]
 [ 1029.  1250.]
 [ 1026.  1250.]
 [ 1049.  1250.]
 [ 1044.  1250.]
 [ 1027.  1250.]
 [ 1038.  1250.]
 [ 1019.  1250.]
 [ 1037.  1250.]
 [ 1025.  1250.]
 [ 1027.  1250.]
 [ 1024.  1250.]
 [ 1019.  1250.]
 [ 1037.  1250.]
 [ 1031.  1250.]
 [ 1021.  1250.]
 [ 1024.  1250.]
 [ 1019.  1250.]
 [ 1036.  1250.]
 [ 1037.  1250.]
 [ 1033.  1250.]
 [ 1031.  1250.]
 [ 1019.  1250.]
 [ 1029.  1250.]
 [ 1025.  1250.]
 [ 1037.  1250.]
 [ 1044.  1250.]]
 - Sum: [ 41236.  50000.]
 - Correct: 41236.0 out of 50000.0
 - Accuracy: 0.82472
ThdID: 0, ErrCnt: Counter({'22': 74, '44': 29, '43': 9, '45': 8, '50': 8, '52': 8, '27': 7, '51': 7, '61': 7, '55': 6, '58': 5, '56': 5, '60': 5, '24': 4, '49': 4, '57': 3, '62': 3, '63': 3, '65': 3, '59': 1})
ThdID: 0, TotCnt: Counter({'22': 245, '24': 200, '27': 175, '45': 88, '43': 80, '44': 74, '49': 44, '50': 40, '52': 40, '51': 34, '57': 24, '63': 22, '59': 22, '61': 20, '55': 18, '62': 17, '58': 17, '54': 15, '60': 13, '56': 13, '65': 9, '67': 6, '69': 6, '68': 5, '72': 4, '66': 2, '80': 2, '81': 2, '70': 2, '83': 1, '84': 1, '82': 1, '77': 1, '75': 1, '74': 1, '73': 1, '71': 1, '90': 1, '79': 1, '89': 1})
ThdID: 0, sumErrCnt: Counter({'22': 74, '44': 29, '43': 9, '45': 8, '50': 8, '52': 8, '27': 7, '51': 7, '61': 7, '55': 6, '58': 5, '56': 5, '60': 5, '24': 4, '49': 4, '57': 3, '62': 3, '63': 3, '65': 3, '59': 1})
ThdID: 0, sumTotCnt: Counter({'22': 245, '24': 200, '27': 175, '45': 88, '43': 80, '44': 74, '49': 44, '50': 40, '52': 40, '51': 34, '57': 24, '63': 22, '59': 22, '61': 20, '55': 18, '62': 17, '58': 17, '54': 15, '60': 13, '56': 13, '65': 9, '67': 6, '69': 6, '68': 5, '72': 4, '66': 2, '80': 2, '81': 2, '70': 2, '83': 1, '84': 1, '82': 1, '77': 1, '75': 1, '74': 1, '73': 1, '71': 1, '90': 1, '79': 1, '89': 1})
ThdID: 1, ErrCnt: Counter({'22': 94, '44': 32, '43': 11, '52': 11, '27': 9, '24': 8, '51': 8, '50': 8, '45': 7, '60': 5, '62': 4, '63': 3, '49': 3, '59': 3, '55': 3, '56': 3, '57': 2, '61': 1, '65': 1, '66': 1, '68': 1, '69': 1, '71': 1, '93': 1, '58': 1, '54': 1})
ThdID: 1, TotCnt: Counter({'22': 244, '24': 224, '27': 199, '45': 69, '44': 67, '43': 67, '49': 43, '52': 42, '50': 39, '51': 34, '61': 21, '59': 21, '57': 21, '63': 19, '55': 18, '54': 16, '56': 16, '60': 15, '62': 11, '58': 11, '68': 9, '66': 7, '65': 6, '67': 6, '74': 4, '70': 3, '69': 2, '80': 2, '75': 2, '73': 2, '72': 2, '86': 1, '87': 1, '83': 1, '76': 1, '71': 1, '93': 1, '94': 1, '79': 1})
ThdID: 1, sumErrCnt: Counter({'22': 168, '44': 61, '43': 20, '52': 19, '27': 16, '50': 16, '45': 15, '51': 15, '24': 12, '60': 10, '55': 9, '61': 8, '56': 8, '62': 7, '49': 7, '63': 6, '58': 6, '57': 5, '65': 4, '59': 4, '66': 1, '68': 1, '69': 1, '71': 1, '93': 1, '54': 1})
ThdID: 1, sumTotCnt: Counter({'22': 489, '24': 424, '27': 374, '45': 157, '43': 147, '44': 141, '49': 87, '52': 82, '50': 79, '51': 68, '57': 45, '59': 43, '61': 41, '63': 41, '55': 36, '54': 31, '56': 29, '60': 28, '62': 28, '58': 28, '65': 15, '68': 14, '67': 12, '66': 9, '69': 8, '72': 6, '74': 5, '70': 5, '80': 4, '75': 3, '73': 3, '83': 2, '81': 2, '71': 2, '79': 2, '82': 1, '86': 1, '87': 1, '84': 1, '77': 1, '76': 1, '90': 1, '93': 1, '94': 1, '89': 1})
ThdID: 2, ErrCnt: Counter({'22': 92, '44': 23, '43': 18, '51': 13, '45': 12, '24': 10, '52': 9, '50': 8, '63': 5, '27': 5, '61': 4, '49': 4, '59': 4, '56': 4, '60': 3, '62': 2, '66': 2, '68': 2, '58': 2, '55': 2, '54': 2, '57': 2, '65': 1})
ThdID: 2, TotCnt: Counter({'22': 289, '24': 227, '27': 171, '43': 82, '45': 72, '44': 62, '51': 43, '50': 40, '52': 33, '49': 31, '63': 19, '54': 19, '60': 18, '62': 18, '57': 17, '58': 16, '61': 14, '55': 11, '56': 11, '68': 8, '59': 8, '66': 7, '65': 6, '73': 4, '69': 3, '94': 3, '86': 2, '83': 2, '77': 2, '70': 2, '67': 1, '87': 1, '76': 1, '74': 1, '72': 1, '91': 1, '92': 1, '79': 1, '78': 1, '89': 1})
ThdID: 2, sumErrCnt: Counter({'22': 260, '44': 84, '43': 38, '51': 28, '52': 28, '45': 27, '50': 24, '24': 22, '27': 21, '60': 13, '61': 12, '56': 12, '63': 11, '49': 11, '55': 11, '62': 9, '59': 8, '58': 8, '57': 7, '65': 5, '66': 3, '68': 3, '54': 3, '69': 1, '71': 1, '93': 1})
ThdID: 2, sumTotCnt: Counter({'22': 778, '24': 651, '27': 545, '45': 229, '43': 229, '44': 203, '50': 119, '49': 118, '52': 115, '51': 111, '57': 62, '63': 60, '61': 55, '59': 51, '54': 50, '55': 47, '60': 46, '62': 46, '58': 44, '56': 40, '68': 22, '65': 21, '66': 16, '67': 13, '69': 11, '73': 7, '72': 7, '70': 7, '74': 6, '83': 4, '80': 4, '94': 4, '86': 3, '77': 3, '75': 3, '79': 3, '81': 2, '87': 2, '76': 2, '71': 2, '89': 2, '84': 1, '82': 1, '91': 1, '90': 1, '93': 1, '92': 1, '78': 1})
ThdID: 3, ErrCnt: Counter({'22': 95, '44': 29, '43': 14, '50': 10, '24': 9, '27': 9, '45': 6, '52': 6, '62': 5, '58': 5, '60': 4, '61': 4, '59': 4, '54': 4, '56': 4, '51': 4, '55': 3, '65': 2, '66': 2, '57': 2, '63': 1, '68': 1, '81': 1, '49': 1, '74': 1})
ThdID: 3, TotCnt: Counter({'22': 300, '24': 202, '27': 177, '43': 70, '44': 65, '45': 62, '52': 39, '50': 35, '49': 34, '51': 32, '59': 25, '55': 20, '54': 20, '63': 19, '57': 19, '58': 18, '60': 17, '61': 17, '56': 16, '62': 14, '65': 8, '66': 7, '68': 7, '69': 4, '67': 3, '86': 2, '76': 2, '74': 2, '72': 2, '78': 2, '83': 1, '81': 1, '84': 1, '77': 1, '73': 1, '71': 1, '70': 1, '91': 1, '10': 1, '89': 1})
ThdID: 3, sumErrCnt: Counter({'22': 355, '44': 113, '43': 52, '50': 34, '52': 34, '45': 33, '51': 32, '24': 31, '27': 30, '60': 17, '61': 16, '56': 16, '62': 14, '55': 14, '58': 13, '63': 12, '49': 12, '59': 12, '57': 9, '65': 7, '54': 7, '66': 5, '68': 4, '69': 1, '81': 1, '74': 1, '71': 1, '93': 1})
ThdID: 3, sumTotCnt: Counter({'22': 1078, '24': 853, '27': 722, '43': 299, '45': 291, '44': 268, '50': 154, '52': 154, '49': 152, '51': 143, '57': 81, '63': 79, '59': 76, '61': 72, '54': 70, '55': 67, '60': 63, '58': 62, '62': 60, '56': 56, '65': 29, '68': 29, '66': 23, '67': 16, '69': 15, '72': 9, '74': 8, '73': 8, '70': 8, '83': 5, '86': 5, '80': 4, '77': 4, '76': 4, '94': 4, '81': 3, '75': 3, '71': 3, '79': 3, '78': 3, '89': 3, '87': 2, '84': 2, '91': 2, '82': 1, '90': 1, '93': 1, '92': 1, '10': 1})
ThdID: 4, ErrCnt: Counter({'22': 82, '44': 19, '27': 13, '50': 10, '43': 9, '45': 8, '24': 7, '51': 6, '52': 5, '62': 4, '58': 4, '56': 4, '49': 3, '60': 2, '55': 2, '57': 2, '61': 1, '63': 1, '65': 1, '69': 1, '85': 1, '74': 1, '71': 1, '59': 1, '54': 1})
ThdID: 4, TotCnt: Counter({'22': 248, '24': 241, '27': 192, '45': 79, '43': 68, '44': 67, '49': 43, '51': 39, '50': 37, '52': 23, '62': 22, '54': 21, '63': 18, '61': 16, '57': 15, '60': 14, '58': 13, '56': 13, '59': 11, '55': 9, '65': 7, '68': 5, '69': 5, '66': 4, '67': 4, '71': 4, '70': 4, '82': 3, '84': 3, '85': 3, '72': 3, '81': 2, '75': 2, '74': 2, '73': 2, '79': 2, '86': 1, '77': 1, '76': 1, '95': 1, '94': 1, '78': 1})
ThdID: 4, sumErrCnt: Counter({'22': 437, '44': 132, '43': 61, '50': 44, '27': 43, '45': 41, '52': 39, '24': 38, '51': 38, '56': 20, '60': 19, '62': 18, '61': 17, '58': 17, '55': 16, '49': 15, '63': 13, '59': 13, '57': 11, '65': 8, '54': 8, '66': 5, '68': 4, '69': 2, '74': 2, '71': 2, '81': 1, '85': 1, '93': 1})
ThdID: 4, sumTotCnt: Counter({'22': 1326, '24': 1094, '27': 914, '45': 370, '43': 367, '44': 335, '49': 195, '50': 191, '51': 182, '52': 177, '63': 97, '57': 96, '54': 91, '61': 88, '59': 87, '62': 82, '60': 77, '55': 76, '58': 75, '56': 69, '65': 36, '68': 34, '66': 27, '67': 20, '69': 20, '72': 12, '70': 12, '74': 10, '73': 10, '71': 7, '86': 6, '83': 5, '81': 5, '84': 5, '77': 5, '76': 5, '75': 5, '94': 5, '79': 5, '80': 4, '82': 4, '78': 4, '85': 3, '89': 3, '87': 2, '91': 2, '95': 1, '90': 1, '93': 1, '92': 1, '10': 1})
ThdID: 5, ErrCnt: Counter({'22': 84, '44': 31, '52': 12, '24': 10, '45': 8, '51': 8, '61': 7, '43': 7, '27': 6, '49': 5, '59': 5, '57': 5, '50': 5, '63': 4, '55': 3, '60': 2, '62': 2, '69': 2, '71': 2, '66': 1, '81': 1, '58': 1, '54': 1})
ThdID: 5, TotCnt: Counter({'22': 274, '24': 213, '27': 203, '45': 77, '44': 69, '43': 52, '52': 39, '49': 38, '51': 37, '50': 33, '61': 22, '57': 22, '63': 20, '62': 19, '59': 17, '54': 16, '56': 15, '58': 14, '55': 14, '60': 9, '67': 8, '66': 7, '65': 5, '68': 3, '72': 3, '71': 3, '91': 3, '69': 2, '81': 2, '82': 2, '75': 2, '80': 1, '76': 1, '74': 1, '73': 1, '70': 1, '93': 1, '78': 1})
ThdID: 5, sumErrCnt: Counter({'22': 521, '44': 163, '43': 68, '52': 51, '27': 49, '45': 49, '50': 49, '24': 48, '51': 46, '61': 24, '60': 21, '62': 20, '49': 20, '56': 20, '55': 19, '59': 18, '58': 18, '63': 17, '57': 16, '54': 9, '65': 8, '66': 6, '68': 4, '69': 4, '71': 4, '81': 2, '74': 2, '85': 1, '93': 1})
ThdID: 5, sumTotCnt: Counter({'22': 1600, '24': 1307, '27': 1117, '45': 447, '43': 419, '44': 404, '49': 233, '50': 224, '51': 219, '52': 216, '57': 118, '63': 117, '61': 110, '54': 107, '59': 104, '62': 101, '55': 90, '58': 89, '60': 86, '56': 84, '65': 41, '68': 37, '66': 34, '67': 28, '69': 22, '72': 15, '70': 13, '74': 11, '73': 11, '71': 10, '81': 7, '75': 7, '86': 6, '82': 6, '76': 6, '83': 5, '80': 5, '84': 5, '77': 5, '91': 5, '94': 5, '79': 5, '78': 5, '85': 3, '89': 3, '87': 2, '93': 2, '90': 1, '92': 1, '95': 1, '10': 1})
ThdID: 6, ErrCnt: Counter({'22': 92, '44': 22, '43': 13, '50': 13, '27': 12, '52': 11, '24': 10, '45': 9, '63': 6, '58': 6, '59': 5, '55': 5, '51': 5, '61': 4, '56': 3, '65': 2, '60': 1, '62': 1, '69': 1, '49': 1, '54': 1, '57': 1})
ThdID: 6, TotCnt: Counter({'22': 271, '24': 212, '27': 175, '43': 81, '45': 67, '44': 56, '50': 41, '49': 39, '52': 38, '51': 35, '58': 23, '61': 22, '59': 22, '62': 21, '55': 20, '60': 17, '63': 17, '54': 17, '56': 17, '57': 12, '65': 10, '68': 4, '73': 4, '72': 4, '70': 4, '76': 3, '69': 2, '86': 2, '75': 2, '79': 2, '67': 1, '66': 1, '82': 1, '83': 1, '80': 1, '87': 1, '85': 1, '71': 1, '90': 1, '89': 1})
ThdID: 6, sumErrCnt: Counter({'22': 613, '44': 185, '43': 81, '50': 62, '52': 62, '27': 61, '24': 58, '45': 58, '51': 51, '61': 28, '58': 24, '55': 24, '63': 23, '59': 23, '56': 23, '60': 22, '62': 21, '49': 21, '57': 17, '65': 10, '54': 10, '66': 6, '69': 5, '68': 4, '71': 4, '81': 2, '74': 2, '85': 1, '93': 1})
ThdID: 6, sumTotCnt: Counter({'22': 1871, '24': 1519, '27': 1292, '45': 514, '43': 500, '44': 460, '49': 272, '50': 265, '51': 254, '52': 254, '63': 134, '61': 132, '57': 130, '59': 126, '54': 124, '62': 122, '58': 112, '55': 110, '60': 103, '56': 101, '65': 51, '68': 41, '66': 35, '67': 29, '69': 24, '72': 19, '70': 17, '73': 15, '74': 11, '71': 11, '76': 9, '75': 9, '86': 8, '81': 7, '82': 7, '79': 7, '80': 6, '83': 6, '84': 5, '77': 5, '91': 5, '94': 5, '78': 5, '85': 4, '89': 4, '87': 3, '90': 2, '93': 2, '92': 1, '95': 1, '10': 1})
ThdID: 7, ErrCnt: Counter({'22': 81, '44': 27, '51': 14, '43': 13, '24': 12, '52': 12, '50': 11, '27': 7, '59': 6, '61': 5, '55': 4, '54': 4, '62': 4, '49': 3, '45': 3, '57': 3, '58': 2, '60': 2, '65': 2, '56': 2, '69': 1})
ThdID: 7, TotCnt: Counter({'22': 274, '24': 196, '27': 185, '43': 95, '44': 69, '45': 50, '49': 46, '51': 45, '50': 45, '52': 44, '54': 27, '61': 18, '62': 18, '55': 14, '60': 13, '59': 13, '57': 13, '63': 12, '58': 12, '56': 11, '65': 7, '66': 4, '85': 4, '67': 3, '81': 3, '76': 3, '72': 3, '71': 3, '69': 3, '82': 2, '83': 2, '94': 2, '86': 1, '84': 1, '68': 1, '75': 1, '73': 1, '70': 1, '91': 1, '90': 1, '79': 1, '78': 1, '10': 1})
ThdID: 7, sumErrCnt: Counter({'22': 694, '44': 212, '43': 94, '52': 74, '50': 73, '24': 70, '27': 68, '51': 65, '45': 61, '61': 33, '59': 29, '55': 28, '58': 26, '62': 25, '56': 25, '60': 24, '49': 24, '63': 23, '57': 20, '54': 14, '65': 12, '66': 6, '69': 6, '68': 4, '71': 4, '81': 2, '74': 2, '85': 1, '93': 1})
ThdID: 7, sumTotCnt: Counter({'22': 2145, '24': 1715, '27': 1477, '43': 595, '45': 564, '44': 529, '49': 318, '50': 310, '51': 299, '52': 298, '54': 151, '61': 150, '63': 146, '57': 143, '62': 140, '59': 139, '58': 124, '55': 124, '60': 116, '56': 112, '65': 58, '68': 42, '66': 39, '67': 32, '69': 27, '72': 22, '70': 18, '73': 16, '71': 14, '76': 12, '74': 11, '81': 10, '75': 10, '86': 9, '82': 9, '85': 8, '83': 8, '79': 8, '94': 7, '80': 6, '84': 6, '91': 6, '78': 6, '77': 5, '89': 4, '87': 3, '90': 3, '93': 2, '10': 2, '92': 1, '95': 1})
ThdID: 8, ErrCnt: Counter({'22': 91, '44': 26, '51': 9, '52': 9, '24': 8, '43': 8, '50': 8, '62': 7, '27': 6, '58': 6, '45': 5, '56': 5, '59': 4, '61': 3, '63': 3, '49': 3, '55': 3, '54': 3, '60': 2, '66': 1, '68': 1, '74': 1, '71': 1})
ThdID: 8, TotCnt: Counter({'22': 295, '24': 220, '27': 194, '43': 73, '44': 57, '45': 55, '49': 41, '50': 36, '52': 34, '51': 32, '61': 23, '55': 21, '54': 21, '62': 20, '60': 15, '56': 15, '57': 13, '58': 12, '59': 11, '63': 10, '65': 7, '67': 6, '66': 5, '68': 4, '73': 4, '89': 4, '71': 3, '85': 2, '77': 2, '75': 2, '74': 2, '72': 2, '91': 2, '69': 2, '83': 1, '87': 1, '70': 1, '78': 1, '10': 1})
ThdID: 8, sumErrCnt: Counter({'22': 785, '44': 238, '43': 102, '52': 83, '50': 81, '24': 78, '27': 74, '51': 74, '45': 66, '61': 36, '59': 33, '62': 32, '58': 32, '55': 31, '56': 30, '49': 27, '60': 26, '63': 26, '57': 20, '54': 17, '65': 12, '66': 7, '69': 6, '68': 5, '71': 5, '74': 3, '81': 2, '85': 1, '93': 1})
ThdID: 8, sumTotCnt: Counter({'22': 2440, '24': 1935, '27': 1671, '43': 668, '45': 619, '44': 586, '49': 359, '50': 346, '52': 332, '51': 331, '61': 173, '54': 172, '62': 160, '63': 156, '57': 156, '59': 150, '55': 145, '58': 136, '60': 131, '56': 127, '65': 65, '68': 46, '66': 44, '67': 38, '69': 29, '72': 24, '73': 20, '70': 19, '71': 17, '74': 13, '76': 12, '75': 12, '81': 10, '85': 10, '86': 9, '82': 9, '83': 9, '91': 8, '79': 8, '89': 8, '77': 7, '94': 7, '78': 7, '80': 6, '84': 6, '87': 4, '90': 3, '10': 3, '93': 2, '92': 1, '95': 1})
ThdID: 9, ErrCnt: Counter({'22': 88, '44': 22, '50': 18, '61': 8, '43': 8, '60': 6, '51': 6, '52': 6, '24': 5, '27': 5, '45': 5, '62': 4, '66': 4, '58': 4, '57': 4, '63': 3, '59': 3, '55': 3, '49': 2, '65': 1, '81': 1, '56': 1})
ThdID: 9, TotCnt: Counter({'22': 283, '24': 199, '27': 165, '45': 76, '43': 65, '44': 60, '50': 47, '49': 41, '51': 37, '52': 37, '55': 22, '57': 22, '62': 21, '61': 20, '60': 19, '59': 19, '56': 18, '63': 16, '58': 16, '54': 12, '65': 11, '67': 8, '66': 6, '68': 5, '69': 3, '76': 3, '87': 2, '74': 2, '73': 2, '71': 2, '79': 2, '80': 1, '81': 1, '86': 1, '84': 1, '85': 1, '77': 1, '72': 1, '90': 1, '93': 1})
ThdID: 9, sumErrCnt: Counter({'22': 873, '44': 260, '43': 110, '50': 99, '52': 89, '24': 83, '51': 80, '27': 79, '45': 71, '61': 44, '62': 36, '59': 36, '58': 36, '55': 34, '60': 32, '56': 31, '63': 29, '49': 29, '57': 24, '54': 17, '65': 13, '66': 11, '69': 6, '68': 5, '71': 5, '81': 3, '74': 3, '85': 1, '93': 1})
ThdID: 9, sumTotCnt: Counter({'22': 2723, '24': 2134, '27': 1836, '43': 733, '45': 695, '44': 646, '49': 400, '50': 393, '52': 369, '51': 368, '61': 193, '54': 184, '62': 181, '57': 178, '63': 172, '59': 169, '55': 167, '58': 152, '60': 150, '56': 145, '65': 76, '68': 51, '66': 50, '67': 46, '69': 32, '72': 25, '73': 22, '71': 19, '70': 19, '76': 15, '74': 15, '75': 12, '81': 11, '85': 11, '86': 10, '79': 10, '82': 9, '83': 9, '77': 8, '91': 8, '89': 8, '80': 7, '84': 7, '94': 7, '78': 7, '87': 6, '90': 4, '93': 3, '10': 3, '92': 1, '95': 1})
ThdID: 10, ErrCnt: Counter({'22': 97, '44': 38, '43': 12, '45': 11, '27': 9, '24': 8, '52': 8, '61': 7, '51': 7, '60': 5, '63': 5, '50': 5, '62': 3, '59': 3, '58': 3, '65': 2, '57': 2, '56': 2, '69': 1, '81': 1, '49': 1, '74': 1, '93': 1, '55': 1, '54': 1})
ThdID: 10, TotCnt: Counter({'22': 280, '24': 204, '27': 187, '43': 85, '44': 81, '45': 60, '49': 42, '52': 33, '51': 32, '50': 31, '54': 23, '61': 22, '57': 20, '56': 19, '60': 17, '59': 13, '62': 12, '63': 11, '58': 11, '55': 11, '65': 9, '69': 5, '71': 5, '66': 4, '86': 3, '87': 3, '84': 3, '76': 3, '70': 3, '93': 3, '67': 2, '68': 2, '75': 2, '80': 1, '81': 1, '82': 1, '74': 1, '73': 1, '72': 1, '91': 1, '94': 1, '79': 1})
ThdID: 10, sumErrCnt: Counter({'22': 970, '44': 298, '43': 122, '50': 104, '52': 97, '24': 91, '27': 88, '51': 87, '45': 82, '61': 51, '62': 39, '59': 39, '58': 39, '60': 37, '55': 35, '63': 34, '56': 33, '49': 30, '57': 26, '54': 18, '65': 15, '66': 11, '69': 7, '68': 5, '71': 5, '81': 4, '74': 4, '93': 2, '85': 1})
ThdID: 10, sumTotCnt: Counter({'22': 3003, '24': 2338, '27': 2023, '43': 818, '45': 755, '44': 727, '49': 442, '50': 424, '52': 402, '51': 400, '61': 215, '54': 207, '57': 198, '62': 193, '63': 183, '59': 182, '55': 178, '60': 167, '56': 164, '58': 163, '65': 85, '66': 54, '68': 53, '67': 48, '69': 37, '72': 26, '71': 24, '73': 23, '70': 22, '76': 18, '74': 16, '75': 14, '86': 13, '81': 12, '85': 11, '79': 11, '84': 10, '82': 10, '87': 9, '83': 9, '91': 9, '80': 8, '77': 8, '94': 8, '89': 8, '78': 7, '93': 6, '90': 4, '10': 3, '92': 1, '95': 1})
ThdID: 11, ErrCnt: Counter({'22': 86, '44': 24, '43': 13, '50': 10, '63': 7, '45': 7, '24': 6, '27': 6, '51': 6, '52': 6, '60': 5, '58': 4, '55': 4, '56': 3, '61': 2, '62': 2, '65': 2, '49': 2, '54': 2, '66': 1, '68': 1, '77': 1, '71': 1, '59': 1})
ThdID: 11, TotCnt: Counter({'22': 262, '24': 221, '27': 203, '43': 73, '44': 66, '45': 64, '49': 45, '51': 41, '50': 36, '52': 34, '63': 23, '54': 23, '58': 21, '55': 15, '60': 13, '62': 12, '57': 12, '59': 11, '65': 10, '61': 9, '56': 8, '71': 6, '66': 5, '67': 5, '87': 3, '72': 3, '70': 3, '89': 3, '68': 2, '83': 2, '74': 2, '69': 2, '79': 2, '80': 1, '81': 1, '86': 1, '84': 1, '85': 1, '77': 1, '75': 1, '90': 1, '94': 1, '78': 1})
ThdID: 11, sumErrCnt: Counter({'22': 1056, '44': 322, '43': 135, '50': 114, '52': 103, '24': 97, '27': 94, '51': 93, '45': 89, '61': 53, '58': 43, '60': 42, '62': 41, '63': 41, '59': 40, '55': 39, '56': 36, '49': 32, '57': 26, '54': 20, '65': 17, '66': 12, '69': 7, '68': 6, '71': 6, '81': 4, '74': 4, '93': 2, '85': 1, '77': 1})
ThdID: 11, sumTotCnt: Counter({'22': 3265, '24': 2559, '27': 2226, '43': 891, '45': 819, '44': 793, '49': 487, '50': 460, '51': 441, '52': 436, '54': 230, '61': 224, '57': 210, '63': 206, '62': 205, '59': 193, '55': 193, '58': 184, '60': 180, '56': 172, '65': 95, '66': 59, '68': 55, '67': 53, '69': 39, '71': 30, '72': 29, '70': 25, '73': 23, '76': 18, '74': 18, '75': 15, '86': 14, '81': 13, '79': 13, '87': 12, '85': 12, '84': 11, '83': 11, '89': 11, '82': 10, '80': 9, '77': 9, '91': 9, '94': 9, '78': 8, '93': 6, '90': 5, '10': 3, '92': 1, '95': 1})
ThdID: 12, ErrCnt: Counter({'22': 103, '44': 31, '24': 11, '61': 8, '43': 8, '27': 7, '49': 7, '52': 7, '59': 6, '55': 6, '60': 5, '62': 5, '63': 5, '57': 5, '56': 5, '50': 5, '45': 4, '54': 2, '51': 2, '65': 1, '66': 1, '85': 1})
ThdID: 12, TotCnt: Counter({'22': 274, '24': 215, '27': 179, '44': 92, '43': 79, '45': 61, '49': 51, '50': 34, '52': 30, '61': 23, '54': 23, '55': 21, '62': 19, '56': 19, '51': 19, '59': 18, '57': 17, '63': 14, '60': 11, '58': 11, '65': 7, '66': 4, '68': 4, '67': 3, '77': 3, '73': 3, '91': 3, '69': 2, '82': 2, '71': 2, '85': 1, '72': 1, '70': 1, '90': 1, '92': 1, '94': 1, '89': 1})
ThdID: 12, sumErrCnt: Counter({'22': 1159, '44': 353, '43': 143, '50': 119, '52': 110, '24': 108, '27': 101, '51': 95, '45': 93, '61': 61, '60': 47, '62': 46, '63': 46, '59': 46, '55': 45, '58': 43, '56': 41, '49': 39, '57': 31, '54': 22, '65': 18, '66': 13, '69': 7, '68': 6, '71': 6, '81': 4, '74': 4, '85': 2, '93': 2, '77': 1})
ThdID: 12, sumTotCnt: Counter({'22': 3539, '24': 2774, '27': 2405, '43': 970, '44': 885, '45': 880, '49': 538, '50': 494, '52': 466, '51': 460, '54': 253, '61': 247, '57': 227, '62': 224, '63': 220, '55': 214, '59': 211, '58': 195, '60': 191, '56': 191, '65': 102, '66': 63, '68': 59, '67': 56, '69': 41, '71': 32, '72': 30, '73': 26, '70': 26, '76': 18, '74': 18, '75': 15, '86': 14, '81': 13, '85': 13, '79': 13, '87': 12, '82': 12, '77': 12, '91': 12, '89': 12, '84': 11, '83': 11, '94': 10, '80': 9, '78': 8, '90': 6, '93': 6, '10': 3, '92': 2, '95': 1})
ThdID: 13, ErrCnt: Counter({'22': 97, '44': 35, '51': 12, '24': 11, '27': 11, '45': 11, '50': 9, '62': 7, '52': 7, '59': 5, '56': 5, '43': 4, '58': 4, '55': 4, '60': 3, '61': 3, '57': 3, '65': 2, '63': 1, '66': 1, '69': 1, '49': 1, '71': 1, '70': 1, '54': 1})
ThdID: 13, TotCnt: Counter({'22': 261, '27': 203, '24': 196, '44': 65, '43': 60, '45': 56, '49': 49, '51': 44, '50': 43, '52': 40, '56': 24, '62': 23, '55': 22, '54': 22, '58': 20, '61': 19, '60': 18, '59': 16, '63': 14, '57': 13, '65': 5, '69': 5, '66': 4, '67': 3, '78': 3, '68': 2, '80': 2, '75': 2, '73': 2, '72': 2, '71': 2, '70': 2, '82': 1, '83': 1, '77': 1, '76': 1, '74': 1, '91': 1, '94': 1, '89': 1})
ThdID: 13, sumErrCnt: Counter({'22': 1256, '44': 388, '43': 147, '50': 128, '24': 119, '52': 117, '27': 112, '51': 107, '45': 104, '61': 64, '62': 53, '59': 51, '60': 50, '55': 49, '63': 47, '58': 47, '56': 46, '49': 40, '57': 34, '54': 23, '65': 20, '66': 14, '69': 8, '71': 7, '68': 6, '81': 4, '74': 4, '85': 2, '93': 2, '77': 1, '70': 1})
ThdID: 13, sumTotCnt: Counter({'22': 3800, '24': 2970, '27': 2608, '43': 1030, '44': 950, '45': 936, '49': 587, '50': 537, '52': 506, '51': 504, '54': 275, '61': 266, '62': 247, '57': 240, '55': 236, '63': 234, '59': 227, '58': 215, '56': 215, '60': 209, '65': 107, '66': 67, '68': 61, '67': 59, '69': 46, '71': 34, '72': 32, '73': 28, '70': 28, '76': 19, '74': 19, '75': 17, '86': 14, '81': 13, '85': 13, '82': 13, '77': 13, '91': 13, '79': 13, '89': 13, '87': 12, '83': 12, '80': 11, '84': 11, '94': 11, '78': 11, '90': 6, '93': 6, '10': 3, '92': 2, '95': 1})
ThdID: 14, ErrCnt: Counter({'22': 90, '44': 28, '50': 13, '52': 9, '63': 8, '24': 8, '45': 8, '43': 8, '62': 7, '51': 7, '60': 5, '27': 5, '61': 4, '57': 4, '59': 3, '58': 3, '54': 3, '56': 3, '49': 2, '65': 1, '69': 1, '55': 1})
ThdID: 14, TotCnt: Counter({'22': 270, '24': 222, '27': 177, '45': 70, '44': 62, '43': 60, '50': 49, '49': 38, '52': 32, '51': 31, '54': 25, '62': 22, '63': 22, '55': 22, '61': 18, '59': 18, '58': 17, '56': 17, '57': 16, '60': 12, '65': 7, '67': 5, '66': 4, '75': 4, '71': 4, '68': 3, '74': 3, '69': 2, '76': 2, '72': 2, '94': 2, '80': 1, '81': 1, '86': 1, '87': 1, '84': 1, '85': 1, '82': 1, '83': 1, '77': 1, '73': 1, '92': 1, '79': 1})
ThdID: 14, sumErrCnt: Counter({'22': 1346, '44': 416, '43': 155, '50': 141, '24': 127, '52': 126, '27': 117, '51': 114, '45': 112, '61': 68, '62': 60, '60': 55, '63': 55, '59': 54, '58': 50, '55': 50, '56': 49, '49': 42, '57': 38, '54': 26, '65': 21, '66': 14, '69': 9, '71': 7, '68': 6, '81': 4, '74': 4, '85': 2, '93': 2, '77': 1, '70': 1})
ThdID: 14, sumTotCnt: Counter({'22': 4070, '24': 3192, '27': 2785, '43': 1090, '44': 1012, '45': 1006, '49': 625, '50': 586, '52': 538, '51': 535, '54': 300, '61': 284, '62': 269, '55': 258, '63': 256, '57': 256, '59': 245, '58': 232, '56': 232, '60': 221, '65': 114, '66': 71, '67': 64, '68': 64, '69': 48, '71': 38, '72': 34, '73': 29, '70': 28, '74': 22, '76': 21, '75': 21, '86': 15, '81': 14, '85': 14, '82': 14, '77': 14, '79': 14, '87': 13, '83': 13, '91': 13, '94': 13, '89': 13, '80': 12, '84': 12, '78': 11, '90': 6, '93': 6, '92': 3, '10': 3, '95': 1})
ThdID: 15, ErrCnt: Counter({'22': 81, '44': 32, '24': 13, '43': 13, '63': 7, '27': 7, '50': 7, '52': 7, '62': 6, '45': 6, '57': 6, '51': 6, '60': 5, '56': 5, '58': 4, '55': 4, '66': 3, '71': 3, '54': 3, '59': 2, '61': 1, '65': 1, '81': 1, '74': 1})
ThdID: 15, TotCnt: Counter({'22': 262, '24': 206, '27': 181, '43': 80, '45': 66, '44': 53, '52': 45, '51': 38, '50': 30, '49': 28, '54': 27, '60': 23, '62': 23, '63': 23, '58': 23, '55': 22, '56': 20, '57': 19, '61': 14, '59': 13, '65': 9, '67': 6, '68': 4, '72': 4, '71': 4, '66': 3, '74': 3, '70': 3, '84': 2, '75': 2, '73': 2, '93': 2, '95': 2, '78': 2, '83': 1, '80': 1, '81': 1, '69': 1, '82': 1, '76': 1})
ThdID: 15, sumErrCnt: Counter({'22': 1427, '44': 448, '43': 168, '50': 148, '24': 140, '52': 133, '27': 124, '51': 120, '45': 118, '61': 69, '62': 66, '63': 62, '60': 60, '59': 56, '58': 54, '55': 54, '56': 54, '57': 44, '49': 42, '54': 29, '65': 22, '66': 17, '71': 10, '69': 9, '68': 6, '81': 5, '74': 5, '85': 2, '93': 2, '77': 1, '70': 1})
ThdID: 15, sumTotCnt: Counter({'22': 4332, '24': 3398, '27': 2966, '43': 1170, '45': 1072, '44': 1065, '49': 653, '50': 616, '52': 583, '51': 573, '54': 327, '61': 298, '62': 292, '55': 280, '63': 279, '57': 275, '59': 258, '58': 255, '56': 252, '60': 244, '65': 123, '66': 74, '67': 70, '68': 68, '69': 49, '71': 42, '72': 38, '73': 31, '70': 31, '74': 25, '75': 23, '76': 22, '81': 15, '86': 15, '82': 15, '84': 14, '85': 14, '83': 14, '77': 14, '79': 14, '80': 13, '87': 13, '91': 13, '94': 13, '78': 13, '89': 13, '93': 8, '90': 6, '92': 3, '95': 3, '10': 3})
ThdID: 16, ErrCnt: Counter({'22': 89, '44': 22, '50': 12, '43': 10, '24': 9, '51': 9, '61': 5, '27': 5, '45': 5, '58': 5, '62': 4, '63': 4, '56': 4, '52': 4, '49': 3, '59': 3, '54': 2, '57': 2, '60': 1, '65': 1, '69': 1, '55': 1})
ThdID: 16, TotCnt: Counter({'22': 286, '24': 211, '27': 170, '43': 87, '44': 74, '45': 60, '50': 43, '49': 42, '51': 40, '52': 38, '58': 20, '61': 19, '54': 19, '59': 17, '62': 16, '63': 15, '57': 15, '55': 13, '56': 12, '60': 11, '68': 8, '65': 5, '66': 5, '67': 4, '72': 4, '74': 3, '69': 2, '83': 2, '71': 2, '91': 2, '82': 1, '84': 1, '77': 1, '73': 1, '89': 1})
ThdID: 16, sumErrCnt: Counter({'22': 1516, '44': 470, '43': 178, '50': 160, '24': 149, '52': 137, '27': 129, '51': 129, '45': 123, '61': 74, '62': 70, '63': 66, '60': 61, '59': 59, '58': 59, '56': 58, '55': 55, '57': 46, '49': 45, '54': 31, '65': 23, '66': 17, '69': 10, '71': 10, '68': 6, '81': 5, '74': 5, '85': 2, '93': 2, '77': 1, '70': 1})
ThdID: 16, sumTotCnt: Counter({'22': 4618, '24': 3609, '27': 3136, '43': 1257, '44': 1139, '45': 1132, '49': 695, '50': 659, '52': 621, '51': 613, '54': 346, '61': 317, '62': 308, '63': 294, '55': 293, '57': 290, '59': 275, '58': 275, '56': 264, '60': 255, '65': 128, '66': 79, '68': 76, '67': 74, '69': 51, '71': 44, '72': 42, '73': 32, '70': 31, '74': 28, '75': 23, '76': 22, '82': 16, '83': 16, '81': 15, '86': 15, '84': 15, '77': 15, '91': 15, '85': 14, '79': 14, '89': 14, '80': 13, '87': 13, '94': 13, '78': 13, '93': 8, '90': 6, '92': 3, '95': 3, '10': 3})
ThdID: 17, ErrCnt: Counter({'22': 85, '44': 29, '50': 10, '27': 8, '43': 8, '24': 6, '45': 6, '61': 5, '63': 5, '55': 5, '56': 5, '52': 5, '62': 4, '65': 4, '59': 4, '58': 4, '51': 4, '71': 2, '57': 2, '60': 1, '66': 1, '81': 1, '49': 1, '77': 1})
ThdID: 17, TotCnt: Counter({'22': 271, '24': 200, '27': 184, '45': 69, '44': 65, '43': 61, '49': 40, '51': 38, '50': 38, '52': 34, '54': 30, '58': 22, '57': 22, '55': 21, '61': 20, '63': 19, '60': 17, '62': 17, '59': 14, '56': 13, '66': 9, '65': 8, '67': 5, '72': 5, '71': 4, '83': 3, '77': 3, '81': 2, '87': 2, '69': 2, '68': 1, '80': 1, '85': 1, '82': 1, '75': 1, '74': 1, '73': 1, '70': 1, '90': 1, '92': 1, '79': 1, '78': 1})
ThdID: 17, sumErrCnt: Counter({'22': 1601, '44': 499, '43': 186, '50': 170, '24': 155, '52': 142, '27': 137, '51': 133, '45': 129, '61': 79, '62': 74, '63': 71, '59': 63, '58': 63, '56': 63, '60': 62, '55': 60, '57': 48, '49': 46, '54': 31, '65': 27, '66': 18, '71': 12, '69': 10, '68': 6, '81': 6, '74': 5, '85': 2, '77': 2, '93': 2, '70': 1})
ThdID: 17, sumTotCnt: Counter({'22': 4889, '24': 3809, '27': 3320, '43': 1318, '44': 1204, '45': 1201, '49': 735, '50': 697, '52': 655, '51': 651, '54': 376, '61': 337, '62': 325, '55': 314, '63': 313, '57': 312, '58': 297, '59': 289, '56': 277, '60': 272, '65': 136, '66': 88, '67': 79, '68': 77, '69': 53, '71': 48, '72': 47, '73': 33, '70': 32, '74': 29, '75': 24, '76': 22, '83': 19, '77': 18, '81': 17, '82': 17, '86': 15, '87': 15, '84': 15, '85': 15, '91': 15, '79': 15, '80': 14, '78': 14, '89': 14, '94': 13, '93': 8, '90': 7, '92': 4, '95': 3, '10': 3})
ThdID: 18, ErrCnt: Counter({'22': 93, '44': 28, '45': 12, '43': 12, '50': 11, '24': 10, '52': 8, '51': 6, '58': 5, '57': 5, '61': 4, '63': 4, '27': 4, '56': 4, '60': 3, '62': 3, '59': 3, '55': 3, '65': 1, '66': 1, '85': 1, '77': 1, '71': 1})
ThdID: 18, TotCnt: Counter({'22': 275, '24': 224, '27': 167, '44': 78, '43': 77, '45': 69, '50': 40, '52': 37, '51': 33, '49': 32, '55': 22, '59': 20, '60': 18, '61': 17, '63': 17, '54': 17, '58': 15, '56': 14, '57': 12, '62': 11, '65': 11, '67': 5, '66': 4, '68': 3, '69': 3, '79': 3, '80': 2, '84': 2, '82': 2, '75': 2, '74': 2, '73': 2, '70': 2, '83': 1, '81': 1, '85': 1, '95': 1, '77': 1, '76': 1, '72': 1, '71': 1, '91': 1, '90': 1, '78': 1, '89': 1})
ThdID: 18, sumErrCnt: Counter({'22': 1694, '44': 527, '43': 198, '50': 181, '24': 165, '52': 150, '27': 141, '45': 141, '51': 139, '61': 83, '62': 77, '63': 75, '58': 68, '56': 67, '59': 66, '60': 65, '55': 63, '57': 53, '49': 46, '54': 31, '65': 28, '66': 19, '71': 13, '69': 10, '68': 6, '81': 6, '74': 5, '85': 3, '77': 3, '93': 2, '70': 1})
ThdID: 18, sumTotCnt: Counter({'22': 5164, '24': 4033, '27': 3487, '43': 1395, '44': 1282, '45': 1270, '49': 767, '50': 737, '52': 692, '51': 684, '54': 393, '61': 354, '62': 336, '55': 336, '63': 330, '57': 324, '58': 312, '59': 309, '56': 291, '60': 290, '65': 147, '66': 92, '67': 84, '68': 80, '69': 56, '71': 49, '72': 48, '73': 35, '70': 34, '74': 31, '75': 26, '76': 23, '83': 20, '82': 19, '77': 19, '81': 18, '79': 18, '84': 17, '80': 16, '85': 16, '91': 16, '86': 15, '87': 15, '78': 15, '89': 15, '94': 13, '90': 8, '93': 8, '92': 4, '95': 4, '10': 3})
ThdID: 19, ErrCnt: Counter({'22': 86, '44': 30, '43': 13, '55': 10, '61': 7, '24': 7, '27': 7, '59': 7, '45': 5, '56': 5, '51': 5, '52': 5, '49': 4, '50': 4, '66': 3, '60': 2, '62': 2, '93': 2, '58': 2, '57': 2, '63': 1, '65': 1, '69': 1, '71': 1})
ThdID: 19, TotCnt: Counter({'22': 279, '24': 211, '27': 162, '43': 77, '44': 73, '45': 69, '49': 36, '50': 35, '52': 35, '51': 30, '55': 26, '61': 25, '56': 24, '60': 20, '59': 20, '62': 19, '57': 17, '54': 16, '58': 15, '65': 9, '63': 7, '66': 6, '67': 6, '69': 6, '68': 3, '80': 3, '72': 3, '87': 2, '75': 2, '71': 2, '70': 2, '93': 2, '84': 1, '85': 1, '82': 1, '83': 1, '76': 1, '73': 1, '79': 1, '78': 1})
ThdID: 19, sumErrCnt: Counter({'22': 1780, '44': 557, '43': 211, '50': 185, '24': 172, '52': 155, '27': 148, '45': 146, '51': 144, '61': 90, '62': 79, '63': 76, '59': 73, '55': 73, '56': 72, '58': 70, '60': 67, '57': 55, '49': 50, '54': 31, '65': 29, '66': 22, '71': 14, '69': 11, '68': 6, '81': 6, '74': 5, '93': 4, '85': 3, '77': 3, '70': 1})
ThdID: 19, sumTotCnt: Counter({'22': 5443, '24': 4244, '27': 3649, '43': 1472, '44': 1355, '45': 1339, '49': 803, '50': 772, '52': 727, '51': 714, '54': 409, '61': 379, '55': 362, '62': 355, '57': 341, '63': 337, '59': 329, '58': 327, '56': 315, '60': 310, '65': 156, '66': 98, '67': 90, '68': 83, '69': 62, '72': 51, '71': 51, '73': 36, '70': 36, '74': 31, '75': 28, '76': 24, '83': 21, '82': 20, '80': 19, '77': 19, '79': 19, '81': 18, '84': 18, '87': 17, '85': 17, '91': 16, '78': 16, '86': 15, '89': 15, '94': 13, '93': 10, '90': 8, '92': 4, '95': 4, '10': 3})
ThdID: 20, ErrCnt: Counter({'22': 92, '44': 40, '43': 11, '45': 9, '27': 8, '24': 7, '50': 7, '52': 7, '63': 6, '60': 5, '61': 5, '62': 5, '59': 4, '56': 4, '51': 4, '65': 3, '58': 3, '68': 2, '55': 2, '54': 2, '57': 2, '49': 1, '77': 1, '93': 1})
ThdID: 20, TotCnt: Counter({'22': 281, '24': 204, '27': 193, '44': 74, '43': 68, '45': 61, '50': 34, '52': 34, '49': 33, '51': 30, '59': 24, '60': 22, '62': 21, '54': 20, '63': 19, '55': 19, '61': 16, '56': 16, '58': 14, '65': 11, '57': 10, '68': 8, '66': 4, '81': 3, '84': 3, '72': 3, '67': 2, '82': 2, '69': 2, '76': 2, '73': 2, '91': 2, '93': 2, '89': 2, '80': 1, '77': 1, '75': 1, '74': 1, '71': 1, '70': 1, '95': 1, '79': 1, '78': 1})
ThdID: 20, sumErrCnt: Counter({'22': 1872, '44': 597, '43': 222, '50': 192, '24': 179, '52': 162, '27': 156, '45': 155, '51': 148, '61': 95, '62': 84, '63': 82, '59': 77, '56': 76, '55': 75, '58': 73, '60': 72, '57': 57, '49': 51, '54': 33, '65': 32, '66': 22, '71': 14, '69': 11, '68': 8, '81': 6, '74': 5, '93': 5, '77': 4, '85': 3, '70': 1})
ThdID: 20, sumTotCnt: Counter({'22': 5724, '24': 4448, '27': 3842, '43': 1540, '44': 1429, '45': 1400, '49': 836, '50': 806, '52': 761, '51': 744, '54': 429, '61': 395, '55': 381, '62': 376, '63': 356, '59': 353, '57': 351, '58': 341, '60': 332, '56': 331, '65': 167, '66': 102, '67': 92, '68': 91, '69': 64, '72': 54, '71': 52, '73': 38, '70': 37, '74': 32, '75': 29, '76': 26, '82': 22, '81': 21, '84': 21, '83': 21, '80': 20, '77': 20, '79': 20, '91': 18, '87': 17, '85': 17, '78': 17, '89': 17, '86': 15, '94': 13, '93': 12, '90': 8, '95': 5, '92': 4, '10': 3})
ThdID: 21, ErrCnt: Counter({'22': 84, '44': 22, '27': 13, '43': 10, '52': 10, '24': 9, '51': 8, '49': 7, '45': 7, '50': 7, '60': 5, '55': 5, '61': 3, '62': 3, '71': 3, '58': 3, '57': 3, '56': 3, '63': 2, '65': 2, '66': 1, '68': 1, '80': 1, '59': 1})
ThdID: 21, TotCnt: Counter({'22': 257, '24': 234, '27': 192, '43': 76, '44': 57, '45': 53, '49': 43, '52': 42, '50': 35, '51': 34, '55': 23, '60': 21, '56': 20, '58': 18, '54': 18, '57': 18, '62': 17, '61': 14, '59': 14, '63': 8, '65': 8, '66': 8, '75': 6, '68': 4, '71': 4, '67': 3, '69': 3, '76': 3, '70': 3, '83': 2, '80': 2, '72': 2, '90': 2, '79': 2, '86': 1, '74': 1, '73': 1, '78': 1})
ThdID: 21, sumErrCnt: Counter({'22': 1956, '44': 619, '43': 232, '50': 199, '24': 188, '52': 172, '27': 169, '45': 162, '51': 156, '61': 98, '62': 87, '63': 84, '55': 80, '56': 79, '59': 78, '60': 77, '58': 76, '57': 60, '49': 58, '65': 34, '54': 33, '66': 23, '71': 17, '69': 11, '68': 9, '81': 6, '74': 5, '93': 5, '77': 4, '85': 3, '80': 1, '70': 1})
ThdID: 21, sumTotCnt: Counter({'22': 5981, '24': 4682, '27': 4034, '43': 1616, '44': 1486, '45': 1453, '49': 879, '50': 841, '52': 803, '51': 778, '54': 447, '61': 409, '55': 404, '62': 393, '57': 369, '59': 367, '63': 364, '58': 359, '60': 353, '56': 351, '65': 175, '66': 110, '67': 95, '68': 95, '69': 67, '72': 56, '71': 56, '70': 40, '73': 39, '75': 35, '74': 33, '76': 29, '83': 23, '80': 22, '82': 22, '79': 22, '81': 21, '84': 21, '77': 20, '91': 18, '78': 18, '87': 17, '85': 17, '89': 17, '86': 16, '94': 13, '93': 12, '90': 10, '95': 5, '92': 4, '10': 3})
ThdID: 22, ErrCnt: Counter({'22': 96, '44': 22, '24': 14, '27': 14, '51': 8, '49': 7, '45': 7, '61': 6, '62': 6, '43': 6, '63': 5, '57': 5, '50': 5, '60': 4, '54': 4, '65': 3, '56': 3, '58': 2, '55': 2, '52': 2, '66': 1, '71': 1, '93': 1, '59': 1})
ThdID: 22, TotCnt: Counter({'22': 263, '24': 237, '27': 202, '44': 66, '45': 65, '43': 65, '50': 45, '51': 33, '49': 31, '52': 25, '56': 23, '54': 22, '62': 19, '60': 18, '61': 18, '59': 18, '57': 17, '58': 14, '63': 13, '55': 11, '65': 8, '67': 6, '66': 3, '68': 3, '80': 2, '81': 2, '84': 2, '93': 2, '79': 2, '78': 2, '83': 1, '85': 1, '69': 1, '82': 1, '76': 1, '75': 1, '73': 1, '72': 1, '71': 1, '70': 1, '91': 1, '95': 1, '89': 1})
ThdID: 22, sumErrCnt: Counter({'22': 2052, '44': 641, '43': 238, '50': 204, '24': 202, '27': 183, '52': 174, '45': 169, '51': 164, '61': 104, '62': 93, '63': 89, '55': 82, '56': 82, '60': 81, '59': 79, '58': 78, '49': 65, '57': 65, '65': 37, '54': 37, '66': 24, '71': 18, '69': 11, '68': 9, '81': 6, '93': 6, '74': 5, '77': 4, '85': 3, '80': 1, '70': 1})
ThdID: 22, sumTotCnt: Counter({'22': 6244, '24': 4919, '27': 4236, '43': 1681, '44': 1552, '45': 1518, '49': 910, '50': 886, '52': 828, '51': 811, '54': 469, '61': 427, '55': 415, '62': 412, '57': 386, '59': 385, '63': 377, '56': 374, '58': 373, '60': 371, '65': 183, '66': 113, '67': 101, '68': 98, '69': 68, '72': 57, '71': 57, '70': 41, '73': 40, '75': 36, '74': 33, '76': 30, '80': 24, '83': 24, '79': 24, '81': 23, '84': 23, '82': 23, '77': 20, '78': 20, '91': 19, '85': 18, '89': 18, '87': 17, '86': 16, '93': 14, '94': 13, '90': 10, '95': 6, '92': 4, '10': 3})
ThdID: 23, ErrCnt: Counter({'22': 80, '44': 21, '43': 16, '58': 10, '24': 9, '27': 9, '45': 9, '56': 7, '50': 7, '52': 7, '62': 6, '60': 5, '61': 5, '63': 5, '59': 5, '65': 4, '51': 4, '57': 3, '66': 2, '49': 2, '68': 1, '85': 1, '74': 1, '71': 1, '70': 1, '93': 1, '55': 1})
ThdID: 23, TotCnt: Counter({'22': 266, '24': 214, '27': 167, '43': 70, '45': 67, '44': 59, '49': 52, '50': 41, '52': 32, '54': 26, '58': 25, '51': 24, '59': 23, '57': 23, '56': 22, '60': 21, '61': 20, '63': 18, '62': 15, '55': 11, '65': 8, '70': 6, '66': 5, '67': 4, '68': 4, '91': 4, '69': 3, '74': 3, '78': 3, '82': 2, '83': 2, '75': 2, '85': 1, '76': 1, '73': 1, '72': 1, '71': 1, '93': 1, '92': 1, '79': 1})
ThdID: 23, sumErrCnt: Counter({'22': 2132, '44': 662, '43': 254, '24': 211, '50': 211, '27': 192, '52': 181, '45': 178, '51': 168, '61': 109, '62': 99, '63': 94, '56': 89, '58': 88, '60': 86, '59': 84, '55': 83, '57': 68, '49': 67, '65': 41, '54': 37, '66': 26, '71': 19, '69': 11, '68': 10, '93': 7, '81': 6, '74': 6, '85': 4, '77': 4, '70': 2, '80': 1})
ThdID: 23, sumTotCnt: Counter({'22': 6510, '24': 5133, '27': 4403, '43': 1751, '44': 1611, '45': 1585, '49': 962, '50': 927, '52': 860, '51': 835, '54': 495, '61': 447, '62': 427, '55': 426, '57': 409, '59': 408, '58': 398, '56': 396, '63': 395, '60': 392, '65': 191, '66': 118, '67': 105, '68': 102, '69': 71, '72': 58, '71': 58, '70': 47, '73': 41, '75': 38, '74': 36, '76': 31, '83': 26, '82': 25, '79': 25, '80': 24, '81': 23, '84': 23, '91': 23, '78': 23, '77': 20, '85': 19, '89': 18, '87': 17, '86': 16, '93': 15, '94': 13, '90': 10, '95': 6, '92': 5, '10': 3})
ThdID: 24, ErrCnt: Counter({'22': 83, '44': 33, '24': 15, '43': 13, '52': 13, '45': 10, '27': 8, '61': 6, '50': 6, '49': 5, '60': 4, '62': 4, '63': 4, '58': 4, '51': 4, '59': 3, '65': 2, '66': 2, '54': 2, '56': 2, '68': 1, '81': 1, '57': 1})
ThdID: 24, TotCnt: Counter({'22': 294, '24': 204, '27': 199, '44': 79, '43': 78, '45': 58, '49': 39, '52': 35, '50': 33, '51': 31, '61': 25, '63': 24, '54': 22, '60': 15, '57': 15, '56': 15, '62': 14, '59': 11, '58': 11, '55': 10, '65': 6, '66': 6, '67': 5, '68': 5, '73': 3, '81': 2, '82': 2, '72': 2, '70': 2, '76': 1, '74': 1, '91': 1, '79': 1, '78': 1})
ThdID: 24, sumErrCnt: Counter({'22': 2215, '44': 695, '43': 267, '24': 226, '50': 217, '27': 200, '52': 194, '45': 188, '51': 172, '61': 115, '62': 103, '63': 98, '58': 92, '56': 91, '60': 90, '59': 87, '55': 83, '49': 72, '57': 69, '65': 43, '54': 39, '66': 28, '71': 19, '68': 11, '69': 11, '81': 7, '93': 7, '74': 6, '85': 4, '77': 4, '70': 2, '80': 1})
ThdID: 24, sumTotCnt: Counter({'22': 6804, '24': 5337, '27': 4602, '43': 1829, '44': 1690, '45': 1643, '49': 1001, '50': 960, '52': 895, '51': 866, '54': 517, '61': 472, '62': 441, '55': 436, '57': 424, '63': 419, '59': 419, '56': 411, '58': 409, '60': 407, '65': 197, '66': 124, '67': 110, '68': 107, '69': 71, '72': 60, '71': 58, '70': 49, '73': 44, '75': 38, '74': 37, '76': 32, '82': 27, '83': 26, '79': 26, '81': 25, '80': 24, '91': 24, '78': 24, '84': 23, '77': 20, '85': 19, '89': 18, '87': 17, '86': 16, '93': 15, '94': 13, '90': 10, '95': 6, '92': 5, '10': 3})
ThdID: 25, ErrCnt: Counter({'22': 101, '44': 26, '45': 13, '51': 11, '61': 10, '24': 9, '27': 9, '43': 8, '50': 8, '57': 5, '52': 5, '58': 4, '56': 4, '60': 3, '49': 3, '62': 2, '71': 2, '59': 2, '54': 2, '68': 1, '81': 1, '77': 1, '55': 1})
ThdID: 25, TotCnt: Counter({'22': 301, '24': 210, '27': 187, '44': 69, '45': 69, '43': 68, '50': 38, '49': 34, '51': 33, '52': 33, '57': 24, '54': 20, '59': 18, '58': 18, '61': 16, '63': 16, '60': 13, '56': 12, '62': 11, '55': 11, '66': 7, '67': 5, '65': 4, '68': 3, '73': 3, '79': 3, '69': 2, '86': 2, '84': 2, '75': 2, '71': 2, '70': 2, '78': 2, '89': 1, '80': 1, '81': 1, '77': 1, '74': 1, '91': 1, '90': 1, '93': 1, '92': 1, '95': 1})
ThdID: 25, sumErrCnt: Counter({'22': 2316, '44': 721, '43': 275, '24': 235, '50': 225, '27': 209, '45': 201, '52': 199, '51': 183, '61': 125, '62': 105, '63': 98, '58': 96, '56': 95, '60': 93, '59': 89, '55': 84, '49': 75, '57': 74, '65': 43, '54': 41, '66': 28, '71': 21, '68': 12, '69': 11, '81': 8, '93': 7, '74': 6, '77': 5, '85': 4, '70': 2, '80': 1})
ThdID: 25, sumTotCnt: Counter({'22': 7105, '24': 5547, '27': 4789, '43': 1897, '44': 1759, '45': 1712, '49': 1035, '50': 998, '52': 928, '51': 899, '54': 537, '61': 488, '62': 452, '57': 448, '55': 447, '59': 437, '63': 435, '58': 427, '56': 423, '60': 420, '65': 201, '66': 131, '67': 115, '68': 110, '69': 73, '72': 60, '71': 60, '70': 51, '73': 47, '75': 40, '74': 38, '76': 32, '79': 29, '82': 27, '81': 26, '83': 26, '78': 26, '80': 25, '84': 25, '91': 25, '77': 21, '85': 19, '89': 19, '86': 18, '87': 17, '93': 16, '94': 13, '90': 11, '95': 7, '92': 6, '10': 3})
ThdID: 26, ErrCnt: Counter({'22': 93, '44': 29, '43': 12, '24': 8, '51': 8, '52': 8, '27': 7, '50': 7, '59': 5, '58': 5, '56': 5, '60': 3, '62': 3, '45': 3, '55': 3, '63': 2, '65': 2, '49': 2, '54': 2, '57': 2, '61': 1, '66': 1, '71': 1, '78': 1})
ThdID: 26, TotCnt: Counter({'22': 283, '24': 225, '27': 161, '43': 89, '44': 63, '45': 62, '49': 42, '52': 39, '50': 28, '51': 25, '54': 20, '60': 19, '62': 18, '59': 18, '58': 18, '63': 17, '57': 16, '56': 16, '55': 15, '61': 14, '65': 11, '66': 7, '72': 5, '67': 4, '69': 4, '84': 4, '79': 4, '80': 3, '73': 3, '78': 3, '77': 2, '75': 2, '71': 2, '89': 2, '68': 1, '86': 1, '87': 1, '70': 1, '94': 1, '10': 1})
ThdID: 26, sumErrCnt: Counter({'22': 2409, '44': 750, '43': 287, '24': 243, '50': 232, '27': 216, '52': 207, '45': 204, '51': 191, '61': 126, '62': 108, '58': 101, '63': 100, '56': 100, '60': 96, '59': 94, '55': 87, '49': 77, '57': 76, '65': 45, '54': 43, '66': 29, '71': 22, '68': 12, '69': 11, '81': 8, '93': 7, '74': 6, '77': 5, '85': 4, '70': 2, '80': 1, '78': 1})
ThdID: 26, sumTotCnt: Counter({'22': 7388, '24': 5772, '27': 4950, '43': 1986, '44': 1822, '45': 1774, '49': 1077, '50': 1026, '52': 967, '51': 924, '54': 557, '61': 502, '62': 470, '57': 464, '55': 462, '59': 455, '63': 452, '58': 445, '60': 439, '56': 439, '65': 212, '66': 138, '67': 119, '68': 111, '69': 77, '72': 65, '71': 62, '70': 52, '73': 50, '75': 42, '74': 38, '79': 33, '76': 32, '84': 29, '78': 29, '80': 28, '82': 27, '81': 26, '83': 26, '91': 25, '77': 23, '89': 21, '86': 19, '85': 19, '87': 18, '93': 16, '94': 14, '90': 11, '95': 7, '92': 6, '10': 4})
ThdID: 27, ErrCnt: Counter({'22': 76, '44': 30, '45': 13, '43': 13, '27': 10, '24': 9, '50': 9, '52': 9, '55': 7, '58': 5, '57': 5, '51': 5, '60': 4, '61': 4, '59': 4, '62': 3, '63': 3, '70': 2, '56': 2, '65': 1, '66': 1, '68': 1, '81': 1, '49': 1, '54': 1})
ThdID: 27, TotCnt: Counter({'22': 255, '24': 232, '27': 191, '43': 75, '45': 69, '44': 63, '49': 40, '50': 36, '52': 29, '51': 28, '54': 24, '60': 23, '59': 23, '62': 21, '58': 20, '55': 20, '61': 18, '57': 16, '56': 13, '63': 12, '67': 10, '65': 5, '70': 5, '68': 3, '69': 3, '66': 2, '83': 2, '74': 2, '72': 2, '71': 2, '81': 1, '86': 1, '75': 1, '91': 1, '90': 1, '79': 1})
ThdID: 27, sumErrCnt: Counter({'22': 2485, '44': 780, '43': 300, '24': 252, '50': 241, '27': 226, '45': 217, '52': 216, '51': 196, '61': 130, '62': 111, '58': 106, '63': 103, '56': 102, '60': 100, '59': 98, '55': 94, '57': 81, '49': 78, '65': 46, '54': 44, '66': 30, '71': 22, '68': 13, '69': 11, '81': 9, '93': 7, '74': 6, '77': 5, '85': 4, '70': 4, '80': 1, '78': 1})
ThdID: 27, sumTotCnt: Counter({'22': 7643, '24': 6004, '27': 5141, '43': 2061, '44': 1885, '45': 1843, '49': 1117, '50': 1062, '52': 996, '51': 952, '54': 581, '61': 520, '62': 491, '55': 482, '57': 480, '59': 478, '58': 465, '63': 464, '60': 462, '56': 452, '65': 217, '66': 140, '67': 129, '68': 114, '69': 80, '72': 67, '71': 64, '70': 57, '73': 50, '75': 43, '74': 40, '79': 34, '76': 32, '84': 29, '78': 29, '80': 28, '83': 28, '81': 27, '82': 27, '91': 26, '77': 23, '89': 21, '86': 20, '85': 19, '87': 18, '93': 16, '94': 14, '90': 12, '95': 7, '92': 6, '10': 4})
ThdID: 28, ErrCnt: Counter({'22': 86, '44': 33, '62': 9, '24': 9, '27': 9, '51': 9, '50': 9, '45': 8, '52': 8, '43': 7, '59': 6, '58': 6, '56': 5, '60': 4, '57': 4, '63': 3, '66': 3, '61': 2, '49': 2, '55': 2, '68': 1, '69': 1, '81': 1, '85': 1, '54': 1})
ThdID: 28, TotCnt: Counter({'22': 262, '24': 223, '27': 169, '45': 79, '44': 75, '43': 71, '50': 47, '51': 36, '52': 36, '49': 31, '62': 23, '59': 21, '63': 20, '56': 19, '58': 18, '57': 18, '60': 15, '61': 15, '54': 15, '55': 12, '65': 6, '66': 4, '67': 4, '68': 4, '69': 3, '81': 3, '71': 3, '70': 3, '84': 2, '75': 2, '73': 2, '80': 1, '86': 1, '85': 1, '77': 1, '74': 1, '72': 1, '90': 1, '93': 1, '79': 1})
ThdID: 28, sumErrCnt: Counter({'22': 2571, '44': 813, '43': 307, '24': 261, '50': 250, '27': 235, '45': 225, '52': 224, '51': 205, '61': 132, '62': 120, '58': 112, '56': 107, '63': 106, '60': 104, '59': 104, '55': 96, '57': 85, '49': 80, '65': 46, '54': 45, '66': 33, '71': 22, '68': 14, '69': 12, '81': 10, '93': 7, '74': 6, '85': 5, '77': 5, '70': 4, '80': 1, '78': 1})
ThdID: 28, sumTotCnt: Counter({'22': 7905, '24': 6227, '27': 5310, '43': 2132, '44': 1960, '45': 1922, '49': 1148, '50': 1109, '52': 1032, '51': 988, '54': 596, '61': 535, '62': 514, '59': 499, '57': 498, '55': 494, '63': 484, '58': 483, '60': 477, '56': 471, '65': 223, '66': 144, '67': 133, '68': 118, '69': 83, '72': 68, '71': 67, '70': 60, '73': 52, '75': 45, '74': 41, '79': 35, '76': 32, '84': 31, '81': 30, '80': 29, '78': 29, '83': 28, '82': 27, '91': 26, '77': 24, '86': 21, '89': 21, '85': 20, '87': 18, '93': 17, '94': 14, '90': 13, '95': 7, '92': 6, '10': 4})
ThdID: 29, ErrCnt: Counter({'22': 98, '44': 34, '24': 13, '51': 10, '27': 7, '43': 7, '45': 6, '56': 6, '50': 6, '61': 5, '55': 5, '62': 4, '63': 4, '57': 4, '65': 3, '49': 3, '59': 3, '52': 3, '60': 2, '68': 1, '71': 1, '58': 1})
ThdID: 29, TotCnt: Counter({'22': 310, '24': 207, '27': 181, '44': 76, '43': 67, '45': 51, '51': 36, '49': 35, '50': 35, '61': 22, '52': 22, '56': 21, '60': 18, '55': 18, '54': 18, '59': 17, '57': 17, '62': 15, '63': 13, '58': 13, '65': 9, '69': 7, '66': 6, '68': 3, '80': 3, '74': 3, '78': 3, '83': 2, '72': 2, '71': 2, '91': 2, '90': 2, '81': 1, '86': 1, '84': 1, '85': 1, '82': 1, '77': 1, '76': 1, '75': 1, '73': 1, '70': 1, '92': 1, '95': 1, '94': 1, '79': 1})
ThdID: 29, sumErrCnt: Counter({'22': 2669, '44': 847, '43': 314, '24': 274, '50': 256, '27': 242, '45': 231, '52': 227, '51': 215, '61': 137, '62': 124, '58': 113, '56': 113, '63': 110, '59': 107, '60': 106, '55': 101, '57': 89, '49': 83, '65': 49, '54': 45, '66': 33, '71': 23, '68': 15, '69': 12, '81': 10, '93': 7, '74': 6, '85': 5, '77': 5, '70': 4, '80': 1, '78': 1})
ThdID: 29, sumTotCnt: Counter({'22': 8215, '24': 6434, '27': 5491, '43': 2199, '44': 2036, '45': 1973, '49': 1183, '50': 1144, '52': 1054, '51': 1024, '54': 614, '61': 557, '62': 529, '59': 516, '57': 515, '55': 512, '63': 497, '58': 496, '60': 495, '56': 492, '65': 232, '66': 150, '67': 133, '68': 121, '69': 90, '72': 70, '71': 69, '70': 61, '73': 53, '75': 46, '74': 44, '79': 36, '76': 33, '80': 32, '84': 32, '78': 32, '81': 31, '83': 30, '82': 28, '91': 28, '77': 25, '86': 22, '85': 21, '89': 21, '87': 18, '93': 17, '90': 15, '94': 15, '95': 8, '92': 7, '10': 4})
ThdID: 30, ErrCnt: Counter({'22': 86, '44': 36, '45': 11, '50': 11, '43': 10, '52': 10, '27': 8, '49': 7, '24': 6, '55': 6, '63': 5, '57': 5, '56': 5, '51': 5, '62': 4, '54': 3, '60': 2, '61': 2, '71': 2, '58': 2, '66': 1, '81': 1, '70': 1, '78': 1, '59': 1})
ThdID: 30, TotCnt: Counter({'22': 266, '24': 216, '27': 183, '44': 71, '45': 69, '43': 64, '50': 41, '49': 36, '52': 33, '51': 32, '57': 29, '55': 25, '54': 23, '61': 20, '56': 18, '63': 16, '62': 14, '58': 13, '60': 12, '59': 10, '66': 9, '65': 8, '70': 6, '72': 5, '71': 5, '73': 4, '67': 3, '82': 2, '87': 2, '68': 2, '74': 2, '92': 2, '78': 2, '69': 1, '81': 1, '84': 1, '85': 1, '77': 1, '93': 1, '79': 1})
ThdID: 30, sumErrCnt: Counter({'22': 2755, '44': 883, '43': 324, '24': 280, '50': 267, '27': 250, '45': 242, '52': 237, '51': 220, '61': 139, '62': 128, '56': 118, '63': 115, '58': 115, '60': 108, '59': 108, '55': 107, '57': 94, '49': 90, '65': 49, '54': 48, '66': 34, '71': 25, '68': 15, '69': 12, '81': 11, '93': 7, '74': 6, '85': 5, '77': 5, '70': 5, '78': 2, '80': 1})
ThdID: 30, sumTotCnt: Counter({'22': 8481, '24': 6650, '27': 5674, '43': 2263, '44': 2107, '45': 2042, '49': 1219, '50': 1185, '52': 1087, '51': 1056, '54': 637, '61': 577, '57': 544, '62': 543, '55': 537, '59': 526, '63': 513, '56': 510, '58': 509, '60': 507, '65': 240, '66': 159, '67': 136, '68': 123, '69': 91, '72': 75, '71': 74, '70': 67, '73': 57, '75': 46, '74': 46, '79': 37, '78': 34, '84': 33, '76': 33, '80': 32, '81': 32, '82': 30, '83': 30, '91': 28, '77': 26, '86': 22, '85': 22, '89': 21, '87': 20, '93': 18, '90': 15, '94': 15, '92': 9, '95': 8, '10': 4})
ThdID: 31, ErrCnt: Counter({'22': 90, '44': 27, '62': 11, '24': 11, '45': 11, '27': 10, '43': 8, '60': 7, '50': 7, '51': 6, '63': 5, '52': 5, '55': 4, '61': 2, '65': 2, '59': 2, '81': 1, '49': 1, '70': 1, '58': 1, '54': 1, '56': 1})
ThdID: 31, TotCnt: Counter({'22': 250, '24': 222, '27': 173, '44': 74, '43': 72, '45': 68, '51': 39, '50': 36, '49': 35, '52': 32, '62': 28, '63': 28, '60': 24, '58': 20, '61': 17, '55': 17, '56': 16, '54': 15, '59': 14, '57': 14, '65': 9, '67': 7, '66': 6, '68': 6, '81': 5, '69': 3, '85': 3, '72': 3, '76': 2, '75': 2, '73': 2, '70': 2, '78': 2, '83': 1, '71': 1, '94': 1, '79': 1})
ThdID: 31, sumErrCnt: Counter({'22': 2845, '44': 910, '43': 332, '24': 291, '50': 274, '27': 260, '45': 253, '52': 242, '51': 226, '61': 141, '62': 139, '63': 120, '56': 119, '58': 116, '60': 115, '55': 111, '59': 110, '57': 94, '49': 91, '65': 51, '54': 49, '66': 34, '71': 25, '68': 15, '69': 12, '81': 12, '93': 7, '74': 6, '70': 6, '85': 5, '77': 5, '78': 2, '80': 1})
ThdID: 31, sumTotCnt: Counter({'22': 8731, '24': 6872, '27': 5847, '43': 2335, '44': 2181, '45': 2110, '49': 1254, '50': 1221, '52': 1119, '51': 1095, '54': 652, '61': 594, '62': 571, '57': 558, '55': 554, '63': 541, '59': 540, '60': 531, '58': 529, '56': 526, '65': 249, '66': 165, '67': 143, '68': 129, '69': 94, '72': 78, '71': 75, '70': 69, '73': 59, '75': 48, '74': 46, '79': 38, '81': 37, '78': 36, '76': 35, '84': 33, '80': 32, '83': 31, '82': 30, '91': 28, '77': 26, '85': 25, '86': 22, '89': 21, '87': 20, '93': 18, '94': 16, '90': 15, '92': 9, '95': 8, '10': 4})
ThdID: 32, ErrCnt: Counter({'22': 85, '44': 32, '24': 10, '51': 10, '50': 10, '45': 8, '27': 7, '57': 6, '62': 5, '49': 5, '43': 5, '60': 4, '63': 4, '55': 4, '52': 4, '58': 3, '56': 3, '61': 2, '65': 1, '77': 1, '71': 1, '93': 1, '59': 1, '54': 1})
ThdID: 32, TotCnt: Counter({'22': 254, '24': 224, '27': 185, '44': 70, '43': 70, '45': 65, '49': 50, '50': 49, '51': 38, '52': 27, '55': 21, '63': 19, '59': 19, '54': 19, '61': 17, '62': 17, '57': 17, '58': 16, '56': 15, '60': 11, '65': 6, '69': 3, '74': 3, '71': 3, '70': 3, '66': 2, '67': 2, '68': 2, '80': 2, '81': 2, '77': 2, '75': 2, '73': 2, '72': 2, '78': 2, '89': 2, '87': 1, '83': 1, '90': 1, '93': 1, '95': 1, '94': 1, '10': 1})
ThdID: 32, sumErrCnt: Counter({'22': 2930, '44': 942, '43': 337, '24': 301, '50': 284, '27': 267, '45': 261, '52': 246, '51': 236, '62': 144, '61': 143, '63': 124, '56': 122, '60': 119, '58': 119, '55': 115, '59': 111, '57': 100, '49': 96, '65': 52, '54': 50, '66': 34, '71': 26, '68': 15, '69': 12, '81': 12, '93': 8, '77': 6, '74': 6, '70': 6, '85': 5, '78': 2, '80': 1})
ThdID: 32, sumTotCnt: Counter({'22': 8985, '24': 7096, '27': 6032, '43': 2405, '44': 2251, '45': 2175, '49': 1304, '50': 1270, '52': 1146, '51': 1133, '54': 671, '61': 611, '62': 588, '55': 575, '57': 575, '63': 560, '59': 559, '58': 545, '60': 542, '56': 541, '65': 255, '66': 167, '67': 145, '68': 131, '69': 97, '72': 80, '71': 78, '70': 72, '73': 61, '75': 50, '74': 49, '81': 39, '79': 38, '78': 38, '76': 35, '80': 34, '84': 33, '83': 32, '82': 30, '77': 28, '91': 28, '85': 25, '89': 23, '86': 22, '87': 21, '93': 19, '94': 17, '90': 16, '92': 9, '95': 9, '10': 5})
ThdID: 33, ErrCnt: Counter({'22': 86, '44': 30, '43': 12, '24': 10, '45': 9, '52': 9, '60': 7, '51': 7, '59': 6, '61': 5, '27': 5, '55': 5, '50': 5, '58': 4, '54': 3, '56': 3, '65': 2, '81': 2, '62': 1, '63': 1, '66': 1, '68': 1, '49': 1, '71': 1, '57': 1})
ThdID: 33, TotCnt: Counter({'22': 265, '24': 199, '27': 173, '43': 75, '45': 67, '44': 62, '52': 49, '49': 44, '51': 39, '50': 36, '54': 33, '61': 21, '56': 21, '63': 20, '59': 19, '60': 17, '55': 17, '58': 15, '62': 14, '57': 12, '65': 11, '66': 5, '68': 5, '69': 4, '81': 4, '87': 2, '85': 2, '76': 2, '74': 2, '73': 2, '72': 2, '71': 2, '70': 2, '67': 1, '80': 1, '84': 1, '75': 1, '94': 1, '78': 1, '10': 1})
ThdID: 33, sumErrCnt: Counter({'22': 3016, '44': 972, '43': 349, '24': 311, '50': 289, '27': 272, '45': 270, '52': 255, '51': 243, '61': 148, '62': 145, '60': 126, '63': 125, '56': 125, '58': 123, '55': 120, '59': 117, '57': 101, '49': 97, '65': 54, '54': 53, '66': 35, '71': 27, '68': 16, '81': 14, '69': 12, '93': 8, '77': 6, '74': 6, '70': 6, '85': 5, '78': 2, '80': 1})
ThdID: 33, sumTotCnt: Counter({'22': 9250, '24': 7295, '27': 6205, '43': 2480, '44': 2313, '45': 2242, '49': 1348, '50': 1306, '52': 1195, '51': 1172, '54': 704, '61': 632, '62': 602, '55': 592, '57': 587, '63': 580, '59': 578, '56': 562, '58': 560, '60': 559, '65': 266, '66': 172, '67': 146, '68': 136, '69': 101, '72': 82, '71': 80, '70': 74, '73': 63, '75': 51, '74': 51, '81': 43, '78': 39, '79': 38, '76': 37, '80': 35, '84': 34, '83': 32, '82': 30, '77': 28, '91': 28, '85': 27, '87': 23, '89': 23, '86': 22, '93': 19, '94': 18, '90': 16, '92': 9, '95': 9, '10': 6})
ThdID: 34, ErrCnt: Counter({'22': 92, '44': 30, '52': 12, '51': 10, '45': 8, '60': 7, '27': 7, '24': 6, '43': 6, '50': 5, '58': 4, '56': 4, '61': 3, '63': 3, '49': 3, '59': 3, '54': 3, '57': 3, '62': 2, '65': 1, '66': 1, '69': 1, '80': 1, '77': 1, '74': 1, '78': 1, '55': 1})
ThdID: 34, TotCnt: Counter({'22': 254, '24': 213, '27': 190, '45': 78, '44': 70, '43': 58, '49': 41, '51': 40, '50': 38, '52': 31, '57': 26, '58': 25, '60': 21, '63': 20, '54': 20, '59': 16, '62': 15, '61': 12, '55': 12, '56': 11, '69': 7, '68': 6, '65': 5, '66': 5, '70': 4, '67': 3, '80': 3, '85': 3, '76': 3, '75': 3, '83': 2, '77': 2, '74': 2, '91': 2, '86': 1, '84': 1, '73': 1, '72': 1, '71': 1, '90': 1, '92': 1, '79': 1, '78': 1})
ThdID: 34, sumErrCnt: Counter({'22': 3108, '44': 1002, '43': 355, '24': 317, '50': 294, '27': 279, '45': 278, '52': 267, '51': 253, '61': 151, '62': 147, '60': 133, '56': 129, '63': 128, '58': 127, '55': 121, '59': 120, '57': 104, '49': 100, '54': 56, '65': 55, '66': 36, '71': 27, '68': 16, '81': 14, '69': 13, '93': 8, '77': 7, '74': 7, '70': 6, '85': 5, '78': 3, '80': 2})
ThdID: 34, sumTotCnt: Counter({'22': 9504, '24': 7508, '27': 6395, '43': 2538, '44': 2383, '45': 2320, '49': 1389, '50': 1344, '52': 1226, '51': 1212, '54': 724, '61': 644, '62': 617, '57': 613, '55': 604, '63': 600, '59': 594, '58': 585, '60': 580, '56': 573, '65': 271, '66': 177, '67': 149, '68': 142, '69': 108, '72': 83, '71': 81, '70': 78, '73': 64, '75': 54, '74': 53, '81': 43, '76': 40, '78': 40, '79': 39, '80': 38, '84': 35, '83': 34, '85': 30, '82': 30, '77': 30, '91': 30, '86': 23, '87': 23, '89': 23, '93': 19, '94': 18, '90': 17, '92': 10, '95': 9, '10': 6})
ThdID: 35, ErrCnt: Counter({'22': 87, '44': 38, '24': 11, '27': 11, '45': 9, '58': 8, '50': 8, '43': 7, '56': 6, '52': 6, '62': 5, '63': 5, '51': 5, '65': 4, '49': 4, '59': 4, '57': 4, '61': 3, '55': 2, '60': 1, '66': 1, '71': 1, '54': 1})
ThdID: 35, TotCnt: Counter({'22': 288, '24': 224, '27': 186, '45': 76, '44': 71, '43': 66, '51': 35, '52': 35, '54': 31, '49': 28, '50': 26, '58': 22, '56': 20, '61': 17, '62': 17, '63': 15, '55': 14, '57': 14, '59': 13, '60': 11, '65': 8, '68': 5, '66': 4, '69': 3, '67': 2, '83': 2, '77': 2, '75': 2, '73': 2, '71': 2, '79': 2, '80': 1, '84': 1, '85': 1, '76': 1, '74': 1, '70': 1, '90': 1})
ThdID: 35, sumErrCnt: Counter({'22': 3195, '44': 1040, '43': 362, '24': 328, '50': 302, '27': 290, '45': 287, '52': 273, '51': 258, '61': 154, '62': 152, '58': 135, '56': 135, '60': 134, '63': 133, '59': 124, '55': 123, '57': 108, '49': 104, '65': 59, '54': 57, '66': 37, '71': 28, '68': 16, '81': 14, '69': 13, '93': 8, '77': 7, '74': 7, '70': 6, '85': 5, '78': 3, '80': 2})
ThdID: 35, sumTotCnt: Counter({'22': 9792, '24': 7732, '27': 6581, '43': 2604, '44': 2454, '45': 2396, '49': 1417, '50': 1370, '52': 1261, '51': 1247, '54': 755, '61': 661, '62': 634, '57': 627, '55': 618, '63': 615, '59': 607, '58': 607, '56': 593, '60': 591, '65': 279, '66': 181, '67': 151, '68': 147, '69': 111, '72': 83, '71': 83, '70': 79, '73': 66, '75': 56, '74': 54, '81': 43, '76': 41, '79': 41, '78': 40, '80': 39, '84': 36, '83': 36, '77': 32, '85': 31, '82': 30, '91': 30, '86': 23, '87': 23, '89': 23, '93': 19, '90': 18, '94': 18, '92': 10, '95': 9, '10': 6})
ThdID: 36, ErrCnt: Counter({'22': 97, '44': 30, '45': 11, '27': 9, '43': 9, '51': 8, '62': 7, '60': 6, '24': 6, '58': 6, '57': 6, '61': 5, '49': 4, '50': 4, '63': 2, '56': 2, '52': 2, '69': 1, '77': 1, '71': 1, '93': 1, '78': 1, '59': 1, '55': 1})
ThdID: 36, TotCnt: Counter({'22': 312, '24': 203, '27': 167, '43': 68, '44': 67, '45': 67, '51': 38, '49': 35, '50': 34, '52': 34, '57': 25, '62': 21, '54': 20, '60': 18, '59': 18, '58': 17, '56': 17, '61': 14, '63': 14, '55': 11, '65': 6, '66': 5, '69': 5, '68': 5, '67': 3, '76': 2, '75': 2, '74': 2, '73': 2, '70': 2, '91': 2, '79': 2, '78': 2, '83': 1, '80': 1, '81': 1, '84': 1, '85': 1, '77': 1, '71': 1, '90': 1, '93': 1, '94': 1})
ThdID: 36, sumErrCnt: Counter({'22': 3292, '44': 1070, '43': 371, '24': 334, '50': 306, '27': 299, '45': 298, '52': 275, '51': 266, '61': 159, '62': 159, '58': 141, '60': 140, '56': 137, '63': 135, '59': 125, '55': 124, '57': 114, '49': 108, '65': 59, '54': 57, '66': 37, '71': 29, '68': 16, '69': 14, '81': 14, '93': 9, '77': 8, '74': 7, '70': 6, '85': 5, '78': 4, '80': 2})
ThdID: 36, sumTotCnt: Counter({'22': 10104, '24': 7935, '27': 6748, '43': 2672, '44': 2521, '45': 2463, '49': 1452, '50': 1404, '52': 1295, '51': 1285, '54': 775, '61': 675, '62': 655, '57': 652, '63': 629, '55': 629, '59': 625, '58': 624, '56': 610, '60': 609, '65': 285, '66': 186, '67': 154, '68': 152, '69': 116, '71': 84, '72': 83, '70': 81, '73': 68, '75': 58, '74': 56, '81': 44, '76': 43, '79': 43, '78': 42, '80': 40, '84': 37, '83': 37, '77': 33, '85': 32, '91': 32, '82': 30, '86': 23, '87': 23, '89': 23, '93': 20, '90': 19, '94': 19, '92': 10, '95': 9, '10': 6})
ThdID: 37, ErrCnt: Counter({'22': 88, '44': 34, '27': 14, '52': 11, '51': 9, '50': 9, '45': 8, '60': 6, '24': 6, '43': 6, '59': 5, '55': 5, '61': 4, '63': 3, '66': 3, '58': 3, '57': 3, '62': 2, '49': 2, '54': 2, '65': 1, '56': 1})
ThdID: 37, TotCnt: Counter({'22': 291, '24': 203, '27': 190, '44': 75, '43': 63, '45': 61, '52': 41, '50': 38, '51': 35, '49': 32, '60': 24, '55': 22, '54': 20, '61': 19, '62': 18, '59': 18, '58': 16, '63': 15, '56': 13, '57': 11, '65': 8, '66': 6, '69': 4, '67': 3, '86': 3, '73': 3, '78': 3, '82': 2, '91': 2, '94': 2, '80': 1, '81': 1, '68': 1, '75': 1, '71': 1, '70': 1, '95': 1, '79': 1, '89': 1})
ThdID: 37, sumErrCnt: Counter({'22': 3380, '44': 1104, '43': 377, '24': 340, '50': 315, '27': 313, '45': 306, '52': 286, '51': 275, '61': 163, '62': 161, '60': 146, '58': 144, '63': 138, '56': 138, '59': 130, '55': 129, '57': 117, '49': 110, '65': 60, '54': 59, '66': 40, '71': 29, '68': 16, '69': 14, '81': 14, '93': 9, '77': 8, '74': 7, '70': 6, '85': 5, '78': 4, '80': 2})
ThdID: 37, sumTotCnt: Counter({'22': 10395, '24': 8138, '27': 6938, '43': 2735, '44': 2596, '45': 2524, '49': 1484, '50': 1442, '52': 1336, '51': 1320, '54': 795, '61': 694, '62': 673, '57': 663, '55': 651, '63': 644, '59': 643, '58': 640, '60': 633, '56': 623, '65': 293, '66': 192, '67': 157, '68': 153, '69': 120, '71': 85, '72': 83, '70': 82, '73': 71, '75': 59, '74': 56, '81': 45, '78': 45, '79': 44, '76': 43, '80': 41, '84': 37, '83': 37, '91': 34, '77': 33, '85': 32, '82': 32, '86': 26, '89': 24, '87': 23, '94': 21, '93': 20, '90': 19, '92': 10, '95': 10, '10': 6})
ThdID: 38, ErrCnt: Counter({'22': 89, '44': 27, '27': 13, '24': 11, '50': 8, '45': 7, '43': 7, '60': 6, '52': 6, '61': 5, '57': 4, '56': 4, '51': 4, '62': 3, '49': 3, '59': 3, '58': 3, '55': 3, '54': 3, '63': 1, '65': 1, '66': 1, '71': 1})
ThdID: 38, TotCnt: Counter({'22': 301, '24': 210, '27': 190, '45': 72, '44': 58, '43': 52, '49': 38, '51': 34, '50': 34, '52': 29, '54': 23, '60': 21, '55': 21, '62': 20, '57': 20, '61': 19, '59': 19, '58': 16, '56': 15, '63': 11, '65': 6, '67': 5, '69': 5, '73': 4, '71': 4, '86': 3, '78': 3, '84': 2, '68': 2, '70': 2, '66': 1, '82': 1, '80': 1, '81': 1, '85': 1, '77': 1, '72': 1, '91': 1, '90': 1, '92': 1, '79': 1})
ThdID: 38, sumErrCnt: Counter({'22': 3469, '44': 1131, '43': 384, '24': 351, '27': 326, '50': 323, '45': 313, '52': 292, '51': 279, '61': 168, '62': 164, '60': 152, '58': 147, '56': 142, '63': 139, '59': 133, '55': 132, '57': 121, '49': 113, '54': 62, '65': 61, '66': 41, '71': 30, '68': 16, '69': 14, '81': 14, '93': 9, '77': 8, '74': 7, '70': 6, '85': 5, '78': 4, '80': 2})
ThdID: 38, sumTotCnt: Counter({'22': 10696, '24': 8348, '27': 7128, '43': 2787, '44': 2654, '45': 2596, '49': 1522, '50': 1476, '52': 1365, '51': 1354, '54': 818, '61': 713, '62': 693, '57': 683, '55': 672, '59': 662, '58': 656, '63': 655, '60': 654, '56': 638, '65': 299, '66': 193, '67': 162, '68': 155, '69': 125, '71': 89, '72': 84, '70': 84, '73': 75, '75': 59, '74': 56, '78': 48, '81': 46, '79': 45, '76': 43, '80': 42, '84': 39, '83': 37, '91': 35, '77': 34, '85': 33, '82': 33, '86': 29, '89': 24, '87': 23, '94': 21, '90': 20, '93': 20, '92': 11, '95': 10, '10': 6})
ThdID: 39, ErrCnt: Counter({'22': 73, '44': 32, '27': 10, '50': 10, '52': 10, '24': 7, '59': 7, '45': 6, '43': 6, '51': 6, '60': 5, '62': 5, '61': 4, '63': 4, '49': 4, '58': 4, '57': 4, '54': 2, '65': 1, '66': 1, '68': 1, '69': 1, '81': 1, '55': 1, '56': 1})
ThdID: 39, TotCnt: Counter({'22': 263, '24': 215, '27': 186, '43': 87, '44': 74, '45': 63, '52': 38, '49': 37, '51': 32, '50': 29, '61': 25, '59': 22, '60': 20, '58': 18, '62': 17, '63': 16, '57': 16, '55': 15, '56': 15, '54': 14, '67': 11, '65': 6, '66': 4, '82': 3, '68': 3, '69': 3, '83': 2, '81': 2, '75': 2, '70': 2, '78': 2, '80': 1, '86': 1, '76': 1, '72': 1, '91': 1, '79': 1, '10': 1, '89': 1})
ThdID: 39, sumErrCnt: Counter({'22': 3542, '44': 1163, '43': 390, '24': 358, '27': 336, '50': 333, '45': 319, '52': 302, '51': 285, '61': 172, '62': 169, '60': 157, '58': 151, '63': 143, '56': 143, '59': 140, '55': 133, '57': 125, '49': 117, '54': 64, '65': 62, '66': 42, '71': 30, '68': 17, '69': 15, '81': 15, '93': 9, '77': 8, '74': 7, '70': 6, '85': 5, '78': 4, '80': 2})
ThdID: 39, sumTotCnt: Counter({'22': 10959, '24': 8563, '27': 7314, '43': 2874, '44': 2728, '45': 2659, '49': 1559, '50': 1505, '52': 1403, '51': 1386, '54': 832, '61': 738, '62': 710, '57': 699, '55': 687, '59': 684, '60': 674, '58': 674, '63': 671, '56': 653, '65': 305, '66': 197, '67': 173, '68': 158, '69': 128, '71': 89, '70': 86, '72': 85, '73': 75, '75': 61, '74': 56, '78': 50, '81': 48, '79': 46, '76': 44, '80': 43, '84': 39, '83': 39, '82': 36, '91': 36, '77': 34, '85': 33, '86': 30, '89': 25, '87': 23, '94': 21, '90': 20, '93': 20, '92': 11, '95': 10, '10': 7})
 - Calculated error matrix size: (40, 51).
 - Error matrix: [(0.38461538461538464, 0.35, 0.17647058823529413, 0.13636363636363635, 0.3333333333333333, 0.0, 0.0, 0.0, 0.0, 0.0, 0.0, -1, -1, 0.0, -1, 0.02, 0.04, 0.3020408163265306, 0.09090909090909091, -1, 0.3918918918918919, 0.09090909090909091, 0.1125, 0.0, 0.0, -1, 0.0, 0.0, 0.0, 0.0, 0.0, 0.0, -1, 0.0, -1, -1, 0.0, -1, 0.0, -1, -1, 0.045454545454545456, 0.29411764705882354, 0.3333333333333333, 0.0, 0.125, 0.38461538461538464, 0.20588235294117646, 0.2, 0.2, 0.0), (0.3333333333333333, 0.047619047619047616, 0.36363636363636365, 0.15789473684210525, 0.16666666666666666, 0.14285714285714285, 0.0, -1, 0.0, 0.0, -1, 0.0, 0.0, -1, -1, 0.03571428571428571, 0.04522613065326633, 0.38524590163934425, 0.06976744186046512, -1, 0.47761194029850745, 0.10144927536231885, 0.16417910447761194, 0.1111111111111111, -1, 0.0, 0.0, 0.0, 0.0, 0.0, 1.0, 0.0, -1, -1, 1.0, -1, 0.5, 0.0, 0.0, -1, -1, 0.14285714285714285, 0.09090909090909091, 0.16666666666666666, 0.0625, 0.09523809523809523, 0.1875, 0.23529411764705882, 0.20512820512820512, 0.2619047619047619, -1), (0.16666666666666666, 0.2857142857142857, 0.1111111111111111, 0.2631578947368421, 0.16666666666666666, 0.2857142857142857, 0.0, -1, 0.0, -1, -1, 0.0, 0.0, -1, -1, 0.04405286343612335, 0.029239766081871343, 0.31833910034602075, 0.12903225806451613, -1, 0.3709677419354839, 0.16666666666666666, 0.21951219512195122, 0.25, 0.0, 0.0, -1, 0.0, 0.0, 0.0, -1, 0.0, 0.0, -1, -1, 0.0, 0.0, 0.0, 0.0, 0.0, -1, 0.5, 0.125, 0.18181818181818182, 0.10526315789473684, 0.11764705882352941, 0.36363636363636365, 0.3023255813953488, 0.2, 0.2727272727272727, 0.0), (0.23529411764705882, 0.23529411764705882, 0.35714285714285715, 0.05263157894736842, 0.25, 0.2857142857142857, 0.0, -1, 0.0, -1, 1.0, 0.0, -1, 0.0, -1, 0.04455445544554455, 0.05084745762711865, 0.31666666666666665, 0.029411764705882353, -1, 0.4461538461538462, 0.0967741935483871, 0.2, 0.14285714285714285, 0.0, 0.0, -1, 0.5, 0.0, 0.0, 0.0, 0.0, 0.0, -1, -1, -1, 0.0, -1, -1, 0.0, 0.0, 0.16, 0.2777777777777778, 0.15, 0.2, 0.10526315789473684, 0.25, 0.125, 0.2857142857142857, 0.15384615384615385, 0.0), (0.14285714285714285, 0.0625, 0.18181818181818182, 0.05555555555555555, 0.14285714285714285, 0.0, 0.0, 0.0, -1, -1, 0.0, 0.0, -1, 0.0, 0.3333333333333333, 0.029045643153526972, 0.06770833333333333, 0.33064516129032256, 0.06976744186046512, 0.0, 0.2835820895522388, 0.10126582278481013, 0.1323529411764706, 0.0, 0.0, 0.0, 0.0, 0.5, 0.0, 0.0, 0.25, 0.0, -1, -1, -1, -1, 0.2, 0.0, 0.0, 0.0, -1, 0.09090909090909091, 0.3076923076923077, 0.2222222222222222, 0.047619047619047616, 0.13333333333333333, 0.3076923076923077, 0.15384615384615385, 0.2702702702702703, 0.21739130434782608, -1), (0.2222222222222222, 0.3181818181818182, 0.10526315789473684, 0.2, 0.0, 0.14285714285714285, 0.0, 0.0, -1, 0.0, 0.5, -1, -1, -1, -1, 0.046948356807511735, 0.029556650246305417, 0.30656934306569344, 0.13157894736842105, -1, 0.4492753623188406, 0.1038961038961039, 0.1346153846153846, 0.0, -1, 0.0, 0.0, 0.0, 0.0, 0.0, 0.6666666666666666, 0.0, 0.0, -1, 0.0, -1, 1.0, -1, -1, 0.0, -1, 0.29411764705882354, 0.07142857142857142, 0.21428571428571427, 0.0625, 0.22727272727272727, 0.0, 0.21621621621621623, 0.15151515151515152, 0.3076923076923077, -1), (0.058823529411764705, 0.18181818181818182, 0.047619047619047616, 0.35294117647058826, 0.2, 0.0, 0.0, 0.0, 0.0, 0.0, -1, 0.0, 0.0, -1, 0.0, 0.04716981132075472, 0.06857142857142857, 0.33948339483394835, 0.02564102564102564, -1, 0.39285714285714285, 0.13432835820895522, 0.16049382716049382, 0.0, -1, 0.0, 0.0, -1, 0.0, 0.0, 0.0, 0.0, -1, 0.0, -1, -1, 0.5, -1, 0.0, -1, -1, 0.22727272727272727, 0.2608695652173913, 0.25, 0.058823529411764705, 0.08333333333333333, 0.17647058823529413, 0.14285714285714285, 0.3170731707317073, 0.2894736842105263, 0.0), (0.15384615384615385, 0.2777777777777778, 0.2222222222222222, 0.0, 0.2857142857142857, 0.0, 0.0, 0.0, 0.0, -1, 0.0, 0.0, -1, 0.0, 0.0, 0.061224489795918366, 0.03783783783783784, 0.2956204379562044, 0.06521739130434782, -1, 0.391304347826087, 0.06, 0.1368421052631579, 0.0, -1, 0.0, 0.0, -1, 0.0, 0.0, 0.0, 0.0, 0.0, 0.0, -1, -1, 0.3333333333333333, 0.0, 0.0, 0.0, 0.0, 0.46153846153846156, 0.16666666666666666, 0.2857142857142857, 0.14814814814814814, 0.23076923076923078, 0.18181818181818182, 0.3111111111111111, 0.24444444444444444, 0.2727272727272727, -1), (0.13333333333333333, 0.13043478260869565, 0.35, 0.3, 0.0, 0.2, 0.0, -1, 0.0, -1, -1, -1, 0.0, -1, 0.0, 0.03636363636363636, 0.030927835051546393, 0.30847457627118646, 0.07317073170731707, -1, 0.45614035087719296, 0.09090909090909091, 0.1095890410958904, 0.25, 0.0, -1, 0.0, 0.5, 0.0, 0.0, 0.3333333333333333, 0.0, 0.0, -1, -1, -1, 0.0, -1, -1, 0.0, 0.0, 0.36363636363636365, 0.5, 0.14285714285714285, 0.14285714285714285, 0.0, 0.3333333333333333, 0.28125, 0.2222222222222222, 0.2647058823529412, 0.0), (0.3157894736842105, 0.4, 0.19047619047619047, 0.1875, 0.09090909090909091, 0.6666666666666666, 0.0, -1, -1, 0.0, 1.0, 0.0, 0.0, 0.0, 0.0, 0.02512562814070352, 0.030303030303030304, 0.31095406360424027, 0.04878048780487805, -1, 0.36666666666666664, 0.06578947368421052, 0.12307692307692308, 0.0, 0.0, 0.0, -1, 0.0, 0.0, 0.0, 0.0, -1, -1, 0.0, 0.0, -1, 0.0, -1, 0.0, -1, -1, 0.15789473684210525, 0.25, 0.13636363636363635, 0.0, 0.18181818181818182, 0.05555555555555555, 0.16216216216216217, 0.3829787234042553, 0.16216216216216217, -1), (0.29411764705882354, 0.3181818181818182, 0.25, 0.45454545454545453, 0.2222222222222222, 0.0, 0.0, 0.0, -1, 0.0, 1.0, 0.0, 0.0, 0.0, -1, 0.0392156862745098, 0.0481283422459893, 0.3464285714285714, 0.023809523809523808, -1, 0.4691358024691358, 0.18333333333333332, 0.1411764705882353, 0.0, -1, 0.0, 0.0, 1.0, 0.0, 0.0, 0.0, 0.0, 0.0, -1, 0.3333333333333333, -1, 0.2, 0.0, 0.0, -1, -1, 0.23076923076923078, 0.2727272727272727, 0.09090909090909091, 0.043478260869565216, 0.1, 0.10526315789473684, 0.21875, 0.16129032258064516, 0.24242424242424243, -1), (0.38461538461538464, 0.2222222222222222, 0.16666666666666666, 0.30434782608695654, 0.2, 0.2, 0.0, -1, 0.0, 0.0, 0.0, 0.0, 0.0, 0.0, 0.0, 0.027149321266968326, 0.029556650246305417, 0.3282442748091603, 0.044444444444444446, -1, 0.36363636363636365, 0.109375, 0.1780821917808219, 0.5, 1.0, -1, 0.0, 0.0, -1, 0.0, 0.16666666666666666, 0.0, -1, 0.0, -1, -1, 0.0, 0.0, 0.0, 0.0, -1, 0.09090909090909091, 0.19047619047619047, 0.26666666666666666, 0.08695652173913043, 0.0, 0.375, 0.14634146341463414, 0.2777777777777778, 0.17647058823529413, 0.0), (0.45454545454545453, 0.34782608695652173, 0.2631578947368421, 0.35714285714285715, 0.14285714285714285, 0.25, 0.0, 0.0, -1, -1, -1, -1, -1, -1, 1.0, 0.05116279069767442, 0.03910614525139665, 0.3759124087591241, 0.13725490196078433, -1, 0.33695652173913043, 0.06557377049180328, 0.10126582278481013, 0.0, 0.0, -1, -1, -1, 0.0, 0.0, 0.0, 0.0, 0.0, 0.0, -1, 0.0, 0.0, 0.0, -1, -1, -1, 0.3333333333333333, 0.0, 0.2857142857142857, 0.08695652173913043, 0.29411764705882354, 0.2631578947368421, 0.10526315789473684, 0.14705882352941177, 0.23333333333333334, 0.0), (0.16666666666666666, 0.15789473684210525, 0.30434782608695654, 0.07142857142857142, 0.4, 0.25, 0.0, 0.0, 0.0, 0.0, -1, -1, -1, -1, -1, 0.05612244897959184, 0.054187192118226604, 0.3716475095785441, 0.02040816326530612, -1, 0.5384615384615384, 0.19642857142857142, 0.06666666666666667, 0.0, 0.0, 0.0, 0.0, 0.0, 0.0, 0.0, 0.5, 0.5, 0.0, -1, -1, -1, 0.2, 0.0, -1, 0.0, -1, 0.3125, 0.2, 0.18181818181818182, 0.045454545454545456, 0.23076923076923078, 0.20833333333333334, 0.2727272727272727, 0.20930232558139536, 0.175, 0.0), (0.4166666666666667, 0.2222222222222222, 0.3181818181818182, 0.36363636363636365, 0.14285714285714285, 0.0, 0.0, 0.0, 0.0, 0.0, 0.0, 0.0, 0.0, 0.0, 0.0, 0.036036036036036036, 0.02824858757062147, 0.3333333333333333, 0.05263157894736842, -1, 0.45161290322580644, 0.11428571428571428, 0.13333333333333333, 0.0, 0.0, 0.0, 0.0, 0.0, 0.0, 0.0, 0.0, -1, -1, -1, -1, 0.0, 0.5, 0.0, 0.0, -1, -1, 0.16666666666666666, 0.17647058823529413, 0.045454545454545456, 0.12, 0.25, 0.17647058823529413, 0.22580645161290322, 0.2653061224489796, 0.28125, -1), (0.21739130434782608, 0.07142857142857142, 0.2608695652173913, 0.30434782608695654, 0.1111111111111111, 1.0, 0.0, 0.0, 0.0, 0.0, 1.0, -1, -1, 0.0, -1, 0.06310679611650485, 0.03867403314917127, 0.30916030534351147, 0.0, 0.0, 0.6037735849056604, 0.09090909090909091, 0.1625, 0.0, -1, 0.0, 0.0, 0.3333333333333333, 0.0, 0.0, 0.75, 0.0, -1, -1, 0.0, -1, 0.0, -1, -1, 0.0, -1, 0.15384615384615385, 0.17391304347826086, 0.18181818181818182, 0.1111111111111111, 0.3157894736842105, 0.25, 0.15789473684210525, 0.23333333333333334, 0.15555555555555556, -1), (0.09090909090909091, 0.2631578947368421, 0.25, 0.26666666666666666, 0.2, 0.0, 0.0, 0.0, 0.0, -1, -1, -1, -1, 0.0, -1, 0.04265402843601896, 0.029411764705882353, 0.3111888111888112, 0.07142857142857142, -1, 0.2972972972972973, 0.08333333333333333, 0.11494252873563218, 0.0, 0.0, -1, -1, 0.0, 0.0, 0.0, 0.0, -1, 0.0, -1, -1, -1, 0.5, -1, -1, -1, -1, 0.17647058823529413, 0.25, 0.07692307692307693, 0.10526315789473684, 0.13333333333333333, 0.3333333333333333, 0.225, 0.27906976744186046, 0.10526315789473684, 0.0), (0.058823529411764705, 0.25, 0.23529411764705882, 0.2631578947368421, 0.5, 0.1111111111111111, 0.0, 0.0, 0.0, 0.0, 0.5, -1, 0.0, -1, 0.0, 0.03, 0.043478260869565216, 0.31365313653136534, 0.025, -1, 0.4461538461538462, 0.08695652173913043, 0.13114754098360656, 0.0, 0.3333333333333333, -1, 0.0, 0.0, 0.0, 0.0, 0.5, 0.0, -1, 0.0, -1, 0.0, 0.0, -1, 0.0, 0.0, -1, 0.2857142857142857, 0.18181818181818182, 0.23809523809523808, 0.0, 0.09090909090909091, 0.38461538461538464, 0.10526315789473684, 0.2631578947368421, 0.14705882352941177, -1), (0.16666666666666666, 0.23529411764705882, 0.2727272727272727, 0.23529411764705882, 0.09090909090909091, 0.25, 0.0, 0.0, 0.0, 0.0, 0.0, -1, -1, 0.0, 1.0, 0.044642857142857144, 0.023952095808383235, 0.3381818181818182, 0.0, 0.0, 0.358974358974359, 0.17391304347826086, 0.15584415584415584, 0.0, 1.0, 0.0, 0.0, 0.0, 0.0, 0.0, 1.0, 0.0, 0.0, 0.0, -1, -1, 0.0, -1, 0.0, 0.0, -1, 0.15, 0.3333333333333333, 0.13636363636363635, 0.0, 0.4166666666666667, 0.2857142857142857, 0.18181818181818182, 0.275, 0.21621621621621623, 0.0), (0.1, 0.28, 0.10526315789473684, 0.14285714285714285, 0.1111111111111111, 0.5, 0.0, 0.0, 0.0, 0.0, -1, -1, 0.0, 0.0, 0.0, 0.03317535545023697, 0.043209876543209874, 0.30824372759856633, 0.1111111111111111, -1, 0.410958904109589, 0.07246376811594203, 0.16883116883116883, 0.0, -1, 0.0, 0.0, -1, 0.0, 0.0, 0.5, 0.0, -1, -1, 1.0, -1, 0.16666666666666666, -1, 0.0, 0.0, -1, 0.35, 0.13333333333333333, 0.38461538461538464, 0.0, 0.11764705882352941, 0.20833333333333334, 0.16666666666666666, 0.11428571428571428, 0.14285714285714285, -1), (0.22727272727272727, 0.3125, 0.23809523809523808, 0.3157894736842105, 0.2727272727272727, 0.0, 0.0, 0.0, -1, 0.0, 0.0, -1, -1, 0.0, -1, 0.03431372549019608, 0.04145077720207254, 0.3274021352313167, 0.030303030303030304, 0.0, 0.5405405405405406, 0.14754098360655737, 0.16176470588235295, 0.25, 1.0, 0.0, 0.0, 0.0, 0.0, 0.0, 0.0, 0.0, 0.0, -1, 0.5, -1, 0.0, -1, 0.0, 0.0, -1, 0.16666666666666666, 0.21428571428571427, 0.10526315789473684, 0.1, 0.2, 0.25, 0.13333333333333333, 0.20588235294117646, 0.20588235294117646, 0.0), (0.23809523809523808, 0.21428571428571427, 0.17647058823529413, 0.25, 0.25, 0.125, 0.0, -1, 0.0, 0.5, -1, 0.0, -1, -1, -1, 0.038461538461538464, 0.06770833333333333, 0.32684824902723736, 0.16279069767441862, -1, 0.38596491228070173, 0.1320754716981132, 0.13157894736842105, 0.25, -1, 0.0, 0.0, 0.0, 0.0, 0.0, 0.75, 0.0, -1, 0.0, -1, -1, 0.0, -1, 0.0, 0.0, -1, 0.07142857142857142, 0.16666666666666666, 0.21739130434782608, 0.0, 0.16666666666666666, 0.15, 0.23529411764705882, 0.2, 0.23809523809523808, -1), (0.2222222222222222, 0.3333333333333333, 0.3157894736842105, 0.38461538461538464, 0.375, 0.3333333333333333, 0.0, 0.0, 0.0, 0.0, 0.0, -1, -1, 0.0, 0.0, 0.05907172995780591, 0.06930693069306931, 0.3650190114068441, 0.22580645161290322, 0.0, 0.3333333333333333, 0.1076923076923077, 0.09230769230769231, 0.0, -1, 0.0, 0.0, -1, 0.0, 0.0, 1.0, 0.0, 0.0, -1, 0.5, -1, 0.0, -1, 0.0, 0.0, -1, 0.05555555555555555, 0.14285714285714285, 0.18181818181818182, 0.18181818181818182, 0.29411764705882354, 0.13043478260869565, 0.24242424242424243, 0.1111111111111111, 0.08, 0.0), (0.23809523809523808, 0.25, 0.4, 0.2777777777777778, 0.5, 0.4, 0.0, 0.0, 0.0, -1, -1, -1, -1, -1, 1.0, 0.04205607476635514, 0.05389221556886228, 0.3007518796992481, 0.038461538461538464, -1, 0.3559322033898305, 0.13432835820895522, 0.22857142857142856, 0.25, -1, 0.0, 0.0, 0.3333333333333333, 0.0, 0.0, 1.0, 0.16666666666666666, 0.0, -1, 1.0, 0.0, 0.0, -1, 0.0, 0.0, -1, 0.21739130434782608, 0.4, 0.09090909090909091, 0.0, 0.13043478260869565, 0.3181818181818182, 0.16666666666666666, 0.17073170731707318, 0.21875, -1), (0.26666666666666666, 0.24, 0.2857142857142857, 0.16666666666666666, 0.3333333333333333, 0.3333333333333333, 0.0, 0.0, -1, -1, 0.5, -1, -1, -1, -1, 0.07352941176470588, 0.04020100502512563, 0.282312925170068, 0.1282051282051282, -1, 0.4177215189873418, 0.1724137931034483, 0.16666666666666666, 0.2, -1, 0.0, -1, 0.0, 0.0, 0.0, -1, 0.0, 0.0, -1, -1, -1, -1, -1, 0.0, 0.0, -1, 0.2727272727272727, 0.36363636363636365, 0.0, 0.09090909090909091, 0.06666666666666667, 0.13333333333333333, 0.12903225806451613, 0.18181818181818182, 0.37142857142857144, -1), (0.23076923076923078, 0.625, 0.18181818181818182, 0.0, 0.0, 0.0, 0.0, -1, -1, 0.0, 1.0, 0.0, -1, 0.0, -1, 0.04285714285714286, 0.0481283422459893, 0.33554817275747506, 0.08823529411764706, 0.0, 0.37681159420289856, 0.18840579710144928, 0.11764705882352941, 0.3333333333333333, 1.0, -1, 0.0, 0.0, 0.0, -1, 1.0, 0.0, 0.0, 0.0, 0.0, 0.0, 0.0, -1, 0.0, 0.0, -1, 0.1111111111111111, 0.2222222222222222, 0.09090909090909091, 0.1, 0.20833333333333334, 0.3333333333333333, 0.3333333333333333, 0.21052631578947367, 0.15151515151515152, 0.0), (0.15789473684210525, 0.07142857142857142, 0.16666666666666666, 0.11764705882352941, 0.18181818181818182, 0.14285714285714285, 0.0, -1, -1, 0.0, -1, 0.0, 0.0, 0.0, -1, 0.035555555555555556, 0.043478260869565216, 0.3286219081272085, 0.047619047619047616, -1, 0.4603174603174603, 0.04838709677419355, 0.1348314606741573, 0.0, 0.0, -1, 0.0, -1, 0.0, 0.0, 0.5, 0.0, -1, -1, -1, -1, 0.0, 0.0, 0.0, 0.3333333333333333, 0.0, 0.2777777777777778, 0.2777777777777778, 0.2, 0.1, 0.125, 0.3125, 0.32, 0.25, 0.20512820512820512, 0.0), (0.17391304347826086, 0.2222222222222222, 0.14285714285714285, 0.25, 0.2, 0.5, 0.0, -1, 0.0, -1, 1.0, 0.0, -1, -1, -1, 0.03879310344827586, 0.05235602094240838, 0.2980392156862745, 0.025, -1, 0.47619047619047616, 0.18840579710144928, 0.17333333333333334, 0.3333333333333333, -1, -1, 0.0, 0.0, -1, 0.0, 0.0, 0.4, 0.0, 0.0, -1, -1, 0.0, -1, 0.0, -1, -1, 0.17391304347826086, 0.25, 0.35, 0.041666666666666664, 0.3125, 0.15384615384615385, 0.17857142857142858, 0.25, 0.3103448275862069, -1), (0.26666666666666666, 0.13333333333333333, 0.391304347826087, 0.15, 0.0, 0.75, 0.0, -1, -1, 0.0, 0.3333333333333333, 0.0, -1, 0.0, 1.0, 0.04035874439461883, 0.05325443786982249, 0.3282442748091603, 0.06451612903225806, -1, 0.44, 0.10126582278481013, 0.09859154929577464, 0.25, 0.0, -1, 0.0, 0.0, 0.0, 0.0, 0.0, 0.0, -1, 0.0, 0.0, -1, 0.3333333333333333, -1, 0.0, -1, -1, 0.2857142857142857, 0.3333333333333333, 0.16666666666666666, 0.06666666666666667, 0.2222222222222222, 0.2631578947368421, 0.25, 0.19148936170212766, 0.2222222222222222, -1), (0.1111111111111111, 0.22727272727272727, 0.26666666666666666, 0.3076923076923077, 0.3333333333333333, 0.0, -1, 0.0, 0.0, 0.0, 0.0, 0.0, -1, 0.0, 0.0, 0.06280193236714976, 0.03867403314917127, 0.3161290322580645, 0.08571428571428572, 0.0, 0.4473684210526316, 0.11764705882352941, 0.1044776119402985, 0.3333333333333333, 0.0, 0.0, 0.0, 0.0, 0.0, 0.0, 0.5, 0.0, 0.0, 0.0, -1, 0.0, 0.0, 0.0, 0.0, 0.0, -1, 0.17647058823529413, 0.07692307692307693, 0.2777777777777778, 0.0, 0.23529411764705882, 0.2857142857142857, 0.2777777777777778, 0.17142857142857143, 0.13636363636363635, -1), (0.16666666666666666, 0.1, 0.2857142857142857, 0.3125, 0.0, 0.1111111111111111, 0.0, 0.0, -1, -1, 1.0, -1, 0.0, 0.0, 0.0, 0.027777777777777776, 0.04371584699453552, 0.3233082706766917, 0.19444444444444445, -1, 0.5070422535211268, 0.15942028985507245, 0.15625, 0.0, 0.0, -1, -1, 0.0, 0.0, 0.0, 0.4, 0.16666666666666666, -1, -1, 0.0, 0.0, 0.0, -1, 0.0, 0.5, -1, 0.1, 0.15384615384615385, 0.24, 0.13043478260869565, 0.1724137931034483, 0.2777777777777778, 0.15625, 0.2682926829268293, 0.30303030303030304, -1), (0.2916666666666667, 0.11764705882352941, 0.39285714285714285, 0.17857142857142858, 0.2222222222222222, 0.0, 0.0, -1, 0.0, -1, 0.2, -1, -1, -1, 0.0, 0.04954954954954955, 0.057803468208092484, 0.36, 0.02857142857142857, -1, 0.36486486486486486, 0.16176470588235295, 0.1111111111111111, 0.0, -1, 0.0, 0.0, -1, 0.0, 0.0, 0.0, 0.5, -1, -1, -1, -1, 0.0, 0.0, 0.0, 0.0, -1, 0.14285714285714285, 0.05, 0.23529411764705882, 0.06666666666666667, 0.0, 0.0625, 0.15384615384615385, 0.19444444444444445, 0.15625, -1), (0.36363636363636365, 0.11764705882352941, 0.29411764705882354, 0.21052631578947367, 0.16666666666666666, 0.0, 0.0, -1, 0.0, 0.0, 0.0, -1, 0.0, -1, -1, 0.044642857142857144, 0.03783783783783784, 0.3346456692913386, 0.1, 0.0, 0.45714285714285713, 0.12307692307692308, 0.07142857142857142, 0.0, 0.5, -1, 0.0, 0.0, 0.0, 0.0, 0.3333333333333333, 0.0, -1, 0.0, 1.0, -1, 0.0, 0.0, -1, 0.0, 0.0, 0.05263157894736842, 0.1875, 0.19047619047619047, 0.05263157894736842, 0.35294117647058826, 0.2, 0.2631578947368421, 0.20408163265306123, 0.14814814814814814, 0.0), (0.4117647058823529, 0.23809523809523808, 0.07142857142857142, 0.05, 0.18181818181818182, 0.2, 0.0, -1, -1, 0.0, 0.5, -1, 0.0, 0.0, 0.0, 0.05025125628140704, 0.028901734104046242, 0.32452830188679244, 0.022727272727272728, -1, 0.4838709677419355, 0.13432835820895522, 0.16, 0.2, -1, 0.0, 0.0, 0.0, 0.0, 0.0, 0.5, 0.0, -1, -1, -1, -1, 0.0, 0.0, -1, 0.0, 0.0, 0.3157894736842105, 0.26666666666666666, 0.29411764705882354, 0.09090909090909091, 0.08333333333333333, 0.14285714285714285, 0.1794871794871795, 0.1388888888888889, 0.1836734693877551, -1), (0.3333333333333333, 0.25, 0.13333333333333333, 0.15, 0.2, 0.2, 0.0, -1, 0.0, 0.3333333333333333, -1, 0.0, -1, 0.0, 0.0, 0.028169014084507043, 0.03684210526315789, 0.36220472440944884, 0.07317073170731707, -1, 0.42857142857142855, 0.10256410256410256, 0.10344827586206896, 0.0, 0.5, 0.0, 0.0, 0.5, 0.0, 0.0, 0.0, 0.0, 0.0, 0.0, -1, 0.0, 0.14285714285714285, -1, 0.0, 1.0, -1, 0.1875, 0.16, 0.08333333333333333, 0.15, 0.11538461538461539, 0.36363636363636365, 0.25, 0.13157894736842105, 0.3870967741935484, -1), (0.09090909090909091, 0.17647058823529413, 0.29411764705882354, 0.3333333333333333, 0.5, 0.25, 0.0, -1, 0.0, 0.0, -1, -1, -1, 0.0, 0.0, 0.049107142857142856, 0.05913978494623656, 0.3020833333333333, 0.14285714285714285, -1, 0.5352112676056338, 0.11842105263157894, 0.10606060606060606, 0.0, 0.0, 0.0, 0.0, 0.0, 0.0, -1, 0.5, 0.0, -1, 0.0, -1, -1, 0.0, -1, 0.0, -1, -1, 0.3076923076923077, 0.36363636363636365, 0.14285714285714285, 0.03225806451612903, 0.2857142857142857, 0.3, 0.14285714285714285, 0.3076923076923077, 0.17142857142857143, -1), (0.3333333333333333, 0.35714285714285715, 0.3333333333333333, 0.14285714285714285, 0.0, 0.0, 0.0, -1, 0.0, 0.0, 0.0, -1, -1, 0.0, 0.0, 0.029556650246305417, 0.05389221556886228, 0.3108974358974359, 0.11428571428571428, -1, 0.44776119402985076, 0.16417910447761194, 0.1323529411764706, 0.0, 1.0, 0.0, 0.0, 0.0, 0.0, -1, 1.0, 0.0, 0.0, 0.0, 1.0, -1, 0.2, 0.0, 0.0, 0.5, -1, 0.05555555555555555, 0.35294117647058826, 0.09090909090909091, 0.0, 0.24, 0.11764705882352941, 0.21052631578947367, 0.11764705882352941, 0.058823529411764705, -1), (0.25, 0.21052631578947367, 0.1111111111111111, 0.2, 0.125, 0.5, 0.0, 0.0, -1, 0.0, 0.0, 0.0, -1, -1, -1, 0.029556650246305417, 0.07368421052631578, 0.3024054982817869, 0.0625, 0.0, 0.4533333333333333, 0.13114754098360656, 0.09523809523809523, 0.0, -1, -1, 0.0, -1, 0.0, -1, 0.0, 0.0, 0.0, -1, -1, -1, 0.0, 0.0, 0.0, 0.0, -1, 0.2777777777777778, 0.1875, 0.22727272727272727, 0.1, 0.2727272727272727, 0.07692307692307693, 0.2571428571428571, 0.23684210526315788, 0.2682926829268293, 0.0), (0.2857142857142857, 0.2631578947368421, 0.15, 0.09090909090909091, 0.16666666666666666, 1.0, 0.0, 0.0, -1, 0.0, 0.0, 0.0, -1, 0.0, 0.0, 0.05238095238095238, 0.06842105263157895, 0.2956810631229236, 0.07894736842105263, -1, 0.46551724137931033, 0.09722222222222222, 0.1346153846153846, 0.0, 0.0, -1, -1, -1, 0.0, 0.0, 0.25, 0.0, 0.0, 0.0, -1, 0.0, 0.0, -1, 0.0, 0.0, -1, 0.15789473684210525, 0.1875, 0.14285714285714285, 0.13043478260869565, 0.2, 0.26666666666666666, 0.11764705882352941, 0.23529411764705882, 0.20689655172413793, -1), (0.25, 0.16, 0.29411764705882354, 0.25, 0.16666666666666666, 0.25, 0.0, 0.0, 0.0, 0.0, 0.5, 0.0, -1, -1, -1, 0.03255813953488372, 0.053763440860215055, 0.27756653992395436, 0.10810810810810811, -1, 0.43243243243243246, 0.09523809523809523, 0.06896551724137931, 0.3333333333333333, -1, 0.0, 0.0, -1, -1, 0.0, -1, 0.0, 0.0, -1, -1, -1, 0.3333333333333333, -1, 0.0, 0.0, 0.0, 0.3181818181818182, 0.2222222222222222, 0.06666666666666667, 0.14285714285714285, 0.25, 0.06666666666666667, 0.1875, 0.3448275862068966, 0.2631578947368421, 0.0)]
 - Error break down:
Traceback (most recent call last):
  File "translate.py", line 564, in <module>
    tf.app.run()
  File "/software/software/tensorflow/0.10.0-foss-2016a-Python-2.7.11/lib/python2.7/site-packages/tensorflow/python/platform/app.py", line 30, in run
    sys.exit(main(sys.argv))
  File "translate.py", line 558, in main
    evaluate()
  File "translate.py", line 524, in evaluate
    print("   + Tag: {0} has error rate: {1} ({2} out of {3})".format(sym_dic[tag],val,e_val,t_val))
TypeError: 'enumerate' object has no attribute '__getitem__'
