Reading model parameters from ../models/chkpnt_016/translate.ckpt-31600
Tokenizing data in ../models/tmp_016/50k_numtimegpoevetamdacdlcu-text_0.1_0.1_all-ws-test-gb.sym
Tokenizing data in ../models/tmp_016/50k_numtimegpoevetamdacdlcu-text_0.1_0.1_all-ws-test-gb.word
Started evaluating model on test data.
Started thread 0 with 1250 records.
Started thread 1 with 1250 records.
Started thread 2 with 1250 records.
Started thread 3 with 1250 records.
Started thread 4 with 1250 records.
Started thread 5 with 1250 records.
Started thread 6 with 1250 records.
Started thread 7 with 1250 records.
Started thread 8 with 1250 records.
Started thread 9 with 1250 records.
Started thread 10 with 1250 records.
Started thread 11 with 1250 records.
Started thread 12 with 1250 records.
Started thread 13 with 1250 records.
Started thread 14 with 1250 records.
Started thread 15 with 1250 records.
Started thread 16 with 1250 records.
Started thread 17 with 1250 records.
Started thread 18 with 1250 records.
Started thread 19 with 1250 records.
Started thread 20 with 1250 records.
Started thread 21 with 1250 records.
Started thread 22 with 1250 records.
Started thread 23 with 1250 records.
Started thread 24 with 1250 records.
Started thread 25 with 1250 records.
Started thread 26 with 1250 records.
Started thread 27 with 1250 records.
Started thread 28 with 1250 records.
Started thread 29 with 1250 records.
Started thread 30 with 1250 records.
Started thread 31 with 1250 records.
Started thread 32 with 1250 records.
Started thread 33 with 1250 records.
Started thread 34 with 1250 records.
Started thread 35 with 1250 records.
Started thread 36 with 1250 records.
Started thread 37 with 1250 records.
Started thread 38 with 1250 records.
Started thread 39 with 1250 records.
Evaluator 12 processed 1000 recs.
Evaluator 22 processed 1000 recs.
Evaluator 33 processed 1000 recs.
Evaluator 25 processed 1000 recs.
Evaluator 39 processed 1000 recs.
Evaluator 34 processed 1000 recs.
Evaluator 15 processed 1000 recs.
Evaluator 4 processed 1000 recs.
Evaluator 26 processed 1000 recs.
Evaluator 35 processed 1000 recs.
Evaluator 8 processed 1000 recs.
Evaluator 28 processed 1000 recs.
Evaluator 37 processed 1000 recs.
Evaluator 10 processed 1000 recs.
Evaluator 20 processed 1000 recs.
Evaluator 23 processed 1000 recs.
Evaluator 27 processed 1000 recs.
Evaluator 13 processed 1000 recs.
Evaluator 6 processed 1000 recs.
Evaluator 0 processed 1000 recs.
Evaluator 5 processed 1000 recs.
Evaluator 36 processed 1000 recs.
Evaluator 17 processed 1000 recs.
Evaluator 3 processed 1000 recs.
Evaluator 14 processed 1000 recs.
Evaluator 24 processed 1000 recs.
Evaluator 2 processed 1000 recs.
Evaluator 30 processed 1000 recs.
Evaluator 21 processed 1000 recs.
Evaluator 7 processed 1000 recs.
Evaluator 11 processed 1000 recs.
Evaluator 29 processed 1000 recs.
Evaluator 1 processed 1000 recs.
Evaluator 38 processed 1000 recs.
Evaluator 9 processed 1000 recs.
Evaluator 19 processed 1000 recs.
Evaluator 31 processed 1000 recs.
Evaluator 18 processed 1000 recs.
Evaluator 16 processed 1000 recs.
Evaluator 32 processed 1000 recs.
Evaluator: 12 finished. Result: 1085.0 correct out of 1250
Evaluator: 22 finished. Result: 1109.0 correct out of 1250
Evaluator: 33 finished. Result: 1094.0 correct out of 1250
Evaluator: 25 finished. Result: 1082.0 correct out of 1250
Evaluator: 39 finished. Result: 1100.0 correct out of 1250
Evaluator: 34 finished. Result: 1093.0 correct out of 1250
Evaluator: 4 finished. Result: 1082.0 correct out of 1250
Evaluator: 26 finished. Result: 1093.0 correct out of 1250
Evaluator: 15 finished. Result: 1081.0 correct out of 1250
Evaluator: 8 finished. Result: 1086.0 correct out of 1250
Evaluator: 35 finished. Result: 1094.0 correct out of 1250
Evaluator: 37 finished. Result: 1079.0 correct out of 1250
Evaluator: 28 finished. Result: 1090.0 correct out of 1250
Evaluator: 10 finished. Result: 1094.0 correct out of 1250
Evaluator: 20 finished. Result: 1064.0 correct out of 1250
Evaluator: 23 finished. Result: 1073.0 correct out of 1250
Evaluator: 0 finished. Result: 1091.0 correct out of 1250
Evaluator: 13 finished. Result: 1097.0 correct out of 1250
Evaluator: 36 finished. Result: 1090.0 correct out of 1250
Evaluator: 27 finished. Result: 1086.0 correct out of 1250
Evaluator: 6 finished. Result: 1088.0 correct out of 1250
Evaluator: 5 finished. Result: 1087.0 correct out of 1250
Evaluator: 17 finished. Result: 1084.0 correct out of 1250
Evaluator: 3 finished. Result: 1099.0 correct out of 1250
Evaluator: 2 finished. Result: 1088.0 correct out of 1250
Evaluator: 14 finished. Result: 1088.0 correct out of 1250
Evaluator: 24 finished. Result: 1086.0 correct out of 1250
Evaluator: 21 finished. Result: 1078.0 correct out of 1250
Evaluator: 30 finished. Result: 1063.0 correct out of 1250
Evaluator: 9 finished. Result: 1093.0 correct out of 1250
Evaluator: 7 finished. Result: 1082.0 correct out of 1250
Evaluator: 11 finished. Result: 1093.0 correct out of 1250
Evaluator: 1 finished. Result: 1088.0 correct out of 1250
Evaluator: 31 finished. Result: 1081.0 correct out of 1250
Evaluator: 18 finished. Result: 1061.0 correct out of 1250
Evaluator: 19 finished. Result: 1069.0 correct out of 1250
Evaluator: 29 finished. Result: 1095.0 correct out of 1250
Evaluator: 38 finished. Result: 1061.0 correct out of 1250
Evaluator: 16 finished. Result: 1100.0 correct out of 1250
Evaluator: 32 finished. Result: 1070.0 correct out of 1250
RESULT REPORT:\N - Result matrix: 
[[ 1091.  1250.]
 [ 1088.  1250.]
 [ 1088.  1250.]
 [ 1099.  1250.]
 [ 1082.  1250.]
 [ 1087.  1250.]
 [ 1088.  1250.]
 [ 1082.  1250.]
 [ 1086.  1250.]
 [ 1093.  1250.]
 [ 1094.  1250.]
 [ 1093.  1250.]
 [ 1085.  1250.]
 [ 1097.  1250.]
 [ 1088.  1250.]
 [ 1081.  1250.]
 [ 1100.  1250.]
 [ 1084.  1250.]
 [ 1061.  1250.]
 [ 1069.  1250.]
 [ 1064.  1250.]
 [ 1078.  1250.]
 [ 1109.  1250.]
 [ 1073.  1250.]
 [ 1086.  1250.]
 [ 1082.  1250.]
 [ 1093.  1250.]
 [ 1086.  1250.]
 [ 1090.  1250.]
 [ 1095.  1250.]
 [ 1063.  1250.]
 [ 1081.  1250.]
 [ 1070.  1250.]
 [ 1094.  1250.]
 [ 1093.  1250.]
 [ 1094.  1250.]
 [ 1090.  1250.]
 [ 1079.  1250.]
 [ 1061.  1250.]
 [ 1100.  1250.]]
 - Sum: [ 43417.  50000.]
 - Correct: 43417.0 out of 50000.0
 - Accuracy: 0.86834
ThdID: 0, ErrCnt: Counter({'23': 92, '25': 21, '31': 14, '30': 11, '51': 3, '60': 3, '58': 2, '54': 2, '59': 2, '56': 1, '77': 1, '45': 1, '53': 1, '49': 1, '66': 1, '65': 1, '44': 1, '85': 1})
ThdID: 0, TotCnt: Counter({'23': 254, '25': 198, '30': 180, '31': 148, '44': 65, '46': 64, '49': 48, '45': 44, '51': 35, '56': 24, '54': 22, '53': 17, '64': 15, '60': 12, '61': 12, '63': 12, '66': 12, '67': 12, '65': 12, '59': 10, '58': 9, '62': 8, '72': 6, '68': 4, '74': 4, '80': 3, '76': 3, '87': 2, '85': 2, '77': 2, '70': 2, '84': 1, '101': 1, '96': 1, '91': 1, '90': 1, '100': 1, '92': 1, '79': 1, '105': 1})
ThdID: 0, sumErrCnt: Counter({'23': 92, '25': 21, '31': 14, '30': 11, '51': 3, '60': 3, '58': 2, '54': 2, '59': 2, '56': 1, '77': 1, '45': 1, '53': 1, '49': 1, '66': 1, '65': 1, '44': 1, '85': 1})
ThdID: 0, sumTotCnt: Counter({'23': 254, '25': 198, '30': 180, '31': 148, '44': 65, '46': 64, '49': 48, '45': 44, '51': 35, '56': 24, '54': 22, '53': 17, '64': 15, '60': 12, '61': 12, '63': 12, '66': 12, '67': 12, '65': 12, '59': 10, '58': 9, '62': 8, '72': 6, '68': 4, '74': 4, '80': 3, '76': 3, '87': 2, '85': 2, '77': 2, '70': 2, '84': 1, '101': 1, '96': 1, '91': 1, '90': 1, '100': 1, '92': 1, '79': 1, '105': 1})
ThdID: 1, ErrCnt: Counter({'23': 92, '31': 14, '25': 8, '58': 6, '30': 6, '63': 5, '51': 4, '61': 4, '65': 4, '67': 3, '62': 3, '59': 2, '54': 2, '66': 2, '70': 2, '45': 1, '60': 1, '91': 1, '90': 1, '44': 1})
ThdID: 1, TotCnt: Counter({'23': 236, '25': 187, '30': 186, '31': 154, '44': 61, '45': 60, '51': 45, '46': 43, '49': 41, '53': 27, '54': 21, '56': 19, '58': 19, '63': 16, '64': 15, '61': 14, '67': 14, '62': 13, '59': 11, '65': 11, '60': 9, '66': 7, '70': 7, '68': 6, '72': 5, '101': 3, '80': 2, '77': 2, '76': 2, '97': 2, '98': 2, '83': 1, '92': 1, '79': 1, '96': 1, '74': 1, '91': 1, '90': 1, '100': 1, '105': 1, '89': 1})
ThdID: 1, sumErrCnt: Counter({'23': 184, '25': 29, '31': 28, '30': 17, '58': 8, '51': 7, '63': 5, '65': 5, '60': 4, '61': 4, '59': 4, '54': 4, '62': 3, '66': 3, '67': 3, '44': 2, '45': 2, '70': 2, '56': 1, '49': 1, '85': 1, '77': 1, '91': 1, '90': 1, '53': 1})
ThdID: 1, sumTotCnt: Counter({'23': 490, '25': 385, '30': 366, '31': 302, '44': 126, '46': 107, '45': 104, '49': 89, '51': 80, '53': 44, '56': 43, '54': 43, '64': 30, '63': 28, '58': 28, '61': 26, '67': 26, '65': 23, '60': 21, '62': 21, '59': 21, '66': 19, '72': 11, '68': 10, '70': 9, '80': 5, '76': 5, '74': 5, '77': 4, '101': 4, '87': 2, '85': 2, '92': 2, '97': 2, '105': 2, '91': 2, '90': 2, '100': 2, '79': 2, '96': 2, '98': 2, '83': 1, '84': 1, '89': 1})
ThdID: 2, ErrCnt: Counter({'23': 97, '25': 13, '31': 13, '30': 8, '63': 4, '51': 3, '53': 3, '65': 3, '59': 2, '62': 2, '64': 2, '66': 2, '67': 2, '58': 1, '46': 1, '54': 1, '45': 1, '60': 1, '61': 1, '102': 1, '44': 1})
ThdID: 2, TotCnt: Counter({'23': 279, '25': 209, '30': 153, '31': 139, '44': 63, '46': 51, '45': 47, '49': 39, '51': 33, '53': 28, '54': 26, '56': 24, '58': 17, '65': 16, '61': 14, '63': 13, '64': 13, '67': 12, '62': 11, '66': 10, '60': 9, '68': 7, '72': 6, '59': 6, '70': 4, '74': 3, '79': 3, '84': 2, '77': 2, '83': 1, '80': 1, '97': 1, '102': 1, '103': 1, '100': 1, '101': 1, '95': 1, '91': 1, '99': 1, '90': 1})
ThdID: 2, sumErrCnt: Counter({'23': 281, '25': 42, '31': 41, '30': 25, '51': 10, '63': 9, '58': 9, '65': 8, '59': 6, '60': 5, '61': 5, '62': 5, '66': 5, '67': 5, '54': 5, '53': 4, '44': 3, '45': 3, '64': 2, '70': 2, '56': 1, '85': 1, '49': 1, '46': 1, '77': 1, '91': 1, '90': 1, '102': 1})
ThdID: 2, sumTotCnt: Counter({'23': 769, '25': 594, '30': 519, '31': 441, '44': 189, '46': 158, '45': 151, '49': 128, '51': 113, '53': 72, '54': 69, '56': 67, '58': 45, '64': 43, '63': 41, '61': 40, '65': 39, '67': 38, '62': 32, '60': 30, '66': 29, '59': 27, '68': 17, '72': 17, '70': 13, '74': 8, '80': 6, '77': 6, '101': 5, '79': 5, '76': 5, '84': 3, '91': 3, '90': 3, '100': 3, '97': 3, '83': 2, '87': 2, '85': 2, '96': 2, '92': 2, '105': 2, '98': 2, '102': 1, '95': 1, '99': 1, '89': 1, '103': 1})
ThdID: 3, ErrCnt: Counter({'23': 82, '25': 16, '51': 12, '30': 9, '31': 8, '62': 4, '59': 3, '49': 3, '54': 2, '64': 2, '66': 2, '90': 2, '46': 1, '53': 1, '63': 1, '65': 1, '85': 1, '72': 1})
ThdID: 3, TotCnt: Counter({'23': 254, '25': 197, '30': 148, '31': 140, '44': 81, '46': 59, '45': 48, '51': 43, '49': 37, '53': 36, '54': 26, '56': 23, '65': 16, '63': 15, '62': 14, '59': 13, '61': 12, '58': 12, '60': 9, '64': 9, '66': 9, '70': 9, '67': 6, '68': 3, '83': 3, '77': 3, '74': 3, '85': 2, '101': 2, '76': 2, '72': 2, '90': 2, '92': 2, '95': 2, '80': 1, '81': 1, '93': 1, '100': 1, '79': 1, '96': 1, '98': 1, '88': 1})
ThdID: 3, sumErrCnt: Counter({'23': 363, '25': 58, '31': 49, '30': 34, '51': 22, '63': 10, '62': 9, '65': 9, '59': 9, '58': 9, '66': 7, '54': 7, '60': 5, '61': 5, '67': 5, '53': 5, '64': 4, '49': 4, '44': 3, '45': 3, '90': 3, '85': 2, '46': 2, '70': 2, '56': 1, '77': 1, '72': 1, '91': 1, '102': 1})
ThdID: 3, sumTotCnt: Counter({'23': 1023, '25': 791, '30': 667, '31': 581, '44': 270, '46': 217, '45': 199, '49': 165, '51': 156, '53': 108, '54': 95, '56': 90, '58': 57, '63': 56, '65': 55, '61': 52, '64': 52, '62': 46, '67': 44, '59': 40, '60': 39, '66': 38, '70': 22, '68': 20, '72': 19, '74': 11, '77': 9, '80': 7, '76': 7, '101': 7, '79': 6, '83': 5, '90': 5, '85': 4, '92': 4, '100': 4, '84': 3, '95': 3, '97': 3, '91': 3, '96': 3, '98': 3, '87': 2, '105': 2, '81': 1, '93': 1, '102': 1, '99': 1, '88': 1, '89': 1, '103': 1})
ThdID: 4, ErrCnt: Counter({'23': 101, '31': 22, '25': 14, '51': 5, '58': 4, '30': 3, '62': 3, '67': 2, '61': 2, '63': 2, '59': 1, '46': 1, '54': 1, '60': 1, '64': 1, '65': 1, '66': 1, '70': 1, '49': 1, '44': 1})
ThdID: 4, TotCnt: Counter({'23': 269, '25': 185, '31': 152, '30': 151, '44': 76, '45': 63, '46': 52, '49': 36, '51': 34, '56': 23, '54': 21, '60': 17, '67': 16, '53': 16, '62': 14, '63': 14, '58': 14, '66': 11, '59': 11, '61': 10, '65': 7, '64': 6, '68': 6, '72': 6, '80': 5, '81': 3, '84': 3, '70': 3, '90': 3, '93': 3, '89': 3, '77': 2, '95': 2, '79': 2, '88': 2, '83': 1, '118': 1, '85': 1, '104': 1, '76': 1, '74': 1, '102': 1, '101': 1, '99': 1})
ThdID: 4, sumErrCnt: Counter({'23': 464, '25': 72, '31': 71, '30': 37, '51': 27, '58': 13, '62': 12, '63': 12, '65': 10, '59': 10, '66': 8, '54': 8, '61': 7, '67': 7, '60': 6, '64': 5, '49': 5, '53': 5, '44': 4, '46': 3, '45': 3, '70': 3, '90': 3, '85': 2, '56': 1, '77': 1, '72': 1, '91': 1, '102': 1})
ThdID: 4, sumTotCnt: Counter({'23': 1292, '25': 976, '30': 818, '31': 733, '44': 346, '46': 269, '45': 262, '49': 201, '51': 190, '53': 124, '54': 116, '56': 113, '58': 71, '63': 70, '61': 62, '65': 62, '62': 60, '67': 60, '64': 58, '60': 56, '59': 51, '66': 49, '68': 26, '72': 25, '70': 25, '80': 12, '74': 12, '77': 11, '101': 8, '79': 8, '76': 8, '90': 8, '83': 6, '84': 6, '85': 5, '95': 5, '81': 4, '100': 4, '93': 4, '92': 4, '89': 4, '96': 3, '91': 3, '97': 3, '98': 3, '88': 3, '87': 2, '102': 2, '105': 2, '99': 2, '118': 1, '104': 1, '103': 1})
ThdID: 5, ErrCnt: Counter({'23': 87, '25': 15, '31': 14, '51': 10, '30': 6, '65': 6, '60': 4, '67': 4, '59': 3, '62': 3, '58': 2, '53': 2, '64': 2, '45': 1, '63': 1, '66': 1, '44': 1, '72': 1})
ThdID: 5, TotCnt: Counter({'23': 230, '25': 202, '30': 171, '31': 156, '45': 61, '44': 53, '46': 52, '51': 46, '49': 42, '53': 26, '56': 20, '59': 19, '60': 18, '58': 15, '54': 15, '65': 15, '66': 14, '62': 12, '63': 12, '67': 11, '64': 9, '61': 8, '72': 8, '68': 7, '70': 7, '81': 3, '74': 3, '87': 2, '85': 2, '77': 2, '76': 2, '98': 2, '80': 1, '84': 1, '90': 1, '92': 1, '104': 1})
ThdID: 5, sumErrCnt: Counter({'23': 551, '25': 87, '31': 85, '30': 43, '51': 37, '65': 16, '62': 15, '58': 15, '63': 13, '59': 13, '67': 11, '60': 10, '66': 9, '54': 8, '61': 7, '64': 7, '53': 7, '49': 5, '44': 5, '45': 4, '46': 3, '70': 3, '90': 3, '85': 2, '72': 2, '56': 1, '77': 1, '91': 1, '102': 1})
ThdID: 5, sumTotCnt: Counter({'23': 1522, '25': 1178, '30': 989, '31': 889, '44': 399, '45': 323, '46': 321, '49': 243, '51': 236, '53': 150, '56': 133, '54': 131, '58': 86, '63': 82, '65': 77, '60': 74, '62': 72, '67': 71, '61': 70, '59': 70, '64': 67, '66': 63, '68': 33, '72': 33, '70': 32, '74': 15, '80': 13, '77': 13, '76': 10, '90': 9, '101': 8, '79': 8, '81': 7, '84': 7, '85': 7, '83': 6, '92': 5, '95': 5, '98': 5, '93': 4, '87': 4, '100': 4, '89': 4, '97': 3, '96': 3, '91': 3, '88': 3, '104': 2, '105': 2, '102': 2, '99': 2, '118': 1, '103': 1})
ThdID: 6, ErrCnt: Counter({'23': 84, '25': 19, '30': 14, '51': 7, '31': 5, '65': 5, '58': 4, '61': 4, '62': 3, '67': 3, '44': 3, '54': 2, '45': 1, '59': 1, '46': 1, '53': 1, '60': 1, '64': 1, '70': 1, '91': 1, '90': 1})
ThdID: 6, TotCnt: Counter({'23': 243, '25': 189, '30': 179, '31': 130, '44': 77, '46': 71, '45': 54, '51': 39, '49': 31, '54': 25, '56': 22, '53': 19, '65': 16, '67': 15, '58': 14, '66': 13, '60': 12, '61': 12, '63': 12, '62': 10, '64': 10, '72': 10, '59': 8, '76': 4, '68': 3, '70': 3, '79': 3, '83': 2, '80': 2, '81': 2, '87': 2, '77': 2, '74': 2, '91': 2, '99': 2, '89': 2, '84': 1, '104': 1, '97': 1, '102': 1, '90': 1, '92': 1, '95': 1, '114': 1})
ThdID: 6, sumErrCnt: Counter({'23': 635, '25': 106, '31': 90, '30': 57, '51': 44, '65': 21, '58': 19, '62': 18, '67': 14, '59': 14, '63': 13, '60': 11, '61': 11, '54': 10, '66': 9, '64': 8, '44': 8, '53': 8, '49': 5, '45': 5, '46': 4, '70': 4, '90': 4, '85': 2, '72': 2, '91': 2, '56': 1, '77': 1, '102': 1})
ThdID: 6, sumTotCnt: Counter({'23': 1765, '25': 1367, '30': 1168, '31': 1019, '44': 476, '46': 392, '45': 377, '51': 275, '49': 274, '53': 169, '54': 156, '56': 155, '58': 100, '63': 94, '65': 93, '60': 86, '67': 86, '61': 82, '62': 82, '59': 78, '64': 77, '66': 76, '72': 43, '68': 36, '70': 35, '74': 17, '80': 15, '77': 15, '76': 14, '79': 11, '90': 10, '81': 9, '83': 8, '84': 8, '101': 8, '85': 7, '87': 6, '92': 6, '95': 6, '89': 6, '91': 5, '98': 5, '97': 4, '100': 4, '93': 4, '99': 4, '96': 3, '102': 3, '104': 3, '88': 3, '105': 2, '118': 1, '114': 1, '103': 1})
ThdID: 7, ErrCnt: Counter({'23': 90, '31': 15, '25': 14, '30': 8, '51': 6, '60': 4, '63': 4, '66': 3, '45': 3, '59': 3, '58': 3, '49': 2, '67': 2, '44': 2, '70': 2, '62': 1, '64': 1, '80': 1, '85': 1, '46': 1, '54': 1, '53': 1})
ThdID: 7, TotCnt: Counter({'23': 262, '25': 189, '30': 150, '31': 125, '44': 61, '45': 57, '46': 47, '51': 45, '49': 42, '54': 35, '56': 33, '53': 31, '58': 21, '67': 16, '59': 15, '63': 14, '60': 13, '66': 11, '64': 10, '72': 9, '62': 8, '61': 7, '65': 7, '74': 5, '79': 5, '70': 4, '68': 3, '105': 3, '83': 2, '80': 2, '81': 2, '84': 2, '96': 2, '76': 2, '87': 1, '85': 1, '97': 1, '100': 1, '77': 1, '102': 1, '90': 1, '93': 1, '101': 1, '95': 1})
ThdID: 7, sumErrCnt: Counter({'23': 725, '25': 120, '31': 105, '30': 65, '51': 50, '58': 22, '65': 21, '62': 19, '63': 17, '59': 17, '67': 16, '60': 15, '66': 12, '61': 11, '54': 11, '44': 10, '64': 9, '53': 9, '45': 8, '49': 7, '70': 6, '46': 5, '90': 4, '85': 3, '72': 2, '91': 2, '56': 1, '80': 1, '77': 1, '102': 1})
ThdID: 7, sumTotCnt: Counter({'23': 2027, '25': 1556, '30': 1318, '31': 1144, '44': 537, '46': 439, '45': 434, '51': 320, '49': 316, '53': 200, '54': 191, '56': 188, '58': 121, '63': 108, '67': 102, '65': 100, '60': 99, '59': 93, '62': 90, '61': 89, '64': 87, '66': 87, '72': 52, '68': 39, '70': 39, '74': 22, '80': 17, '77': 16, '76': 16, '79': 16, '81': 11, '90': 11, '83': 10, '84': 10, '101': 9, '85': 8, '87': 7, '95': 7, '92': 6, '89': 6, '93': 5, '97': 5, '105': 5, '100': 5, '96': 5, '91': 5, '98': 5, '102': 4, '99': 4, '104': 3, '88': 3, '118': 1, '114': 1, '103': 1})
ThdID: 8, ErrCnt: Counter({'23': 93, '25': 17, '31': 12, '30': 9, '67': 6, '54': 4, '51': 4, '66': 4, '60': 3, '58': 2, '46': 2, '61': 2, '56': 1, '53': 1, '62': 1, '63': 1, '64': 1, '91': 1})
ThdID: 8, TotCnt: Counter({'23': 252, '25': 199, '31': 173, '30': 142, '44': 68, '46': 59, '45': 45, '49': 39, '51': 34, '53': 27, '56': 23, '66': 21, '67': 19, '54': 17, '60': 14, '65': 14, '58': 13, '63': 12, '62': 9, '59': 9, '64': 8, '61': 6, '70': 5, '68': 4, '81': 4, '72': 4, '92': 4, '89': 4, '74': 3, '80': 2, '100': 2, '84': 2, '91': 2, '93': 2, '79': 2, '83': 1, '85': 1, '77': 1, '98': 1, '90': 1, '95': 1, '105': 1})
ThdID: 8, sumErrCnt: Counter({'23': 818, '25': 137, '31': 117, '30': 74, '51': 54, '58': 24, '67': 22, '65': 21, '62': 20, '60': 18, '63': 18, '59': 17, '66': 16, '54': 15, '61': 13, '64': 10, '44': 10, '53': 10, '45': 8, '49': 7, '46': 7, '70': 6, '90': 4, '85': 3, '91': 3, '56': 2, '72': 2, '80': 1, '77': 1, '102': 1})
ThdID: 8, sumTotCnt: Counter({'23': 2279, '25': 1755, '30': 1460, '31': 1317, '44': 605, '46': 498, '45': 479, '49': 355, '51': 354, '53': 227, '56': 211, '54': 208, '58': 134, '67': 121, '63': 120, '65': 114, '60': 113, '66': 108, '59': 102, '62': 99, '61': 95, '64': 95, '72': 56, '70': 44, '68': 43, '74': 25, '80': 19, '79': 18, '77': 17, '76': 16, '81': 15, '84': 12, '90': 12, '83': 11, '92': 10, '89': 10, '85': 9, '101': 9, '95': 8, '87': 7, '100': 7, '93': 7, '91': 7, '105': 6, '98': 6, '96': 5, '97': 5, '102': 4, '99': 4, '104': 3, '88': 3, '118': 1, '114': 1, '103': 1})
ThdID: 9, ErrCnt: Counter({'23': 92, '31': 12, '25': 11, '30': 6, '58': 5, '51': 4, '62': 4, '64': 3, '67': 3, '59': 2, '45': 2, '53': 2, '61': 2, '90': 2, '80': 2, '54': 1, '63': 1, '65': 1, '66': 1, '44': 1})
ThdID: 9, TotCnt: Counter({'23': 245, '25': 207, '30': 150, '31': 149, '44': 67, '46': 55, '45': 55, '49': 38, '54': 35, '51': 26, '56': 24, '53': 20, '58': 17, '59': 15, '60': 13, '64': 13, '61': 11, '67': 11, '68': 11, '63': 10, '62': 9, '66': 9, '74': 8, '65': 8, '72': 6, '80': 5, '76': 5, '70': 5, '83': 3, '100': 3, '77': 2, '91': 2, '90': 2, '88': 2, '81': 1, '84': 1, '92': 1, '105': 1, '101': 1, '95': 1, '97': 1, '96': 1, '98': 1})
ThdID: 9, sumErrCnt: Counter({'23': 910, '25': 148, '31': 129, '30': 80, '51': 58, '58': 29, '67': 25, '62': 24, '65': 22, '63': 19, '59': 19, '60': 18, '66': 17, '54': 16, '61': 15, '64': 13, '53': 12, '44': 11, '45': 10, '49': 7, '46': 7, '70': 6, '90': 6, '80': 3, '85': 3, '91': 3, '56': 2, '72': 2, '77': 1, '102': 1})
ThdID: 9, sumTotCnt: Counter({'23': 2524, '25': 1962, '30': 1610, '31': 1466, '44': 672, '46': 553, '45': 534, '49': 393, '51': 380, '53': 247, '54': 243, '56': 235, '58': 151, '67': 132, '63': 130, '60': 126, '65': 122, '66': 117, '59': 117, '62': 108, '64': 108, '61': 106, '72': 62, '68': 54, '70': 49, '74': 33, '80': 24, '76': 21, '77': 19, '79': 18, '81': 16, '83': 14, '90': 14, '84': 13, '92': 11, '100': 10, '101': 10, '89': 10, '85': 9, '95': 9, '91': 9, '93': 7, '87': 7, '105': 7, '98': 7, '97': 6, '96': 6, '88': 5, '102': 4, '99': 4, '104': 3, '118': 1, '114': 1, '103': 1})
ThdID: 10, ErrCnt: Counter({'23': 87, '25': 16, '30': 10, '31': 9, '64': 6, '51': 4, '53': 4, '59': 3, '63': 3, '65': 3, '66': 2, '49': 2, '58': 1, '54': 1, '44': 1, '67': 1, '70': 1, '102': 1, '80': 1})
ThdID: 10, TotCnt: Counter({'23': 238, '25': 201, '30': 166, '31': 147, '44': 73, '46': 53, '49': 47, '45': 47, '51': 36, '56': 26, '53': 19, '54': 18, '62': 16, '66': 16, '63': 14, '64': 14, '60': 13, '59': 12, '58': 12, '65': 11, '67': 9, '70': 9, '72': 8, '61': 7, '68': 7, '83': 4, '80': 3, '81': 3, '76': 3, '87': 2, '74': 2, '92': 2, '95': 2, '99': 2, '85': 1, '101': 1, '97': 1, '77': 1, '102': 1, '93': 1, '79': 1, '91': 1})
ThdID: 10, sumErrCnt: Counter({'23': 997, '25': 164, '31': 138, '30': 90, '51': 62, '58': 30, '67': 26, '65': 25, '62': 24, '63': 22, '59': 22, '64': 19, '66': 19, '60': 18, '54': 17, '53': 16, '61': 15, '44': 12, '45': 10, '49': 9, '46': 7, '70': 7, '90': 6, '80': 4, '85': 3, '91': 3, '56': 2, '72': 2, '102': 2, '77': 1})
ThdID: 10, sumTotCnt: Counter({'23': 2762, '25': 2163, '30': 1776, '31': 1613, '44': 745, '46': 606, '45': 581, '49': 440, '51': 416, '53': 266, '56': 261, '54': 261, '58': 163, '63': 144, '67': 141, '60': 139, '65': 133, '66': 133, '59': 129, '62': 124, '64': 122, '61': 113, '72': 70, '68': 61, '70': 58, '74': 35, '80': 27, '76': 24, '77': 20, '81': 19, '79': 19, '83': 18, '90': 14, '84': 13, '92': 13, '101': 11, '95': 11, '85': 10, '100': 10, '91': 10, '89': 10, '87': 9, '93': 8, '97': 7, '105': 7, '98': 7, '96': 6, '99': 6, '102': 5, '88': 5, '104': 3, '118': 1, '114': 1, '103': 1})
ThdID: 11, ErrCnt: Counter({'23': 81, '25': 14, '31': 14, '30': 14, '51': 8, '60': 4, '65': 4, '53': 3, '61': 3, '54': 2, '45': 1, '59': 1, '66': 1, '46': 1, '63': 1, '70': 1, '67': 1, '49': 1, '102': 1, '56': 1})
ThdID: 11, TotCnt: Counter({'23': 230, '30': 177, '25': 173, '31': 171, '44': 92, '45': 62, '51': 46, '46': 45, '49': 33, '60': 21, '56': 19, '67': 18, '65': 17, '54': 17, '58': 16, '66': 14, '53': 14, '59': 13, '61': 11, '63': 8, '64': 8, '68': 8, '62': 4, '76': 4, '72': 4, '70': 3, '80': 2, '81': 2, '84': 2, '77': 2, '91': 2, '90': 2, '95': 2, '79': 2, '83': 1, '102': 1, '87': 1, '97': 1, '92': 1, '89': 1})
ThdID: 11, sumErrCnt: Counter({'23': 1078, '25': 178, '31': 152, '30': 104, '51': 70, '58': 30, '65': 29, '67': 27, '62': 24, '63': 23, '59': 23, '60': 22, '66': 20, '64': 19, '54': 19, '53': 19, '61': 18, '44': 12, '45': 11, '49': 10, '46': 8, '70': 8, '90': 6, '80': 4, '56': 3, '85': 3, '91': 3, '102': 3, '72': 2, '77': 1})
ThdID: 11, sumTotCnt: Counter({'23': 2992, '25': 2336, '30': 1953, '31': 1784, '44': 837, '46': 651, '45': 643, '49': 473, '51': 462, '56': 280, '53': 280, '54': 278, '58': 179, '60': 160, '67': 159, '63': 152, '65': 150, '66': 147, '59': 142, '64': 130, '62': 128, '61': 124, '72': 74, '68': 69, '70': 61, '74': 35, '80': 29, '76': 28, '77': 22, '81': 21, '79': 21, '83': 19, '90': 16, '84': 15, '92': 14, '95': 13, '91': 12, '101': 11, '89': 11, '87': 10, '85': 10, '100': 10, '93': 8, '97': 8, '105': 7, '98': 7, '102': 6, '96': 6, '99': 6, '88': 5, '104': 3, '118': 1, '114': 1, '103': 1})
ThdID: 12, ErrCnt: Counter({'23': 91, '31': 15, '25': 13, '30': 9, '51': 6, '53': 6, '60': 3, '62': 3, '59': 2, '46': 2, '49': 2, '70': 2, '44': 2, '65': 2, '67': 1, '56': 1, '77': 1, '61': 1, '63': 1, '64': 1, '85': 1})
ThdID: 12, TotCnt: Counter({'23': 249, '25': 185, '30': 181, '31': 169, '44': 67, '49': 43, '46': 42, '53': 35, '45': 34, '51': 32, '62': 20, '56': 17, '64': 17, '54': 16, '60': 15, '59': 14, '58': 14, '67': 13, '61': 12, '65': 12, '63': 11, '66': 11, '68': 5, '85': 4, '77': 4, '70': 4, '83': 2, '81': 2, '87': 2, '76': 2, '74': 2, '72': 2, '90': 2, '92': 2, '84': 1, '102': 1, '91': 1, '95': 1, '97': 1, '96': 1, '99': 1, '98': 1})
ThdID: 12, sumErrCnt: Counter({'23': 1169, '25': 191, '31': 167, '30': 113, '51': 76, '65': 31, '58': 30, '67': 28, '62': 27, '60': 25, '59': 25, '53': 25, '63': 24, '64': 20, '66': 20, '61': 19, '54': 19, '44': 14, '49': 12, '45': 11, '46': 10, '70': 10, '90': 6, '56': 4, '80': 4, '85': 4, '91': 3, '102': 3, '77': 2, '72': 2})
ThdID: 12, sumTotCnt: Counter({'23': 3241, '25': 2521, '30': 2134, '31': 1953, '44': 904, '46': 693, '45': 677, '49': 516, '51': 494, '53': 315, '56': 297, '54': 294, '58': 193, '60': 175, '67': 172, '63': 163, '65': 162, '66': 158, '59': 156, '62': 148, '64': 147, '61': 136, '72': 76, '68': 74, '70': 65, '74': 37, '76': 30, '80': 29, '77': 26, '81': 23, '83': 21, '79': 21, '90': 18, '84': 16, '92': 16, '85': 14, '95': 14, '91': 13, '87': 12, '101': 11, '89': 11, '100': 10, '97': 9, '93': 8, '98': 8, '96': 7, '102': 7, '105': 7, '99': 7, '88': 5, '104': 3, '118': 1, '114': 1, '103': 1})
ThdID: 13, ErrCnt: Counter({'23': 77, '31': 16, '25': 15, '58': 6, '30': 5, '51': 5, '66': 5, '59': 3, '46': 3, '65': 3, '44': 3, '60': 2, '63': 2, '54': 1, '70': 1, '53': 1, '61': 1, '62': 1, '64': 1, '67': 1, '90': 1})
ThdID: 13, TotCnt: Counter({'23': 212, '25': 182, '31': 169, '30': 164, '44': 63, '45': 57, '46': 56, '49': 40, '51': 32, '56': 24, '54': 23, '53': 23, '67': 18, '59': 18, '66': 17, '63': 15, '64': 15, '58': 15, '65': 15, '61': 12, '62': 11, '68': 11, '60': 10, '70': 7, '77': 5, '76': 5, '72': 4, '87': 3, '95': 3, '80': 2, '85': 2, '91': 2, '90': 2, '92': 2, '89': 2, '83': 1, '81': 1, '84': 1, '101': 1, '79': 1, '74': 1, '97': 1, '96': 1, '88': 1})
ThdID: 13, sumErrCnt: Counter({'23': 1246, '25': 206, '31': 183, '30': 118, '51': 81, '58': 36, '65': 34, '67': 29, '62': 28, '59': 28, '60': 27, '63': 26, '53': 26, '66': 25, '64': 21, '61': 20, '54': 20, '44': 17, '46': 13, '49': 12, '45': 11, '70': 11, '90': 7, '56': 4, '80': 4, '85': 4, '91': 3, '102': 3, '77': 2, '72': 2})
ThdID: 13, sumTotCnt: Counter({'23': 3453, '25': 2703, '30': 2298, '31': 2122, '44': 967, '46': 749, '45': 734, '49': 556, '51': 526, '53': 338, '56': 321, '54': 317, '58': 208, '67': 190, '60': 185, '63': 178, '65': 177, '66': 175, '59': 174, '64': 162, '62': 159, '61': 148, '68': 85, '72': 80, '70': 72, '74': 38, '76': 35, '80': 31, '77': 31, '81': 24, '83': 22, '79': 22, '90': 20, '92': 18, '84': 17, '95': 17, '85': 16, '87': 15, '91': 15, '89': 13, '101': 12, '97': 10, '100': 10, '93': 8, '96': 8, '98': 8, '105': 7, '102': 7, '99': 7, '88': 6, '104': 3, '118': 1, '114': 1, '103': 1})
ThdID: 14, ErrCnt: Counter({'23': 91, '31': 16, '25': 10, '30': 7, '51': 7, '58': 5, '53': 4, '59': 3, '62': 3, '63': 2, '64': 2, '67': 2, '44': 2, '45': 1, '54': 1, '77': 1, '61': 1, '72': 1, '66': 1, '70': 1, '65': 1})
ThdID: 14, TotCnt: Counter({'23': 247, '25': 178, '31': 164, '30': 159, '44': 87, '45': 66, '46': 44, '53': 35, '49': 32, '51': 31, '56': 23, '54': 22, '66': 17, '63': 16, '61': 15, '67': 15, '65': 12, '64': 11, '59': 11, '62': 9, '58': 9, '60': 7, '72': 5, '76': 4, '74': 4, '83': 3, '70': 3, '101': 3, '68': 2, '77': 2, '90': 2, '95': 2, '89': 2, '80': 1, '100': 1, '92': 1, '93': 1, '79': 1, '96': 1, '98': 1, '88': 1})
ThdID: 14, sumErrCnt: Counter({'23': 1337, '25': 216, '31': 199, '30': 125, '51': 88, '58': 41, '65': 35, '62': 31, '67': 31, '59': 31, '53': 30, '63': 28, '60': 27, '66': 26, '64': 23, '61': 21, '54': 21, '44': 19, '46': 13, '49': 12, '45': 12, '70': 12, '90': 7, '56': 4, '80': 4, '85': 4, '77': 3, '72': 3, '91': 3, '102': 3})
ThdID: 14, sumTotCnt: Counter({'23': 3700, '25': 2881, '30': 2457, '31': 2286, '44': 1054, '45': 800, '46': 793, '49': 588, '51': 557, '53': 373, '56': 344, '54': 339, '58': 217, '67': 205, '63': 194, '60': 192, '66': 192, '65': 189, '59': 185, '64': 173, '62': 168, '61': 163, '68': 87, '72': 85, '70': 75, '74': 42, '76': 39, '77': 33, '80': 32, '83': 25, '81': 24, '79': 23, '90': 22, '92': 19, '95': 19, '84': 17, '85': 16, '87': 15, '101': 15, '91': 15, '89': 15, '100': 11, '97': 10, '96': 9, '93': 9, '98': 9, '102': 7, '105': 7, '99': 7, '88': 7, '104': 3, '118': 1, '114': 1, '103': 1})
ThdID: 15, ErrCnt: Counter({'23': 94, '25': 20, '31': 14, '58': 6, '30': 6, '60': 4, '44': 4, '59': 2, '54': 2, '51': 2, '53': 2, '61': 2, '62': 2, '65': 2, '67': 2, '64': 1, '66': 1, '90': 1, '70': 1, '72': 1})
ThdID: 15, TotCnt: Counter({'23': 244, '25': 176, '30': 170, '31': 148, '44': 89, '45': 57, '49': 49, '51': 43, '46': 40, '56': 23, '54': 21, '59': 17, '58': 17, '53': 17, '60': 14, '63': 13, '66': 13, '67': 13, '61': 12, '62': 11, '65': 11, '64': 9, '68': 7, '81': 6, '74': 5, '72': 4, '70': 4, '76': 3, '79': 3, '83': 2, '85': 2, '92': 2, '77': 2, '99': 1, '90': 1, '96': 1})
ThdID: 15, sumErrCnt: Counter({'23': 1431, '25': 236, '31': 213, '30': 131, '51': 90, '58': 47, '65': 37, '62': 33, '67': 33, '59': 33, '53': 32, '60': 31, '63': 28, '66': 27, '64': 24, '61': 23, '44': 23, '54': 23, '46': 13, '70': 13, '49': 12, '45': 12, '90': 8, '56': 4, '80': 4, '85': 4, '72': 4, '77': 3, '91': 3, '102': 3})
ThdID: 15, sumTotCnt: Counter({'23': 3944, '25': 3057, '30': 2627, '31': 2434, '44': 1143, '45': 857, '46': 833, '49': 637, '51': 600, '53': 390, '56': 367, '54': 360, '58': 234, '67': 218, '63': 207, '60': 206, '66': 205, '59': 202, '65': 200, '64': 182, '62': 179, '61': 175, '68': 94, '72': 89, '70': 79, '74': 47, '76': 42, '77': 35, '80': 32, '81': 30, '83': 27, '79': 26, '90': 23, '92': 21, '95': 19, '85': 18, '84': 17, '87': 15, '101': 15, '91': 15, '89': 15, '100': 11, '97': 10, '96': 10, '93': 9, '98': 9, '99': 8, '105': 7, '102': 7, '88': 7, '104': 3, '118': 1, '114': 1, '103': 1})
ThdID: 16, ErrCnt: Counter({'23': 87, '25': 14, '31': 13, '30': 7, '51': 5, '58': 3, '63': 3, '59': 2, '53': 2, '60': 2, '61': 2, '66': 2, '44': 2, '62': 1, '64': 1, '65': 1, '70': 1, '79': 1, '85': 1})
ThdID: 16, TotCnt: Counter({'23': 222, '25': 193, '30': 164, '31': 150, '44': 73, '49': 53, '46': 50, '51': 50, '45': 47, '54': 25, '53': 21, '58': 20, '61': 19, '56': 18, '65': 16, '63': 14, '66': 13, '59': 13, '60': 12, '64': 11, '67': 11, '62': 9, '70': 8, '72': 6, '68': 5, '81': 3, '77': 3, '98': 3, '79': 3, '85': 2, '92': 2, '95': 2, '76': 2, '88': 1, '83': 1, '80': 1, '87': 1, '74': 1, '102': 1, '90': 1})
ThdID: 16, sumErrCnt: Counter({'23': 1518, '25': 250, '31': 226, '30': 138, '51': 95, '58': 50, '65': 38, '59': 35, '62': 34, '53': 34, '60': 33, '67': 33, '63': 31, '66': 29, '61': 25, '64': 25, '44': 25, '54': 23, '70': 14, '46': 13, '49': 12, '45': 12, '90': 8, '85': 5, '56': 4, '80': 4, '72': 4, '77': 3, '91': 3, '102': 3, '79': 1})
ThdID: 16, sumTotCnt: Counter({'23': 4166, '25': 3250, '30': 2791, '31': 2584, '44': 1216, '45': 904, '46': 883, '49': 690, '51': 650, '53': 411, '56': 385, '54': 385, '58': 254, '67': 229, '63': 221, '60': 218, '66': 218, '65': 216, '59': 215, '61': 194, '64': 193, '62': 188, '68': 99, '72': 95, '70': 87, '74': 48, '76': 44, '77': 38, '80': 33, '81': 33, '79': 29, '83': 28, '90': 24, '92': 23, '95': 21, '85': 20, '84': 17, '87': 16, '101': 15, '91': 15, '89': 15, '98': 12, '100': 11, '96': 10, '97': 10, '93': 9, '102': 8, '99': 8, '88': 8, '105': 7, '104': 3, '118': 1, '114': 1, '103': 1})
ThdID: 17, ErrCnt: Counter({'23': 111, '25': 12, '31': 10, '30': 6, '51': 3, '65': 3, '58': 2, '54': 2, '53': 2, '61': 2, '62': 2, '63': 2, '64': 2, '66': 2, '67': 2, '46': 1, '60': 1, '49': 1})
ThdID: 17, TotCnt: Counter({'23': 250, '25': 202, '30': 160, '31': 131, '44': 76, '46': 50, '45': 48, '49': 37, '51': 35, '56': 31, '54': 31, '53': 23, '63': 20, '58': 17, '61': 15, '64': 15, '66': 15, '60': 12, '65': 11, '67': 10, '62': 8, '59': 8, '72': 5, '74': 4, '70': 4, '68': 3, '80': 3, '84': 3, '88': 3, '79': 2, '98': 2, '91': 2, '76': 2, '83': 1, '81': 1, '87': 1, '102': 1, '99': 1, '103': 1, '93': 1, '92': 1, '95': 1, '104': 1, '77': 1, '89': 1})
ThdID: 17, sumErrCnt: Counter({'23': 1629, '25': 262, '31': 236, '30': 144, '51': 98, '58': 52, '65': 41, '62': 36, '53': 36, '67': 35, '59': 35, '60': 34, '63': 33, '66': 31, '61': 27, '64': 27, '44': 25, '54': 25, '46': 14, '70': 14, '49': 13, '45': 12, '90': 8, '85': 5, '56': 4, '80': 4, '72': 4, '77': 3, '91': 3, '102': 3, '79': 1})
ThdID: 17, sumTotCnt: Counter({'23': 4416, '25': 3452, '30': 2951, '31': 2715, '44': 1292, '45': 952, '46': 933, '49': 727, '51': 685, '53': 434, '56': 416, '54': 416, '58': 271, '63': 241, '67': 239, '66': 233, '60': 230, '65': 227, '59': 223, '61': 209, '64': 208, '62': 196, '68': 102, '72': 100, '70': 91, '74': 52, '76': 46, '77': 39, '80': 36, '81': 34, '79': 31, '83': 29, '92': 24, '90': 24, '95': 22, '84': 20, '85': 20, '87': 17, '91': 17, '89': 16, '101': 15, '98': 14, '100': 11, '88': 11, '93': 10, '97': 10, '96': 10, '102': 9, '99': 9, '105': 7, '104': 4, '103': 2, '118': 1, '114': 1})
ThdID: 18, ErrCnt: Counter({'23': 120, '25': 15, '31': 12, '30': 8, '51': 7, '46': 3, '58': 3, '54': 3, '53': 3, '61': 2, '64': 2, '60': 1, '62': 1, '63': 1, '49': 1, '66': 1, '67': 1, '85': 1, '44': 1, '72': 1, '70': 1, '59': 1})
ThdID: 18, TotCnt: Counter({'23': 286, '25': 174, '30': 168, '31': 132, '44': 84, '46': 54, '45': 50, '49': 34, '56': 33, '51': 33, '53': 29, '54': 22, '66': 17, '59': 14, '60': 11, '61': 11, '58': 11, '63': 10, '64': 10, '68': 10, '62': 10, '70': 8, '67': 6, '72': 5, '65': 5, '88': 3, '77': 3, '81': 2, '84': 2, '85': 2, '76': 2, '95': 2, '96': 2, '87': 1, '74': 1, '100': 1, '104': 1, '89': 1})
ThdID: 18, sumErrCnt: Counter({'23': 1749, '25': 277, '31': 248, '30': 152, '51': 105, '58': 55, '65': 41, '53': 39, '62': 37, '67': 36, '59': 36, '60': 35, '63': 34, '66': 32, '61': 29, '64': 29, '54': 28, '44': 26, '46': 17, '70': 15, '49': 14, '45': 12, '90': 8, '85': 6, '72': 5, '56': 4, '80': 4, '77': 3, '91': 3, '102': 3, '79': 1})
ThdID: 18, sumTotCnt: Counter({'23': 4702, '25': 3626, '30': 3119, '31': 2847, '44': 1376, '45': 1002, '46': 987, '49': 761, '51': 718, '53': 463, '56': 449, '54': 438, '58': 282, '63': 251, '66': 250, '67': 245, '60': 241, '59': 237, '65': 232, '61': 220, '64': 218, '62': 206, '68': 112, '72': 105, '70': 99, '74': 53, '76': 48, '77': 42, '80': 36, '81': 36, '79': 31, '83': 29, '90': 24, '92': 24, '95': 24, '84': 22, '85': 22, '87': 18, '91': 17, '89': 17, '101': 15, '98': 14, '88': 14, '96': 12, '100': 12, '97': 10, '93': 10, '102': 9, '99': 9, '105': 7, '104': 5, '103': 2, '118': 1, '114': 1})
ThdID: 19, ErrCnt: Counter({'23': 101, '31': 19, '30': 8, '51': 6, '67': 5, '25': 5, '62': 4, '64': 4, '66': 4, '58': 4, '61': 3, '59': 3, '63': 2, '65': 2, '49': 2, '45': 2, '60': 1, '46': 1, '44': 1, '77': 1, '70': 1, '79': 1, '53': 1})
ThdID: 19, TotCnt: Counter({'23': 240, '25': 181, '30': 181, '31': 169, '44': 67, '49': 48, '46': 45, '45': 45, '51': 30, '53': 28, '56': 24, '67': 22, '54': 19, '59': 16, '61': 15, '58': 14, '65': 13, '64': 12, '62': 11, '63': 11, '66': 9, '60': 8, '68': 6, '72': 5, '70': 5, '80': 3, '81': 3, '87': 2, '85': 2, '91': 2, '101': 2, '105': 2, '83': 1, '97': 1, '77': 1, '76': 1, '74': 1, '103': 1, '93': 1, '95': 1, '79': 1, '98': 1})
ThdID: 19, sumErrCnt: Counter({'23': 1850, '25': 282, '31': 267, '30': 160, '51': 111, '58': 59, '65': 43, '62': 41, '67': 41, '53': 40, '59': 39, '60': 36, '63': 36, '66': 36, '64': 33, '61': 32, '54': 28, '44': 27, '46': 18, '49': 16, '70': 16, '45': 14, '90': 8, '85': 6, '72': 5, '56': 4, '80': 4, '77': 4, '91': 3, '102': 3, '79': 2})
ThdID: 19, sumTotCnt: Counter({'23': 4942, '25': 3807, '30': 3300, '31': 3016, '44': 1443, '45': 1047, '46': 1032, '49': 809, '51': 748, '53': 491, '56': 473, '54': 457, '58': 296, '67': 267, '63': 262, '66': 259, '59': 253, '60': 249, '65': 245, '61': 235, '64': 230, '62': 217, '68': 118, '72': 110, '70': 104, '74': 54, '76': 49, '77': 43, '80': 39, '81': 39, '79': 32, '83': 30, '95': 25, '85': 24, '92': 24, '90': 24, '84': 22, '87': 20, '91': 19, '101': 17, '89': 17, '98': 15, '88': 14, '100': 12, '96': 12, '93': 11, '97': 11, '105': 9, '102': 9, '99': 9, '104': 5, '103': 3, '118': 1, '114': 1})
ThdID: 20, ErrCnt: Counter({'23': 112, '25': 12, '31': 9, '58': 7, '30': 6, '51': 6, '61': 5, '63': 5, '64': 4, '46': 3, '53': 3, '65': 2, '66': 2, '54': 2, '60': 1, '62': 1, '67': 1, '80': 1, '49': 1, '70': 1, '79': 1, '59': 1})
ThdID: 20, TotCnt: Counter({'23': 253, '25': 180, '30': 167, '31': 144, '44': 77, '51': 47, '49': 45, '45': 42, '46': 37, '56': 29, '53': 29, '54': 25, '63': 20, '64': 16, '58': 16, '65': 16, '61': 14, '66': 11, '59': 11, '60': 10, '67': 8, '62': 8, '70': 6, '68': 5, '91': 4, '80': 3, '81': 2, '84': 2, '79': 2, '74': 2, '72': 2, '101': 2, '104': 2, '77': 2, '88': 1, '87': 1, '85': 1, '105': 1, '99': 1, '76': 1, '103': 1, '93': 1, '102': 1, '96': 1, '98': 1})
ThdID: 20, sumErrCnt: Counter({'23': 1962, '25': 294, '31': 276, '30': 166, '51': 117, '58': 66, '65': 45, '53': 43, '62': 42, '67': 42, '63': 41, '59': 40, '66': 38, '60': 37, '61': 37, '64': 37, '54': 30, '44': 27, '46': 21, '49': 17, '70': 17, '45': 14, '90': 8, '85': 6, '80': 5, '72': 5, '56': 4, '77': 4, '91': 3, '102': 3, '79': 3})
ThdID: 20, sumTotCnt: Counter({'23': 5195, '25': 3987, '30': 3467, '31': 3160, '44': 1520, '45': 1089, '46': 1069, '49': 854, '51': 795, '53': 520, '56': 502, '54': 482, '58': 312, '63': 282, '67': 275, '66': 270, '59': 264, '65': 261, '60': 259, '61': 249, '64': 246, '62': 225, '68': 123, '72': 112, '70': 110, '74': 56, '76': 50, '77': 45, '80': 42, '81': 41, '79': 34, '83': 30, '85': 25, '95': 25, '84': 24, '90': 24, '92': 24, '91': 23, '87': 21, '101': 19, '89': 17, '98': 16, '88': 15, '96': 13, '100': 12, '93': 12, '97': 11, '102': 10, '105': 10, '99': 10, '104': 7, '103': 4, '118': 1, '114': 1})
ThdID: 21, ErrCnt: Counter({'23': 96, '31': 19, '25': 15, '59': 7, '30': 7, '51': 6, '60': 4, '46': 3, '61': 2, '62': 2, '63': 2, '64': 2, '44': 2, '45': 1, '53': 1, '65': 1, '66': 1, '67': 1})
ThdID: 21, TotCnt: Counter({'23': 239, '25': 205, '31': 167, '30': 158, '44': 59, '49': 48, '46': 46, '45': 42, '51': 30, '56': 25, '54': 24, '53': 23, '64': 21, '60': 16, '59': 16, '58': 15, '62': 13, '63': 12, '61': 11, '66': 11, '67': 11, '68': 7, '65': 6, '81': 5, '80': 4, '70': 4, '83': 3, '98': 3, '72': 3, '77': 3, '88': 3, '87': 2, '99': 2, '100': 2, '95': 2, '84': 1, '85': 1, '74': 1, '102': 1, '103': 1, '92': 1, '104': 1, '91': 1, '90': 1})
ThdID: 21, sumErrCnt: Counter({'23': 2058, '25': 309, '31': 295, '30': 173, '51': 123, '58': 66, '59': 47, '65': 46, '62': 44, '53': 44, '63': 43, '67': 43, '60': 41, '61': 39, '64': 39, '66': 39, '54': 30, '44': 29, '46': 24, '49': 17, '70': 17, '45': 15, '90': 8, '85': 6, '80': 5, '72': 5, '56': 4, '77': 4, '91': 3, '102': 3, '79': 3})
ThdID: 21, sumTotCnt: Counter({'23': 5434, '25': 4192, '30': 3625, '31': 3327, '44': 1579, '45': 1131, '46': 1115, '49': 902, '51': 825, '53': 543, '56': 527, '54': 506, '58': 327, '63': 294, '67': 286, '66': 281, '59': 280, '60': 275, '64': 267, '65': 267, '61': 260, '62': 238, '68': 130, '72': 115, '70': 114, '74': 57, '76': 50, '77': 48, '80': 46, '81': 46, '79': 34, '83': 33, '95': 27, '85': 26, '84': 25, '92': 25, '90': 25, '91': 24, '87': 23, '101': 19, '98': 19, '88': 18, '89': 17, '100': 14, '96': 13, '93': 12, '99': 12, '97': 11, '102': 11, '105': 10, '104': 8, '103': 5, '118': 1, '114': 1})
ThdID: 22, ErrCnt: Counter({'23': 88, '25': 10, '31': 10, '51': 6, '30': 5, '64': 4, '54': 3, '58': 2, '53': 2, '44': 2, '45': 1, '77': 1, '60': 1, '61': 1, '62': 1, '63': 1, '49': 1, '67': 1, '65': 1})
ThdID: 22, TotCnt: Counter({'23': 236, '30': 176, '31': 174, '25': 171, '44': 65, '45': 63, '46': 48, '51': 38, '54': 31, '56': 29, '49': 29, '53': 23, '63': 16, '64': 15, '67': 15, '60': 13, '62': 13, '66': 11, '59': 11, '58': 11, '65': 10, '61': 7, '81': 6, '72': 6, '95': 4, '68': 3, '80': 3, '70': 3, '83': 2, '87': 2, '105': 2, '77': 2, '74': 2, '104': 2, '84': 1, '85': 1, '79': 1, '93': 1, '96': 1, '114': 1, '88': 1, '89': 1})
ThdID: 22, sumErrCnt: Counter({'23': 2146, '25': 319, '31': 305, '30': 178, '51': 129, '58': 68, '65': 47, '59': 47, '53': 46, '62': 45, '63': 44, '67': 44, '64': 43, '60': 42, '61': 40, '66': 39, '54': 33, '44': 31, '46': 24, '49': 18, '70': 17, '45': 16, '90': 8, '85': 6, '80': 5, '77': 5, '72': 5, '56': 4, '91': 3, '102': 3, '79': 3})
ThdID: 22, sumTotCnt: Counter({'23': 5670, '25': 4363, '30': 3801, '31': 3501, '44': 1644, '45': 1194, '46': 1163, '49': 931, '51': 863, '53': 566, '56': 556, '54': 537, '58': 338, '63': 310, '67': 301, '66': 292, '59': 291, '60': 288, '64': 282, '65': 277, '61': 267, '62': 251, '68': 133, '72': 121, '70': 117, '74': 59, '81': 52, '77': 50, '76': 50, '80': 49, '83': 35, '79': 35, '95': 31, '85': 27, '84': 26, '87': 25, '90': 25, '92': 25, '91': 24, '101': 19, '98': 19, '88': 19, '89': 18, '96': 14, '100': 14, '93': 13, '105': 12, '99': 12, '97': 11, '102': 11, '104': 10, '103': 5, '114': 2, '118': 1})
ThdID: 23, ErrCnt: Counter({'23': 106, '25': 12, '31': 12, '30': 11, '51': 9, '58': 6, '61': 3, '60': 2, '67': 2, '70': 2, '62': 1, '63': 1, '64': 1, '65': 1, '66': 1, '46': 1, '44': 1, '45': 1, '72': 1, '59': 1, '54': 1, '53': 1})
ThdID: 23, TotCnt: Counter({'23': 255, '30': 180, '25': 176, '31': 152, '44': 67, '46': 58, '45': 51, '49': 41, '51': 39, '56': 25, '53': 23, '54': 19, '67': 16, '58': 14, '60': 13, '61': 13, '65': 13, '66': 13, '63': 12, '59': 11, '64': 10, '70': 9, '62': 6, '74': 5, '72': 4, '76': 3, '68': 2, '81': 2, '84': 2, '103': 2, '79': 2, '89': 2, '93': 1, '118': 1, '85': 1, '97': 1, '99': 1, '91': 1, '100': 1, '102': 1, '96': 1, '88': 1})
ThdID: 23, sumErrCnt: Counter({'23': 2252, '25': 331, '31': 317, '30': 189, '51': 138, '58': 74, '65': 48, '59': 48, '53': 47, '62': 46, '67': 46, '63': 45, '60': 44, '64': 44, '61': 43, '66': 40, '54': 34, '44': 32, '46': 25, '70': 19, '49': 18, '45': 17, '90': 8, '85': 6, '72': 6, '80': 5, '77': 5, '56': 4, '91': 3, '102': 3, '79': 3})
ThdID: 23, sumTotCnt: Counter({'23': 5925, '25': 4539, '30': 3981, '31': 3653, '44': 1711, '45': 1245, '46': 1221, '49': 972, '51': 902, '53': 589, '56': 581, '54': 556, '58': 352, '63': 322, '67': 317, '66': 305, '59': 302, '60': 301, '64': 292, '65': 290, '61': 280, '62': 257, '68': 135, '70': 126, '72': 125, '74': 64, '81': 54, '76': 53, '77': 50, '80': 49, '79': 37, '83': 35, '95': 31, '84': 28, '85': 28, '87': 25, '92': 25, '90': 25, '91': 25, '88': 20, '89': 20, '101': 19, '98': 19, '100': 15, '96': 15, '93': 14, '99': 13, '97': 12, '105': 12, '102': 12, '104': 10, '103': 7, '118': 2, '114': 2})
ThdID: 24, ErrCnt: Counter({'23': 87, '31': 16, '25': 15, '30': 9, '59': 6, '51': 6, '61': 4, '54': 3, '65': 3, '66': 3, '58': 2, '60': 2, '44': 2, '46': 1, '53': 1, '63': 1, '64': 1, '67': 1, '85': 1})
ThdID: 24, TotCnt: Counter({'23': 269, '25': 179, '30': 166, '31': 153, '44': 68, '46': 52, '45': 47, '51': 38, '49': 29, '53': 27, '54': 25, '56': 22, '65': 18, '64': 15, '60': 14, '62': 14, '59': 14, '63': 12, '58': 12, '61': 11, '66': 9, '70': 8, '72': 7, '67': 6, '74': 6, '68': 3, '76': 3, '91': 3, '93': 3, '88': 3, '80': 2, '81': 2, '87': 2, '85': 2, '84': 1, '102': 1, '103': 1, '95': 1, '96': 1, '98': 1})
ThdID: 24, sumErrCnt: Counter({'23': 2339, '25': 346, '31': 333, '30': 198, '51': 144, '58': 76, '59': 54, '65': 51, '53': 48, '61': 47, '67': 47, '60': 46, '62': 46, '63': 46, '64': 45, '66': 43, '54': 37, '44': 34, '46': 26, '70': 19, '49': 18, '45': 17, '90': 8, '85': 7, '72': 6, '80': 5, '77': 5, '56': 4, '91': 3, '102': 3, '79': 3})
ThdID: 24, sumTotCnt: Counter({'23': 6194, '25': 4718, '30': 4147, '31': 3806, '44': 1779, '45': 1292, '46': 1273, '49': 1001, '51': 940, '53': 616, '56': 603, '54': 581, '58': 364, '63': 334, '67': 323, '59': 316, '60': 315, '66': 314, '65': 308, '64': 307, '61': 291, '62': 271, '68': 138, '70': 134, '72': 132, '74': 70, '81': 56, '76': 56, '80': 51, '77': 50, '79': 37, '83': 35, '95': 32, '85': 30, '84': 29, '91': 28, '87': 27, '90': 25, '92': 25, '88': 23, '98': 20, '89': 20, '101': 19, '93': 17, '96': 16, '100': 15, '102': 13, '99': 13, '97': 12, '105': 12, '104': 10, '103': 8, '118': 2, '114': 2})
ThdID: 25, ErrCnt: Counter({'23': 105, '25': 14, '31': 11, '30': 6, '51': 5, '54': 4, '62': 3, '70': 3, '59': 2, '53': 2, '64': 2, '66': 2, '49': 2, '67': 1, '58': 1, '46': 1, '61': 1, '65': 1, '44': 1, '85': 1})
ThdID: 25, TotCnt: Counter({'23': 255, '25': 195, '31': 164, '30': 141, '44': 69, '49': 51, '45': 51, '46': 43, '54': 33, '51': 30, '53': 26, '61': 19, '56': 16, '62': 14, '60': 13, '66': 13, '59': 13, '63': 12, '58': 12, '64': 11, '72': 11, '65': 10, '67': 9, '70': 7, '68': 6, '81': 3, '85': 3, '74': 3, '97': 2, '77': 2, '102': 2, '95': 2, '80': 1, '87': 1, '92': 1, '76': 1, '93': 1, '101': 1, '79': 1, '96': 1, '98': 1})
ThdID: 25, sumErrCnt: Counter({'23': 2444, '25': 360, '31': 344, '30': 204, '51': 149, '58': 77, '59': 56, '65': 52, '53': 50, '62': 49, '61': 48, '67': 48, '64': 47, '60': 46, '63': 46, '66': 45, '54': 41, '44': 35, '46': 27, '70': 22, '49': 20, '45': 17, '85': 8, '90': 8, '72': 6, '80': 5, '77': 5, '56': 4, '91': 3, '102': 3, '79': 3})
ThdID: 25, sumTotCnt: Counter({'23': 6449, '25': 4913, '30': 4288, '31': 3970, '44': 1848, '45': 1343, '46': 1316, '49': 1052, '51': 970, '53': 642, '56': 619, '54': 614, '58': 376, '63': 346, '67': 332, '59': 329, '60': 328, '66': 327, '64': 318, '65': 318, '61': 310, '62': 285, '68': 144, '72': 143, '70': 141, '74': 73, '81': 59, '76': 57, '80': 52, '77': 52, '79': 38, '83': 35, '95': 34, '85': 33, '84': 29, '87': 28, '91': 28, '92': 26, '90': 25, '88': 23, '98': 21, '101': 20, '89': 20, '93': 18, '96': 17, '102': 15, '100': 15, '97': 14, '99': 13, '105': 12, '104': 10, '103': 8, '118': 2, '114': 2})
ThdID: 26, ErrCnt: Counter({'23': 90, '25': 12, '31': 10, '30': 8, '51': 8, '65': 3, '58': 3, '62': 2, '63': 2, '64': 2, '66': 2, '45': 2, '91': 2, '54': 2, '53': 2, '56': 1, '60': 1, '46': 1, '44': 1, '70': 1, '79': 1, '59': 1})
ThdID: 26, TotCnt: Counter({'23': 254, '25': 180, '30': 174, '31': 155, '44': 65, '45': 61, '46': 48, '51': 45, '49': 35, '54': 29, '56': 17, '63': 17, '53': 17, '64': 16, '62': 15, '65': 15, '59': 14, '60': 12, '66': 12, '58': 11, '67': 8, '61': 7, '68': 6, '72': 5, '91': 4, '80': 3, '76': 3, '70': 3, '79': 3, '81': 2, '74': 2, '93': 2, '105': 2, '89': 2, '87': 1, '84': 1, '97': 1, '100': 1, '90': 1, '88': 1})
ThdID: 26, sumErrCnt: Counter({'23': 2534, '25': 372, '31': 354, '30': 212, '51': 157, '58': 80, '59': 57, '65': 55, '53': 52, '62': 51, '64': 49, '61': 48, '63': 48, '67': 48, '60': 47, '66': 47, '54': 43, '44': 36, '46': 28, '70': 23, '49': 20, '45': 19, '85': 8, '90': 8, '72': 6, '56': 5, '80': 5, '77': 5, '91': 5, '79': 4, '102': 3})
ThdID: 26, sumTotCnt: Counter({'23': 6703, '25': 5093, '30': 4462, '31': 4125, '44': 1913, '45': 1404, '46': 1364, '49': 1087, '51': 1015, '53': 659, '54': 643, '56': 636, '58': 387, '63': 363, '59': 343, '60': 340, '67': 340, '66': 339, '64': 334, '65': 333, '61': 317, '62': 300, '68': 150, '72': 148, '70': 144, '74': 75, '81': 61, '76': 60, '80': 55, '77': 52, '79': 41, '83': 35, '95': 34, '85': 33, '91': 32, '84': 30, '87': 29, '90': 26, '92': 26, '88': 24, '89': 22, '98': 21, '101': 20, '93': 20, '96': 17, '100': 16, '97': 15, '102': 15, '105': 14, '99': 13, '104': 10, '103': 8, '118': 2, '114': 2})
ThdID: 27, ErrCnt: Counter({'23': 98, '25': 9, '30': 8, '53': 7, '31': 6, '54': 5, '51': 5, '60': 5, '59': 3, '58': 3, '64': 3, '66': 3, '61': 2, '62': 2, '67': 2, '46': 1, '63': 1, '49': 1})
ThdID: 27, TotCnt: Counter({'23': 268, '25': 174, '30': 148, '31': 142, '44': 90, '45': 60, '49': 50, '46': 47, '51': 28, '56': 27, '53': 25, '64': 24, '54': 18, '61': 17, '62': 16, '60': 14, '59': 14, '58': 12, '68': 11, '66': 10, '65': 10, '63': 9, '67': 7, '70': 6, '77': 5, '74': 4, '72': 3, '79': 3, '83': 2, '80': 1, '85': 1, '97': 1, '76': 1, '93': 1, '99': 1})
ThdID: 27, sumErrCnt: Counter({'23': 2632, '25': 381, '31': 360, '30': 220, '51': 162, '58': 83, '59': 60, '53': 59, '65': 55, '62': 53, '60': 52, '64': 52, '61': 50, '66': 50, '67': 50, '63': 49, '54': 48, '44': 36, '46': 29, '70': 23, '49': 21, '45': 19, '85': 8, '90': 8, '72': 6, '56': 5, '80': 5, '77': 5, '91': 5, '79': 4, '102': 3})
ThdID: 27, sumTotCnt: Counter({'23': 6971, '25': 5267, '30': 4610, '31': 4267, '44': 2003, '45': 1464, '46': 1411, '49': 1137, '51': 1043, '53': 684, '56': 663, '54': 661, '58': 399, '63': 372, '64': 358, '59': 357, '60': 354, '66': 349, '67': 347, '65': 343, '61': 334, '62': 316, '68': 161, '72': 151, '70': 150, '74': 79, '81': 61, '76': 61, '77': 57, '80': 56, '79': 44, '83': 37, '85': 34, '95': 34, '91': 32, '84': 30, '87': 29, '92': 26, '90': 26, '88': 24, '89': 22, '93': 21, '98': 21, '101': 20, '96': 17, '97': 16, '100': 16, '102': 15, '105': 14, '99': 14, '104': 10, '103': 8, '118': 2, '114': 2})
ThdID: 28, ErrCnt: Counter({'23': 89, '31': 14, '25': 10, '60': 6, '58': 5, '30': 5, '51': 5, '64': 3, '67': 3, '44': 3, '61': 2, '63': 2, '49': 2, '59': 2, '66': 1, '46': 1, '45': 1, '72': 1, '70': 1, '91': 1, '90': 1, '54': 1, '65': 1})
ThdID: 28, TotCnt: Counter({'23': 247, '25': 178, '31': 164, '30': 149, '44': 90, '46': 52, '45': 50, '49': 35, '51': 30, '54': 27, '53': 25, '61': 19, '56': 19, '60': 18, '58': 17, '62': 15, '63': 13, '67': 13, '59': 13, '66': 11, '64': 10, '65': 9, '72': 8, '68': 6, '70': 6, '83': 4, '74': 4, '80': 2, '87': 2, '76': 2, '91': 2, '90': 2, '98': 2, '88': 2, '85': 1, '92': 1, '95': 1, '97': 1})
ThdID: 28, sumErrCnt: Counter({'23': 2721, '25': 391, '31': 374, '30': 225, '51': 167, '58': 88, '59': 62, '53': 59, '60': 58, '65': 56, '64': 55, '62': 53, '67': 53, '61': 52, '63': 51, '66': 51, '54': 49, '44': 39, '46': 30, '70': 24, '49': 23, '45': 20, '90': 9, '85': 8, '72': 7, '91': 6, '56': 5, '80': 5, '77': 5, '79': 4, '102': 3})
ThdID: 28, sumTotCnt: Counter({'23': 7218, '25': 5445, '30': 4759, '31': 4431, '44': 2093, '45': 1514, '46': 1463, '49': 1172, '51': 1073, '53': 709, '54': 688, '56': 682, '58': 416, '63': 385, '60': 372, '59': 370, '64': 368, '66': 360, '67': 360, '61': 353, '65': 352, '62': 331, '68': 167, '72': 159, '70': 156, '74': 83, '76': 63, '81': 61, '80': 58, '77': 57, '79': 44, '83': 41, '85': 35, '95': 35, '91': 34, '87': 31, '84': 30, '90': 28, '92': 27, '88': 26, '98': 23, '89': 22, '93': 21, '101': 20, '96': 17, '97': 17, '100': 16, '102': 15, '105': 14, '99': 14, '104': 10, '103': 8, '118': 2, '114': 2})
ThdID: 29, ErrCnt: Counter({'23': 92, '31': 17, '25': 10, '30': 5, '58': 5, '51': 4, '70': 4, '59': 2, '46': 2, '54': 2, '53': 2, '61': 2, '65': 2, '44': 2, '45': 1, '63': 1, '64': 1, '49': 1})
ThdID: 29, TotCnt: Counter({'23': 245, '31': 169, '25': 167, '30': 155, '44': 94, '46': 62, '45': 43, '49': 38, '51': 35, '54': 26, '56': 20, '65': 19, '66': 16, '63': 15, '60': 14, '61': 13, '59': 13, '62': 12, '53': 12, '64': 11, '70': 10, '58': 9, '67': 7, '68': 7, '79': 4, '80': 3, '84': 3, '74': 3, '72': 3, '89': 3, '83': 2, '87': 2, '97': 2, '76': 2, '81': 1, '100': 1, '96': 1, '104': 1, '77': 1, '91': 1, '93': 1, '92': 1, '95': 1, '105': 1, '88': 1})
ThdID: 29, sumErrCnt: Counter({'23': 2813, '25': 401, '31': 391, '30': 230, '51': 171, '58': 93, '59': 64, '53': 61, '60': 58, '65': 58, '64': 56, '61': 54, '62': 53, '67': 53, '63': 52, '66': 51, '54': 51, '44': 41, '46': 32, '70': 28, '49': 24, '45': 21, '90': 9, '85': 8, '72': 7, '91': 6, '56': 5, '80': 5, '77': 5, '79': 4, '102': 3})
ThdID: 29, sumTotCnt: Counter({'23': 7463, '25': 5612, '30': 4914, '31': 4600, '44': 2187, '45': 1557, '46': 1525, '49': 1210, '51': 1108, '53': 721, '54': 714, '56': 702, '58': 425, '63': 400, '60': 386, '59': 383, '64': 379, '66': 376, '65': 371, '67': 367, '61': 366, '62': 343, '68': 174, '70': 166, '72': 162, '74': 86, '76': 65, '81': 62, '80': 61, '77': 58, '79': 48, '83': 43, '95': 36, '85': 35, '91': 35, '87': 33, '84': 33, '92': 28, '90': 28, '88': 27, '89': 25, '98': 23, '93': 22, '101': 20, '97': 19, '96': 18, '100': 17, '105': 15, '102': 15, '99': 14, '104': 11, '103': 8, '118': 2, '114': 2})
ThdID: 30, ErrCnt: Counter({'23': 95, '25': 23, '31': 12, '51': 12, '60': 6, '58': 5, '30': 5, '65': 5, '67': 5, '64': 4, '59': 3, '53': 3, '66': 2, '44': 2, '56': 1, '54': 1, '61': 1, '62': 1, '70': 1})
ThdID: 30, TotCnt: Counter({'23': 253, '25': 202, '30': 172, '31': 129, '44': 74, '45': 50, '46': 44, '51': 37, '53': 32, '49': 30, '60': 25, '65': 22, '56': 19, '54': 18, '63': 16, '58': 15, '67': 14, '64': 12, '66': 12, '61': 10, '59': 10, '62': 9, '68': 7, '74': 6, '77': 4, '72': 4, '81': 3, '76': 3, '88': 3, '87': 2, '70': 2, '93': 2, '79': 2, '89': 2, '85': 1, '91': 1, '90': 1, '92': 1, '99': 1})
ThdID: 30, sumErrCnt: Counter({'23': 2908, '25': 424, '31': 403, '30': 235, '51': 183, '58': 98, '59': 67, '60': 64, '53': 64, '65': 63, '64': 60, '67': 58, '61': 55, '62': 54, '66': 53, '63': 52, '54': 52, '44': 43, '46': 32, '70': 29, '49': 24, '45': 21, '90': 9, '85': 8, '72': 7, '56': 6, '91': 6, '80': 5, '77': 5, '79': 4, '102': 3})
ThdID: 30, sumTotCnt: Counter({'23': 7716, '25': 5814, '30': 5086, '31': 4729, '44': 2261, '45': 1607, '46': 1569, '49': 1240, '51': 1145, '53': 753, '54': 732, '56': 721, '58': 440, '63': 416, '60': 411, '65': 393, '59': 393, '64': 391, '66': 388, '67': 381, '61': 376, '62': 352, '68': 181, '70': 168, '72': 166, '74': 92, '76': 68, '81': 65, '77': 62, '80': 61, '79': 50, '83': 43, '85': 36, '95': 36, '91': 36, '87': 35, '84': 33, '88': 30, '90': 29, '92': 29, '89': 27, '93': 24, '98': 23, '101': 20, '97': 19, '96': 18, '100': 17, '102': 15, '105': 15, '99': 15, '104': 11, '103': 8, '118': 2, '114': 2})
ThdID: 31, ErrCnt: Counter({'23': 90, '31': 20, '30': 10, '25': 9, '51': 8, '58': 7, '54': 3, '53': 3, '64': 3, '49': 3, '59': 2, '63': 2, '67': 2, '45': 1, '46': 1, '61': 1, '62': 1, '80': 1, '44': 1, '65': 1})
ThdID: 31, TotCnt: Counter({'23': 243, '25': 184, '30': 182, '31': 169, '44': 71, '45': 58, '46': 48, '51': 38, '49': 27, '53': 23, '64': 22, '56': 18, '65': 16, '54': 16, '60': 13, '61': 13, '59': 13, '58': 13, '67': 12, '66': 11, '63': 10, '62': 10, '68': 6, '70': 5, '88': 3, '84': 3, '77': 3, '76': 3, '72': 3, '81': 2, '85': 2, '101': 2, '79': 2, '80': 1, '87': 1, '74': 1, '93': 1, '95': 1, '98': 1})
ThdID: 31, sumErrCnt: Counter({'23': 2998, '25': 433, '31': 423, '30': 245, '51': 191, '58': 105, '59': 69, '53': 67, '60': 64, '65': 64, '64': 63, '67': 60, '61': 56, '62': 55, '54': 55, '63': 54, '66': 53, '44': 44, '46': 33, '70': 29, '49': 27, '45': 22, '90': 9, '85': 8, '72': 7, '56': 6, '80': 6, '91': 6, '77': 5, '79': 4, '102': 3})
ThdID: 31, sumTotCnt: Counter({'23': 7959, '25': 5998, '30': 5268, '31': 4898, '44': 2332, '45': 1665, '46': 1617, '49': 1267, '51': 1183, '53': 776, '54': 748, '56': 739, '58': 453, '63': 426, '60': 424, '64': 413, '65': 409, '59': 406, '66': 399, '67': 393, '61': 389, '62': 362, '68': 187, '70': 173, '72': 169, '74': 93, '76': 71, '81': 67, '77': 65, '80': 62, '79': 52, '83': 43, '85': 38, '95': 37, '87': 36, '84': 36, '91': 36, '88': 33, '92': 29, '90': 29, '89': 27, '93': 25, '98': 24, '101': 22, '97': 19, '96': 18, '100': 17, '105': 15, '102': 15, '99': 15, '104': 11, '103': 8, '118': 2, '114': 2})
ThdID: 32, ErrCnt: Counter({'23': 106, '31': 17, '25': 14, '30': 7, '51': 5, '67': 4, '53': 4, '60': 3, '58': 3, '65': 2, '49': 2, '59': 2, '54': 2, '61': 1, '62': 1, '63': 1, '64': 1, '66': 1, '46': 1, '44': 1, '45': 1, '93': 1})
ThdID: 32, TotCnt: Counter({'23': 252, '25': 193, '30': 171, '31': 145, '44': 75, '45': 57, '46': 54, '51': 33, '49': 32, '53': 32, '54': 24, '56': 21, '61': 15, '67': 15, '65': 14, '58': 13, '63': 12, '59': 12, '62': 9, '66': 9, '60': 8, '68': 8, '64': 7, '72': 6, '93': 5, '87': 4, '83': 3, '81': 3, '76': 2, '70': 2, '79': 2, '99': 2, '80': 1, '84': 1, '92': 1, '100': 1, '77': 1, '74': 1, '91': 1, '101': 1, '105': 1, '89': 1})
ThdID: 32, sumErrCnt: Counter({'23': 3104, '25': 447, '31': 440, '30': 252, '51': 196, '58': 108, '59': 71, '53': 71, '60': 67, '65': 66, '64': 64, '67': 64, '61': 57, '54': 57, '62': 56, '63': 55, '66': 54, '44': 45, '46': 34, '49': 29, '70': 29, '45': 23, '90': 9, '85': 8, '72': 7, '56': 6, '80': 6, '91': 6, '77': 5, '79': 4, '102': 3, '93': 1})
ThdID: 32, sumTotCnt: Counter({'23': 8211, '25': 6191, '30': 5439, '31': 5043, '44': 2407, '45': 1722, '46': 1671, '49': 1299, '51': 1216, '53': 808, '54': 772, '56': 760, '58': 466, '63': 438, '60': 432, '65': 423, '64': 420, '59': 418, '66': 408, '67': 408, '61': 404, '62': 371, '68': 195, '72': 175, '70': 175, '74': 94, '76': 73, '81': 70, '77': 66, '80': 63, '79': 54, '83': 46, '87': 40, '85': 38, '84': 37, '95': 37, '91': 37, '88': 33, '93': 30, '92': 30, '90': 29, '89': 28, '98': 24, '101': 23, '97': 19, '96': 18, '100': 18, '99': 17, '105': 16, '102': 15, '104': 11, '103': 8, '118': 2, '114': 2})
ThdID: 33, ErrCnt: Counter({'23': 94, '51': 11, '25': 9, '31': 8, '30': 8, '61': 4, '67': 4, '60': 3, '54': 2, '53': 2, '59': 2, '77': 1, '58': 1, '46': 1, '62': 1, '64': 1, '49': 1, '66': 1, '80': 1, '65': 1})
ThdID: 33, TotCnt: Counter({'23': 261, '25': 178, '30': 171, '31': 157, '44': 73, '45': 54, '51': 45, '49': 38, '46': 34, '53': 25, '54': 24, '61': 17, '60': 16, '64': 15, '58': 14, '56': 14, '66': 13, '67': 13, '59': 12, '70': 11, '65': 11, '62': 10, '63': 10, '68': 5, '76': 4, '83': 2, '80': 2, '81': 2, '79': 2, '77': 2, '74': 2, '72': 2, '90': 2, '100': 2, '103': 2, '87': 1, '102': 1, '101': 1, '95': 1, '97': 1})
ThdID: 33, sumErrCnt: Counter({'23': 3198, '25': 456, '31': 448, '30': 260, '51': 207, '58': 109, '59': 73, '53': 73, '60': 70, '67': 68, '65': 67, '64': 65, '61': 61, '54': 59, '62': 57, '63': 55, '66': 55, '44': 45, '46': 35, '49': 30, '70': 29, '45': 23, '90': 9, '85': 8, '80': 7, '72': 7, '56': 6, '77': 6, '91': 6, '79': 4, '102': 3, '93': 1})
ThdID: 33, sumTotCnt: Counter({'23': 8472, '25': 6369, '30': 5610, '31': 5200, '44': 2480, '45': 1776, '46': 1705, '49': 1337, '51': 1261, '53': 833, '54': 796, '56': 774, '58': 480, '60': 448, '63': 448, '64': 435, '65': 434, '59': 430, '61': 421, '66': 421, '67': 421, '62': 381, '68': 200, '70': 186, '72': 177, '74': 96, '76': 77, '81': 72, '77': 68, '80': 65, '79': 56, '83': 48, '87': 41, '85': 38, '95': 38, '84': 37, '91': 37, '88': 33, '90': 31, '93': 30, '92': 30, '89': 28, '101': 24, '98': 24, '97': 20, '100': 20, '96': 18, '99': 17, '105': 16, '102': 16, '104': 11, '103': 10, '118': 2, '114': 2})
ThdID: 34, ErrCnt: Counter({'23': 96, '25': 15, '31': 12, '30': 6, '51': 6, '44': 4, '59': 3, '58': 2, '60': 2, '63': 2, '77': 2, '45': 1, '46': 1, '54': 1, '61': 1, '64': 1, '66': 1, '96': 1})
ThdID: 34, TotCnt: Counter({'23': 226, '25': 199, '31': 166, '30': 154, '44': 91, '45': 61, '49': 52, '46': 43, '51': 38, '54': 31, '53': 24, '56': 23, '65': 17, '59': 16, '58': 14, '64': 13, '66': 12, '61': 9, '63': 9, '60': 8, '62': 5, '67': 5, '76': 4, '77': 4, '68': 3, '72': 3, '104': 3, '80': 2, '79': 2, '70': 2, '83': 1, '93': 1, '84': 1, '92': 1, '99': 1, '74': 1, '90': 1, '100': 1, '101': 1, '96': 1, '89': 1})
ThdID: 34, sumErrCnt: Counter({'23': 3294, '25': 471, '31': 460, '30': 266, '51': 213, '58': 111, '59': 76, '53': 73, '60': 72, '67': 68, '65': 67, '64': 66, '61': 62, '54': 60, '62': 57, '63': 57, '66': 56, '44': 49, '46': 36, '49': 30, '70': 29, '45': 24, '90': 9, '85': 8, '77': 8, '80': 7, '72': 7, '56': 6, '91': 6, '79': 4, '102': 3, '93': 1, '96': 1})
ThdID: 34, sumTotCnt: Counter({'23': 8698, '25': 6568, '30': 5764, '31': 5366, '44': 2571, '45': 1837, '46': 1748, '49': 1389, '51': 1299, '53': 857, '54': 827, '56': 797, '58': 494, '63': 457, '60': 456, '65': 451, '64': 448, '59': 446, '66': 433, '61': 430, '67': 426, '62': 386, '68': 203, '70': 188, '72': 180, '74': 97, '76': 81, '81': 72, '77': 72, '80': 67, '79': 58, '83': 49, '87': 41, '84': 38, '85': 38, '95': 38, '91': 37, '88': 33, '90': 32, '93': 31, '92': 31, '89': 29, '101': 25, '98': 24, '100': 21, '97': 20, '96': 19, '99': 18, '102': 16, '105': 16, '104': 14, '103': 10, '118': 2, '114': 2})
ThdID: 35, ErrCnt: Counter({'23': 89, '25': 14, '31': 14, '30': 6, '44': 4, '53': 4, '62': 3, '59': 3, '60': 2, '61': 2, '63': 2, '64': 2, '51': 2, '65': 1, '66': 1, '67': 1, '80': 1, '85': 1, '46': 1, '77': 1, '58': 1, '54': 1})
ThdID: 35, TotCnt: Counter({'23': 241, '25': 183, '30': 178, '31': 143, '44': 82, '45': 50, '46': 43, '49': 42, '53': 30, '54': 29, '51': 28, '56': 21, '63': 18, '65': 18, '66': 14, '60': 13, '62': 13, '67': 13, '58': 13, '64': 11, '61': 10, '59': 9, '70': 6, '68': 5, '77': 4, '72': 4, '85': 3, '76': 3, '74': 3, '80': 2, '90': 2, '100': 2, '101': 2, '79': 2, '103': 2, '89': 1, '83': 1, '87': 1, '84': 1, '91': 1, '95': 1, '99': 1, '88': 1})
ThdID: 35, sumErrCnt: Counter({'23': 3383, '25': 485, '31': 474, '30': 272, '51': 215, '58': 112, '59': 79, '53': 77, '60': 74, '67': 69, '64': 68, '65': 68, '61': 64, '54': 61, '62': 60, '63': 59, '66': 57, '44': 53, '46': 37, '49': 30, '70': 29, '45': 24, '85': 9, '77': 9, '90': 9, '80': 8, '72': 7, '56': 6, '91': 6, '79': 4, '102': 3, '93': 1, '96': 1})
ThdID: 35, sumTotCnt: Counter({'23': 8939, '25': 6751, '30': 5942, '31': 5509, '44': 2653, '45': 1887, '46': 1791, '49': 1431, '51': 1327, '53': 887, '54': 856, '56': 818, '58': 507, '63': 475, '60': 469, '65': 469, '64': 459, '59': 455, '66': 447, '61': 440, '67': 439, '62': 399, '68': 208, '70': 194, '72': 184, '74': 100, '76': 84, '77': 76, '81': 72, '80': 69, '79': 60, '83': 50, '87': 42, '85': 41, '84': 39, '95': 39, '91': 38, '90': 34, '88': 34, '93': 31, '92': 31, '89': 30, '101': 27, '98': 24, '100': 23, '97': 20, '96': 19, '99': 19, '105': 16, '102': 16, '104': 14, '103': 12, '118': 2, '114': 2})
ThdID: 36, ErrCnt: Counter({'23': 86, '25': 16, '31': 15, '51': 11, '30': 6, '53': 3, '63': 3, '64': 3, '45': 2, '59': 2, '58': 2, '62': 2, '46': 1, '54': 1, '60': 1, '61': 1, '49': 1, '66': 1, '67': 1, '44': 1, '79': 1})
ThdID: 36, TotCnt: Counter({'23': 221, '25': 182, '31': 175, '30': 146, '44': 79, '45': 65, '46': 58, '51': 42, '49': 32, '54': 26, '53': 24, '56': 22, '64': 20, '67': 20, '59': 18, '62': 16, '61': 13, '60': 12, '63': 12, '58': 11, '65': 9, '66': 8, '68': 7, '70': 7, '79': 5, '77': 3, '74': 3, '80': 2, '84': 2, '72': 2, '99': 2, '83': 1, '85': 1, '91': 1, '92': 1, '95': 1, '88': 1})
ThdID: 36, sumErrCnt: Counter({'23': 3469, '25': 501, '31': 489, '30': 278, '51': 226, '58': 114, '59': 81, '53': 80, '60': 75, '64': 71, '67': 70, '65': 68, '61': 65, '62': 62, '63': 62, '54': 62, '66': 58, '44': 54, '46': 38, '49': 31, '70': 29, '45': 26, '85': 9, '77': 9, '90': 9, '80': 8, '72': 7, '56': 6, '91': 6, '79': 5, '102': 3, '93': 1, '96': 1})
ThdID: 36, sumTotCnt: Counter({'23': 9160, '25': 6933, '30': 6088, '31': 5684, '44': 2732, '45': 1952, '46': 1849, '49': 1463, '51': 1369, '53': 911, '54': 882, '56': 840, '58': 518, '63': 487, '60': 481, '64': 479, '65': 478, '59': 473, '67': 459, '66': 455, '61': 453, '62': 415, '68': 215, '70': 201, '72': 186, '74': 103, '76': 84, '77': 79, '81': 72, '80': 71, '79': 65, '83': 51, '87': 42, '85': 42, '84': 41, '95': 40, '91': 39, '88': 35, '90': 34, '92': 32, '93': 31, '89': 30, '101': 27, '98': 24, '100': 23, '99': 21, '97': 20, '96': 19, '102': 16, '105': 16, '104': 14, '103': 12, '118': 2, '114': 2})
ThdID: 37, ErrCnt: Counter({'23': 94, '31': 15, '25': 12, '51': 11, '30': 10, '46': 6, '59': 3, '60': 3, '58': 2, '62': 2, '63': 2, '65': 2, '67': 2, '56': 1, '54': 1, '45': 1, '53': 1, '61': 1, '44': 1, '72': 1})
ThdID: 37, TotCnt: Counter({'23': 243, '31': 175, '25': 165, '30': 158, '44': 72, '49': 55, '45': 55, '46': 50, '51': 40, '53': 24, '54': 21, '56': 20, '63': 18, '59': 16, '58': 16, '62': 14, '64': 14, '67': 13, '61': 12, '60': 11, '66': 10, '65': 9, '72': 5, '77': 4, '68': 3, '83': 3, '81': 2, '79': 2, '99': 2, '70': 2, '91': 2, '90': 2, '76': 2, '88': 2, '89': 2, '80': 1, '85': 1, '98': 1, '100': 1, '95': 1, '97': 1})
ThdID: 37, sumErrCnt: Counter({'23': 3563, '25': 513, '31': 504, '30': 288, '51': 237, '58': 116, '59': 84, '53': 81, '60': 78, '67': 72, '64': 71, '65': 70, '61': 66, '62': 64, '63': 64, '54': 63, '66': 58, '44': 55, '46': 44, '49': 31, '70': 29, '45': 27, '85': 9, '77': 9, '90': 9, '80': 8, '72': 8, '56': 7, '91': 6, '79': 5, '102': 3, '93': 1, '96': 1})
ThdID: 37, sumTotCnt: Counter({'23': 9403, '25': 7098, '30': 6246, '31': 5859, '44': 2804, '45': 2007, '46': 1899, '49': 1518, '51': 1409, '53': 935, '54': 903, '56': 860, '58': 534, '63': 505, '64': 493, '60': 492, '59': 489, '65': 487, '67': 472, '61': 465, '66': 465, '62': 429, '68': 218, '70': 203, '72': 191, '74': 103, '76': 86, '77': 83, '81': 74, '80': 72, '79': 67, '83': 54, '85': 43, '87': 42, '84': 41, '95': 41, '91': 41, '88': 37, '90': 36, '92': 32, '89': 32, '93': 31, '101': 27, '98': 25, '100': 24, '99': 23, '97': 21, '96': 19, '105': 16, '102': 16, '104': 14, '103': 12, '118': 2, '114': 2})
ThdID: 38, ErrCnt: Counter({'23': 119, '25': 14, '31': 13, '51': 11, '30': 8, '58': 3, '62': 3, '65': 3, '66': 3, '59': 2, '53': 2, '46': 1, '54': 1, '61': 1, '63': 1, '64': 1, '67': 1, '49': 1, '44': 1})
ThdID: 38, TotCnt: Counter({'23': 283, '25': 195, '30': 158, '31': 151, '44': 77, '46': 52, '45': 46, '51': 38, '49': 32, '54': 26, '56': 17, '53': 17, '60': 16, '66': 15, '59': 15, '58': 13, '61': 11, '62': 11, '67': 11, '64': 10, '65': 9, '63': 7, '68': 6, '70': 5, '72': 4, '96': 4, '80': 3, '100': 3, '89': 2, '79': 2, '76': 2, '81': 1, '87': 1, '105': 1, '99': 1, '91': 1, '90': 1, '95': 1, '97': 1, '77': 1})
ThdID: 38, sumErrCnt: Counter({'23': 3682, '25': 527, '31': 517, '30': 296, '51': 248, '58': 119, '59': 86, '53': 83, '60': 78, '65': 73, '67': 73, '64': 72, '61': 67, '62': 67, '63': 65, '54': 64, '66': 61, '44': 56, '46': 45, '49': 32, '70': 29, '45': 27, '85': 9, '77': 9, '90': 9, '80': 8, '72': 8, '56': 7, '91': 6, '79': 5, '102': 3, '93': 1, '96': 1})
ThdID: 38, sumTotCnt: Counter({'23': 9686, '25': 7293, '30': 6404, '31': 6010, '44': 2881, '45': 2053, '46': 1951, '49': 1550, '51': 1447, '53': 952, '54': 929, '56': 877, '58': 547, '63': 512, '60': 508, '59': 504, '64': 503, '65': 496, '67': 483, '66': 480, '61': 476, '62': 440, '68': 224, '70': 208, '72': 195, '74': 103, '76': 88, '77': 84, '80': 75, '81': 75, '79': 69, '83': 54, '87': 43, '85': 43, '95': 42, '91': 42, '84': 41, '90': 37, '88': 37, '89': 34, '92': 32, '93': 31, '101': 27, '100': 27, '98': 25, '99': 24, '96': 23, '97': 22, '105': 17, '102': 16, '104': 14, '103': 12, '118': 2, '114': 2})
ThdID: 39, ErrCnt: Counter({'23': 87, '25': 13, '31': 12, '30': 9, '51': 4, '64': 4, '58': 3, '60': 3, '63': 3, '67': 3, '59': 2, '62': 2, '66': 1, '54': 1, '65': 1, '70': 1, '44': 1})
ThdID: 39, TotCnt: Counter({'23': 249, '25': 170, '30': 158, '31': 138, '44': 88, '45': 59, '46': 48, '49': 45, '51': 37, '56': 29, '53': 22, '54': 20, '62': 18, '63': 16, '65': 16, '59': 15, '61': 14, '67': 14, '64': 13, '58': 12, '66': 10, '60': 8, '68': 7, '72': 7, '81': 4, '70': 4, '83': 3, '76': 3, '74': 3, '79': 3, '98': 3, '88': 3, '84': 2, '91': 2, '90': 2, '85': 1, '77': 1, '92': 1, '95': 1, '103': 1})
ThdID: 39, sumErrCnt: Counter({'23': 3769, '25': 540, '31': 529, '30': 305, '51': 252, '58': 122, '59': 88, '53': 83, '60': 81, '64': 76, '67': 76, '65': 74, '62': 69, '63': 68, '61': 67, '54': 65, '66': 62, '44': 57, '46': 45, '49': 32, '70': 30, '45': 27, '85': 9, '77': 9, '90': 9, '80': 8, '72': 8, '56': 7, '91': 6, '79': 5, '102': 3, '93': 1, '96': 1})
ThdID: 39, sumTotCnt: Counter({'23': 9935, '25': 7463, '30': 6562, '31': 6148, '44': 2969, '45': 2112, '46': 1999, '49': 1595, '51': 1484, '53': 974, '54': 949, '56': 906, '58': 559, '63': 528, '59': 519, '60': 516, '64': 516, '65': 512, '67': 497, '61': 490, '66': 490, '62': 458, '68': 231, '70': 212, '72': 202, '74': 106, '76': 91, '77': 85, '81': 79, '80': 75, '79': 72, '83': 57, '85': 44, '91': 44, '87': 43, '84': 43, '95': 43, '88': 40, '90': 39, '89': 34, '92': 33, '93': 31, '98': 28, '100': 27, '101': 27, '99': 24, '96': 23, '97': 22, '105': 17, '102': 16, '104': 14, '103': 13, '118': 2, '114': 2})
 - Calculated error matrix size: (40, 54).
 - Error matrix: [(0.06111111111111111, 0.25, 0.0, 0.0, 0.0, 0.0, 0.08333333333333333, 0.08333333333333333, 0.0, 0.0, -1, 0.0, -1, -1, 0.0, 0.0, 0.5, 0.10606060606060606, 0.0, 0.020833333333333332, 0.0, -1, 0.015384615384615385, 0.022727272727272728, -1, -1, 0.0, -1, 0.041666666666666664, 0.5, 0.0, 0.0, 0.0, 0.0, 0.0, 0.0, 0.0, 0.0, -1, 0.0, 0.0, -1, 0.2, 0.2222222222222222, -1, 0.09090909090909091, 0.0945945945945946, 0.36220472440944884, 0.08571428571428572, -1, 0.058823529411764705, -1, -1, -1), (0.03225806451612903, 0.1111111111111111, 0.2857142857142857, 0.23076923076923078, 0.3125, 0.0, 0.36363636363636365, 0.2857142857142857, 0.21428571428571427, 0.0, 0.0, 0.0, -1, -1, -1, -1, -1, 0.0427807486631016, 0.0, 0.0, 0.0, -1, 0.01639344262295082, 0.016666666666666666, -1, 0.0, 0.0, -1, 0.0, 0.0, 0.0, 0.0, 0.0, 0.2857142857142857, 1.0, 1.0, 0.0, 0.0, -1, 0.0, 0.0, -1, 0.18181818181818182, 0.3157894736842105, 0.0, 0.09523809523809523, 0.09090909090909091, 0.3898305084745763, 0.08888888888888889, -1, 0.0, 0.0, -1, -1), (0.05228758169934641, 0.1111111111111111, 0.07142857142857142, 0.18181818181818182, 0.3076923076923077, 0.15384615384615385, 0.1875, 0.2, 0.16666666666666666, 0.0, 0.0, 0.0, -1, -1, -1, 0.0, -1, 0.06220095693779904, -1, 0.0, 0.0196078431372549, 0.0, 0.015873015873015872, 0.02127659574468085, -1, 0.0, -1, -1, 0.0, 0.0, -1, 0.0, 0.0, 0.0, 0.0, 0.0, 0.0, 0.0, 1.0, 0.0, -1, 0.0, 0.3333333333333333, 0.058823529411764705, -1, 0.038461538461538464, 0.09352517985611511, 0.34767025089605735, 0.09090909090909091, -1, 0.10714285714285714, -1, -1, 0.0), (0.060810810810810814, 0.0, 0.0, 0.2857142857142857, 0.06666666666666667, 0.2222222222222222, 0.0625, 0.2222222222222222, 0.0, 0.0, 0.0, 0.0, 0.0, 0.0, -1, -1, 0.5, 0.08121827411167512, 0.0, 0.08108108108108109, 0.01694915254237288, 0.0, 0.0, 0.0, -1, -1, -1, -1, 0.0, 0.0, 0.0, 0.0, 0.5, 0.0, -1, 1.0, 0.0, 0.0, -1, 0.0, 0.0, -1, 0.23076923076923078, 0.0, 0.0, 0.07692307692307693, 0.05714285714285714, 0.3228346456692913, 0.27906976744186046, 0.0, 0.027777777777777776, -1, -1, -1), (0.019867549668874173, 0.058823529411764705, 0.2, 0.21428571428571427, 0.14285714285714285, 0.16666666666666666, 0.14285714285714285, 0.09090909090909091, 0.125, 0.0, 0.0, 0.0, 0.0, 0.0, -1, 0.0, 0.0, 0.07567567567567568, -1, 0.027777777777777776, 0.019230769230769232, 0.0, 0.013157894736842105, 0.0, 0.0, -1, -1, 0.0, 0.0, 0.0, 0.0, 0.0, 0.0, 0.3333333333333333, -1, 0.0, -1, 0.0, 0.0, 0.0, -1, 0.0, 0.09090909090909091, 0.2857142857142857, -1, 0.047619047619047616, 0.14473684210526316, 0.3754646840148699, 0.14705882352941177, 0.0, 0.0, 0.0, -1, -1), (0.03508771929824561, 0.2222222222222222, 0.0, 0.25, 0.08333333333333333, 0.2222222222222222, 0.4, 0.07142857142857142, 0.36363636363636365, 0.0, -1, 0.0, 0.0, -1, 0.0, 0.0, 0.0, 0.07425742574257425, 0.0, 0.0, 0.0, -1, 0.018867924528301886, 0.01639344262295082, -1, -1, -1, 0.0, 0.0, 0.0, 0.0, 0.0, 0.125, 0.0, -1, 0.0, -1, -1, -1, -1, -1, -1, 0.15789473684210525, 0.13333333333333333, 0.0, 0.0, 0.08974358974358974, 0.3782608695652174, 0.21739130434782608, -1, 0.07692307692307693, -1, -1, -1), (0.0782122905027933, 0.08333333333333333, 0.3333333333333333, 0.3, 0.0, 0.1, 0.3125, 0.0, 0.2, 0.0, 0.0, 0.0, 0.0, -1, 0.0, 0.0, -1, 0.10052910052910052, 0.0, 0.0, 0.014084507042253521, 0.0, 0.03896103896103896, 0.018518518518518517, -1, 0.0, -1, 0.0, 0.0, 0.0, 0.0, 0.0, 0.0, 0.3333333333333333, 0.5, 1.0, -1, -1, 0.0, 0.0, -1, 0.0, 0.125, 0.2857142857142857, -1, 0.08, 0.038461538461538464, 0.345679012345679, 0.1794871794871795, -1, 0.05263157894736842, 0.0, 0.0, -1), (0.05333333333333334, 0.3076923076923077, 0.0, 0.125, 0.2857142857142857, 0.1, 0.0, 0.2727272727272727, 0.125, 0.0, 0.0, 0.5, 0.0, 0.0, 0.0, 0.0, 1.0, 0.07407407407407407, -1, 0.047619047619047616, 0.02127659574468085, 0.0, 0.03278688524590164, 0.05263157894736842, -1, 0.0, 0.0, -1, 0.0, 0.0, 0.0, 0.0, 0.0, 0.5, -1, 0.0, 0.0, 0.0, 0.0, 0.0, 0.0, -1, 0.2, 0.14285714285714285, -1, 0.02857142857142857, 0.12, 0.3435114503816794, 0.13333333333333333, -1, 0.03225806451612903, -1, -1, -1), (0.06338028169014084, 0.21428571428571427, 0.3333333333333333, 0.1111111111111111, 0.08333333333333333, 0.125, 0.0, 0.19047619047619047, 0.3157894736842105, 0.0, 0.0, 0.0, 0.0, 0.0, -1, 0.0, 0.0, 0.08542713567839195, 0.0, 0.0, 0.03389830508474576, 0.0, 0.0, 0.0, -1, -1, 0.0, -1, 0.043478260869565216, 0.0, -1, 0.0, 0.0, 0.0, 0.5, 0.0, 0.0, -1, -1, 0.0, -1, -1, 0.0, 0.15384615384615385, 0.0, 0.23529411764705882, 0.06936416184971098, 0.36904761904761907, 0.11764705882352941, -1, 0.037037037037037035, 0.0, -1, -1), (0.04, 0.0, 0.18181818181818182, 0.4444444444444444, 0.1, 0.23076923076923078, 0.125, 0.1111111111111111, 0.2727272727272727, 0.0, 0.0, 0.4, 0.0, -1, -1, 0.0, -1, 0.05314009661835749, 0.0, 0.0, 0.0, 0.0, 0.014925373134328358, 0.03636363636363636, -1, 0.0, 0.0, -1, 0.0, 0.0, 0.0, 0.0, 0.0, 0.0, 0.0, 1.0, 0.0, 0.0, -1, -1, 0.0, -1, 0.13333333333333333, 0.29411764705882354, 0.0, 0.02857142857142857, 0.08053691275167785, 0.37551020408163266, 0.15384615384615385, 0.0, 0.1, -1, -1, -1), (0.060240963855421686, 0.0, 0.0, 0.0, 0.21428571428571427, 0.42857142857142855, 0.2727272727272727, 0.125, 0.1111111111111111, 0.0, 0.0, 0.3333333333333333, 0.0, 0.0, 0.0, -1, 0.0, 0.07960199004975124, 0.0, 0.0425531914893617, 0.0, 0.0, 0.0136986301369863, 0.0, -1, 0.0, -1, -1, 0.0, 0.0, 0.0, 0.0, 0.0, 0.1111111111111111, 0.0, -1, -1, 0.0, 1.0, 0.0, -1, 0.0, 0.25, 0.08333333333333333, -1, 0.05555555555555555, 0.061224489795918366, 0.36554621848739494, 0.1111111111111111, -1, 0.21052631578947367, -1, -1, -1), (0.07909604519774012, 0.19047619047619047, 0.2727272727272727, 0.0, 0.125, 0.0, 0.23529411764705882, 0.07142857142857142, 0.05555555555555555, 0.0, 0.0, 0.0, 0.0, -1, 0.0, 0.0, -1, 0.08092485549132948, 0.0, 0.030303030303030304, 0.022222222222222223, 0.0, 0.0, 0.016129032258064516, -1, 0.0, -1, -1, 0.05263157894736842, 0.0, 0.0, -1, 0.0, 0.3333333333333333, 0.0, 0.0, -1, -1, 1.0, 0.0, -1, -1, 0.07692307692307693, 0.0, -1, 0.11764705882352941, 0.08187134502923976, 0.3521739130434783, 0.17391304347826086, -1, 0.21428571428571427, 0.0, -1, -1), (0.049723756906077346, 0.2, 0.08333333333333333, 0.15, 0.09090909090909091, 0.058823529411764705, 0.16666666666666666, 0.0, 0.07692307692307693, 0.0, 0.0, -1, 0.0, -1, 0.0, 0.0, 0.25, 0.07027027027027027, 0.0, 0.046511627906976744, 0.047619047619047616, 0.0, 0.029850746268656716, 0.0, -1, 0.0, -1, -1, 0.058823529411764705, 0.25, 0.0, 0.0, 0.0, 0.5, 0.0, 0.0, -1, -1, 0.0, -1, 0.0, 0.0, 0.14285714285714285, 0.0, 0.0, 0.0, 0.08875739644970414, 0.3654618473895582, 0.1875, -1, 0.17142857142857143, -1, -1, -1), (0.03048780487804878, 0.2, 0.08333333333333333, 0.09090909090909091, 0.13333333333333333, 0.06666666666666667, 0.2, 0.29411764705882354, 0.05555555555555555, 0.0, 0.0, 0.0, 0.0, -1, 0.0, 0.0, 0.0, 0.08241758241758242, 0.0, 0.0, 0.05357142857142857, 0.0, 0.047619047619047616, 0.0, -1, 0.0, -1, -1, 0.0, 0.0, 0.0, 0.0, 0.0, 0.14285714285714285, 0.0, 0.5, -1, 0.0, -1, 0.0, 0.0, -1, 0.16666666666666666, 0.4, -1, 0.043478260869565216, 0.09467455621301775, 0.3632075471698113, 0.15625, 0.0, 0.043478260869565216, 0.0, -1, -1), (0.0440251572327044, 0.0, 0.06666666666666667, 0.3333333333333333, 0.125, 0.18181818181818182, 0.08333333333333333, 0.058823529411764705, 0.13333333333333333, 0.0, 0.0, 0.0, -1, 0.0, -1, -1, -1, 0.056179775280898875, 0.0, 0.0, 0.0, 0.0, 0.022988505747126436, 0.015151515151515152, -1, -1, -1, -1, 0.0, 0.5, 0.0, 0.0, 0.2, 0.3333333333333333, -1, 0.0, 0.0, 0.0, -1, 0.0, 0.0, -1, 0.2727272727272727, 0.5555555555555556, 0.0, 0.045454545454545456, 0.0975609756097561, 0.3684210526315789, 0.22580645161290322, 0.0, 0.11428571428571428, 0.0, -1, -1), (0.03529411764705882, 0.2857142857142857, 0.16666666666666666, 0.18181818181818182, 0.0, 0.1111111111111111, 0.18181818181818182, 0.07692307692307693, 0.15384615384615385, 0.0, 0.0, -1, 0.0, -1, -1, -1, 0.0, 0.11363636363636363, 0.0, 0.0, 0.0, -1, 0.0449438202247191, 0.0, -1, -1, -1, -1, 0.0, 0.0, 0.0, 0.0, 0.25, 0.25, -1, 1.0, -1, -1, -1, 0.0, 0.0, 0.0, 0.11764705882352941, 0.35294117647058826, -1, 0.09523809523809523, 0.0945945945945946, 0.38524590163934425, 0.046511627906976744, -1, 0.11764705882352941, -1, -1, -1), (0.042682926829268296, 0.16666666666666666, 0.10526315789473684, 0.1111111111111111, 0.21428571428571427, 0.09090909090909091, 0.0625, 0.15384615384615385, 0.0, 0.0, 0.0, 0.0, 0.0, -1, 0.0, -1, 0.5, 0.07253886010362694, 0.0, 0.0, 0.0, 0.0, 0.0273972602739726, 0.0, -1, -1, -1, -1, 0.0, 0.0, 0.0, 0.0, 0.0, 0.125, -1, 0.0, -1, -1, 0.0, 0.3333333333333333, -1, -1, 0.15384615384615385, 0.15, 0.0, 0.0, 0.08666666666666667, 0.3918918918918919, 0.1, 0.0, 0.09523809523809523, -1, -1, -1), (0.0375, 0.08333333333333333, 0.13333333333333333, 0.25, 0.1, 0.13333333333333333, 0.2727272727272727, 0.13333333333333333, 0.2, 0.0, 0.0, 0.0, 0.0, 0.0, 0.0, 0.0, -1, 0.0594059405940594, 0.0, 0.02702702702702703, 0.02, 0.0, 0.0, 0.0, -1, -1, -1, 0.0, 0.0, 0.0, 0.0, 0.0, 0.0, 0.0, 0.0, -1, -1, -1, 0.0, 0.0, -1, 0.0, 0.0, 0.11764705882352941, 0.0, 0.06451612903225806, 0.07633587786259542, 0.444, 0.08571428571428572, 0.0, 0.08695652173913043, 0.0, -1, 0.0), (0.047619047619047616, 0.09090909090909091, 0.18181818181818182, 0.1, 0.1, 0.2, 0.0, 0.058823529411764705, 0.16666666666666666, 0.0, -1, -1, 0.0, -1, 0.0, 0.0, 0.5, 0.08620689655172414, -1, 0.029411764705882353, 0.05555555555555555, 0.0, 0.011904761904761904, 0.0, -1, -1, -1, 0.0, 0.0, 0.0, 0.0, 0.0, 0.2, 0.125, -1, -1, 0.0, -1, -1, -1, 0.0, -1, 0.07142857142857142, 0.2727272727272727, -1, 0.13636363636363635, 0.09090909090909091, 0.4195804195804196, 0.21212121212121213, 0.0, 0.10344827586206896, 0.0, -1, -1), (0.04419889502762431, 0.125, 0.2, 0.36363636363636365, 0.18181818181818182, 0.3333333333333333, 0.15384615384615385, 0.4444444444444444, 0.22727272727272727, 0.0, 0.0, 0.0, 0.0, 0.0, 0.0, -1, 0.0, 0.027624309392265192, -1, 0.041666666666666664, 0.022222222222222223, 0.0, 0.014925373134328358, 0.044444444444444446, -1, 0.0, 0.0, -1, 0.0, 1.0, 0.0, 0.0, 0.0, 0.2, 0.0, -1, -1, 0.0, -1, 1.0, -1, -1, 0.1875, 0.2857142857142857, 0.0, 0.0, 0.11242603550295859, 0.42083333333333334, 0.2, -1, 0.03571428571428571, -1, -1, 0.0), (0.03592814371257485, 0.1, 0.35714285714285715, 0.125, 0.25, 0.25, 0.125, 0.18181818181818182, 0.125, 0.0, -1, 0.3333333333333333, 0.0, 0.0, 0.0, 0.0, 0.0, 0.06666666666666667, -1, 0.022222222222222223, 0.08108108108108109, -1, 0.0, 0.0, -1, -1, 0.0, 0.0, 0.0, 0.0, 0.0, 0.0, 0.0, 0.16666666666666666, 0.0, -1, -1, 0.0, 0.0, 0.5, 0.0, 0.0, 0.09090909090909091, 0.4375, 0.0, 0.08, 0.0625, 0.4426877470355731, 0.1276595744680851, 0.0, 0.10344827586206896, -1, -1, 0.0), (0.04430379746835443, 0.25, 0.18181818181818182, 0.15384615384615385, 0.16666666666666666, 0.09523809523809523, 0.16666666666666666, 0.09090909090909091, 0.09090909090909091, 0.0, 0.0, 0.0, 0.0, -1, 0.0, 0.0, 0.0, 0.07317073170731707, 0.0, 0.0, 0.06521739130434782, 0.0, 0.03389830508474576, 0.023809523809523808, -1, -1, -1, 0.0, 0.0, 0.0, -1, 0.0, 0.0, 0.0, 0.0, 0.0, 0.0, -1, 0.0, -1, -1, 0.0, 0.4375, 0.0, 0.0, 0.0, 0.11377245508982035, 0.401673640167364, 0.2, 0.0, 0.043478260869565216, -1, -1, 0.0), (0.028409090909090908, 0.07692307692307693, 0.14285714285714285, 0.07692307692307693, 0.0625, 0.26666666666666666, 0.1, 0.0, 0.06666666666666667, 0.0, 0.0, 0.0, 0.0, 0.0, 0.0, 0.0, 0.0, 0.05847953216374269, -1, 0.034482758620689655, 0.0, 0.0, 0.03076923076923077, 0.015873015873015872, -1, -1, 0.0, 0.0, 0.0, 0.5, -1, 0.0, 0.0, 0.0, -1, -1, -1, -1, -1, 0.0, 0.0, -1, 0.0, 0.18181818181818182, -1, 0.0967741935483871, 0.05747126436781609, 0.3728813559322034, 0.15789473684210525, 0.0, 0.08695652173913043, 0.0, 0.0, -1), (0.06111111111111111, 0.15384615384615385, 0.23076923076923078, 0.16666666666666666, 0.08333333333333333, 0.1, 0.07692307692307693, 0.07692307692307693, 0.125, 0.0, -1, -1, 0.0, 0.0, -1, 0.0, 0.0, 0.06818181818181818, -1, 0.0, 0.017241379310344827, -1, 0.014925373134328358, 0.0196078431372549, 0.0, 0.0, -1, -1, 0.0, -1, 0.0, 0.0, 0.25, 0.2222222222222222, 0.0, -1, 0.0, -1, 0.0, 0.0, 0.0, 0.0, 0.09090909090909091, 0.42857142857142855, -1, 0.05263157894736842, 0.07894736842105263, 0.41568627450980394, 0.23076923076923078, 0.0, 0.043478260869565216, 0.0, -1, 0.0), (0.05421686746987952, 0.14285714285714285, 0.36363636363636365, 0.0, 0.08333333333333333, 0.06666666666666667, 0.16666666666666666, 0.3333333333333333, 0.16666666666666666, 0.0, -1, 0.0, 0.0, 0.0, 0.0, 0.0, 0.5, 0.08379888268156424, -1, 0.0, 0.019230769230769232, 0.0, 0.029411764705882353, 0.0, -1, -1, -1, -1, 0.0, -1, 0.0, 0.0, 0.0, 0.0, 0.0, -1, -1, -1, 0.0, -1, 0.0, -1, 0.42857142857142855, 0.16666666666666666, 0.0, 0.12, 0.10457516339869281, 0.32342007434944237, 0.15789473684210525, 0.0, 0.037037037037037035, -1, -1, 0.0), (0.0425531914893617, 0.0, 0.05263157894736842, 0.21428571428571427, 0.0, 0.18181818181818182, 0.1, 0.15384615384615385, 0.1111111111111111, 0.0, -1, 0.0, 0.0, 0.0, 0.0, -1, 0.3333333333333333, 0.07179487179487179, 0.0, 0.0392156862745098, 0.023255813953488372, 0.0, 0.014492753623188406, 0.0, -1, 0.0, -1, -1, 0.0, 0.0, 0.0, 0.0, 0.0, 0.42857142857142855, -1, -1, -1, 0.0, 0.0, 0.0, 0.0, -1, 0.15384615384615385, 0.08333333333333333, 0.0, 0.12121212121212122, 0.06707317073170732, 0.4117647058823529, 0.16666666666666666, -1, 0.07692307692307693, -1, -1, -1), (0.04597701149425287, 0.08333333333333333, 0.0, 0.13333333333333333, 0.11764705882352941, 0.125, 0.2, 0.16666666666666666, 0.0, 0.0, -1, 0.0, 0.0, 0.0, 0.0, 0.0, -1, 0.06666666666666667, -1, 0.0, 0.020833333333333332, -1, 0.015384615384615385, 0.03278688524590164, -1, 0.0, 0.0, -1, 0.058823529411764705, -1, 0.0, 0.0, 0.0, 0.3333333333333333, 0.5, 0.0, 0.0, -1, -1, 0.3333333333333333, -1, -1, 0.07142857142857142, 0.2727272727272727, -1, 0.06896551724137931, 0.06451612903225806, 0.3543307086614173, 0.17777777777777778, 0.0, 0.11764705882352941, 0.0, -1, -1), (0.05405405405405406, 0.35714285714285715, 0.11764705882352941, 0.125, 0.1111111111111111, 0.125, 0.0, 0.3, 0.2857142857142857, 0.0, 0.0, 0.0, -1, 0.0, -1, -1, 0.0, 0.05172413793103448, -1, 0.02, 0.02127659574468085, -1, 0.0, 0.0, -1, 0.0, -1, -1, 0.0, 0.0, 0.0, 0.0, 0.0, 0.0, -1, -1, -1, -1, -1, 0.0, -1, 0.0, 0.21428571428571427, 0.25, -1, 0.2777777777777778, 0.04225352112676056, 0.3656716417910448, 0.17857142857142858, -1, 0.28, -1, -1, -1), (0.03355704697986577, 0.3333333333333333, 0.10526315789473684, 0.0, 0.15384615384615385, 0.3, 0.1111111111111111, 0.09090909090909091, 0.23076923076923078, 0.0, 0.0, 0.0, -1, -1, 0.0, -1, 0.0, 0.056179775280898875, 0.0, 0.05714285714285714, 0.019230769230769232, 0.0, 0.03333333333333333, 0.02, -1, 0.0, -1, -1, 0.0, -1, 0.0, 0.0, 0.125, 0.16666666666666666, 0.5, 0.5, -1, -1, -1, -1, -1, -1, 0.15384615384615385, 0.29411764705882354, 0.0, 0.037037037037037035, 0.08536585365853659, 0.3603238866396761, 0.16666666666666666, 0.0, 0.0, -1, -1, -1), (0.03225806451612903, 0.0, 0.15384615384615385, 0.0, 0.06666666666666667, 0.09090909090909091, 0.10526315789473684, 0.0, 0.0, 0.0, 0.0, 0.0, 0.0, 0.0, 0.0, 0.0, -1, 0.059880239520958084, 0.0, 0.02631578947368421, 0.03225806451612903, 0.0, 0.02127659574468085, 0.023255813953488372, -1, 0.0, 0.0, 0.0, 0.0, 0.0, 0.0, 0.0, 0.0, 0.4, 0.0, -1, 0.0, -1, -1, 0.0, 0.0, -1, 0.15384615384615385, 0.5555555555555556, -1, 0.07692307692307693, 0.10059171597633136, 0.37551020408163266, 0.11428571428571428, 0.0, 0.16666666666666666, 0.0, -1, -1), (0.029069767441860465, 0.24, 0.1, 0.1111111111111111, 0.0, 0.3333333333333333, 0.22727272727272727, 0.16666666666666666, 0.35714285714285715, 0.0, -1, -1, 0.0, 0.0, 0.0, -1, 0.0, 0.11386138613861387, 0.0, 0.0, 0.0, -1, 0.02702702702702703, 0.0, -1, -1, -1, -1, 0.05263157894736842, 0.0, 0.0, 0.0, 0.0, 0.5, 0.0, 0.0, -1, -1, -1, 0.0, -1, 0.0, 0.3, 0.3333333333333333, -1, 0.05555555555555555, 0.09302325581395349, 0.37549407114624506, 0.32432432432432434, 0.0, 0.09375, 0.0, -1, -1), (0.054945054945054944, 0.0, 0.07692307692307693, 0.1, 0.2, 0.13636363636363635, 0.0625, 0.0, 0.16666666666666666, 0.0, -1, 1.0, 0.0, 0.0, 0.0, 0.0, 0.0, 0.04891304347826087, -1, 0.1111111111111111, 0.020833333333333332, 0.0, 0.014084507042253521, 0.017241379310344827, -1, -1, -1, -1, 0.0, 0.0, 0.0, 0.0, 0.0, 0.0, -1, -1, -1, 0.0, -1, 0.0, -1, -1, 0.15384615384615385, 0.5384615384615384, 0.0, 0.1875, 0.11834319526627218, 0.37037037037037035, 0.21052631578947367, 0.0, 0.13043478260869565, -1, -1, -1), (0.04093567251461988, 0.375, 0.06666666666666667, 0.1111111111111111, 0.08333333333333333, 0.14285714285714285, 0.14285714285714285, 0.1111111111111111, 0.26666666666666666, 0.0, 0.0, 0.0, 0.0, 0.2, 0.0, 0.0, -1, 0.07253886010362694, 0.0, 0.0625, 0.018518518518518517, -1, 0.013333333333333334, 0.017543859649122806, -1, -1, 0.0, -1, 0.0, 0.0, 0.0, 0.0, 0.0, 0.0, 0.0, -1, 0.0, 0.0, -1, 0.0, -1, 0.0, 0.16666666666666666, 0.23076923076923078, -1, 0.08333333333333333, 0.11724137931034483, 0.42063492063492064, 0.15151515151515152, -1, 0.125, 0.0, -1, -1), (0.04678362573099415, 0.1875, 0.23529411764705882, 0.1, 0.0, 0.06666666666666667, 0.09090909090909091, 0.07692307692307693, 0.3076923076923077, 0.0, 0.0, 0.5, 0.0, -1, 0.0, -1, -1, 0.05056179775280899, -1, 0.02631578947368421, 0.029411764705882353, 0.0, 0.0, 0.0, -1, 0.0, -1, -1, 0.0, 0.5, 0.0, 0.0, 0.0, 0.0, -1, 0.0, 0.0, 0.0, 0.0, 0.0, -1, -1, 0.16666666666666666, 0.07142857142857142, -1, 0.08333333333333333, 0.050955414012738856, 0.36015325670498083, 0.24444444444444444, -1, 0.08, -1, -1, 0.0), (0.03896103896103896, 0.25, 0.1111111111111111, 0.0, 0.2222222222222222, 0.07692307692307693, 0.0, 0.08333333333333333, 0.0, 0.0, 0.0, 0.0, -1, 0.0, -1, 0.0, -1, 0.07537688442211055, 0.0, 0.0, 0.023255813953488372, -1, 0.04395604395604396, 0.01639344262295082, -1, -1, -1, 0.0, 0.0, 0.5, 0.0, 0.0, 0.0, 0.0, -1, 0.0, 0.0, 0.0, -1, 0.0, 1.0, 0.0, 0.1875, 0.14285714285714285, -1, 0.03225806451612903, 0.07228915662650602, 0.4247787610619469, 0.15789473684210525, -1, 0.0, 0.0, -1, -1), (0.033707865168539325, 0.15384615384615385, 0.2, 0.23076923076923078, 0.1111111111111111, 0.18181818181818182, 0.05555555555555555, 0.07142857142857142, 0.07692307692307693, 0.0, 0.0, 0.5, -1, -1, 0.0, 0.0, 0.3333333333333333, 0.07650273224043716, -1, 0.0, 0.023255813953488372, 0.0, 0.04878048780487805, 0.0, -1, -1, -1, -1, 0.0, 0.25, 0.0, 0.0, 0.0, 0.0, 0.0, 0.0, 0.0, 0.0, -1, 0.0, -1, 0.0, 0.3333333333333333, 0.07692307692307693, -1, 0.034482758620689655, 0.0979020979020979, 0.36929460580912865, 0.07142857142857142, 0.0, 0.13333333333333333, 0.0, -1, 0.0), (0.0410958904109589, 0.08333333333333333, 0.07692307692307693, 0.125, 0.25, 0.15, 0.0, 0.125, 0.05, 0.0, 0.0, 0.0, -1, -1, -1, 0.0, 0.0, 0.08791208791208792, 0.0, 0.03125, 0.017241379310344827, 0.0, 0.012658227848101266, 0.03076923076923077, -1, -1, -1, -1, 0.0, 0.0, -1, 0.0, 0.0, 0.0, 0.0, -1, -1, -1, -1, 0.2, -1, 0.0, 0.1111111111111111, 0.18181818181818182, -1, 0.038461538461538464, 0.08571428571428572, 0.3891402714932127, 0.2619047619047619, 0.0, 0.125, -1, -1, -1), (0.06329113924050633, 0.2727272727272727, 0.08333333333333333, 0.14285714285714285, 0.1111111111111111, 0.0, 0.2222222222222222, 0.0, 0.15384615384615385, 0.0, 0.0, 0.0, 0.0, -1, -1, -1, 0.0, 0.07272727272727272, -1, 0.0, 0.12, 0.0, 0.013888888888888888, 0.01818181818181818, -1, 0.0, -1, -1, 0.05, 0.0, 0.0, -1, 0.2, 0.0, 0.0, 0.0, 0.0, -1, -1, 0.0, -1, 0.0, 0.1875, 0.125, 0.0, 0.047619047619047616, 0.08571428571428572, 0.3868312757201646, 0.275, 0.0, 0.041666666666666664, 0.0, -1, -1), (0.05063291139240506, 0.0, 0.09090909090909091, 0.2727272727272727, 0.14285714285714285, 0.1, 0.3333333333333333, 0.2, 0.09090909090909091, 0.0, -1, 0.0, 0.0, -1, 0.0, -1, -1, 0.07179487179487179, -1, 0.03125, 0.019230769230769232, 0.0, 0.012987012987012988, 0.0, -1, 0.0, 0.0, -1, 0.0, 0.0, 0.0, -1, 0.0, 0.0, 0.0, 0.0, 0.0, -1, -1, 0.0, 0.0, 0.0, 0.13333333333333333, 0.23076923076923078, -1, 0.038461538461538464, 0.08609271523178808, 0.4204946996466431, 0.2894736842105263, -1, 0.11764705882352941, 0.0, -1, -1), (0.056962025316455694, 0.375, 0.0, 0.1111111111111111, 0.1875, 0.3076923076923077, 0.0625, 0.1, 0.21428571428571427, 0.0, 0.0, -1, 0.0, -1, -1, 0.0, 0.0, 0.07647058823529412, 0.0, 0.0, 0.0, 0.0, 0.011363636363636364, 0.0, -1, -1, -1, -1, 0.0, 0.0, 0.0, 0.0, 0.0, 0.25, 0.0, 0.0, -1, -1, -1, 0.0, -1, -1, 0.13333333333333333, 0.25, 0.0, 0.05, 0.08695652173913043, 0.3493975903614458, 0.10810810810810811, 0.0, 0.0, -1, -1, 0.0)]
 - Error break down:
{0: '_PAD', 1: '_GO', 2: '_EOS', 3: '_UNK', 4: '~', 5: 'e', 6: 't', 7: 'n', 8: 'i', 9: 'r', 10: 's', 11: 'o', 12: 'a', 13: 'd', 14: 'h', 15: 'u', 16: 'l', 17: 'm', 18: 'c', 19: 'f', 20: 'y', 21: 'g', 22: 'p', 23: '#CON', 24: '-', 25: '#QUC', 26: 'v', 27: 'b', 28: '1', 29: 'w', 30: '#CLO', 31: '#UOM', 32: '.', 33: '2', 34: '0', 35: '3', 36: 'k', 37: '4', 38: '5', 39: 'x', 40: '6', 41: '7', 42: '8', 43: '9', 44: '#ORD', 45: '#MOR', 46: '#TOP', 47: ':', 48: 'q', 49: '#YOC', 50: '/', 51: '#GPO', 52: 'z', 53: '#EXS', 54: '#ENS', 55: "'", 56: '#ITJ', 57: 'j', 58: '#TTL', 59: '#EPG', 60: '#ENG', 61: '#EPS', 62: '#EFT', 63: '#EPT', 64: '#EXG', 65: '#EFG', 66: '#ENT', 67: '#EXT', 68: '#SUB', 69: '\xc2\xb3', 70: '#GRE', 71: '\xc2\xb2', 72: '#DEC', 73: '\xc2\xb5', 74: '#AND', 75: 'X', 76: '#COO', 77: '#NOT', 78: '\xcf\x89', 79: '#MOY', 80: '#DIS', 81: '#NOW', 82: '\xc2\xb0', 83: '#DOM', 84: '#DOW', 85: '#XCL', 86: '%', 87: '#NEC', 88: '#HES', 89: '#QUE', 90: '#REF', 91: '#HAS', 92: '#IMP', 93: '#PRO', 94: '\xc3\xa9', 95: '#PST', 96: '#EMP', 97: '#DST', 98: '#FUT', 99: '#POS', 100: '#ALT', 101: '#APP', 102: '#NIL', 103: '#PRX', 104: '#BUT', 105: '#PFT', 106: '\xe2\x82\x82', 107: '\xe2\x81\xb4', 108: '\xe2\x80\xb0', 109: ',', 110: 'A', 111: '\xc3\xa5', 112: '\xc3\xa3', 113: '\xc3\xa7', 114: '#DEF', 115: '#BOT', 116: ';', 117: '\xe2\x82\x80', 118: '#EQA', 119: '\xe2\x82\x85', 120: '\xe2\x82\x81', 121: '\xc2\xba', 122: '\xc3\xb8', 123: '\xce\xb3', 124: 'I'}
   + Tag: #CLO has error rate: 0.0464797317891 (305 out of 6562)
   + Tag: #ENG has error rate: 0.156976744186 (81 out of 516)
   + Tag: #EPS has error rate: 0.136734693878 (67 out of 490)
   + Tag: #EFT has error rate: 0.150655021834 (69 out of 458)
   + Tag: #EPT has error rate: 0.128787878788 (68 out of 528)
   + Tag: #EXG has error rate: 0.147286821705 (76 out of 516)
   + Tag: #EFG has error rate: 0.14453125 (74 out of 512)
   + Tag: #ENT has error rate: 0.126530612245 (62 out of 490)
   + Tag: #EXT has error rate: 0.15291750503 (76 out of 497)
   + Tag: #SUB has error rate: 0.0 (0 out of 231)
   + Tag: #DOM has error rate: 0.0 (0 out of 57)
   + Tag: #DIS has error rate: 0.106666666667 (8 out of 75)
   + Tag: #NOW has error rate: 0.0 (0 out of 79)
   + Tag: #PRO has error rate: 0.0322580645161 (1 out of 31)
   + Tag: #NEC has error rate: 0.0 (0 out of 43)
   + Tag: #DOW has error rate: 0.0 (0 out of 43)
   + Tag: #XCL has error rate: 0.204545454545 (9 out of 44)
   + Tag: #QUC has error rate: 0.0723569610076 (540 out of 7463)
   + Tag: #IMP has error rate: 0.0 (0 out of 33)
   + Tag: #YOC has error rate: 0.0200626959248 (32 out of 1595)
   + Tag: #TOP has error rate: 0.0225112556278 (45 out of 1999)
   + Tag: #PST has error rate: 0.0 (0 out of 43)
   + Tag: #ORD has error rate: 0.019198383294 (57 out of 2969)
   + Tag: #MOR has error rate: 0.0127840909091 (27 out of 2112)
   + Tag: #EQA has error rate: 0.0 (0 out of 2)
   + Tag: #DST has error rate: 0.0 (0 out of 22)
   + Tag: #PFT has error rate: 0.0 (0 out of 17)
   + Tag: #BUT has error rate: 0.0 (0 out of 14)
   + Tag: #ITJ has error rate: 0.00772626931567 (7 out of 906)
   + Tag: #NOT has error rate: 0.105882352941 (9 out of 85)
   + Tag: #COO has error rate: 0.0 (0 out of 91)
   + Tag: #AND has error rate: 0.0 (0 out of 106)
   + Tag: #DEC has error rate: 0.039603960396 (8 out of 202)
   + Tag: #GRE has error rate: 0.141509433962 (30 out of 212)
   + Tag: #HAS has error rate: 0.136363636364 (6 out of 44)
   + Tag: #REF has error rate: 0.230769230769 (9 out of 39)
   + Tag: #ALT has error rate: 0.0 (0 out of 27)
   + Tag: #APP has error rate: 0.0 (0 out of 27)
   + Tag: #NIL has error rate: 0.1875 (3 out of 16)
   + Tag: #MOY has error rate: 0.0694444444444 (5 out of 72)
   + Tag: #EMP has error rate: 0.0434782608696 (1 out of 23)
   + Tag: #POS has error rate: 0.0 (0 out of 24)
   + Tag: #EPG has error rate: 0.169556840077 (88 out of 519)
   + Tag: #TTL has error rate: 0.21824686941 (122 out of 559)
   + Tag: #FUT has error rate: 0.0 (0 out of 28)
   + Tag: #ENS has error rate: 0.0684931506849 (65 out of 949)
   + Tag: #UOM has error rate: 0.0860442420299 (529 out of 6148)
   + Tag: #CON has error rate: 0.379365878208 (3769 out of 9935)
   + Tag: #GPO has error rate: 0.169811320755 (252 out of 1484)
   + Tag: #HES has error rate: 0.0 (0 out of 40)
   + Tag: #EXS has error rate: 0.0852156057495 (83 out of 974)
   + Tag: #QUE has error rate: 0.0 (0 out of 34)
   + Tag: #DEF has error rate: 0.0 (0 out of 2)
   + Tag: #PRX has error rate: 0.0 (0 out of 13)
