Reading model parameters from ../models/chkpnt_010/translate.ckpt-5400
Started evaluating model on test data.
Started thread 0 with 1250 records.
Started thread 1 with 1250 records.
Started thread 2 with 1250 records.
Started thread 3 with 1250 records.
Started thread 4 with 1250 records.
Started thread 5 with 1250 records.
Started thread 6 with 1250 records.
Started thread 7 with 1250 records.
Started thread 8 with 1250 records.
Started thread 9 with 1250 records.
Started thread 10 with 1250 records.
Started thread 11 with 1250 records.
Started thread 12 with 1250 records.
Started thread 13 with 1250 records.
Started thread 14 with 1250 records.
Started thread 15 with 1250 records.
Started thread 16 with 1250 records.
Started thread 17 with 1250 records.
Started thread 18 with 1250 records.
Started thread 19 with 1250 records.
Started thread 20 with 1250 records.
Started thread 21 with 1250 records.
Started thread 22 with 1250 records.
Started thread 23 with 1250 records.
Started thread 24 with 1250 records.
Started thread 25 with 1250 records.
Started thread 26 with 1250 records.
Started thread 27 with 1250 records.
Started thread 28 with 1250 records.
Started thread 29 with 1250 records.
Started thread 30 with 1250 records.
Started thread 31 with 1250 records.
Started thread 32 with 1250 records.
Started thread 33 with 1250 records.
Started thread 34 with 1250 records.
Started thread 35 with 1250 records.
Started thread 36 with 1250 records.
Started thread 37 with 1250 records.
Started thread 38 with 1250 records.
Started thread 39 with 1250 records.
Evaluator 31 processed 1000 recs.
Evaluator 19 processed 1000 recs.
Evaluator 2 processed 1000 recs.
Evaluator 14 processed 1000 recs.
Evaluator 26 processed 1000 recs.
Evaluator 11 processed 1000 recs.
Evaluator 3 processed 1000 recs.
Evaluator 16 processed 1000 recs.
Evaluator 5 processed 1000 recs.
Evaluator 28 processed 1000 recs.
Evaluator 1 processed 1000 recs.
Evaluator 10 processed 1000 recs.
Evaluator 37 processed 1000 recs.
Evaluator 29 processed 1000 recs.
Evaluator 0 processed 1000 recs.
Evaluator 22 processed 1000 recs.
Evaluator 27 processed 1000 recs.
Evaluator 17 processed 1000 recs.
Evaluator 38 processed 1000 recs.
Evaluator 13 processed 1000 recs.
Evaluator 39 processed 1000 recs.
Evaluator 35 processed 1000 recs.
Evaluator 6 processed 1000 recs.
Evaluator 21 processed 1000 recs.
Evaluator 15 processed 1000 recs.
Evaluator 24 processed 1000 recs.
Evaluator 20 processed 1000 recs.
Evaluator 9 processed 1000 recs.
Evaluator 36 processed 1000 recs.
Evaluator 8 processed 1000 recs.
Evaluator 25 processed 1000 recs.
Evaluator 32 processed 1000 recs.
Evaluator 30 processed 1000 recs.
Evaluator 23 processed 1000 recs.
Evaluator 12 processed 1000 recs.
Evaluator 33 processed 1000 recs.
Evaluator 18 processed 1000 recs.
Evaluator 7 processed 1000 recs.
Evaluator: 31 finished. Result: 1005.0 correct out of 1250
Evaluator 4 processed 1000 recs.
Evaluator 34 processed 1000 recs.
Evaluator: 14 finished. Result: 1022.0 correct out of 1250
Evaluator: 19 finished. Result: 998.0 correct out of 1250
Evaluator: 11 finished. Result: 1017.0 correct out of 1250
Evaluator: 26 finished. Result: 1030.0 correct out of 1250
Evaluator: 2 finished. Result: 1024.0 correct out of 1250
Evaluator: 16 finished. Result: 1019.0 correct out of 1250
Evaluator: 1 finished. Result: 1028.0 correct out of 1250
Evaluator: 10 finished. Result: 1005.0 correct out of 1250
Evaluator: 3 finished. Result: 1031.0 correct out of 1250
Evaluator: 5 finished. Result: 995.0 correct out of 1250
Evaluator: 28 finished. Result: 1005.0 correct out of 1250
Evaluator: 0 finished. Result: 1028.0 correct out of 1250
Evaluator: 22 finished. Result: 1022.0 correct out of 1250
Evaluator: 29 finished. Result: 1008.0 correct out of 1250
Evaluator: 37 finished. Result: 1022.0 correct out of 1250
Evaluator: 27 finished. Result: 1009.0 correct out of 1250
Evaluator: 17 finished. Result: 1023.0 correct out of 1250
Evaluator: 39 finished. Result: 1016.0 correct out of 1250
Evaluator: 38 finished. Result: 1003.0 correct out of 1250
Evaluator: 6 finished. Result: 1034.0 correct out of 1250
Evaluator: 13 finished. Result: 1012.0 correct out of 1250
Evaluator: 21 finished. Result: 1021.0 correct out of 1250
Evaluator: 20 finished. Result: 1009.0 correct out of 1250
Evaluator: 35 finished. Result: 1020.0 correct out of 1250
Evaluator: 24 finished. Result: 1041.0 correct out of 1250
Evaluator: 9 finished. Result: 1030.0 correct out of 1250
Evaluator: 8 finished. Result: 1003.0 correct out of 1250
Evaluator: 36 finished. Result: 1040.0 correct out of 1250
Evaluator: 15 finished. Result: 1016.0 correct out of 1250
Evaluator: 25 finished. Result: 1023.0 correct out of 1250
Evaluator: 12 finished. Result: 1005.0 correct out of 1250
Evaluator: 32 finished. Result: 1016.0 correct out of 1250
Evaluator: 23 finished. Result: 1016.0 correct out of 1250
Evaluator: 33 finished. Result: 1019.0 correct out of 1250
Evaluator: 18 finished. Result: 1038.0 correct out of 1250
Evaluator: 30 finished. Result: 1020.0 correct out of 1250
Evaluator: 7 finished. Result: 1032.0 correct out of 1250
Evaluator: 34 finished. Result: 1039.0 correct out of 1250
Evaluator: 4 finished. Result: 1001.0 correct out of 1250
RESULT REPORT:\N - Result matrix: 
[[ 1028.  1250.]
 [ 1028.  1250.]
 [ 1024.  1250.]
 [ 1031.  1250.]
 [ 1001.  1250.]
 [  995.  1250.]
 [ 1034.  1250.]
 [ 1032.  1250.]
 [ 1003.  1250.]
 [ 1030.  1250.]
 [ 1005.  1250.]
 [ 1017.  1250.]
 [ 1005.  1250.]
 [ 1012.  1250.]
 [ 1022.  1250.]
 [ 1016.  1250.]
 [ 1019.  1250.]
 [ 1023.  1250.]
 [ 1038.  1250.]
 [  998.  1250.]
 [ 1009.  1250.]
 [ 1021.  1250.]
 [ 1022.  1250.]
 [ 1016.  1250.]
 [ 1041.  1250.]
 [ 1023.  1250.]
 [ 1030.  1250.]
 [ 1009.  1250.]
 [ 1005.  1250.]
 [ 1008.  1250.]
 [ 1020.  1250.]
 [ 1005.  1250.]
 [ 1016.  1250.]
 [ 1019.  1250.]
 [ 1039.  1250.]
 [ 1020.  1250.]
 [ 1040.  1250.]
 [ 1022.  1250.]
 [ 1003.  1250.]
 [ 1016.  1250.]]
 - Sum: [ 40745.  50000.]
 - Correct: 40745.0 out of 50000.0
 - Accuracy: 0.8149
ThdID: 0, ErrCnt: Counter({'40': 48, '17': 21, '48': 20, '20': 19, '47': 15, '52': 13, '56': 12, '46': 12, '51': 11, '55': 8, '50': 8, '53': 8, '54': 8, '58': 7, '57': 6, '43': 6})
ThdID: 0, TotCnt: Counter({'17': 424, '20': 313, '40': 95, '43': 83, '47': 50, '46': 34, '56': 28, '52': 28, '48': 27, '55': 27, '53': 22, '54': 21, '58': 21, '50': 20, '57': 17, '51': 17, '60': 11, '67': 4, '65': 4, '66': 4})
ThdID: 0, sumErrCnt: Counter({'40': 48, '17': 21, '48': 20, '20': 19, '47': 15, '52': 13, '56': 12, '46': 12, '51': 11, '55': 8, '50': 8, '53': 8, '54': 8, '58': 7, '57': 6, '43': 6})
ThdID: 0, sumTotCnt: Counter({'17': 424, '20': 313, '40': 95, '43': 83, '47': 50, '46': 34, '56': 28, '52': 28, '48': 27, '55': 27, '53': 22, '54': 21, '58': 21, '50': 20, '57': 17, '51': 17, '60': 11, '67': 4, '65': 4, '66': 4})
ThdID: 1, ErrCnt: Counter({'40': 43, '17': 30, '20': 26, '48': 17, '47': 15, '46': 14, '56': 12, '52': 12, '50': 12, '51': 7, '55': 7, '54': 7, '53': 7, '57': 6, '58': 5, '43': 2})
ThdID: 1, TotCnt: Counter({'17': 438, '20': 310, '40': 109, '43': 68, '47': 47, '46': 35, '48': 29, '57': 26, '50': 26, '52': 24, '53': 23, '54': 22, '56': 21, '51': 20, '58': 18, '55': 16, '60': 13, '67': 2, '65': 2, '66': 1})
ThdID: 1, sumErrCnt: Counter({'40': 91, '17': 51, '20': 45, '48': 37, '47': 30, '46': 26, '52': 25, '56': 24, '50': 20, '51': 18, '55': 15, '53': 15, '54': 15, '57': 12, '58': 12, '43': 8})
ThdID: 1, sumTotCnt: Counter({'17': 862, '20': 623, '40': 204, '43': 151, '47': 97, '46': 69, '48': 56, '52': 52, '56': 49, '50': 46, '53': 45, '54': 43, '57': 43, '55': 43, '58': 39, '51': 37, '60': 24, '65': 6, '67': 6, '66': 5})
ThdID: 2, ErrCnt: Counter({'20': 37, '40': 36, '17': 33, '48': 22, '46': 20, '47': 12, '52': 12, '54': 9, '51': 7, '50': 7, '55': 6, '57': 6, '56': 6, '58': 6, '53': 4, '43': 3})
ThdID: 2, TotCnt: Counter({'17': 432, '20': 324, '40': 103, '43': 63, '46': 55, '47': 43, '48': 35, '54': 28, '50': 26, '51': 25, '57': 23, '52': 21, '53': 20, '58': 15, '55': 13, '56': 12, '60': 6, '65': 4, '67': 1, '66': 1})
ThdID: 2, sumErrCnt: Counter({'40': 127, '17': 84, '20': 82, '48': 59, '46': 46, '47': 42, '52': 37, '56': 30, '50': 27, '51': 25, '54': 24, '55': 21, '53': 19, '57': 18, '58': 18, '43': 11})
ThdID: 2, sumTotCnt: Counter({'17': 1294, '20': 947, '40': 307, '43': 214, '47': 140, '46': 124, '48': 91, '52': 73, '50': 72, '54': 71, '57': 66, '53': 65, '51': 62, '56': 61, '55': 56, '58': 54, '60': 30, '65': 10, '67': 7, '66': 6})
ThdID: 3, ErrCnt: Counter({'40': 48, '48': 28, '17': 27, '20': 18, '46': 17, '57': 10, '55': 9, '50': 9, '53': 9, '51': 8, '52': 7, '58': 7, '43': 6, '54': 6, '47': 5, '56': 5})
ThdID: 3, TotCnt: Counter({'17': 451, '20': 271, '40': 112, '43': 79, '46': 53, '47': 39, '48': 34, '50': 30, '57': 26, '58': 23, '51': 22, '54': 21, '52': 21, '53': 19, '55': 17, '56': 14, '60': 10, '65': 4, '66': 3, '67': 1})
ThdID: 3, sumErrCnt: Counter({'40': 175, '17': 111, '20': 100, '48': 87, '46': 63, '47': 47, '52': 44, '50': 36, '56': 35, '51': 33, '55': 30, '54': 30, '57': 28, '53': 28, '58': 25, '43': 17})
ThdID: 3, sumTotCnt: Counter({'17': 1745, '20': 1218, '40': 419, '43': 293, '47': 179, '46': 177, '48': 125, '50': 102, '52': 94, '54': 92, '57': 92, '51': 84, '53': 84, '58': 77, '56': 75, '55': 73, '60': 40, '65': 14, '66': 9, '67': 8})
ThdID: 4, ErrCnt: Counter({'40': 40, '17': 36, '48': 36, '20': 30, '46': 13, '52': 12, '56': 11, '54': 10, '47': 10, '58': 9, '55': 9, '43': 9, '57': 8, '50': 6, '51': 5, '53': 5})
ThdID: 4, TotCnt: Counter({'17': 458, '20': 301, '40': 100, '43': 72, '48': 45, '47': 35, '46': 34, '56': 28, '52': 27, '54': 23, '57': 23, '50': 23, '55': 22, '58': 19, '53': 13, '51': 10, '60': 8, '66': 4, '67': 3, '65': 2})
ThdID: 4, sumErrCnt: Counter({'40': 215, '17': 147, '20': 130, '48': 123, '46': 76, '47': 57, '52': 56, '56': 46, '50': 42, '54': 40, '55': 39, '51': 38, '57': 36, '58': 34, '53': 33, '43': 26})
ThdID: 4, sumTotCnt: Counter({'17': 2203, '20': 1519, '40': 519, '43': 365, '47': 214, '46': 211, '48': 170, '50': 125, '52': 121, '54': 115, '57': 115, '56': 103, '53': 97, '58': 96, '55': 95, '51': 94, '60': 48, '65': 16, '66': 13, '67': 11})
ThdID: 5, ErrCnt: Counter({'40': 47, '17': 31, '20': 23, '48': 22, '47': 18, '51': 16, '55': 15, '52': 13, '54': 11, '58': 10, '53': 9, '46': 8, '57': 8, '56': 8, '43': 8, '50': 7, '67': 1})
ThdID: 5, TotCnt: Counter({'17': 423, '20': 283, '40': 106, '43': 91, '47': 41, '48': 34, '55': 33, '46': 32, '53': 28, '51': 26, '57': 25, '52': 24, '58': 23, '54': 22, '56': 21, '50': 16, '60': 10, '66': 6, '65': 5, '67': 1})
ThdID: 5, sumErrCnt: Counter({'40': 262, '17': 178, '20': 153, '48': 145, '46': 84, '47': 75, '52': 69, '55': 54, '56': 54, '51': 54, '54': 51, '50': 49, '57': 44, '58': 44, '53': 42, '43': 34, '67': 1})
ThdID: 5, sumTotCnt: Counter({'17': 2626, '20': 1802, '40': 625, '43': 456, '47': 255, '46': 243, '48': 204, '52': 145, '50': 141, '57': 140, '54': 137, '55': 128, '53': 125, '56': 124, '51': 120, '58': 119, '60': 58, '65': 21, '66': 19, '67': 12})
ThdID: 6, ErrCnt: Counter({'40': 37, '48': 26, '17': 18, '46': 16, '20': 15, '50': 13, '47': 12, '51': 12, '53': 12, '55': 11, '57': 9, '56': 8, '52': 8, '43': 7, '54': 6, '58': 6})
ThdID: 6, TotCnt: Counter({'17': 440, '20': 289, '40': 91, '43': 78, '48': 46, '46': 44, '47': 36, '50': 30, '55': 28, '53': 27, '58': 25, '57': 24, '52': 20, '56': 19, '51': 19, '54': 16, '60': 8, '66': 5, '65': 3, '67': 2})
ThdID: 6, sumErrCnt: Counter({'40': 299, '17': 196, '48': 171, '20': 168, '46': 100, '47': 87, '52': 77, '51': 66, '55': 65, '56': 62, '50': 62, '54': 57, '53': 54, '57': 53, '58': 50, '43': 41, '67': 1})
ThdID: 6, sumTotCnt: Counter({'17': 3066, '20': 2091, '40': 716, '43': 534, '47': 291, '46': 287, '48': 250, '50': 171, '52': 165, '57': 164, '55': 156, '54': 153, '53': 152, '58': 144, '56': 143, '51': 139, '60': 66, '65': 24, '66': 24, '67': 14})
ThdID: 7, ErrCnt: Counter({'40': 47, '17': 31, '20': 27, '48': 17, '47': 14, '57': 12, '56': 12, '54': 10, '51': 9, '46': 7, '52': 7, '50': 5, '55': 5, '53': 5, '58': 5, '43': 3, '67': 2})
ThdID: 7, TotCnt: Counter({'17': 412, '20': 313, '40': 115, '43': 85, '47': 53, '46': 29, '48': 27, '58': 26, '52': 25, '54': 24, '57': 23, '56': 22, '51': 21, '50': 19, '53': 17, '55': 15, '60': 13, '67': 6, '65': 3, '66': 2})
ThdID: 7, sumErrCnt: Counter({'40': 346, '17': 227, '20': 195, '48': 188, '46': 107, '47': 101, '52': 84, '51': 75, '56': 74, '55': 70, '54': 67, '50': 67, '57': 65, '53': 59, '58': 55, '43': 44, '67': 3})
ThdID: 7, sumTotCnt: Counter({'17': 3478, '20': 2404, '40': 831, '43': 619, '47': 344, '46': 316, '48': 277, '52': 190, '50': 190, '57': 187, '54': 177, '55': 171, '58': 170, '53': 169, '56': 165, '51': 160, '60': 79, '65': 27, '66': 26, '67': 20})
ThdID: 8, ErrCnt: Counter({'40': 47, '17': 32, '48': 25, '20': 19, '46': 19, '47': 16, '52': 13, '56': 12, '55': 11, '57': 10, '53': 10, '50': 9, '58': 8, '51': 6, '43': 5, '54': 5})
ThdID: 8, TotCnt: Counter({'17': 452, '20': 286, '40': 97, '43': 62, '46': 50, '47': 44, '48': 35, '53': 26, '58': 24, '56': 24, '51': 24, '52': 23, '57': 22, '55': 22, '54': 20, '50': 17, '60': 15, '66': 4, '65': 2, '67': 1})
ThdID: 8, sumErrCnt: Counter({'40': 393, '17': 259, '20': 214, '48': 213, '46': 126, '47': 117, '52': 97, '56': 86, '55': 81, '51': 81, '50': 76, '57': 75, '54': 72, '53': 69, '58': 63, '43': 49, '67': 3})
ThdID: 8, sumTotCnt: Counter({'17': 3930, '20': 2690, '40': 928, '43': 681, '47': 388, '46': 366, '48': 312, '52': 213, '57': 209, '50': 207, '54': 197, '53': 195, '58': 194, '55': 193, '56': 189, '51': 184, '60': 94, '66': 30, '65': 29, '67': 21})
ThdID: 9, ErrCnt: Counter({'40': 47, '48': 32, '17': 27, '46': 16, '20': 15, '47': 11, '51': 10, '53': 10, '55': 8, '56': 8, '54': 7, '50': 7, '58': 6, '57': 6, '43': 5, '52': 5})
ThdID: 9, TotCnt: Counter({'17': 450, '20': 278, '40': 111, '43': 88, '46': 49, '47': 46, '48': 40, '55': 24, '56': 23, '58': 22, '54': 20, '50': 20, '53': 20, '51': 18, '52': 17, '57': 13, '66': 5, '60': 3, '65': 3})
ThdID: 9, sumErrCnt: Counter({'40': 440, '17': 286, '48': 245, '20': 229, '46': 142, '47': 128, '52': 102, '56': 94, '51': 91, '55': 89, '50': 83, '57': 81, '54': 79, '53': 79, '58': 69, '43': 54, '67': 3})
ThdID: 9, sumTotCnt: Counter({'17': 4380, '20': 2968, '40': 1039, '43': 769, '47': 434, '46': 415, '48': 352, '52': 230, '50': 227, '57': 222, '54': 217, '55': 217, '58': 216, '53': 215, '56': 212, '51': 202, '60': 97, '66': 35, '65': 32, '67': 21})
ThdID: 10, ErrCnt: Counter({'40': 42, '48': 34, '17': 32, '20': 24, '46': 19, '47': 16, '55': 13, '51': 13, '57': 9, '54': 9, '52': 8, '58': 8, '56': 6, '50': 6, '43': 3, '53': 3})
ThdID: 10, TotCnt: Counter({'17': 434, '20': 318, '40': 101, '43': 73, '48': 48, '47': 45, '46': 42, '52': 28, '50': 22, '57': 21, '55': 20, '51': 20, '54': 20, '56': 13, '53': 13, '58': 13, '60': 7, '65': 6, '66': 5, '67': 1})
ThdID: 10, sumErrCnt: Counter({'40': 482, '17': 318, '48': 279, '20': 253, '46': 161, '47': 144, '52': 110, '51': 104, '55': 102, '56': 100, '57': 90, '50': 89, '54': 88, '53': 82, '58': 77, '43': 57, '67': 3})
ThdID: 10, sumTotCnt: Counter({'17': 4814, '20': 3286, '40': 1140, '43': 842, '47': 479, '46': 457, '48': 400, '52': 258, '50': 249, '57': 243, '54': 237, '55': 237, '58': 229, '53': 228, '56': 225, '51': 222, '60': 104, '66': 40, '65': 38, '67': 22})
ThdID: 11, ErrCnt: Counter({'40': 52, '17': 36, '20': 33, '48': 16, '57': 15, '46': 11, '47': 10, '58': 9, '51': 9, '52': 7, '53': 7, '55': 6, '43': 6, '54': 6, '56': 5, '50': 5})
ThdID: 11, TotCnt: Counter({'17': 446, '20': 302, '40': 111, '43': 86, '47': 44, '46': 43, '57': 27, '54': 26, '50': 24, '48': 23, '55': 20, '51': 17, '56': 16, '52': 15, '60': 14, '53': 13, '58': 12, '67': 4, '65': 4, '66': 3})
ThdID: 11, sumErrCnt: Counter({'40': 534, '17': 354, '48': 295, '20': 286, '46': 172, '47': 154, '52': 117, '51': 113, '55': 108, '57': 105, '56': 105, '54': 94, '50': 94, '53': 89, '58': 86, '43': 63, '67': 3})
ThdID: 11, sumTotCnt: Counter({'17': 5260, '20': 3588, '40': 1251, '43': 928, '47': 523, '46': 500, '48': 423, '52': 273, '50': 273, '57': 270, '54': 263, '55': 257, '56': 241, '53': 241, '58': 241, '51': 239, '60': 118, '66': 43, '65': 42, '67': 26})
ThdID: 12, ErrCnt: Counter({'40': 41, '17': 38, '48': 29, '20': 27, '46': 17, '47': 15, '56': 12, '55': 11, '57': 10, '53': 9, '54': 9, '58': 6, '50': 6, '43': 6, '51': 4, '52': 4, '65': 1})
ThdID: 12, TotCnt: Counter({'17': 442, '20': 307, '40': 102, '43': 76, '46': 50, '47': 47, '48': 37, '57': 26, '58': 25, '55': 22, '51': 19, '56': 18, '54': 18, '53': 16, '50': 16, '52': 13, '60': 7, '65': 4, '67': 3, '66': 2})
ThdID: 12, sumErrCnt: Counter({'40': 575, '17': 392, '48': 324, '20': 313, '46': 189, '47': 169, '52': 121, '55': 119, '56': 117, '51': 117, '57': 115, '54': 103, '50': 100, '53': 98, '58': 92, '43': 69, '67': 3, '65': 1})
ThdID: 12, sumTotCnt: Counter({'17': 5702, '20': 3895, '40': 1353, '43': 1004, '47': 570, '46': 550, '48': 460, '57': 296, '50': 289, '52': 286, '54': 281, '55': 279, '58': 266, '56': 259, '51': 258, '53': 257, '60': 125, '65': 46, '66': 45, '67': 29})
ThdID: 13, ErrCnt: Counter({'40': 49, '17': 31, '20': 25, '48': 25, '46': 14, '47': 13, '57': 12, '58': 11, '51': 10, '53': 10, '54': 9, '56': 8, '50': 7, '43': 5, '52': 4, '55': 3, '67': 1, '65': 1})
ThdID: 13, TotCnt: Counter({'17': 425, '20': 304, '40': 112, '43': 68, '48': 40, '46': 39, '47': 36, '56': 30, '57': 25, '58': 24, '53': 23, '51': 22, '50': 22, '54': 18, '52': 18, '55': 17, '60': 13, '65': 7, '67': 5, '66': 2})
ThdID: 13, sumErrCnt: Counter({'40': 624, '17': 423, '48': 349, '20': 338, '46': 203, '47': 182, '57': 127, '51': 127, '56': 125, '52': 125, '55': 122, '54': 112, '53': 108, '50': 107, '58': 103, '43': 74, '67': 4, '65': 2})
ThdID: 13, sumTotCnt: Counter({'17': 6127, '20': 4199, '40': 1465, '43': 1072, '47': 606, '46': 589, '48': 500, '57': 321, '50': 311, '52': 304, '54': 299, '55': 296, '58': 290, '56': 289, '51': 280, '53': 280, '60': 138, '65': 53, '66': 47, '67': 34})
ThdID: 14, ErrCnt: Counter({'40': 48, '20': 28, '17': 24, '48': 24, '46': 22, '50': 11, '52': 9, '43': 8, '53': 8, '47': 7, '51': 7, '54': 7, '58': 7, '57': 6, '56': 6, '55': 5, '67': 1})
ThdID: 14, TotCnt: Counter({'17': 440, '20': 306, '40': 112, '43': 75, '46': 51, '48': 39, '47': 30, '50': 26, '52': 25, '53': 22, '54': 20, '57': 18, '55': 17, '56': 17, '58': 17, '51': 15, '60': 12, '67': 3, '65': 3, '66': 2})
ThdID: 14, sumErrCnt: Counter({'40': 672, '17': 447, '48': 373, '20': 366, '46': 225, '47': 189, '51': 134, '52': 134, '57': 133, '56': 131, '55': 127, '54': 119, '50': 118, '53': 116, '58': 110, '43': 82, '67': 5, '65': 2})
ThdID: 14, sumTotCnt: Counter({'17': 6567, '20': 4505, '40': 1577, '43': 1147, '46': 640, '47': 636, '48': 539, '57': 339, '50': 337, '52': 329, '54': 319, '55': 313, '58': 307, '56': 306, '53': 302, '51': 295, '60': 150, '65': 56, '66': 49, '67': 37})
ThdID: 15, ErrCnt: Counter({'40': 41, '20': 33, '48': 32, '17': 25, '47': 18, '46': 14, '57': 9, '53': 9, '51': 7, '56': 7, '50': 7, '52': 7, '55': 7, '54': 7, '43': 6, '58': 4, '67': 1})
ThdID: 15, TotCnt: Counter({'17': 420, '20': 295, '40': 106, '43': 98, '47': 48, '48': 46, '46': 46, '57': 22, '50': 22, '52': 21, '56': 20, '51': 20, '53': 20, '55': 19, '54': 14, '58': 13, '60': 7, '65': 6, '66': 5, '67': 2})
ThdID: 15, sumErrCnt: Counter({'40': 713, '17': 472, '48': 405, '20': 399, '46': 239, '47': 207, '57': 142, '51': 141, '52': 141, '56': 138, '55': 134, '54': 126, '50': 125, '53': 125, '58': 114, '43': 88, '67': 6, '65': 2})
ThdID: 15, sumTotCnt: Counter({'17': 6987, '20': 4800, '40': 1683, '43': 1245, '46': 686, '47': 684, '48': 585, '57': 361, '50': 359, '52': 350, '54': 333, '55': 332, '56': 326, '53': 322, '58': 320, '51': 315, '60': 157, '65': 62, '66': 54, '67': 39})
ThdID: 16, ErrCnt: Counter({'40': 52, '48': 35, '17': 25, '20': 18, '46': 17, '56': 12, '57': 10, '51': 9, '53': 9, '47': 9, '55': 7, '54': 7, '58': 7, '50': 5, '43': 5, '52': 4})
ThdID: 16, TotCnt: Counter({'17': 455, '20': 294, '40': 124, '43': 65, '48': 49, '46': 43, '56': 28, '47': 27, '51': 26, '58': 23, '57': 22, '54': 18, '52': 17, '50': 16, '53': 16, '55': 15, '60': 7, '67': 4, '65': 1})
ThdID: 16, sumErrCnt: Counter({'40': 765, '17': 497, '48': 440, '20': 417, '46': 256, '47': 216, '57': 152, '56': 150, '51': 150, '52': 145, '55': 141, '53': 134, '54': 133, '50': 130, '58': 121, '43': 93, '67': 6, '65': 2})
ThdID: 16, sumTotCnt: Counter({'17': 7442, '20': 5094, '40': 1807, '43': 1310, '46': 729, '47': 711, '48': 634, '57': 383, '50': 375, '52': 367, '56': 354, '54': 351, '55': 347, '58': 343, '51': 341, '53': 338, '60': 164, '65': 63, '66': 54, '67': 43})
ThdID: 17, ErrCnt: Counter({'40': 41, '17': 27, '48': 24, '20': 21, '47': 17, '50': 14, '57': 12, '52': 11, '53': 10, '54': 10, '46': 9, '58': 9, '51': 7, '56': 7, '55': 4, '43': 4})
ThdID: 17, TotCnt: Counter({'17': 459, '20': 299, '40': 91, '43': 64, '47': 45, '48': 34, '46': 33, '53': 30, '58': 27, '57': 26, '50': 25, '55': 23, '52': 20, '56': 18, '54': 17, '51': 14, '60': 11, '65': 7, '67': 4, '66': 3})
ThdID: 17, sumErrCnt: Counter({'40': 806, '17': 524, '48': 464, '20': 438, '46': 265, '47': 233, '57': 164, '56': 157, '51': 157, '52': 156, '55': 145, '50': 144, '53': 144, '54': 143, '58': 130, '43': 97, '67': 6, '65': 2})
ThdID: 17, sumTotCnt: Counter({'17': 7901, '20': 5393, '40': 1898, '43': 1374, '46': 762, '47': 756, '48': 668, '57': 409, '50': 400, '52': 387, '56': 372, '55': 370, '58': 370, '54': 368, '53': 368, '51': 355, '60': 175, '65': 70, '66': 57, '67': 47})
ThdID: 18, ErrCnt: Counter({'40': 36, '17': 26, '48': 19, '20': 18, '47': 13, '57': 13, '56': 12, '51': 12, '43': 11, '46': 11, '50': 8, '58': 7, '54': 7, '55': 6, '53': 6, '52': 6, '65': 1})
ThdID: 18, TotCnt: Counter({'17': 441, '20': 303, '43': 95, '40': 81, '47': 46, '46': 39, '48': 31, '50': 27, '51': 26, '57': 24, '52': 23, '58': 23, '56': 20, '54': 17, '55': 16, '53': 16, '60': 9, '65': 8, '66': 3, '67': 2})
ThdID: 18, sumErrCnt: Counter({'40': 842, '17': 550, '48': 483, '20': 456, '46': 276, '47': 246, '57': 177, '56': 169, '51': 169, '52': 162, '50': 152, '55': 151, '54': 150, '53': 150, '58': 137, '43': 108, '67': 6, '65': 3})
ThdID: 18, sumTotCnt: Counter({'17': 8342, '20': 5696, '40': 1979, '43': 1469, '47': 802, '46': 801, '48': 699, '57': 433, '50': 427, '52': 410, '58': 393, '56': 392, '55': 386, '54': 385, '53': 384, '51': 381, '60': 184, '65': 78, '66': 60, '67': 49})
ThdID: 19, ErrCnt: Counter({'40': 48, '20': 36, '17': 34, '48': 28, '46': 16, '57': 14, '52': 14, '58': 11, '53': 9, '47': 8, '51': 8, '55': 7, '56': 7, '54': 4, '50': 4, '43': 3, '67': 1})
ThdID: 19, TotCnt: Counter({'17': 454, '20': 295, '40': 100, '43': 75, '46': 53, '48': 40, '47': 36, '57': 28, '55': 22, '58': 22, '51': 20, '52': 20, '54': 19, '56': 17, '50': 17, '53': 17, '60': 5, '65': 4, '67': 3, '66': 3})
ThdID: 19, sumErrCnt: Counter({'40': 890, '17': 584, '48': 511, '20': 492, '46': 292, '47': 254, '57': 191, '51': 177, '56': 176, '52': 176, '53': 159, '55': 158, '50': 156, '54': 154, '58': 148, '43': 111, '67': 7, '65': 3})
ThdID: 19, sumTotCnt: Counter({'17': 8796, '20': 5991, '40': 2079, '43': 1544, '46': 854, '47': 838, '48': 739, '57': 461, '50': 444, '52': 430, '58': 415, '56': 409, '55': 408, '54': 404, '51': 401, '53': 401, '60': 189, '65': 82, '66': 63, '67': 52})
ThdID: 20, ErrCnt: Counter({'40': 51, '20': 31, '17': 24, '48': 23, '46': 14, '52': 14, '55': 14, '53': 12, '50': 12, '47': 10, '51': 9, '43': 9, '58': 6, '56': 5, '54': 4, '57': 3})
ThdID: 20, TotCnt: Counter({'17': 418, '20': 306, '40': 120, '43': 80, '46': 46, '47': 41, '48': 38, '50': 26, '53': 24, '52': 23, '55': 23, '51': 20, '56': 19, '57': 18, '54': 17, '58': 14, '60': 9, '66': 5, '67': 3})
ThdID: 20, sumErrCnt: Counter({'40': 941, '17': 608, '48': 534, '20': 523, '46': 306, '47': 264, '57': 194, '52': 190, '51': 186, '56': 181, '55': 172, '53': 171, '50': 168, '54': 158, '58': 154, '43': 120, '67': 7, '65': 3})
ThdID: 20, sumTotCnt: Counter({'17': 9214, '20': 6297, '40': 2199, '43': 1624, '46': 900, '47': 879, '48': 777, '57': 479, '50': 470, '52': 453, '55': 431, '58': 429, '56': 428, '53': 425, '54': 421, '51': 421, '60': 198, '65': 82, '66': 68, '67': 55})
ThdID: 21, ErrCnt: Counter({'48': 33, '20': 31, '40': 30, '17': 28, '46': 20, '47': 14, '58': 13, '57': 10, '54': 9, '51': 8, '52': 8, '50': 7, '53': 7, '43': 5, '55': 4, '56': 2})
ThdID: 21, TotCnt: Counter({'17': 448, '20': 291, '40': 92, '43': 76, '46': 49, '48': 42, '47': 41, '58': 29, '51': 26, '55': 23, '50': 21, '53': 21, '54': 20, '52': 19, '57': 18, '56': 17, '60': 6, '66': 5, '65': 4, '67': 2})
ThdID: 21, sumErrCnt: Counter({'40': 971, '17': 636, '48': 567, '20': 554, '46': 326, '47': 278, '57': 204, '52': 198, '51': 194, '56': 183, '53': 178, '55': 176, '50': 175, '54': 167, '58': 167, '43': 125, '67': 7, '65': 3})
ThdID: 21, sumTotCnt: Counter({'17': 9662, '20': 6588, '40': 2291, '43': 1700, '46': 949, '47': 920, '48': 819, '57': 497, '50': 491, '52': 472, '58': 458, '55': 454, '51': 447, '53': 446, '56': 445, '54': 441, '60': 204, '65': 86, '66': 73, '67': 57})
ThdID: 22, ErrCnt: Counter({'40': 62, '48': 27, '20': 19, '17': 19, '47': 14, '46': 13, '50': 13, '52': 11, '57': 9, '55': 9, '53': 9, '54': 8, '43': 5, '56': 4, '51': 3, '58': 3})
ThdID: 22, TotCnt: Counter({'17': 426, '20': 311, '40': 120, '43': 87, '46': 45, '48': 37, '47': 34, '52': 24, '53': 22, '57': 21, '55': 21, '50': 21, '51': 20, '54': 16, '58': 15, '56': 13, '60': 7, '66': 4, '67': 4, '65': 2})
ThdID: 22, sumErrCnt: Counter({'40': 1033, '17': 655, '48': 594, '20': 573, '46': 339, '47': 292, '57': 213, '52': 209, '51': 197, '50': 188, '56': 187, '53': 187, '55': 185, '54': 175, '58': 170, '43': 130, '67': 7, '65': 3})
ThdID: 22, sumTotCnt: Counter({'17': 10088, '20': 6899, '40': 2411, '43': 1787, '46': 994, '47': 954, '48': 856, '57': 518, '50': 512, '52': 496, '55': 475, '58': 473, '53': 468, '51': 467, '56': 458, '54': 457, '60': 211, '65': 88, '66': 77, '67': 61})
ThdID: 23, ErrCnt: Counter({'40': 50, '17': 33, '48': 31, '20': 22, '46': 13, '51': 12, '56': 11, '47': 11, '50': 10, '43': 9, '54': 7, '55': 6, '58': 6, '57': 5, '52': 5, '53': 3})
ThdID: 23, TotCnt: Counter({'17': 443, '20': 289, '40': 118, '43': 71, '48': 50, '46': 41, '47': 41, '51': 30, '50': 27, '54': 23, '52': 22, '56': 18, '58': 18, '57': 16, '55': 16, '53': 12, '60': 7, '66': 4, '65': 3, '67': 1})
ThdID: 23, sumErrCnt: Counter({'40': 1083, '17': 688, '48': 625, '20': 595, '46': 352, '47': 303, '57': 218, '52': 214, '51': 209, '56': 198, '50': 198, '55': 191, '53': 190, '54': 182, '58': 176, '43': 139, '67': 7, '65': 3})
ThdID: 23, sumTotCnt: Counter({'17': 10531, '20': 7188, '40': 2529, '43': 1858, '46': 1035, '47': 995, '48': 906, '50': 539, '57': 534, '52': 518, '51': 497, '55': 491, '58': 491, '54': 480, '53': 480, '56': 476, '60': 218, '65': 91, '66': 81, '67': 62})
ThdID: 24, ErrCnt: Counter({'40': 40, '17': 29, '48': 25, '20': 18, '47': 16, '56': 13, '50': 9, '53': 9, '57': 8, '46': 8, '52': 8, '55': 7, '54': 6, '58': 6, '51': 5, '43': 2})
ThdID: 24, TotCnt: Counter({'17': 449, '20': 305, '40': 100, '43': 69, '47': 46, '46': 45, '48': 40, '56': 29, '53': 29, '52': 24, '57': 19, '51': 18, '58': 16, '50': 15, '54': 14, '55': 14, '60': 9, '65': 4, '67': 4, '66': 1})
ThdID: 24, sumErrCnt: Counter({'40': 1123, '17': 717, '48': 650, '20': 613, '46': 360, '47': 319, '57': 226, '52': 222, '51': 214, '56': 211, '50': 207, '53': 199, '55': 198, '54': 188, '58': 182, '43': 141, '67': 7, '65': 3})
ThdID: 24, sumTotCnt: Counter({'17': 10980, '20': 7493, '40': 2629, '43': 1927, '46': 1080, '47': 1041, '48': 946, '50': 554, '57': 553, '52': 542, '51': 515, '53': 509, '58': 507, '56': 505, '55': 505, '54': 494, '60': 227, '65': 95, '66': 82, '67': 66})
ThdID: 25, ErrCnt: Counter({'40': 43, '17': 31, '48': 28, '20': 26, '47': 14, '57': 12, '43': 9, '55': 9, '51': 8, '46': 8, '58': 8, '56': 7, '50': 7, '52': 7, '53': 5, '54': 5})
ThdID: 25, TotCnt: Counter({'17': 420, '20': 329, '40': 109, '43': 71, '48': 47, '46': 41, '47': 38, '57': 24, '55': 24, '53': 24, '58': 20, '54': 18, '50': 16, '52': 16, '56': 15, '51': 15, '60': 11, '65': 6, '66': 4, '67': 2})
ThdID: 25, sumErrCnt: Counter({'40': 1166, '17': 748, '48': 678, '20': 639, '46': 368, '47': 333, '57': 238, '52': 229, '51': 222, '56': 218, '50': 214, '55': 207, '53': 204, '54': 193, '58': 190, '43': 150, '67': 7, '65': 3})
ThdID: 25, sumTotCnt: Counter({'17': 11400, '20': 7822, '40': 2738, '43': 1998, '46': 1121, '47': 1079, '48': 993, '57': 577, '50': 570, '52': 558, '53': 533, '51': 530, '55': 529, '58': 527, '56': 520, '54': 512, '60': 238, '65': 101, '66': 86, '67': 68})
ThdID: 26, ErrCnt: Counter({'40': 53, '20': 22, '48': 19, '17': 17, '47': 16, '46': 13, '57': 12, '51': 9, '50': 9, '54': 9, '56': 8, '43': 8, '55': 7, '53': 6, '58': 6, '52': 5, '65': 1})
ThdID: 26, TotCnt: Counter({'17': 413, '20': 305, '40': 113, '43': 84, '47': 54, '46': 41, '48': 27, '57': 26, '55': 25, '54': 23, '50': 22, '56': 20, '51': 19, '53': 19, '58': 18, '52': 18, '60': 11, '66': 6, '65': 5, '67': 1})
ThdID: 26, sumErrCnt: Counter({'40': 1219, '17': 765, '48': 697, '20': 661, '46': 381, '47': 349, '57': 250, '52': 234, '51': 231, '56': 226, '50': 223, '55': 214, '53': 210, '54': 202, '58': 196, '43': 158, '67': 7, '65': 4})
ThdID: 26, sumTotCnt: Counter({'17': 11813, '20': 8127, '40': 2851, '43': 2082, '46': 1162, '47': 1133, '48': 1020, '57': 603, '50': 592, '52': 576, '55': 554, '53': 552, '51': 549, '58': 545, '56': 540, '54': 535, '60': 249, '65': 106, '66': 92, '67': 69})
ThdID: 27, ErrCnt: Counter({'40': 50, '48': 25, '20': 24, '17': 20, '46': 17, '47': 17, '57': 13, '50': 13, '56': 10, '51': 10, '53': 10, '52': 8, '55': 7, '54': 7, '58': 7, '43': 3})
ThdID: 27, TotCnt: Counter({'17': 426, '20': 301, '40': 111, '43': 63, '47': 46, '46': 44, '48': 41, '57': 35, '58': 25, '50': 24, '51': 23, '56': 21, '55': 21, '52': 21, '53': 20, '54': 18, '60': 5, '66': 3, '67': 1, '65': 1})
ThdID: 27, sumErrCnt: Counter({'40': 1269, '17': 785, '48': 722, '20': 685, '46': 398, '47': 366, '57': 263, '52': 242, '51': 241, '56': 236, '50': 236, '55': 221, '53': 220, '54': 209, '58': 203, '43': 161, '67': 7, '65': 4})
ThdID: 27, sumTotCnt: Counter({'17': 12239, '20': 8428, '40': 2962, '43': 2145, '46': 1206, '47': 1179, '48': 1061, '57': 638, '50': 616, '52': 597, '55': 575, '51': 572, '53': 572, '58': 570, '56': 561, '54': 553, '60': 254, '65': 107, '66': 95, '67': 70})
ThdID: 28, ErrCnt: Counter({'40': 50, '48': 30, '20': 25, '17': 25, '47': 17, '46': 15, '54': 12, '56': 11, '58': 10, '57': 10, '51': 10, '55': 8, '53': 8, '43': 6, '52': 5, '50': 2, '67': 1})
ThdID: 28, TotCnt: Counter({'17': 426, '20': 286, '40': 116, '43': 83, '47': 52, '46': 42, '48': 41, '56': 28, '54': 27, '58': 25, '55': 23, '57': 23, '52': 17, '53': 16, '51': 15, '50': 14, '60': 8, '65': 5, '66': 2, '67': 1})
ThdID: 28, sumErrCnt: Counter({'40': 1319, '17': 810, '48': 752, '20': 710, '46': 413, '47': 383, '57': 273, '51': 251, '56': 247, '52': 247, '50': 238, '55': 229, '53': 228, '54': 221, '58': 213, '43': 167, '67': 8, '65': 4})
ThdID: 28, sumTotCnt: Counter({'17': 12665, '20': 8714, '40': 3078, '43': 2228, '46': 1248, '47': 1231, '48': 1102, '57': 661, '50': 630, '52': 614, '55': 598, '58': 595, '56': 589, '53': 588, '51': 587, '54': 580, '60': 262, '65': 112, '66': 97, '67': 71})
ThdID: 29, ErrCnt: Counter({'40': 46, '20': 33, '48': 24, '17': 20, '46': 17, '55': 15, '47': 11, '58': 10, '56': 10, '50': 10, '43': 9, '54': 9, '53': 8, '57': 7, '51': 7, '52': 5, '65': 1})
ThdID: 29, TotCnt: Counter({'17': 412, '20': 327, '40': 103, '43': 76, '46': 44, '47': 40, '48': 36, '50': 34, '55': 29, '51': 26, '53': 22, '54': 22, '56': 18, '58': 17, '57': 15, '52': 13, '60': 9, '65': 3, '67': 2, '66': 2})
ThdID: 29, sumErrCnt: Counter({'40': 1365, '17': 830, '48': 776, '20': 743, '46': 430, '47': 394, '57': 280, '51': 258, '56': 257, '52': 252, '50': 248, '55': 244, '53': 236, '54': 230, '58': 223, '43': 176, '67': 8, '65': 5})
ThdID: 29, sumTotCnt: Counter({'17': 13077, '20': 9041, '40': 3181, '43': 2304, '46': 1292, '47': 1271, '48': 1138, '57': 676, '50': 664, '52': 627, '55': 627, '51': 613, '58': 612, '53': 610, '56': 607, '54': 602, '60': 271, '65': 115, '66': 99, '67': 73})
ThdID: 30, ErrCnt: Counter({'40': 51, '20': 30, '48': 24, '17': 17, '46': 17, '47': 16, '58': 10, '57': 8, '56': 8, '51': 8, '52': 8, '55': 8, '50': 8, '53': 7, '43': 5, '54': 4, '65': 1})
ThdID: 30, TotCnt: Counter({'17': 443, '20': 305, '40': 102, '43': 73, '47': 50, '46': 37, '48': 35, '57': 25, '58': 24, '51': 23, '56': 22, '52': 21, '55': 21, '50': 21, '53': 15, '54': 12, '60': 8, '66': 6, '65': 6, '67': 1})
ThdID: 30, sumErrCnt: Counter({'40': 1416, '17': 847, '48': 800, '20': 773, '46': 447, '47': 410, '57': 288, '51': 266, '56': 265, '52': 260, '50': 256, '55': 252, '53': 243, '54': 234, '58': 233, '43': 181, '67': 8, '65': 6})
ThdID: 30, sumTotCnt: Counter({'17': 13520, '20': 9346, '40': 3283, '43': 2377, '46': 1329, '47': 1321, '48': 1173, '57': 701, '50': 685, '52': 648, '55': 648, '51': 636, '58': 636, '56': 629, '53': 625, '54': 614, '60': 279, '65': 121, '66': 105, '67': 74})
ThdID: 31, ErrCnt: Counter({'40': 56, '17': 33, '20': 21, '53': 20, '48': 18, '58': 13, '46': 13, '47': 12, '57': 12, '51': 10, '50': 10, '55': 7, '56': 6, '43': 6, '54': 4, '52': 3, '67': 1})
ThdID: 31, TotCnt: Counter({'17': 457, '20': 270, '40': 107, '43': 83, '46': 37, '47': 35, '53': 35, '48': 31, '58': 29, '51': 26, '57': 24, '56': 23, '55': 23, '50': 20, '54': 16, '52': 15, '60': 10, '67': 4, '66': 3, '65': 2})
ThdID: 31, sumErrCnt: Counter({'40': 1472, '17': 880, '48': 818, '20': 794, '46': 460, '47': 422, '57': 300, '51': 276, '56': 271, '50': 266, '52': 263, '53': 263, '55': 259, '58': 246, '54': 238, '43': 187, '67': 9, '65': 6})
ThdID: 31, sumTotCnt: Counter({'17': 13977, '20': 9616, '40': 3390, '43': 2460, '46': 1366, '47': 1356, '48': 1204, '57': 725, '50': 705, '55': 671, '58': 665, '52': 663, '51': 662, '53': 660, '56': 652, '54': 630, '60': 289, '65': 123, '66': 108, '67': 78})
ThdID: 32, ErrCnt: Counter({'40': 40, '48': 27, '20': 26, '17': 25, '46': 14, '55': 13, '53': 13, '47': 11, '56': 11, '54': 10, '51': 9, '58': 8, '57': 8, '50': 8, '43': 6, '52': 5})
ThdID: 32, TotCnt: Counter({'17': 423, '20': 313, '40': 100, '43': 72, '46': 47, '48': 36, '47': 35, '53': 29, '56': 26, '54': 25, '50': 25, '58': 24, '52': 24, '55': 22, '51': 20, '57': 17, '60': 8, '66': 2, '65': 2})
ThdID: 32, sumErrCnt: Counter({'40': 1512, '17': 905, '48': 845, '20': 820, '46': 474, '47': 433, '57': 308, '51': 285, '56': 282, '53': 276, '50': 274, '55': 272, '52': 268, '58': 254, '54': 248, '43': 193, '67': 9, '65': 6})
ThdID: 32, sumTotCnt: Counter({'17': 14400, '20': 9929, '40': 3490, '43': 2532, '46': 1413, '47': 1391, '48': 1240, '57': 742, '50': 730, '55': 693, '58': 689, '53': 689, '52': 687, '51': 682, '56': 678, '54': 655, '60': 297, '65': 125, '66': 110, '67': 78})
ThdID: 33, ErrCnt: Counter({'40': 46, '17': 29, '48': 25, '20': 23, '47': 16, '55': 12, '53': 12, '46': 11, '50': 10, '58': 9, '51': 8, '43': 8, '57': 7, '52': 6, '54': 6, '56': 3})
ThdID: 33, TotCnt: Counter({'17': 415, '20': 307, '40': 115, '43': 78, '46': 43, '48': 42, '47': 39, '55': 27, '51': 27, '50': 23, '58': 22, '53': 22, '52': 20, '54': 19, '57': 18, '56': 15, '60': 7, '67': 4, '65': 4, '66': 3})
ThdID: 33, sumErrCnt: Counter({'40': 1558, '17': 934, '48': 870, '20': 843, '46': 485, '47': 449, '57': 315, '51': 293, '53': 288, '56': 285, '55': 284, '50': 284, '52': 274, '58': 263, '54': 254, '43': 201, '67': 9, '65': 6})
ThdID: 33, sumTotCnt: Counter({'17': 14815, '20': 10236, '40': 3605, '43': 2610, '46': 1456, '47': 1430, '48': 1282, '57': 760, '50': 753, '55': 720, '53': 711, '58': 711, '51': 709, '52': 707, '56': 693, '54': 674, '60': 304, '65': 129, '66': 113, '67': 82})
ThdID: 34, ErrCnt: Counter({'40': 36, '17': 26, '48': 21, '20': 18, '46': 17, '53': 13, '57': 12, '55': 11, '47': 11, '56': 9, '54': 9, '58': 7, '43': 7, '51': 6, '52': 5, '50': 3})
ThdID: 34, TotCnt: Counter({'17': 448, '20': 292, '40': 99, '43': 84, '46': 39, '47': 39, '48': 33, '53': 32, '57': 27, '55': 26, '54': 24, '56': 19, '58': 18, '51': 16, '50': 16, '52': 16, '60': 11, '67': 4, '65': 4, '66': 3})
ThdID: 34, sumErrCnt: Counter({'40': 1594, '17': 960, '48': 891, '20': 861, '46': 502, '47': 460, '57': 327, '53': 301, '51': 299, '55': 295, '56': 294, '50': 287, '52': 279, '58': 270, '54': 263, '43': 208, '67': 9, '65': 6})
ThdID: 34, sumTotCnt: Counter({'17': 15263, '20': 10528, '40': 3704, '43': 2694, '46': 1495, '47': 1469, '48': 1315, '57': 787, '50': 769, '55': 746, '53': 743, '58': 729, '51': 725, '52': 723, '56': 712, '54': 698, '60': 315, '65': 133, '66': 116, '67': 86})
ThdID: 35, ErrCnt: Counter({'40': 55, '17': 31, '48': 28, '20': 21, '46': 14, '55': 13, '56': 11, '53': 11, '47': 8, '51': 8, '50': 7, '57': 6, '58': 5, '43': 4, '54': 4, '52': 4})
ThdID: 35, TotCnt: Counter({'17': 444, '20': 299, '40': 104, '43': 66, '46': 43, '48': 42, '47': 38, '53': 32, '50': 26, '55': 24, '56': 23, '54': 23, '51': 20, '57': 17, '52': 15, '58': 13, '60': 12, '65': 6, '67': 2, '66': 1})
ThdID: 35, sumErrCnt: Counter({'40': 1649, '17': 991, '48': 919, '20': 882, '46': 516, '47': 468, '57': 333, '53': 312, '55': 308, '51': 307, '56': 305, '50': 294, '52': 283, '58': 275, '54': 267, '43': 212, '67': 9, '65': 6})
ThdID: 35, sumTotCnt: Counter({'17': 15707, '20': 10827, '40': 3808, '43': 2760, '46': 1538, '47': 1507, '48': 1357, '57': 804, '50': 795, '53': 775, '55': 770, '51': 745, '58': 742, '52': 738, '56': 735, '54': 721, '60': 327, '65': 139, '66': 117, '67': 88})
ThdID: 36, ErrCnt: Counter({'40': 43, '17': 33, '48': 24, '56': 14, '20': 13, '47': 13, '46': 12, '57': 9, '50': 9, '58': 9, '53': 6, '52': 6, '55': 5, '54': 5, '51': 4, '43': 4, '65': 1})
ThdID: 36, TotCnt: Counter({'17': 444, '20': 299, '40': 106, '43': 83, '46': 44, '47': 40, '48': 37, '56': 26, '58': 24, '50': 21, '52': 21, '57': 20, '55': 20, '53': 19, '51': 12, '60': 12, '54': 12, '65': 6, '67': 2, '66': 2})
ThdID: 36, sumErrCnt: Counter({'40': 1692, '17': 1024, '48': 943, '20': 895, '46': 528, '47': 481, '57': 342, '56': 319, '53': 318, '55': 313, '51': 311, '50': 303, '52': 289, '58': 284, '54': 272, '43': 216, '67': 9, '65': 7})
ThdID: 36, sumTotCnt: Counter({'17': 16151, '20': 11126, '40': 3914, '43': 2843, '46': 1582, '47': 1547, '48': 1394, '57': 824, '50': 816, '53': 794, '55': 790, '58': 766, '56': 761, '52': 759, '51': 757, '54': 733, '60': 339, '65': 145, '66': 119, '67': 90})
ThdID: 37, ErrCnt: Counter({'40': 44, '48': 33, '17': 24, '20': 18, '46': 15, '51': 11, '50': 11, '53': 10, '54': 9, '57': 9, '56': 9, '47': 9, '52': 8, '43': 6, '58': 6, '55': 5, '65': 1})
ThdID: 37, TotCnt: Counter({'17': 424, '20': 293, '40': 110, '43': 74, '46': 47, '47': 42, '48': 39, '50': 29, '51': 25, '54': 24, '55': 23, '56': 22, '52': 21, '53': 21, '57': 19, '58': 17, '60': 8, '65': 7, '67': 4, '66': 1})
ThdID: 37, sumErrCnt: Counter({'40': 1736, '17': 1048, '48': 976, '20': 913, '46': 543, '47': 490, '57': 351, '56': 328, '53': 328, '51': 322, '55': 318, '50': 314, '52': 297, '58': 290, '54': 281, '43': 222, '67': 9, '65': 8})
ThdID: 37, sumTotCnt: Counter({'17': 16575, '20': 11419, '40': 4024, '43': 2917, '46': 1629, '47': 1589, '48': 1433, '50': 845, '57': 843, '53': 815, '55': 813, '56': 783, '58': 783, '51': 782, '52': 780, '54': 757, '60': 347, '65': 152, '66': 120, '67': 94})
ThdID: 38, ErrCnt: Counter({'40': 55, '48': 29, '17': 28, '20': 22, '46': 21, '47': 18, '54': 13, '50': 12, '57': 10, '51': 7, '53': 7, '58': 7, '56': 6, '55': 5, '52': 4, '43': 3})
ThdID: 38, TotCnt: Counter({'17': 437, '20': 299, '40': 121, '43': 72, '47': 47, '48': 43, '46': 42, '53': 27, '54': 26, '57': 22, '56': 21, '50': 18, '51': 16, '52': 16, '58': 16, '55': 12, '60': 5, '65': 5, '67': 4, '66': 1})
ThdID: 38, sumErrCnt: Counter({'40': 1791, '17': 1076, '48': 1005, '20': 935, '46': 564, '47': 508, '57': 361, '53': 335, '56': 334, '51': 329, '50': 326, '55': 323, '52': 301, '58': 297, '54': 294, '43': 225, '67': 9, '65': 8})
ThdID: 38, sumTotCnt: Counter({'17': 17012, '20': 11718, '40': 4145, '43': 2989, '46': 1671, '47': 1636, '48': 1476, '57': 865, '50': 863, '53': 842, '55': 825, '56': 804, '58': 799, '51': 798, '52': 796, '54': 783, '60': 352, '65': 157, '66': 121, '67': 98})
ThdID: 39, ErrCnt: Counter({'40': 48, '48': 25, '20': 23, '17': 19, '46': 17, '57': 16, '56': 13, '52': 13, '54': 12, '53': 11, '55': 9, '47': 8, '51': 6, '50': 6, '58': 5, '43': 3})
ThdID: 39, TotCnt: Counter({'17': 403, '20': 314, '40': 117, '43': 76, '46': 45, '48': 33, '57': 31, '47': 30, '54': 27, '56': 25, '52': 25, '53': 24, '51': 23, '55': 18, '50': 18, '58': 18, '60': 12, '66': 5, '65': 4, '67': 2})
ThdID: 39, sumErrCnt: Counter({'40': 1839, '17': 1095, '48': 1030, '20': 958, '46': 581, '47': 516, '57': 377, '56': 347, '53': 346, '51': 335, '55': 332, '50': 332, '52': 314, '54': 306, '58': 302, '43': 228, '67': 9, '65': 8})
ThdID: 39, sumTotCnt: Counter({'17': 17415, '20': 12032, '40': 4262, '43': 3065, '46': 1716, '47': 1666, '48': 1509, '57': 896, '50': 881, '53': 866, '55': 843, '56': 829, '51': 821, '52': 821, '58': 817, '54': 810, '60': 364, '65': 161, '66': 126, '67': 100})
 - Calculated error matrix size: (40, 20).
 - Error matrix: [(0.06070287539936102, 0.7407407407407407, 0.049528301886792456, 0.35294117647058826, 0.38095238095238093, 0.35294117647058826, 0.42857142857142855, 0.6470588235294118, 0.07228915662650602, 0.5052631578947369, 0.4642857142857143, 0.0, 0.2962962962962963, 0.3, 0.0, 0.0, 0.0, 0.4, 0.36363636363636365, 0.3333333333333333), (0.08387096774193549, 0.5862068965517241, 0.0684931506849315, 0.4, 0.3181818181818182, 0.23076923076923078, 0.5714285714285714, 0.35, 0.029411764705882353, 0.3944954128440367, 0.5, 0.0, 0.4375, 0.3191489361702128, 0.0, 0.0, 0.0, 0.46153846153846156, 0.30434782608695654, 0.2777777777777778), (0.11419753086419752, 0.6285714285714286, 0.0763888888888889, 0.36363636363636365, 0.32142857142857145, 0.2608695652173913, 0.5, 0.28, 0.047619047619047616, 0.34951456310679613, 0.5714285714285714, 0.0, 0.46153846153846156, 0.27906976744186046, 0.0, 0.0, 0.0, 0.2692307692307692, 0.2, 0.4), (0.06642066420664207, 0.8235294117647058, 0.0598669623059867, 0.32075471698113206, 0.2857142857142857, 0.38461538461538464, 0.35714285714285715, 0.36363636363636365, 0.0759493670886076, 0.42857142857142855, 0.3333333333333333, 0.0, 0.5294117647058824, 0.1282051282051282, 0.0, 0.0, 0.0, 0.3, 0.47368421052631576, 0.30434782608695654), (0.09966777408637874, 0.8, 0.07860262008733625, 0.38235294117647056, 0.43478260869565216, 0.34782608695652173, 0.39285714285714285, 0.5, 0.125, 0.4, 0.4444444444444444, 0.0, 0.4090909090909091, 0.2857142857142857, 0.0, 0.0, 0.0, 0.2608695652173913, 0.38461538461538464, 0.47368421052631576), (0.0812720848056537, 0.6470588235294118, 0.07328605200945626, 0.25, 0.5, 0.32, 0.38095238095238093, 0.6153846153846154, 0.08791208791208792, 0.44339622641509435, 0.5416666666666666, 0.0, 0.45454545454545453, 0.43902439024390244, 0.0, 0.0, 1.0, 0.4375, 0.32142857142857145, 0.43478260869565216), (0.05190311418685121, 0.5652173913043478, 0.04090909090909091, 0.36363636363636365, 0.375, 0.375, 0.42105263157894735, 0.631578947368421, 0.08974358974358974, 0.4065934065934066, 0.4, 0.0, 0.39285714285714285, 0.3333333333333333, 0.0, 0.0, 0.0, 0.43333333333333335, 0.4444444444444444, 0.24), (0.08626198083067092, 0.6296296296296297, 0.07524271844660194, 0.2413793103448276, 0.4166666666666667, 0.5217391304347826, 0.5454545454545454, 0.42857142857142855, 0.03529411764705882, 0.40869565217391307, 0.28, 0.0, 0.3333333333333333, 0.2641509433962264, 0.0, 0.0, 0.3333333333333333, 0.2631578947368421, 0.29411764705882354, 0.19230769230769232), (0.06643356643356643, 0.7142857142857143, 0.07079646017699115, 0.38, 0.25, 0.45454545454545453, 0.5, 0.25, 0.08064516129032258, 0.4845360824742268, 0.5652173913043478, 0.0, 0.5, 0.36363636363636365, 0.0, 0.0, 0.0, 0.5294117647058824, 0.38461538461538464, 0.3333333333333333), (0.0539568345323741, 0.8, 0.06, 0.32653061224489793, 0.35, 0.46153846153846156, 0.34782608695652173, 0.5555555555555556, 0.056818181818181816, 0.42342342342342343, 0.29411764705882354, 0.0, 0.3333333333333333, 0.2391304347826087, 0.0, 0.0, -1, 0.35, 0.5, 0.2727272727272727), (0.07547169811320754, 0.7083333333333334, 0.07373271889400922, 0.4523809523809524, 0.45, 0.42857142857142855, 0.46153846153846156, 0.65, 0.0410958904109589, 0.4158415841584158, 0.2857142857142857, 0.0, 0.65, 0.35555555555555557, 0.0, 0.0, 0.0, 0.2727272727272727, 0.23076923076923078, 0.6153846153846154), (0.10927152317880795, 0.6956521739130435, 0.08071748878923767, 0.2558139534883721, 0.23076923076923078, 0.5555555555555556, 0.3125, 0.5294117647058824, 0.06976744186046512, 0.46846846846846846, 0.4666666666666667, 0.0, 0.3, 0.22727272727272727, 0.0, 0.0, 0.0, 0.20833333333333334, 0.5384615384615384, 0.75), (0.08794788273615635, 0.7837837837837838, 0.08597285067873303, 0.34, 0.5, 0.38461538461538464, 0.6666666666666666, 0.21052631578947367, 0.07894736842105263, 0.4019607843137255, 0.3076923076923077, 0.0, 0.5, 0.3191489361702128, 0.25, 0.0, 0.0, 0.375, 0.5625, 0.24), (0.08223684210526316, 0.625, 0.07294117647058823, 0.358974358974359, 0.5, 0.48, 0.26666666666666666, 0.45454545454545453, 0.07352941176470588, 0.4375, 0.2222222222222222, 0.0, 0.17647058823529413, 0.3611111111111111, 0.14285714285714285, 0.0, 0.2, 0.3181818181818182, 0.43478260869565216, 0.4583333333333333), (0.0915032679738562, 0.6153846153846154, 0.05454545454545454, 0.43137254901960786, 0.35, 0.3333333333333333, 0.35294117647058826, 0.4666666666666667, 0.10666666666666667, 0.42857142857142855, 0.36, 0.0, 0.29411764705882354, 0.23333333333333334, 0.0, 0.0, 0.3333333333333333, 0.4230769230769231, 0.36363636363636365, 0.4117647058823529), (0.11186440677966102, 0.6956521739130435, 0.05952380952380952, 0.30434782608695654, 0.5, 0.4090909090909091, 0.35, 0.35, 0.061224489795918366, 0.3867924528301887, 0.3333333333333333, 0.0, 0.3684210526315789, 0.375, 0.0, 0.0, 0.5, 0.3181818181818182, 0.45, 0.3076923076923077), (0.061224489795918366, 0.7142857142857143, 0.054945054945054944, 0.3953488372093023, 0.3888888888888889, 0.45454545454545453, 0.42857142857142855, 0.34615384615384615, 0.07692307692307693, 0.41935483870967744, 0.23529411764705882, 0.0, 0.4666666666666667, 0.3333333333333333, 0.0, -1, 0.0, 0.3125, 0.5625, 0.30434782608695654), (0.07023411371237458, 0.7058823529411765, 0.058823529411764705, 0.2727272727272727, 0.5882352941176471, 0.46153846153846156, 0.3888888888888889, 0.5, 0.0625, 0.45054945054945056, 0.55, 0.0, 0.17391304347826086, 0.37777777777777777, 0.0, 0.0, 0.0, 0.56, 0.3333333333333333, 0.3333333333333333), (0.0594059405940594, 0.6129032258064516, 0.05895691609977324, 0.28205128205128205, 0.4117647058823529, 0.5416666666666666, 0.6, 0.46153846153846156, 0.11578947368421053, 0.4444444444444444, 0.2608695652173913, 0.0, 0.375, 0.2826086956521739, 0.125, 0.0, 0.0, 0.2962962962962963, 0.375, 0.30434782608695654), (0.12203389830508475, 0.7, 0.07488986784140969, 0.3018867924528302, 0.21052631578947367, 0.5, 0.4117647058823529, 0.4, 0.04, 0.48, 0.7, 0.0, 0.3181818181818182, 0.2222222222222222, 0.0, 0.0, 0.3333333333333333, 0.23529411764705882, 0.5294117647058824, 0.5), (0.10130718954248366, 0.6052631578947368, 0.05741626794258373, 0.30434782608695654, 0.23529411764705882, 0.16666666666666666, 0.2631578947368421, 0.45, 0.1125, 0.425, 0.6086956521739131, 0.0, 0.6086956521739131, 0.24390243902439024, -1, 0.0, 0.0, 0.46153846153846156, 0.5, 0.42857142857142855), (0.10652920962199312, 0.7857142857142857, 0.0625, 0.40816326530612246, 0.45, 0.5555555555555556, 0.11764705882352941, 0.3076923076923077, 0.06578947368421052, 0.32608695652173914, 0.42105263157894735, 0.0, 0.17391304347826086, 0.34146341463414637, 0.0, 0.0, 0.0, 0.3333333333333333, 0.3333333333333333, 0.4482758620689655), (0.06109324758842444, 0.7297297297297297, 0.04460093896713615, 0.28888888888888886, 0.5, 0.42857142857142855, 0.3076923076923077, 0.15, 0.05747126436781609, 0.5166666666666667, 0.4583333333333333, 0.0, 0.42857142857142855, 0.4117647058823529, 0.0, 0.0, 0.0, 0.6190476190476191, 0.4090909090909091, 0.2), (0.07612456747404844, 0.62, 0.0744920993227991, 0.3170731707317073, 0.30434782608695654, 0.3125, 0.6111111111111112, 0.4, 0.1267605633802817, 0.423728813559322, 0.22727272727272727, 0.0, 0.375, 0.2682926829268293, 0.0, 0.0, 0.0, 0.37037037037037035, 0.25, 0.3333333333333333), (0.05901639344262295, 0.625, 0.0645879732739421, 0.17777777777777778, 0.42857142857142855, 0.42105263157894735, 0.4482758620689655, 0.2777777777777778, 0.028985507246376812, 0.4, 0.3333333333333333, 0.0, 0.5, 0.34782608695652173, 0.0, 0.0, 0.0, 0.6, 0.3103448275862069, 0.375), (0.0790273556231003, 0.5957446808510638, 0.07380952380952381, 0.1951219512195122, 0.2777777777777778, 0.5, 0.4666666666666667, 0.5333333333333333, 0.1267605633802817, 0.3944954128440367, 0.4375, 0.0, 0.375, 0.3684210526315789, 0.0, 0.0, 0.0, 0.4375, 0.20833333333333334, 0.4), (0.07213114754098361, 0.7037037037037037, 0.04116222760290557, 0.3170731707317073, 0.391304347826087, 0.46153846153846156, 0.4, 0.47368421052631576, 0.09523809523809523, 0.4690265486725664, 0.2777777777777778, 0.0, 0.28, 0.2962962962962963, 0.2, 0.0, 0.0, 0.4090909090909091, 0.3157894736842105, 0.3333333333333333), (0.07973421926910298, 0.6097560975609756, 0.046948356807511735, 0.38636363636363635, 0.3888888888888889, 0.37142857142857144, 0.47619047619047616, 0.43478260869565216, 0.047619047619047616, 0.45045045045045046, 0.38095238095238093, 0.0, 0.3333333333333333, 0.3695652173913043, 0.0, 0.0, 0.0, 0.5416666666666666, 0.5, 0.28), (0.08741258741258741, 0.7317073170731707, 0.05868544600938967, 0.35714285714285715, 0.4444444444444444, 0.43478260869565216, 0.39285714285714285, 0.6666666666666666, 0.07228915662650602, 0.43103448275862066, 0.29411764705882354, 0.0, 0.34782608695652173, 0.3269230769230769, 0.0, 0.0, 1.0, 0.14285714285714285, 0.5, 0.4), (0.10091743119266056, 0.6666666666666666, 0.04854368932038835, 0.38636363636363635, 0.4090909090909091, 0.4666666666666667, 0.5555555555555556, 0.2692307692307692, 0.11842105263157894, 0.44660194174757284, 0.38461538461538464, 0.0, 0.5172413793103449, 0.275, 0.3333333333333333, 0.0, 0.0, 0.29411764705882354, 0.36363636363636365, 0.5882352941176471), (0.09836065573770492, 0.6857142857142857, 0.03837471783295711, 0.4594594594594595, 0.3333333333333333, 0.32, 0.36363636363636365, 0.34782608695652173, 0.0684931506849315, 0.5, 0.38095238095238093, 0.0, 0.38095238095238093, 0.32, 0.16666666666666666, 0.0, 0.0, 0.38095238095238093, 0.4666666666666667, 0.4166666666666667), (0.07777777777777778, 0.5806451612903226, 0.07221006564551423, 0.35135135135135137, 0.25, 0.5, 0.2608695652173913, 0.38461538461538464, 0.07228915662650602, 0.5233644859813084, 0.2, 0.0, 0.30434782608695654, 0.34285714285714286, 0.0, 0.0, 0.25, 0.5, 0.5714285714285714, 0.4482758620689655), (0.08306709265175719, 0.75, 0.0591016548463357, 0.2978723404255319, 0.4, 0.47058823529411764, 0.4230769230769231, 0.45, 0.08333333333333333, 0.4, 0.20833333333333334, 0.0, 0.5909090909090909, 0.3142857142857143, 0.0, 0.0, -1, 0.32, 0.4482758620689655, 0.3333333333333333), (0.0749185667752443, 0.5952380952380952, 0.06987951807228916, 0.2558139534883721, 0.3157894736842105, 0.3888888888888889, 0.2, 0.2962962962962963, 0.10256410256410256, 0.4, 0.3, 0.0, 0.4444444444444444, 0.41025641025641024, 0.0, 0.0, 0.0, 0.43478260869565216, 0.5454545454545454, 0.4090909090909091), (0.06164383561643835, 0.6363636363636364, 0.05803571428571429, 0.4358974358974359, 0.375, 0.4444444444444444, 0.47368421052631576, 0.375, 0.08333333333333333, 0.36363636363636365, 0.3125, 0.0, 0.4230769230769231, 0.28205128205128205, 0.0, 0.0, 0.0, 0.1875, 0.40625, 0.3888888888888889), (0.07023411371237458, 0.6666666666666666, 0.06981981981981981, 0.32558139534883723, 0.17391304347826086, 0.35294117647058826, 0.4782608695652174, 0.4, 0.06060606060606061, 0.5288461538461539, 0.26666666666666666, 0.0, 0.5416666666666666, 0.21052631578947367, 0.0, 0.0, 0.0, 0.2692307692307692, 0.34375, 0.38461538461538464), (0.043478260869565216, 0.6486486486486487, 0.07432432432432433, 0.2727272727272727, 0.4166666666666667, 0.45, 0.5384615384615384, 0.3333333333333333, 0.04819277108433735, 0.4056603773584906, 0.2857142857142857, 0.0, 0.25, 0.325, 0.16666666666666666, 0.0, 0.0, 0.42857142857142855, 0.3157894736842105, 0.375), (0.06143344709897611, 0.8461538461538461, 0.05660377358490566, 0.3191489361702128, 0.375, 0.47368421052631576, 0.4090909090909091, 0.44, 0.08108108108108109, 0.4, 0.38095238095238093, 0.0, 0.21739130434782608, 0.21428571428571427, 0.14285714285714285, 0.0, 0.0, 0.3793103448275862, 0.47619047619047616, 0.35294117647058826), (0.07357859531772576, 0.6744186046511628, 0.06407322654462243, 0.5, 0.5, 0.45454545454545453, 0.2857142857142857, 0.4375, 0.041666666666666664, 0.45454545454545453, 0.25, 0.0, 0.4166666666666667, 0.3829787234042553, 0.0, 0.0, 0.0, 0.6666666666666666, 0.25925925925925924, 0.4375), (0.0732484076433121, 0.7575757575757576, 0.04714640198511166, 0.37777777777777777, 0.4444444444444444, 0.5161290322580645, 0.52, 0.2608695652173913, 0.039473684210526314, 0.41025641025641024, 0.52, 0.0, 0.5, 0.26666666666666666, 0.0, 0.0, 0.0, 0.3333333333333333, 0.4583333333333333, 0.2777777777777778)]
 - Error break down:
   + Tag: 20 has error rate: 0.0796210106383 (958 out of 12032)
   + Tag: 48 has error rate: 0.682571239231 (1030 out of 1509)
   + Tag: 17 has error rate: 0.0628768303187 (1095 out of 17415)
   + Tag: 46 has error rate: 0.338578088578 (581 out of 1716)
   + Tag: 54 has error rate: 0.377777777778 (306 out of 810)
   + Tag: 57 has error rate: 0.420758928571 (377 out of 896)
   + Tag: 56 has error rate: 0.418576598311 (347 out of 829)
   + Tag: 51 has error rate: 0.408038976857 (335 out of 821)
   + Tag: 43 has error rate: 0.0743882544861 (228 out of 3065)
   + Tag: 40 has error rate: 0.431487564524 (1839 out of 4262)
   + Tag: 52 has error rate: 0.382460414129 (314 out of 821)
   + Tag: 60 has error rate: 0.0 (0 out of 364)
   + Tag: 55 has error rate: 0.393831553974 (332 out of 843)
   + Tag: 47 has error rate: 0.309723889556 (516 out of 1666)
   + Tag: 65 has error rate: 0.0496894409938 (8 out of 161)
   + Tag: 66 has error rate: 0.0 (0 out of 126)
   + Tag: 67 has error rate: 0.09 (9 out of 100)
   + Tag: 50 has error rate: 0.376844494892 (332 out of 881)
   + Tag: 53 has error rate: 0.399538106236 (346 out of 866)
   + Tag: 58 has error rate: 0.36964504284 (302 out of 817)
