Preparing WMT data in ../models/tmp_009
en_train: ../models/tmp_009/2m_numtimegpo-text_0.1_0.1_all-ws-train-gb.ids1000.word
fr_train: ../models/tmp_009/2m_numtimegpo-text_0.1_0.1_all-ws-train-gb.ids1000.sym
en_dev: ../models/tmp_009/50k_numtimegpo-text_0.1_0.1_all-ws-test-gb.ids1000.word
fr_dev: ../models/tmp_009/50k_numtimegpo-text_0.1_0.1_all-ws-test-gb.ids1000.sym

Creating 3 layers of 1024 units.
Created model with fresh parameters.
Reading development and training data (limit: 0).
  reading data line 100000
  reading data line 200000
  reading data line 300000
  reading data line 400000
  reading data line 500000
  reading data line 600000
  reading data line 700000
  reading data line 800000
  reading data line 900000
  reading data line 1000000
  reading data line 1100000
  reading data line 1200000
  reading data line 1300000
  reading data line 1400000
  reading data line 1500000
  reading data line 1600000
  reading data line 1700000
  reading data line 1800000
  reading data line 1900000
  reading data line 2000000
Reading completed. Now estimating buckets and sizes.
_buckets[(17, 42), (28, 52), (80, 70)] 
train_bucket_sizes: [1450885, 522720, 26395] 
train_total_size: 2000000.0
global step 200 learning rate 0.3000 step-time 7.46 perplexity 19.98
  eval: bucket 0 perplexity 4.41
  eval: bucket 1 perplexity 4.79
  eval: bucket 2 perplexity 8.19
max_preplexity_count: 0 
 prexs: [4.406596748832312, 4.788100309020435, 8.19454082658402]
global step 400 learning rate 0.3000 step-time 7.37 perplexity 2.60
  eval: bucket 0 perplexity 1.90
  eval: bucket 1 perplexity 2.20
  eval: bucket 2 perplexity 2.81
max_preplexity_count: 0 
 prexs: [1.900616933787298, 2.1975510069229607, 2.8131533684884555]
global step 600 learning rate 0.3000 step-time 7.33 perplexity 1.81
  eval: bucket 0 perplexity 1.36
  eval: bucket 1 perplexity 1.66
  eval: bucket 2 perplexity 1.55
max_preplexity_count: 0 
 prexs: [1.3646132223031187, 1.6583674022362114, 1.5456081744528383]
global step 800 learning rate 0.3000 step-time 7.23 perplexity 1.51
  eval: bucket 0 perplexity 1.34
  eval: bucket 1 perplexity 1.47
  eval: bucket 2 perplexity 1.58
max_preplexity_count: 0 
 prexs: [1.3371330681603757, 1.4716418841760592, 1.5808988330905456]
global step 1000 learning rate 0.3000 step-time 7.31 perplexity 1.40
  eval: bucket 0 perplexity 1.22
  eval: bucket 1 perplexity 1.29
  eval: bucket 2 perplexity 1.31
max_preplexity_count: 0 
 prexs: [1.2161628957024821, 1.2874228032433006, 1.3130159038341673]
global step 1200 learning rate 0.3000 step-time 7.21 perplexity 1.20
  eval: bucket 0 perplexity 1.17
  eval: bucket 1 perplexity 1.21
  eval: bucket 2 perplexity 1.27
max_preplexity_count: 0 
 prexs: [1.1721143557189202, 1.2058307124923358, 1.2675121179141]
global step 1400 learning rate 0.3000 step-time 7.31 perplexity 1.14
  eval: bucket 0 perplexity 1.06
  eval: bucket 1 perplexity 1.07
  eval: bucket 2 perplexity 1.08
max_preplexity_count: 1 
 prexs: [1.0556031242940949, 1.0667371004186386, 1.0844201163846146]
global step 1600 learning rate 0.3000 step-time 7.19 perplexity 1.11
  eval: bucket 0 perplexity 1.05
  eval: bucket 1 perplexity 1.07
  eval: bucket 2 perplexity 1.08
max_preplexity_count: 1 
 prexs: [1.0456538282626107, 1.0651186371365537, 1.0779493827379385]
global step 1800 learning rate 0.3000 step-time 7.05 perplexity 1.09
  eval: bucket 0 perplexity 1.26
  eval: bucket 1 perplexity 1.07
  eval: bucket 2 perplexity 1.08
max_preplexity_count: 0 
 prexs: [1.2632424431224236, 1.068384720775695, 1.07894003872584]
global step 2000 learning rate 0.3000 step-time 7.05 perplexity 1.23
  eval: bucket 0 perplexity 1.04
  eval: bucket 1 perplexity 1.04
  eval: bucket 2 perplexity 1.06
max_preplexity_count: 1 
 prexs: [1.0355677007768547, 1.036317405656814, 1.06301266863316]
global step 2200 learning rate 0.2970 step-time 6.99 perplexity 1.08
  eval: bucket 0 perplexity 1.16
  eval: bucket 1 perplexity 1.02
  eval: bucket 2 perplexity 1.01
max_preplexity_count: 1 
 prexs: [1.1605299871267567, 1.018148816607049, 1.0135379210646187]
global step 2400 learning rate 0.2970 step-time 7.36 perplexity 1.07
  eval: bucket 0 perplexity 1.15
  eval: bucket 1 perplexity 1.03
  eval: bucket 2 perplexity 1.02
max_preplexity_count: 1 
 prexs: [1.1491650408597895, 1.0299804406038457, 1.0192741827287082]
global step 2600 learning rate 0.2970 step-time 7.20 perplexity 1.06
  eval: bucket 0 perplexity 1.02
  eval: bucket 1 perplexity 1.02
  eval: bucket 2 perplexity 1.00
max_preplexity_count: 1 
 prexs: [1.0151325160196776, 1.0188933713600266, 1.0023115320925862]
global step 2800 learning rate 0.2970 step-time 7.83 perplexity 1.07
  eval: bucket 0 perplexity 1.06
  eval: bucket 1 perplexity 1.01
  eval: bucket 2 perplexity 1.00
max_preplexity_count: 1 
 prexs: [1.0591395096773382, 1.0113208021565696, 1.0016717400690742]
global step 3000 learning rate 0.2970 step-time 8.14 perplexity 1.06
  eval: bucket 0 perplexity 1.10
  eval: bucket 1 perplexity 1.01
  eval: bucket 2 perplexity 1.00
max_preplexity_count: 1 
 prexs: [1.1004787311741588, 1.0065477868136512, 1.001533167023189]
global step 3200 learning rate 0.2970 step-time 8.61 perplexity 1.06
  eval: bucket 0 perplexity 1.07
  eval: bucket 1 perplexity 1.03
  eval: bucket 2 perplexity 1.11
max_preplexity_count: 1 
 prexs: [1.074236346196476, 1.0264108893686559, 1.1050829741053878]
global step 3400 learning rate 0.2970 step-time 8.06 perplexity 1.06
  eval: bucket 0 perplexity 1.17
  eval: bucket 1 perplexity 1.00
  eval: bucket 2 perplexity 1.01
max_preplexity_count: 1 
 prexs: [1.1701395141084532, 1.0039349749506306, 1.0067751360620862]
global step 3600 learning rate 0.2970 step-time 7.20 perplexity 1.06
  eval: bucket 0 perplexity 1.17
  eval: bucket 1 perplexity 1.00
  eval: bucket 2 perplexity 1.01
max_preplexity_count: 1 
 prexs: [1.1683558196819679, 1.0038717360373326, 1.0109514811076528]
global step 3800 learning rate 0.2940 step-time 7.35 perplexity 1.06
  eval: bucket 0 perplexity 1.10
  eval: bucket 1 perplexity 1.04
  eval: bucket 2 perplexity 1.04
max_preplexity_count: 1 
 prexs: [1.097297062583353, 1.0387273852584709, 1.0372917495628495]
global step 4000 learning rate 0.2940 step-time 7.19 perplexity 1.06
  eval: bucket 0 perplexity 1.16
  eval: bucket 1 perplexity 1.05
  eval: bucket 2 perplexity 1.20
max_preplexity_count: 0 
 prexs: [1.1645389847576464, 1.0481512217085598, 1.200677063202809]
global step 4200 learning rate 0.2940 step-time 7.41 perplexity 1.06
  eval: bucket 0 perplexity 1.04
  eval: bucket 1 perplexity 1.00
  eval: bucket 2 perplexity 1.00
max_preplexity_count: 1 
 prexs: [1.0362260489829358, 1.003302020796239, 1.0006123632084345]
global step 4400 learning rate 0.2940 step-time 7.01 perplexity 1.05
  eval: bucket 0 perplexity 1.07
  eval: bucket 1 perplexity 1.00
  eval: bucket 2 perplexity 1.04
max_preplexity_count: 1 
 prexs: [1.0720081454720845, 1.0026687247255792, 1.0359218563212786]
global step 4600 learning rate 0.2940 step-time 7.10 perplexity 1.05
  eval: bucket 0 perplexity 1.16
  eval: bucket 1 perplexity 1.01
  eval: bucket 2 perplexity 1.00
max_preplexity_count: 1 
 prexs: [1.1613502706559407, 1.007586726481886, 1.0006978027954037]
global step 4800 learning rate 0.2940 step-time 6.95 perplexity 1.05
  eval: bucket 0 perplexity 1.13
  eval: bucket 1 perplexity 1.00
  eval: bucket 2 perplexity 1.05
max_preplexity_count: 1 
 prexs: [1.1261342368474747, 1.0025112281962325, 1.0484088677174457]
global step 5000 learning rate 0.2940 step-time 7.10 perplexity 1.05
  eval: bucket 0 perplexity 1.12
  eval: bucket 1 perplexity 1.07
  eval: bucket 2 perplexity 1.00
max_preplexity_count: 1 
 prexs: [1.120272563937827, 1.069438622364425, 1.0005273162794175]
global step 5200 learning rate 0.2940 step-time 7.28 perplexity 1.05
  eval: bucket 0 perplexity 1.10
  eval: bucket 1 perplexity 1.03
  eval: bucket 2 perplexity 1.10
max_preplexity_count: 1 
 prexs: [1.1042433023699227, 1.0341772574210044, 1.0952381084339504]
global step 5400 learning rate 0.2940 step-time 7.03 perplexity 1.05
  eval: bucket 0 perplexity 1.03
  eval: bucket 1 perplexity 1.01
  eval: bucket 2 perplexity 1.00
max_preplexity_count: 1 
 prexs: [1.032759706348938, 1.0106817691745373, 1.001204156162405]
global step 5600 learning rate 0.2940 step-time 7.09 perplexity 1.05
  eval: bucket 0 perplexity 1.06
  eval: bucket 1 perplexity 1.00
  eval: bucket 2 perplexity 1.09
max_preplexity_count: 1 
 prexs: [1.0616037253041526, 1.0015249811221199, 1.0936573950855186]
global step 5800 learning rate 0.2940 step-time 7.33 perplexity 1.05
  eval: bucket 0 perplexity 1.05
  eval: bucket 1 perplexity 1.00
  eval: bucket 2 perplexity 1.00
max_preplexity_count: 1 
 prexs: [1.0491533101367576, 1.004902271752653, 1.0004558591469577]
global step 6000 learning rate 0.2940 step-time 7.11 perplexity 1.04
  eval: bucket 0 perplexity 1.04
  eval: bucket 1 perplexity 1.09
  eval: bucket 2 perplexity 1.04
max_preplexity_count: 1 
 prexs: [1.0370131579105344, 1.0860649873964907, 1.0446392317864883]
global step 6200 learning rate 0.2940 step-time 11.14 perplexity 1.04
  eval: bucket 0 perplexity 1.06
  eval: bucket 1 perplexity 1.04
  eval: bucket 2 perplexity 1.07
max_preplexity_count: 1 
 prexs: [1.0597219025196922, 1.0364534885660772, 1.0699864309162075]
global step 6400 learning rate 0.2940 step-time 23.10 perplexity 1.04
  eval: bucket 0 perplexity 1.07
  eval: bucket 1 perplexity 1.00
  eval: bucket 2 perplexity 1.16
max_preplexity_count: 1 
 prexs: [1.065465501848864, 1.0014251356303385, 1.1637872359777124]
global step 6600 learning rate 0.2940 step-time 20.24 perplexity 1.04
  eval: bucket 0 perplexity 1.03
  eval: bucket 1 perplexity 1.00
  eval: bucket 2 perplexity 1.03
max_preplexity_count: 1 
 prexs: [1.030641113026686, 1.000985152511802, 1.0264029017352905]
global step 6800 learning rate 0.2940 step-time 7.51 perplexity 1.04
  eval: bucket 0 perplexity 1.04
  eval: bucket 1 perplexity 1.00
  eval: bucket 2 perplexity 1.00
max_preplexity_count: 1 
 prexs: [1.0352533154512962, 1.0028694561105393, 1.0009043187922606]
global step 7000 learning rate 0.2940 step-time 7.31 perplexity 1.04
  eval: bucket 0 perplexity 1.02
  eval: bucket 1 perplexity 1.02
  eval: bucket 2 perplexity 1.04
max_preplexity_count: 1 
 prexs: [1.0212323079237302, 1.0155558366727366, 1.0428314445662517]
global step 7200 learning rate 0.2940 step-time 7.77 perplexity 1.04
  eval: bucket 0 perplexity 1.07
  eval: bucket 1 perplexity 1.00
  eval: bucket 2 perplexity 1.04
max_preplexity_count: 1 
 prexs: [1.0746411687794017, 1.0017637308763885, 1.0431842796889]
global step 7400 learning rate 0.2940 step-time 7.69 perplexity 1.04
  eval: bucket 0 perplexity 1.04
  eval: bucket 1 perplexity 1.00
  eval: bucket 2 perplexity 1.00
max_preplexity_count: 1 
 prexs: [1.040312048134948, 1.001035536927415, 1.0017384680140133]
global step 7600 learning rate 0.2940 step-time 8.09 perplexity 1.03
  eval: bucket 0 perplexity 1.08
  eval: bucket 1 perplexity 1.06
  eval: bucket 2 perplexity 1.08
max_preplexity_count: 1 
 prexs: [1.0820994308013216, 1.0634037104192362, 1.0758350059586077]
global step 7800 learning rate 0.2940 step-time 8.95 perplexity 1.04
  eval: bucket 0 perplexity 1.12
  eval: bucket 1 perplexity 1.00
  eval: bucket 2 perplexity 1.00
max_preplexity_count: 1 
 prexs: [1.1154985892611042, 1.0015385302360293, 1.0003107074935236]
global step 8000 learning rate 0.2911 step-time 8.17 perplexity 1.03
  eval: bucket 0 perplexity 1.03
  eval: bucket 1 perplexity 1.03
  eval: bucket 2 perplexity 1.02
max_preplexity_count: 1 
 prexs: [1.0343574057663623, 1.0262461096996918, 1.022902443564106]
global step 8200 learning rate 0.2911 step-time 7.92 perplexity 1.03
  eval: bucket 0 perplexity 1.02
  eval: bucket 1 perplexity 1.03
  eval: bucket 2 perplexity 1.02
max_preplexity_count: 1 
 prexs: [1.015053058819961, 1.0260501198909326, 1.0232698274179803]
global step 8400 learning rate 0.2911 step-time 8.07 perplexity 1.03
  eval: bucket 0 perplexity 1.03
  eval: bucket 1 perplexity 1.00
  eval: bucket 2 perplexity 1.06
max_preplexity_count: 1 
 prexs: [1.0323869904550518, 1.000465384064651, 1.0583651607060989]
global step 8600 learning rate 0.2911 step-time 7.91 perplexity 1.03
  eval: bucket 0 perplexity 1.06
  eval: bucket 1 perplexity 1.02
  eval: bucket 2 perplexity 1.04
max_preplexity_count: 1 
 prexs: [1.056963814484692, 1.0160521601471324, 1.037256296015468]
global step 8800 learning rate 0.2911 step-time 7.03 perplexity 1.03
  eval: bucket 0 perplexity 1.08
  eval: bucket 1 perplexity 1.00
  eval: bucket 2 perplexity 1.00
max_preplexity_count: 1 
 prexs: [1.0792168637740907, 1.0021851607984287, 1.0003707397774237]
global step 9000 learning rate 0.2882 step-time 7.37 perplexity 1.03
  eval: bucket 0 perplexity 1.05
  eval: bucket 1 perplexity 1.00
  eval: bucket 2 perplexity 1.07
max_preplexity_count: 1 
 prexs: [1.0505648162168706, 1.0002875487038536, 1.0717111789406302]
global step 9200 learning rate 0.2882 step-time 7.18 perplexity 1.03
  eval: bucket 0 perplexity 1.05
  eval: bucket 1 perplexity 1.00
  eval: bucket 2 perplexity 1.04
max_preplexity_count: 1 
 prexs: [1.0457652377140716, 1.0019476771824756, 1.0429290404462568]
global step 9400 learning rate 0.2882 step-time 7.53 perplexity 1.03
  eval: bucket 0 perplexity 1.10
  eval: bucket 1 perplexity 1.00
  eval: bucket 2 perplexity 1.02
max_preplexity_count: 1 
 prexs: [1.0987855217092704, 1.0002432985430167, 1.0212001936974318]
global step 9600 learning rate 0.2882 step-time 7.58 perplexity 1.03
  eval: bucket 0 perplexity 1.01
  eval: bucket 1 perplexity 1.02
  eval: bucket 2 perplexity 1.00
max_preplexity_count: 1 
 prexs: [1.007142930938595, 1.0219334991979026, 1.000280625468378]
global step 9800 learning rate 0.2882 step-time 7.30 perplexity 1.03
  eval: bucket 0 perplexity 1.01
  eval: bucket 1 perplexity 1.00
  eval: bucket 2 perplexity 1.00
max_preplexity_count: 1 
 prexs: [1.0089179332671527, 1.0002048657753158, 1.000145575163847]
global step 10000 learning rate 0.2882 step-time 7.17 perplexity 1.03
  eval: bucket 0 perplexity 1.01
  eval: bucket 1 perplexity 1.00
  eval: bucket 2 perplexity 1.02
max_preplexity_count: 1 
 prexs: [1.0085515195110621, 1.002431239718908, 1.0212647218137416]
global step 10200 learning rate 0.2882 step-time 7.40 perplexity 1.03
  eval: bucket 0 perplexity 1.05
  eval: bucket 1 perplexity 1.00
  eval: bucket 2 perplexity 1.03
max_preplexity_count: 1 
 prexs: [1.0505288581341237, 1.0002433440579277, 1.0347464715518024]
global step 10400 learning rate 0.2882 step-time 7.05 perplexity 1.03
  eval: bucket 0 perplexity 1.03
  eval: bucket 1 perplexity 1.03
  eval: bucket 2 perplexity 1.03
max_preplexity_count: 1 
 prexs: [1.0341719446847657, 1.0253158065241845, 1.0342082521369618]
global step 10600 learning rate 0.2882 step-time 7.00 perplexity 1.03
  eval: bucket 0 perplexity 1.03
  eval: bucket 1 perplexity 1.00
  eval: bucket 2 perplexity 1.00
max_preplexity_count: 1 
 prexs: [1.0281406594559233, 1.0022378331889124, 1.0002471914508824]
global step 10800 learning rate 0.2853 step-time 7.02 perplexity 1.03
  eval: bucket 0 perplexity 1.05
  eval: bucket 1 perplexity 1.00
  eval: bucket 2 perplexity 1.00
max_preplexity_count: 1 
 prexs: [1.0506585251314422, 1.001790465700137, 1.0002020169349422]
global step 11000 learning rate 0.2853 step-time 7.47 perplexity 1.02
  eval: bucket 0 perplexity 1.01
  eval: bucket 1 perplexity 1.00
  eval: bucket 2 perplexity 1.09
max_preplexity_count: 1 
 prexs: [1.0083332068657636, 1.0023339366850212, 1.0867285246134353]
global step 11200 learning rate 0.2853 step-time 7.20 perplexity 1.02
  eval: bucket 0 perplexity 1.00
  eval: bucket 1 perplexity 1.05
  eval: bucket 2 perplexity 1.04
max_preplexity_count: 1 
 prexs: [1.001793262924913, 1.0491952989251243, 1.0353019794152434]
global step 11400 learning rate 0.2853 step-time 7.68 perplexity 1.02
  eval: bucket 0 perplexity 1.02
  eval: bucket 1 perplexity 1.02
  eval: bucket 2 perplexity 1.02
max_preplexity_count: 1 
 prexs: [1.016372332613174, 1.0213714799732374, 1.017865350081809]
global step 11600 learning rate 0.2853 step-time 7.30 perplexity 1.02
  eval: bucket 0 perplexity 1.04
  eval: bucket 1 perplexity 1.01
  eval: bucket 2 perplexity 1.03
max_preplexity_count: 1 
 prexs: [1.035234101953074, 1.0146314898989606, 1.0349984937123933]
global step 11800 learning rate 0.2853 step-time 7.12 perplexity 1.02
  eval: bucket 0 perplexity 1.06
  eval: bucket 1 perplexity 1.00
  eval: bucket 2 perplexity 1.00
max_preplexity_count: 1 
 prexs: [1.0629118114340523, 1.0004145957420518, 1.0002158880116716]
global step 12000 learning rate 0.2853 step-time 7.10 perplexity 1.02
  eval: bucket 0 perplexity 1.03
  eval: bucket 1 perplexity 1.06
  eval: bucket 2 perplexity 1.00
max_preplexity_count: 1 
 prexs: [1.026844023796381, 1.0588370356692458, 1.0001205182928736]
global step 12200 learning rate 0.2853 step-time 7.17 perplexity 1.02
  eval: bucket 0 perplexity 1.04
  eval: bucket 1 perplexity 1.01
  eval: bucket 2 perplexity 1.03
max_preplexity_count: 1 
 prexs: [1.0412410627204427, 1.0130840618753387, 1.03216198511032]
global step 12400 learning rate 0.2853 step-time 7.09 perplexity 1.02
  eval: bucket 0 perplexity 1.02
  eval: bucket 1 perplexity 1.03
  eval: bucket 2 perplexity 1.00
max_preplexity_count: 1 
 prexs: [1.01514071753512, 1.0326200154078085, 1.0005759161437726]
global step 12600 learning rate 0.2853 step-time 7.30 perplexity 1.02
  eval: bucket 0 perplexity 1.04
  eval: bucket 1 perplexity 1.01
  eval: bucket 2 perplexity 1.00
max_preplexity_count: 1 
 prexs: [1.041092564779233, 1.0063978055247698, 1.0001853222917587]
global step 12800 learning rate 0.2824 step-time 7.14 perplexity 1.02
  eval: bucket 0 perplexity 1.04
  eval: bucket 1 perplexity 1.01
  eval: bucket 2 perplexity 1.02
max_preplexity_count: 1 
 prexs: [1.0410676426588623, 1.0088642913280013, 1.0169227533212077]
global step 13000 learning rate 0.2824 step-time 7.20 perplexity 1.02
  eval: bucket 0 perplexity 1.01
  eval: bucket 1 perplexity 1.00
  eval: bucket 2 perplexity 1.00
max_preplexity_count: 1 
 prexs: [1.0059188424130467, 1.0001091609796997, 1.0005922162366079]
global step 13200 learning rate 0.2824 step-time 7.45 perplexity 1.02
  eval: bucket 0 perplexity 1.01
  eval: bucket 1 perplexity 1.00
  eval: bucket 2 perplexity 1.02
max_preplexity_count: 1 
 prexs: [1.0087191125310326, 1.000394728270424, 1.0165422619007347]
global step 13400 learning rate 0.2824 step-time 7.49 perplexity 1.02
  eval: bucket 0 perplexity 1.04
  eval: bucket 1 perplexity 1.00
  eval: bucket 2 perplexity 1.04
max_preplexity_count: 1 
 prexs: [1.043580281135276, 1.0003200869774314, 1.036815386072038]
global step 13600 learning rate 0.2796 step-time 7.28 perplexity 1.02
  eval: bucket 0 perplexity 1.02
  eval: bucket 1 perplexity 1.00
  eval: bucket 2 perplexity 1.03
max_preplexity_count: 1 
 prexs: [1.0237373321363037, 1.0005460671087716, 1.03137613772403]
global step 13800 learning rate 0.2796 step-time 7.22 perplexity 1.02
  eval: bucket 0 perplexity 1.02
  eval: bucket 1 perplexity 1.00
  eval: bucket 2 perplexity 1.07
max_preplexity_count: 1 
 prexs: [1.0169837624572742, 1.0001767098846028, 1.0660486448726965]
global step 14000 learning rate 0.2796 step-time 7.28 perplexity 1.02
  eval: bucket 0 perplexity 1.01
  eval: bucket 1 perplexity 1.04
  eval: bucket 2 perplexity 1.01
max_preplexity_count: 1 
 prexs: [1.007798968622839, 1.0360504845716036, 1.0144693297300817]
global step 14200 learning rate 0.2796 step-time 7.41 perplexity 1.01
  eval: bucket 0 perplexity 1.00
  eval: bucket 1 perplexity 1.04
  eval: bucket 2 perplexity 1.10
max_preplexity_count: 1 
 prexs: [1.0039525065831796, 1.038963528842539, 1.0988592198646894]
global step 14400 learning rate 0.2796 step-time 7.12 perplexity 1.01
  eval: bucket 0 perplexity 1.01
  eval: bucket 1 perplexity 1.00
  eval: bucket 2 perplexity 1.03
max_preplexity_count: 1 
 prexs: [1.0061580766657097, 1.0035836817544417, 1.0335368783682468]
global step 14600 learning rate 0.2796 step-time 7.42 perplexity 1.01
  eval: bucket 0 perplexity 1.00
  eval: bucket 1 perplexity 1.00
  eval: bucket 2 perplexity 1.00
max_preplexity_count: 1 
 prexs: [1.0000559917056846, 1.0003995720230074, 1.00008619896525]
global step 14800 learning rate 0.2796 step-time 7.26 perplexity 1.01
  eval: bucket 0 perplexity 1.01
  eval: bucket 1 perplexity 1.01
  eval: bucket 2 perplexity 1.00
max_preplexity_count: 1 
 prexs: [1.0081466780049173, 1.007072743312111, 1.000081556282077]
global step 15000 learning rate 0.2796 step-time 7.42 perplexity 1.01
  eval: bucket 0 perplexity 1.01
  eval: bucket 1 perplexity 1.00
  eval: bucket 2 perplexity 1.03
max_preplexity_count: 1 
 prexs: [1.0137020046116483, 1.0037899691264216, 1.0273003333126314]
global step 15200 learning rate 0.2796 step-time 7.29 perplexity 1.01
  eval: bucket 0 perplexity 1.02
  eval: bucket 1 perplexity 1.01
  eval: bucket 2 perplexity 1.03
max_preplexity_count: 1 
 prexs: [1.0229420517961911, 1.0093617279069547, 1.027949866206989]
global step 15400 learning rate 0.2796 step-time 7.05 perplexity 1.01
  eval: bucket 0 perplexity 1.01
  eval: bucket 1 perplexity 1.01
  eval: bucket 2 perplexity 1.03
max_preplexity_count: 1 
 prexs: [1.0073170364809214, 1.0102935545088998, 1.0281277807499334]
global step 15600 learning rate 0.2796 step-time 7.46 perplexity 1.02
  eval: bucket 0 perplexity 1.02
  eval: bucket 1 perplexity 1.03
  eval: bucket 2 perplexity 1.04
max_preplexity_count: 1 
 prexs: [1.021594717230686, 1.030355544531626, 1.035465794544688]
global step 15800 learning rate 0.2768 step-time 7.31 perplexity 1.01
  eval: bucket 0 perplexity 1.02
  eval: bucket 1 perplexity 1.01
  eval: bucket 2 perplexity 1.16
max_preplexity_count: 1 
 prexs: [1.017127393110276, 1.0144453368638247, 1.1570864871949929]
global step 16000 learning rate 0.2768 step-time 7.53 perplexity 1.01
  eval: bucket 0 perplexity 1.05
  eval: bucket 1 perplexity 1.00
  eval: bucket 2 perplexity 1.07
max_preplexity_count: 1 
 prexs: [1.0468381242640032, 1.0017099922407962, 1.071528804047601]
global step 16200 learning rate 0.2768 step-time 7.22 perplexity 1.01
  eval: bucket 0 perplexity 1.02
  eval: bucket 1 perplexity 1.02
  eval: bucket 2 perplexity 1.00
max_preplexity_count: 1 
 prexs: [1.0184442732703545, 1.0229645869506152, 1.0000812176678329]
global step 16400 learning rate 0.2768 step-time 7.22 perplexity 1.01
  eval: bucket 0 perplexity 1.02
  eval: bucket 1 perplexity 1.02
  eval: bucket 2 perplexity 1.00
max_preplexity_count: 1 
 prexs: [1.0161179395573983, 1.0150103699713688, 1.0000633796592096]
global step 16600 learning rate 0.2768 step-time 7.52 perplexity 1.01
  eval: bucket 0 perplexity 1.04
  eval: bucket 1 perplexity 1.00
  eval: bucket 2 perplexity 1.03
max_preplexity_count: 1 
 prexs: [1.0432860049983508, 1.0021861466579463, 1.028548244184026]
global step 16800 learning rate 0.2768 step-time 7.17 perplexity 1.01
  eval: bucket 0 perplexity 1.03
  eval: bucket 1 perplexity 1.00
  eval: bucket 2 perplexity 1.02
max_preplexity_count: 1 
 prexs: [1.0298801584406083, 1.000099721847304, 1.0153200641354103]
global step 17000 learning rate 0.2768 step-time 7.34 perplexity 1.01
  eval: bucket 0 perplexity 1.00
  eval: bucket 1 perplexity 1.00
  eval: bucket 2 perplexity 1.01
max_preplexity_count: 1 
 prexs: [1.0011301693457433, 1.0001469903263078, 1.011786932545944]
global step 17200 learning rate 0.2741 step-time 7.26 perplexity 1.01
  eval: bucket 0 perplexity 1.00
  eval: bucket 1 perplexity 1.04
  eval: bucket 2 perplexity 1.03
max_preplexity_count: 1 
 prexs: [1.000410638695694, 1.0393486858486263, 1.0255427692971768]
global step 17400 learning rate 0.2741 step-time 6.92 perplexity 1.01
  eval: bucket 0 perplexity 1.03
  eval: bucket 1 perplexity 1.01
  eval: bucket 2 perplexity 1.05
max_preplexity_count: 1 
 prexs: [1.034186985308279, 1.0077117472604498, 1.0511938942527814]
global step 17600 learning rate 0.2741 step-time 7.32 perplexity 1.01
  eval: bucket 0 perplexity 1.03
  eval: bucket 1 perplexity 1.01
  eval: bucket 2 perplexity 1.03
max_preplexity_count: 1 
 prexs: [1.0340259418039695, 1.0062942525500482, 1.0301915956944616]
global step 17800 learning rate 0.2741 step-time 7.31 perplexity 1.01
  eval: bucket 0 perplexity 1.01
  eval: bucket 1 perplexity 1.00
  eval: bucket 2 perplexity 1.01
max_preplexity_count: 1 
 prexs: [1.012515448432967, 1.0042814596790026, 1.0126066725098262]
global step 18000 learning rate 0.2741 step-time 7.63 perplexity 1.01
  eval: bucket 0 perplexity 1.01
  eval: bucket 1 perplexity 1.01
  eval: bucket 2 perplexity 1.00
max_preplexity_count: 1 
 prexs: [1.0071538448052295, 1.0102279282241537, 1.000111312521068]
